ng31205
==== Wed 10 Sep 2025 09:34:50 AM EDT | job 49487568 | node ng31205 ====
model= instance= sa_anneal=
SLURM_JOB_GPUS=2
CUDA_VISIBLE_DEVICES=0
0, GPU-ed631e66-e46e-eb35-2ec3-64c045229ad5, NVIDIA A100-SXM4-40GB
torch.Size([128, 100, 2])
torch.Size([128, 100])
torch.Size([128])
torch.Size([7120])
tensor([-41.7537, -44.6097, -45.9254,  ..., -71.9129, -71.9129, -71.9129],
       dtype=torch.float64)
{'onehot': tensor([[0., 1.],
        [0., 1.],
        [0., 1.],
        [0., 1.],
        [1., 0.],
        [0., 1.],
        [1., 0.],
        [1., 0.],
        [0., 1.],
        [1., 0.],
        [0., 1.],
        [1., 0.],
        [0., 1.],
        [1., 0.],
        [0., 1.],
        [1., 0.],
        [0., 1.],
        [1., 0.],
        [0., 1.],
        [0., 1.],
        [0., 1.],
        [0., 1.],
        [1., 0.],
        [0., 1.],
        [1., 0.],
        [0., 1.],
        [0., 1.],
        [0., 1.],
        [1., 0.],
        [0., 1.],
        [0., 1.],
        [1., 0.],
        [1., 0.],
        [0., 1.],
        [1., 0.],
        [1., 0.],
        [0., 1.],
        [1., 0.],
        [0., 1.],
        [1., 0.],
        [1., 0.],
        [1., 0.],
        [0., 1.],
        [1., 0.],
        [0., 1.],
        [0., 1.],
        [0., 1.],
        [0., 1.],
        [0., 1.],
        [1., 0.],
        [0., 1.],
        [1., 0.],
        [1., 0.],
        [1., 0.],
        [0., 1.],
        [0., 1.],
        [0., 1.],
        [0., 1.],
        [1., 0.],
        [1., 0.],
        [0., 1.],
        [0., 1.],
        [1., 0.],
        [0., 1.],
        [1., 0.],
        [0., 1.],
        [0., 1.],
        [1., 0.],
        [0., 1.],
        [1., 0.],
        [0., 1.],
        [1., 0.],
        [0., 1.],
        [0., 1.],
        [0., 1.],
        [1., 0.],
        [0., 1.],
        [0., 1.],
        [1., 0.],
        [0., 1.],
        [0., 1.],
        [0., 1.],
        [0., 1.],
        [1., 0.],
        [1., 0.],
        [1., 0.],
        [1., 0.],
        [0., 1.],
        [1., 0.],
        [1., 0.],
        [0., 1.],
        [0., 1.],
        [0., 1.],
        [1., 0.],
        [1., 0.],
        [0., 1.],
        [1., 0.],
        [1., 0.],
        [1., 0.],
        [1., 0.]], device='cuda:0', dtype=torch.float64), 'spins': tensor([ 1.,  1.,  1.,  1., -1.,  1., -1., -1.,  1., -1.,  1., -1.,  1., -1.,
         1., -1.,  1., -1.,  1.,  1.,  1.,  1., -1.,  1., -1.,  1.,  1.,  1.,
        -1.,  1.,  1., -1., -1.,  1., -1., -1.,  1., -1.,  1., -1., -1., -1.,
         1., -1.,  1.,  1.,  1.,  1.,  1., -1.,  1., -1., -1., -1.,  1.,  1.,
         1.,  1., -1., -1.,  1.,  1., -1.,  1., -1.,  1.,  1., -1.,  1., -1.,
         1., -1.,  1.,  1.,  1., -1.,  1.,  1., -1.,  1.,  1.,  1.,  1., -1.,
        -1., -1., -1.,  1., -1., -1.,  1.,  1.,  1., -1., -1.,  1., -1., -1.,
        -1., -1.], device='cuda:0', dtype=torch.float64), 'energy': -71.91293888651269}
