ng31205
==== Wed 10 Sep 2025 09:25:31 AM EDT | job 49487459 | node ng31205 ====
model= instance= sa_anneal=
SLURM_JOB_GPUS=2
CUDA_VISIBLE_DEVICES=0
0, GPU-ed631e66-e46e-eb35-2ec3-64c045229ad5, NVIDIA A100-SXM4-40GB
torch.Size([128, 100, 2])
torch.Size([128, 100])
torch.Size([128])
torch.Size([7120])
tensor([-39.5784, -44.9562, -44.9562,  ..., -72.9413, -72.9413, -72.9413],
       dtype=torch.float64)
{'onehot': tensor([[0., 1.],
        [1., 0.],
        [0., 1.],
        [1., 0.],
        [0., 1.],
        [1., 0.],
        [1., 0.],
        [0., 1.],
        [1., 0.],
        [1., 0.],
        [0., 1.],
        [0., 1.],
        [0., 1.],
        [1., 0.],
        [0., 1.],
        [0., 1.],
        [0., 1.],
        [0., 1.],
        [1., 0.],
        [0., 1.],
        [0., 1.],
        [1., 0.],
        [0., 1.],
        [0., 1.],
        [1., 0.],
        [1., 0.],
        [1., 0.],
        [1., 0.],
        [1., 0.],
        [0., 1.],
        [1., 0.],
        [0., 1.],
        [0., 1.],
        [1., 0.],
        [0., 1.],
        [0., 1.],
        [1., 0.],
        [0., 1.],
        [1., 0.],
        [0., 1.],
        [0., 1.],
        [0., 1.],
        [1., 0.],
        [0., 1.],
        [1., 0.],
        [1., 0.],
        [1., 0.],
        [1., 0.],
        [0., 1.],
        [1., 0.],
        [1., 0.],
        [0., 1.],
        [1., 0.],
        [1., 0.],
        [1., 0.],
        [1., 0.],
        [0., 1.],
        [0., 1.],
        [0., 1.],
        [0., 1.],
        [1., 0.],
        [1., 0.],
        [0., 1.],
        [1., 0.],
        [1., 0.],
        [1., 0.],
        [1., 0.],
        [1., 0.],
        [0., 1.],
        [0., 1.],
        [1., 0.],
        [1., 0.],
        [1., 0.],
        [1., 0.],
        [1., 0.],
        [1., 0.],
        [1., 0.],
        [0., 1.],
        [0., 1.],
        [1., 0.],
        [0., 1.],
        [1., 0.],
        [1., 0.],
        [1., 0.],
        [1., 0.],
        [0., 1.],
        [0., 1.],
        [1., 0.],
        [1., 0.],
        [1., 0.],
        [1., 0.],
        [1., 0.],
        [0., 1.],
        [1., 0.],
        [1., 0.],
        [0., 1.],
        [1., 0.],
        [0., 1.],
        [0., 1.],
        [1., 0.]], device='cuda:0', dtype=torch.float64), 'spins': tensor([ 1., -1.,  1., -1.,  1., -1., -1.,  1., -1., -1.,  1.,  1.,  1., -1.,
         1.,  1.,  1.,  1., -1.,  1.,  1., -1.,  1.,  1., -1., -1., -1., -1.,
        -1.,  1., -1.,  1.,  1., -1.,  1.,  1., -1.,  1., -1.,  1.,  1.,  1.,
        -1.,  1., -1., -1., -1., -1.,  1., -1., -1.,  1., -1., -1., -1., -1.,
         1.,  1.,  1.,  1., -1., -1.,  1., -1., -1., -1., -1., -1.,  1.,  1.,
        -1., -1., -1., -1., -1., -1., -1.,  1.,  1., -1.,  1., -1., -1., -1.,
        -1.,  1.,  1., -1., -1., -1., -1., -1.,  1., -1., -1.,  1., -1.,  1.,
         1., -1.], device='cuda:0', dtype=torch.float64), 'energy': -72.94127862875973}
