ng31303
==== Tue 09 Sep 2025 06:44:54 AM EDT | job 49424732 | node ng31303 ====
model= instance= sa_anneal=
SLURM_JOB_GPUS=1
CUDA_VISIBLE_DEVICES=0
0, GPU-1a287f03-a0ae-a34e-0169-62ebbbd530c8, NVIDIA A100-SXM4-40GB
torch.Size([128, 100, 2])
torch.Size([128, 100])
torch.Size([128])
torch.Size([7120])
tensor([ -94.2648, -118.5980, -118.5980,  ..., -143.8259, -143.8259,
        -143.8259], dtype=torch.float64)
{'onehot': tensor([[0., 1.],
        [0., 1.],
        [0., 1.],
        [0., 1.],
        [1., 0.],
        [0., 1.],
        [1., 0.],
        [1., 0.],
        [0., 1.],
        [1., 0.],
        [0., 1.],
        [1., 0.],
        [0., 1.],
        [1., 0.],
        [0., 1.],
        [1., 0.],
        [0., 1.],
        [1., 0.],
        [0., 1.],
        [0., 1.],
        [0., 1.],
        [0., 1.],
        [1., 0.],
        [0., 1.],
        [1., 0.],
        [0., 1.],
        [0., 1.],
        [0., 1.],
        [1., 0.],
        [0., 1.],
        [0., 1.],
        [1., 0.],
        [1., 0.],
        [0., 1.],
        [1., 0.],
        [1., 0.],
        [0., 1.],
        [1., 0.],
        [0., 1.],
        [1., 0.],
        [1., 0.],
        [1., 0.],
        [0., 1.],
        [1., 0.],
        [0., 1.],
        [0., 1.],
        [0., 1.],
        [0., 1.],
        [0., 1.],
        [1., 0.],
        [0., 1.],
        [1., 0.],
        [1., 0.],
        [1., 0.],
        [0., 1.],
        [0., 1.],
        [0., 1.],
        [0., 1.],
        [1., 0.],
        [1., 0.],
        [0., 1.],
        [0., 1.],
        [1., 0.],
        [0., 1.],
        [1., 0.],
        [0., 1.],
        [0., 1.],
        [1., 0.],
        [0., 1.],
        [1., 0.],
        [0., 1.],
        [1., 0.],
        [0., 1.],
        [0., 1.],
        [0., 1.],
        [1., 0.],
        [0., 1.],
        [0., 1.],
        [1., 0.],
        [0., 1.],
        [0., 1.],
        [0., 1.],
        [0., 1.],
        [1., 0.],
        [1., 0.],
        [1., 0.],
        [1., 0.],
        [0., 1.],
        [1., 0.],
        [1., 0.],
        [0., 1.],
        [0., 1.],
        [0., 1.],
        [1., 0.],
        [1., 0.],
        [0., 1.],
        [1., 0.],
        [1., 0.],
        [1., 0.],
        [1., 0.]], device='cuda:0', dtype=torch.float64), 'spins': tensor([ 1.,  1.,  1.,  1., -1.,  1., -1., -1.,  1., -1.,  1., -1.,  1., -1.,
         1., -1.,  1., -1.,  1.,  1.,  1.,  1., -1.,  1., -1.,  1.,  1.,  1.,
        -1.,  1.,  1., -1., -1.,  1., -1., -1.,  1., -1.,  1., -1., -1., -1.,
         1., -1.,  1.,  1.,  1.,  1.,  1., -1.,  1., -1., -1., -1.,  1.,  1.,
         1.,  1., -1., -1.,  1.,  1., -1.,  1., -1.,  1.,  1., -1.,  1., -1.,
         1., -1.,  1.,  1.,  1., -1.,  1.,  1., -1.,  1.,  1.,  1.,  1., -1.,
        -1., -1., -1.,  1., -1., -1.,  1.,  1.,  1., -1., -1.,  1., -1., -1.,
        -1., -1.], device='cuda:0', dtype=torch.float64), 'energy': -143.82587777302538}
