ng31301
==== Fri 12 Sep 2025 02:19:36 PM EDT | job 49618599 | node ng31301 ====
model= instance= sa_anneal=
SLURM_JOB_GPUS=1
CUDA_VISIBLE_DEVICES=0
0, GPU-6ca0fc01-7bff-a42d-760a-646f76b8a8d4, NVIDIA A100-SXM4-40GB
torch.Size([128, 100, 2])
torch.Size([128, 100])
torch.Size([128])
torch.Size([2005])
tensor([-41.7537, -44.6097, -45.9254,  ..., -55.0761, -55.0761, -55.0761],
       dtype=torch.float64)
{'onehot': tensor([[0., 1.],
        [0., 1.],
        [0., 1.],
        [0., 1.],
        [1., 0.],
        [1., 0.],
        [1., 0.],
        [1., 0.],
        [0., 1.],
        [0., 1.],
        [0., 1.],
        [1., 0.],
        [1., 0.],
        [1., 0.],
        [0., 1.],
        [1., 0.],
        [0., 1.],
        [1., 0.],
        [0., 1.],
        [0., 1.],
        [1., 0.],
        [0., 1.],
        [1., 0.],
        [0., 1.],
        [1., 0.],
        [0., 1.],
        [1., 0.],
        [1., 0.],
        [0., 1.],
        [0., 1.],
        [0., 1.],
        [1., 0.],
        [1., 0.],
        [0., 1.],
        [1., 0.],
        [1., 0.],
        [0., 1.],
        [1., 0.],
        [0., 1.],
        [1., 0.],
        [1., 0.],
        [1., 0.],
        [0., 1.],
        [1., 0.],
        [0., 1.],
        [0., 1.],
        [0., 1.],
        [0., 1.],
        [1., 0.],
        [0., 1.],
        [0., 1.],
        [1., 0.],
        [1., 0.],
        [1., 0.],
        [0., 1.],
        [0., 1.],
        [0., 1.],
        [0., 1.],
        [1., 0.],
        [1., 0.],
        [0., 1.],
        [0., 1.],
        [1., 0.],
        [0., 1.],
        [1., 0.],
        [1., 0.],
        [0., 1.],
        [1., 0.],
        [0., 1.],
        [1., 0.],
        [1., 0.],
        [1., 0.],
        [0., 1.],
        [0., 1.],
        [0., 1.],
        [0., 1.],
        [0., 1.],
        [0., 1.],
        [1., 0.],
        [1., 0.],
        [1., 0.],
        [0., 1.],
        [0., 1.],
        [1., 0.],
        [1., 0.],
        [1., 0.],
        [1., 0.],
        [0., 1.],
        [1., 0.],
        [1., 0.],
        [0., 1.],
        [0., 1.],
        [0., 1.],
        [0., 1.],
        [0., 1.],
        [0., 1.],
        [1., 0.],
        [1., 0.],
        [1., 0.],
        [0., 1.]], device='cuda:0', dtype=torch.float64), 'spins': tensor([ 1.,  1.,  1.,  1., -1., -1., -1., -1.,  1.,  1.,  1., -1., -1., -1.,
         1., -1.,  1., -1.,  1.,  1., -1.,  1., -1.,  1., -1.,  1., -1., -1.,
         1.,  1.,  1., -1., -1.,  1., -1., -1.,  1., -1.,  1., -1., -1., -1.,
         1., -1.,  1.,  1.,  1.,  1., -1.,  1.,  1., -1., -1., -1.,  1.,  1.,
         1.,  1., -1., -1.,  1.,  1., -1.,  1., -1., -1.,  1., -1.,  1., -1.,
        -1., -1.,  1.,  1.,  1.,  1.,  1.,  1., -1., -1., -1.,  1.,  1., -1.,
        -1., -1., -1.,  1., -1., -1.,  1.,  1.,  1.,  1.,  1.,  1., -1., -1.,
        -1.,  1.], device='cuda:0', dtype=torch.float64), 'energy': -55.076099187160295}
