ng10606
==== Fri 12 Sep 2025 01:23:58 PM EDT | job 49616716 | node ng10606 ====
model= instance= sa_anneal=
SLURM_JOB_GPUS=0
CUDA_VISIBLE_DEVICES=0
0, GPU-bbc475c4-3a6f-d9f0-7dd9-7fa7aca5658e, NVIDIA A100-SXM4-40GB
torch.Size([128, 100, 2])
torch.Size([128, 100])
torch.Size([128])
torch.Size([2080])
tensor([-41.7537, -44.6097, -45.9254,  ..., -71.9129, -71.9129, -71.9129],
       dtype=torch.float64)
{'onehot': tensor([[1., 0.],
        [1., 0.],
        [1., 0.],
        [1., 0.],
        [0., 1.],
        [1., 0.],
        [0., 1.],
        [0., 1.],
        [1., 0.],
        [0., 1.],
        [1., 0.],
        [0., 1.],
        [1., 0.],
        [0., 1.],
        [1., 0.],
        [0., 1.],
        [1., 0.],
        [0., 1.],
        [1., 0.],
        [1., 0.],
        [1., 0.],
        [1., 0.],
        [0., 1.],
        [1., 0.],
        [0., 1.],
        [1., 0.],
        [1., 0.],
        [1., 0.],
        [0., 1.],
        [1., 0.],
        [1., 0.],
        [0., 1.],
        [0., 1.],
        [1., 0.],
        [0., 1.],
        [0., 1.],
        [1., 0.],
        [0., 1.],
        [1., 0.],
        [0., 1.],
        [0., 1.],
        [0., 1.],
        [1., 0.],
        [0., 1.],
        [1., 0.],
        [1., 0.],
        [1., 0.],
        [1., 0.],
        [1., 0.],
        [0., 1.],
        [1., 0.],
        [0., 1.],
        [0., 1.],
        [0., 1.],
        [1., 0.],
        [1., 0.],
        [1., 0.],
        [1., 0.],
        [0., 1.],
        [0., 1.],
        [1., 0.],
        [1., 0.],
        [0., 1.],
        [1., 0.],
        [0., 1.],
        [1., 0.],
        [1., 0.],
        [0., 1.],
        [1., 0.],
        [0., 1.],
        [1., 0.],
        [0., 1.],
        [1., 0.],
        [1., 0.],
        [1., 0.],
        [0., 1.],
        [1., 0.],
        [1., 0.],
        [0., 1.],
        [1., 0.],
        [1., 0.],
        [1., 0.],
        [1., 0.],
        [0., 1.],
        [0., 1.],
        [0., 1.],
        [0., 1.],
        [1., 0.],
        [0., 1.],
        [0., 1.],
        [1., 0.],
        [1., 0.],
        [1., 0.],
        [0., 1.],
        [0., 1.],
        [1., 0.],
        [0., 1.],
        [0., 1.],
        [0., 1.],
        [0., 1.]], device='cuda:0', dtype=torch.float64), 'spins': tensor([-1., -1., -1., -1.,  1., -1.,  1.,  1., -1.,  1., -1.,  1., -1.,  1.,
        -1.,  1., -1.,  1., -1., -1., -1., -1.,  1., -1.,  1., -1., -1., -1.,
         1., -1., -1.,  1.,  1., -1.,  1.,  1., -1.,  1., -1.,  1.,  1.,  1.,
        -1.,  1., -1., -1., -1., -1., -1.,  1., -1.,  1.,  1.,  1., -1., -1.,
        -1., -1.,  1.,  1., -1., -1.,  1., -1.,  1., -1., -1.,  1., -1.,  1.,
        -1.,  1., -1., -1., -1.,  1., -1., -1.,  1., -1., -1., -1., -1.,  1.,
         1.,  1.,  1., -1.,  1.,  1., -1., -1., -1.,  1.,  1., -1.,  1.,  1.,
         1.,  1.], device='cuda:0', dtype=torch.float64), 'energy': -71.91293888651269}
