ng11002
==== Fri 12 Sep 2025 12:17:14 PM EDT | job 49614855 | node ng11002 ====
model= instance= sa_anneal=
SLURM_JOB_GPUS=2
CUDA_VISIBLE_DEVICES=0
0, GPU-2147ec11-b23a-e9b2-e09c-a1c0d7669880, NVIDIA A100-SXM4-40GB
torch.Size([128, 100, 2])
torch.Size([128, 100])
torch.Size([128])
torch.Size([7120])
tensor([-37.9742, -49.4083, -49.4083,  ..., -71.8830, -71.8830, -71.8830],
       dtype=torch.float64)
{'onehot': tensor([[1., 0.],
        [0., 1.],
        [0., 1.],
        [0., 1.],
        [1., 0.],
        [0., 1.],
        [1., 0.],
        [0., 1.],
        [1., 0.],
        [0., 1.],
        [1., 0.],
        [0., 1.],
        [0., 1.],
        [1., 0.],
        [1., 0.],
        [1., 0.],
        [0., 1.],
        [1., 0.],
        [1., 0.],
        [1., 0.],
        [0., 1.],
        [0., 1.],
        [0., 1.],
        [0., 1.],
        [1., 0.],
        [1., 0.],
        [1., 0.],
        [0., 1.],
        [1., 0.],
        [1., 0.],
        [1., 0.],
        [1., 0.],
        [1., 0.],
        [1., 0.],
        [1., 0.],
        [1., 0.],
        [1., 0.],
        [0., 1.],
        [0., 1.],
        [1., 0.],
        [1., 0.],
        [1., 0.],
        [0., 1.],
        [0., 1.],
        [1., 0.],
        [0., 1.],
        [1., 0.],
        [1., 0.],
        [0., 1.],
        [1., 0.],
        [1., 0.],
        [0., 1.],
        [1., 0.],
        [0., 1.],
        [1., 0.],
        [1., 0.],
        [0., 1.],
        [1., 0.],
        [0., 1.],
        [0., 1.],
        [1., 0.],
        [1., 0.],
        [0., 1.],
        [0., 1.],
        [0., 1.],
        [0., 1.],
        [1., 0.],
        [1., 0.],
        [1., 0.],
        [1., 0.],
        [0., 1.],
        [1., 0.],
        [0., 1.],
        [1., 0.],
        [0., 1.],
        [0., 1.],
        [0., 1.],
        [1., 0.],
        [0., 1.],
        [1., 0.],
        [0., 1.],
        [0., 1.],
        [0., 1.],
        [1., 0.],
        [1., 0.],
        [1., 0.],
        [1., 0.],
        [1., 0.],
        [0., 1.],
        [0., 1.],
        [0., 1.],
        [0., 1.],
        [0., 1.],
        [0., 1.],
        [0., 1.],
        [1., 0.],
        [0., 1.],
        [1., 0.],
        [0., 1.],
        [0., 1.]], device='cuda:0', dtype=torch.float64), 'spins': tensor([-1.,  1.,  1.,  1., -1.,  1., -1.,  1., -1.,  1., -1.,  1.,  1., -1.,
        -1., -1.,  1., -1., -1., -1.,  1.,  1.,  1.,  1., -1., -1., -1.,  1.,
        -1., -1., -1., -1., -1., -1., -1., -1., -1.,  1.,  1., -1., -1., -1.,
         1.,  1., -1.,  1., -1., -1.,  1., -1., -1.,  1., -1.,  1., -1., -1.,
         1., -1.,  1.,  1., -1., -1.,  1.,  1.,  1.,  1., -1., -1., -1., -1.,
         1., -1.,  1., -1.,  1.,  1.,  1., -1.,  1., -1.,  1.,  1.,  1., -1.,
        -1., -1., -1., -1.,  1.,  1.,  1.,  1.,  1.,  1.,  1., -1.,  1., -1.,
         1.,  1.], device='cuda:0', dtype=torch.float64), 'energy': -71.88301974109444}
