ng31203
==== Fri 12 Sep 2025 12:36:07 PM EDT | job 49616206 | node ng31203 ====
model= instance= sa_anneal=
SLURM_JOB_GPUS=2
CUDA_VISIBLE_DEVICES=0
0, GPU-6d6a4994-38a2-b01b-3b41-e2dbab6f152a, NVIDIA A100-SXM4-40GB
torch.Size([128, 100, 2])
torch.Size([128, 100])
torch.Size([128])
torch.Size([3280])
tensor([-41.7537, -44.6097, -45.9254,  ..., -71.9129, -71.9129, -71.9129],
       dtype=torch.float64)
{'onehot': tensor([[0., 1.],
        [0., 1.],
        [0., 1.],
        [0., 1.],
        [1., 0.],
        [0., 1.],
        [1., 0.],
        [1., 0.],
        [0., 1.],
        [1., 0.],
        [0., 1.],
        [1., 0.],
        [0., 1.],
        [1., 0.],
        [0., 1.],
        [1., 0.],
        [0., 1.],
        [1., 0.],
        [0., 1.],
        [0., 1.],
        [0., 1.],
        [0., 1.],
        [1., 0.],
        [0., 1.],
        [1., 0.],
        [0., 1.],
        [0., 1.],
        [0., 1.],
        [1., 0.],
        [0., 1.],
        [0., 1.],
        [1., 0.],
        [1., 0.],
        [0., 1.],
        [1., 0.],
        [1., 0.],
        [0., 1.],
        [1., 0.],
        [0., 1.],
        [1., 0.],
        [1., 0.],
        [1., 0.],
        [0., 1.],
        [1., 0.],
        [0., 1.],
        [0., 1.],
        [0., 1.],
        [0., 1.],
        [0., 1.],
        [1., 0.],
        [0., 1.],
        [1., 0.],
        [1., 0.],
        [1., 0.],
        [0., 1.],
        [0., 1.],
        [0., 1.],
        [0., 1.],
        [1., 0.],
        [1., 0.],
        [0., 1.],
        [0., 1.],
        [1., 0.],
        [0., 1.],
        [1., 0.],
        [0., 1.],
        [0., 1.],
        [1., 0.],
        [0., 1.],
        [1., 0.],
        [0., 1.],
        [1., 0.],
        [0., 1.],
        [0., 1.],
        [0., 1.],
        [1., 0.],
        [0., 1.],
        [0., 1.],
        [1., 0.],
        [0., 1.],
        [0., 1.],
        [0., 1.],
        [0., 1.],
        [1., 0.],
        [1., 0.],
        [1., 0.],
        [1., 0.],
        [0., 1.],
        [1., 0.],
        [1., 0.],
        [0., 1.],
        [0., 1.],
        [0., 1.],
        [1., 0.],
        [1., 0.],
        [0., 1.],
        [1., 0.],
        [1., 0.],
        [1., 0.],
        [1., 0.]], device='cuda:0', dtype=torch.float64), 'spins': tensor([ 1.,  1.,  1.,  1., -1.,  1., -1., -1.,  1., -1.,  1., -1.,  1., -1.,
         1., -1.,  1., -1.,  1.,  1.,  1.,  1., -1.,  1., -1.,  1.,  1.,  1.,
        -1.,  1.,  1., -1., -1.,  1., -1., -1.,  1., -1.,  1., -1., -1., -1.,
         1., -1.,  1.,  1.,  1.,  1.,  1., -1.,  1., -1., -1., -1.,  1.,  1.,
         1.,  1., -1., -1.,  1.,  1., -1.,  1., -1.,  1.,  1., -1.,  1., -1.,
         1., -1.,  1.,  1.,  1., -1.,  1.,  1., -1.,  1.,  1.,  1.,  1., -1.,
        -1., -1., -1.,  1., -1., -1.,  1.,  1.,  1., -1., -1.,  1., -1., -1.,
        -1., -1.], device='cuda:0', dtype=torch.float64), 'energy': -71.91293888651269}
