ng10708
==== Thu 11 Sep 2025 08:23:36 AM EDT | job 49561300 | node ng10708 ====
model= instance= sa_anneal=
SLURM_JOB_GPUS=1
CUDA_VISIBLE_DEVICES=0
0, GPU-eb891ef3-c84e-53f6-d155-5e6da828410b, NVIDIA A100-SXM4-40GB
torch.Size([128, 64, 64])
torch.Size([128, 64])
torch.Size([128])
torch.Size([12240])
tensor([28.0001, 27.1679, 27.1679,  ...,  6.4879,  6.4879,  6.4879])
{'perm_matrix': tensor([[0., 0., 0.,  ..., 1., 0., 0.],
        [0., 0., 0.,  ..., 0., 0., 0.],
        [0., 0., 0.,  ..., 0., 0., 0.],
        ...,
        [0., 0., 0.,  ..., 0., 0., 0.],
        [0., 0., 0.,  ..., 0., 0., 0.],
        [0., 0., 0.,  ..., 0., 0., 0.]], device='cuda:0'), 'tour_index': tensor([61, 26, 20,  4, 59,  3, 40, 50, 29, 28, 27, 31, 42,  2, 13, 14, 63,  8,
        30,  0, 38, 45, 17,  5, 55, 39, 48, 33, 15, 58, 43, 52, 24, 22, 10, 11,
        56, 12,  1, 19, 57, 25, 35, 21, 51, 53, 23,  9, 44, 36, 46, 49,  6, 54,
        41, 34, 37, 18, 60, 62, 32, 47,  7, 16], device='cuda:0'), 'energy': 6.4879374504089355}
torch.Size([128, 128, 128])
torch.Size([128, 128])
torch.Size([128])
torch.Size([12240])
tensor([55.5455, 55.5455, 55.5455,  ...,  9.1688,  9.1688,  9.1688])
{'perm_matrix': tensor([[0., 0., 0.,  ..., 0., 0., 0.],
        [0., 0., 0.,  ..., 0., 0., 0.],
        [0., 0., 0.,  ..., 0., 0., 0.],
        ...,
        [0., 0., 0.,  ..., 0., 0., 0.],
        [0., 0., 0.,  ..., 0., 0., 0.],
        [0., 0., 0.,  ..., 0., 0., 0.]], device='cuda:0'), 'tour_index': tensor([  6,  54,  86,  66,  49, 117,  57, 118,  19,   1,  99,  84,  12, 111,
        100, 123,  33,  75,  90,  48, 127, 121,  62,  32,  60,  18, 110, 122,
         37,  34,  41, 107, 101,  80,  61, 114,  16,  97,  64,  71,  26,  20,
         91,   4,  94,  59,  72,   3, 120,  40,  50,  29,  28,  27, 116, 105,
         42, 112,  31,   2, 113, 104,  13, 119,  14,  63,   8,  82,  30,   0,
         69,   7,  47,  88,  38, 124,  79,  73,  70,  95, 103,  45,  17,  74,
          5,  87,  55,  78, 102, 115,  39,  43,  52,  58,  15,  10, 108,  81,
         22,  24, 125,  89,  11, 106,  68, 126,  56,  25,  35,  65,  21,  93,
         51,  77,  92,  46,  36,  53,  44,   9,  23,  83, 109,  98,  67,  85,
         96,  76], device='cuda:0'), 'energy': 9.168830871582031}
torch.Size([128, 256, 256])
torch.Size([128, 256])
torch.Size([128])
torch.Size([12240])
tensor([122.6994, 121.9149, 120.1221,  ...,  15.2845,  15.2845,  15.2845])
{'perm_matrix': tensor([[0., 0., 0.,  ..., 0., 0., 0.],
        [0., 0., 0.,  ..., 0., 0., 0.],
        [0., 0., 0.,  ..., 0., 0., 0.],
        ...,
        [0., 0., 0.,  ..., 0., 0., 0.],
        [1., 0., 0.,  ..., 0., 0., 0.],
        [0., 0., 0.,  ..., 0., 0., 0.]], device='cuda:0'), 'tour_index': tensor([ 69,   7,  47, 195,  62,  18, 122, 231, 253,  37,  34, 171, 201, 196,
        232,  99, 172, 130, 110, 121, 163, 127,  48,  90,  33,  75, 249, 123,
        184,  11,  68, 126,  56, 209, 187, 100, 240, 111,  12,  84,  25,  35,
        144, 197,  65, 192,  21, 157, 118, 206,   1,  19, 147,  57, 255,  92,
         77, 215,  93, 133, 224,  51, 223,  53,  44,   9, 169, 158, 238,  96,
        221, 173,  86,   6,  76,  85, 218,  67,  98, 109,  83, 179, 156,  23,
        152,  36,  46,  49, 154, 117, 214, 219, 233, 230, 146, 139,  66, 242,
        138,  54, 237, 213, 207, 246, 252,  72, 178, 120,   3, 159, 248,  40,
        245,  50, 228, 244, 105, 112,  42,  31,   2, 198, 113, 251, 208, 202,
         27, 177,  28, 116, 164,  29, 176,  94,   4, 250, 166,  59,  91, 241,
        222, 225, 153, 227,   8,  82, 148, 229, 181, 220, 165,  13, 150, 128,
        104, 194, 119,  14,  63,  30, 205, 129, 188, 211,  70,  95, 216, 235,
        182, 199,  38, 131, 149, 141, 124,  73, 145, 103,  45, 155, 134, 162,
         79, 204, 200, 243,  17,   5,  74,  87, 183,  55, 189, 143,  78, 175,
        102,  39, 115, 234,  58, 254, 217, 151,  43,  52, 186, 185, 174,  24,
         81,  22, 108, 193, 125, 203, 140, 135,  89, 106,  10, 167, 191,  15,
        210, 190,  32,  60, 137, 239,  80, 136, 170, 236, 180, 101, 107,  41,
        226, 247,  20, 161,  26, 212, 114,  61,  16, 168, 142,  64,  71, 160,
         97, 132,   0,  88], device='cuda:0'), 'energy': 15.284538269042969}
