ng31101
==== Tue 16 Sep 2025 02:37:31 AM EDT | job 49745966 | node ng31101 ====
model= instance= sa_anneal=
SLURM_JOB_GPUS=0
CUDA_VISIBLE_DEVICES=0
0, GPU-ea05ab7d-6421-a4a5-8f39-2801aac1ce80, NVIDIA A100-SXM4-40GB
torch.Size([128, 64, 64])
torch.Size([128, 64])
torch.Size([128])
torch.Size([12240])
tensor([28.0001, 27.1679, 27.1679,  ...,  6.4879,  6.4879,  6.4879])
{'perm_matrix': tensor([[0., 0., 0.,  ..., 1., 0., 0.],
        [0., 0., 0.,  ..., 0., 0., 0.],
        [0., 0., 0.,  ..., 0., 0., 0.],
        ...,
        [0., 0., 0.,  ..., 0., 0., 0.],
        [0., 0., 0.,  ..., 0., 0., 0.],
        [0., 0., 0.,  ..., 0., 0., 0.]], device='cuda:0'), 'tour_index': tensor([61, 26, 20,  4, 59,  3, 40, 50, 29, 28, 27, 31, 42,  2, 13, 14, 63,  8,
        30,  0, 38, 45, 17,  5, 55, 39, 48, 33, 15, 58, 43, 52, 24, 22, 10, 11,
        56, 12,  1, 19, 57, 25, 35, 21, 51, 53, 23,  9, 44, 36, 46, 49,  6, 54,
        41, 34, 37, 18, 60, 62, 32, 47,  7, 16], device='cuda:0'), 'energy': 6.4879374504089355}
torch.Size([128, 64, 64])
torch.Size([128, 64])
torch.Size([128])
torch.Size([12240])
tensor([28.0001, 27.1679, 27.1679,  ...,  6.4879,  6.4879,  6.4879])
{'perm_matrix': tensor([[0., 0., 0.,  ..., 1., 0., 0.],
        [0., 0., 0.,  ..., 0., 0., 0.],
        [0., 0., 0.,  ..., 0., 0., 0.],
        ...,
        [0., 0., 0.,  ..., 0., 0., 0.],
        [0., 0., 0.,  ..., 0., 0., 0.],
        [0., 0., 0.,  ..., 0., 0., 0.]], device='cuda:0'), 'tour_index': tensor([61, 26, 20,  4, 59,  3, 40, 50, 29, 28, 27, 31, 42,  2, 13, 14, 63,  8,
        30,  0, 38, 45, 17,  5, 55, 39, 48, 33, 15, 58, 43, 52, 24, 22, 10, 11,
        56, 12,  1, 19, 57, 25, 35, 21, 51, 53, 23,  9, 44, 36, 46, 49,  6, 54,
        41, 34, 37, 18, 60, 62, 32, 47,  7, 16], device='cuda:0'), 'energy': 6.4879374504089355}
torch.Size([128, 64, 64])
torch.Size([128, 64])
torch.Size([128])
torch.Size([12240])
tensor([28.0001, 27.1679, 27.1679,  ...,  6.4879,  6.4879,  6.4879])
{'perm_matrix': tensor([[0., 0., 0.,  ..., 1., 0., 0.],
        [0., 0., 0.,  ..., 0., 0., 0.],
        [0., 0., 0.,  ..., 0., 0., 0.],
        ...,
        [0., 0., 0.,  ..., 0., 0., 0.],
        [0., 0., 0.,  ..., 0., 0., 0.],
        [0., 0., 0.,  ..., 0., 0., 0.]], device='cuda:0'), 'tour_index': tensor([61, 26, 20,  4, 59,  3, 40, 50, 29, 28, 27, 31, 42,  2, 13, 14, 63,  8,
        30,  0, 38, 45, 17,  5, 55, 39, 48, 33, 15, 58, 43, 52, 24, 22, 10, 11,
        56, 12,  1, 19, 57, 25, 35, 21, 51, 53, 23,  9, 44, 36, 46, 49,  6, 54,
        41, 34, 37, 18, 60, 62, 32, 47,  7, 16], device='cuda:0'), 'energy': 6.4879374504089355}
torch.Size([128, 64, 64])
torch.Size([128, 64])
torch.Size([128])
torch.Size([12240])
tensor([28.0001, 27.1679, 27.1679,  ...,  6.4879,  6.4879,  6.4879])
{'perm_matrix': tensor([[0., 0., 0.,  ..., 1., 0., 0.],
        [0., 0., 0.,  ..., 0., 0., 0.],
        [0., 0., 0.,  ..., 0., 0., 0.],
        ...,
        [0., 0., 0.,  ..., 0., 0., 0.],
        [0., 0., 0.,  ..., 0., 0., 0.],
        [0., 0., 0.,  ..., 0., 0., 0.]], device='cuda:0'), 'tour_index': tensor([61, 26, 20,  4, 59,  3, 40, 50, 29, 28, 27, 31, 42,  2, 13, 14, 63,  8,
        30,  0, 38, 45, 17,  5, 55, 39, 48, 33, 15, 58, 43, 52, 24, 22, 10, 11,
        56, 12,  1, 19, 57, 25, 35, 21, 51, 53, 23,  9, 44, 36, 46, 49,  6, 54,
        41, 34, 37, 18, 60, 62, 32, 47,  7, 16], device='cuda:0'), 'energy': 6.4879374504089355}
torch.Size([128, 64, 64])
torch.Size([128, 64])
torch.Size([128])
torch.Size([12240])
tensor([28.0001, 27.1679, 27.1679,  ...,  6.4879,  6.4879,  6.4879])
{'perm_matrix': tensor([[0., 0., 0.,  ..., 1., 0., 0.],
        [0., 0., 0.,  ..., 0., 0., 0.],
        [0., 0., 0.,  ..., 0., 0., 0.],
        ...,
        [0., 0., 0.,  ..., 0., 0., 0.],
        [0., 0., 0.,  ..., 0., 0., 0.],
        [0., 0., 0.,  ..., 0., 0., 0.]], device='cuda:0'), 'tour_index': tensor([61, 26, 20,  4, 59,  3, 40, 50, 29, 28, 27, 31, 42,  2, 13, 14, 63,  8,
        30,  0, 38, 45, 17,  5, 55, 39, 48, 33, 15, 58, 43, 52, 24, 22, 10, 11,
        56, 12,  1, 19, 57, 25, 35, 21, 51, 53, 23,  9, 44, 36, 46, 49,  6, 54,
        41, 34, 37, 18, 60, 62, 32, 47,  7, 16], device='cuda:0'), 'energy': 6.4879374504089355}
torch.Size([128, 64, 64])
torch.Size([128, 64])
torch.Size([128])
torch.Size([12240])
tensor([28.0001, 27.1679, 27.1679,  ...,  6.4879,  6.4879,  6.4879])
{'perm_matrix': tensor([[0., 0., 0.,  ..., 1., 0., 0.],
        [0., 0., 0.,  ..., 0., 0., 0.],
        [0., 0., 0.,  ..., 0., 0., 0.],
        ...,
        [0., 0., 0.,  ..., 0., 0., 0.],
        [0., 0., 0.,  ..., 0., 0., 0.],
        [0., 0., 0.,  ..., 0., 0., 0.]], device='cuda:0'), 'tour_index': tensor([61, 26, 20,  4, 59,  3, 40, 50, 29, 28, 27, 31, 42,  2, 13, 14, 63,  8,
        30,  0, 38, 45, 17,  5, 55, 39, 48, 33, 15, 58, 43, 52, 24, 22, 10, 11,
        56, 12,  1, 19, 57, 25, 35, 21, 51, 53, 23,  9, 44, 36, 46, 49,  6, 54,
        41, 34, 37, 18, 60, 62, 32, 47,  7, 16], device='cuda:0'), 'energy': 6.4879374504089355}
torch.Size([128, 64, 64])
torch.Size([128, 64])
torch.Size([128])
torch.Size([12240])
tensor([28.0001, 27.1679, 27.1679,  ...,  6.4879,  6.4879,  6.4879])
{'perm_matrix': tensor([[0., 0., 0.,  ..., 1., 0., 0.],
        [0., 0., 0.,  ..., 0., 0., 0.],
        [0., 0., 0.,  ..., 0., 0., 0.],
        ...,
        [0., 0., 0.,  ..., 0., 0., 0.],
        [0., 0., 0.,  ..., 0., 0., 0.],
        [0., 0., 0.,  ..., 0., 0., 0.]], device='cuda:0'), 'tour_index': tensor([61, 26, 20,  4, 59,  3, 40, 50, 29, 28, 27, 31, 42,  2, 13, 14, 63,  8,
        30,  0, 38, 45, 17,  5, 55, 39, 48, 33, 15, 58, 43, 52, 24, 22, 10, 11,
        56, 12,  1, 19, 57, 25, 35, 21, 51, 53, 23,  9, 44, 36, 46, 49,  6, 54,
        41, 34, 37, 18, 60, 62, 32, 47,  7, 16], device='cuda:0'), 'energy': 6.4879374504089355}
torch.Size([128, 64, 64])
torch.Size([128, 64])
torch.Size([128])
torch.Size([12240])
tensor([28.0001, 27.1679, 27.1679,  ...,  6.4879,  6.4879,  6.4879])
{'perm_matrix': tensor([[0., 0., 0.,  ..., 1., 0., 0.],
        [0., 0., 0.,  ..., 0., 0., 0.],
        [0., 0., 0.,  ..., 0., 0., 0.],
        ...,
        [0., 0., 0.,  ..., 0., 0., 0.],
        [0., 0., 0.,  ..., 0., 0., 0.],
        [0., 0., 0.,  ..., 0., 0., 0.]], device='cuda:0'), 'tour_index': tensor([61, 26, 20,  4, 59,  3, 40, 50, 29, 28, 27, 31, 42,  2, 13, 14, 63,  8,
        30,  0, 38, 45, 17,  5, 55, 39, 48, 33, 15, 58, 43, 52, 24, 22, 10, 11,
        56, 12,  1, 19, 57, 25, 35, 21, 51, 53, 23,  9, 44, 36, 46, 49,  6, 54,
        41, 34, 37, 18, 60, 62, 32, 47,  7, 16], device='cuda:0'), 'energy': 6.4879374504089355}
torch.Size([128, 64, 64])
torch.Size([128, 64])
torch.Size([128])
torch.Size([12240])
tensor([28.0001, 27.1679, 27.1679,  ...,  6.4879,  6.4879,  6.4879])
{'perm_matrix': tensor([[0., 0., 0.,  ..., 1., 0., 0.],
        [0., 0., 0.,  ..., 0., 0., 0.],
        [0., 0., 0.,  ..., 0., 0., 0.],
        ...,
        [0., 0., 0.,  ..., 0., 0., 0.],
        [0., 0., 0.,  ..., 0., 0., 0.],
        [0., 0., 0.,  ..., 0., 0., 0.]], device='cuda:0'), 'tour_index': tensor([61, 26, 20,  4, 59,  3, 40, 50, 29, 28, 27, 31, 42,  2, 13, 14, 63,  8,
        30,  0, 38, 45, 17,  5, 55, 39, 48, 33, 15, 58, 43, 52, 24, 22, 10, 11,
        56, 12,  1, 19, 57, 25, 35, 21, 51, 53, 23,  9, 44, 36, 46, 49,  6, 54,
        41, 34, 37, 18, 60, 62, 32, 47,  7, 16], device='cuda:0'), 'energy': 6.4879374504089355}
torch.Size([128, 64, 64])
torch.Size([128, 64])
torch.Size([128])
torch.Size([12240])
tensor([28.0001, 27.1679, 27.1679,  ...,  6.4879,  6.4879,  6.4879])
{'perm_matrix': tensor([[0., 0., 0.,  ..., 1., 0., 0.],
        [0., 0., 0.,  ..., 0., 0., 0.],
        [0., 0., 0.,  ..., 0., 0., 0.],
        ...,
        [0., 0., 0.,  ..., 0., 0., 0.],
        [0., 0., 0.,  ..., 0., 0., 0.],
        [0., 0., 0.,  ..., 0., 0., 0.]], device='cuda:0'), 'tour_index': tensor([61, 26, 20,  4, 59,  3, 40, 50, 29, 28, 27, 31, 42,  2, 13, 14, 63,  8,
        30,  0, 38, 45, 17,  5, 55, 39, 48, 33, 15, 58, 43, 52, 24, 22, 10, 11,
        56, 12,  1, 19, 57, 25, 35, 21, 51, 53, 23,  9, 44, 36, 46, 49,  6, 54,
        41, 34, 37, 18, 60, 62, 32, 47,  7, 16], device='cuda:0'), 'energy': 6.4879374504089355}
torch.Size([128, 64, 64])
torch.Size([128, 64])
torch.Size([128])
torch.Size([12240])
tensor([28.0001, 27.1679, 27.1679,  ...,  6.4879,  6.4879,  6.4879])
{'perm_matrix': tensor([[0., 0., 0.,  ..., 1., 0., 0.],
        [0., 0., 0.,  ..., 0., 0., 0.],
        [0., 0., 0.,  ..., 0., 0., 0.],
        ...,
        [0., 0., 0.,  ..., 0., 0., 0.],
        [0., 0., 0.,  ..., 0., 0., 0.],
        [0., 0., 0.,  ..., 0., 0., 0.]], device='cuda:0'), 'tour_index': tensor([61, 26, 20,  4, 59,  3, 40, 50, 29, 28, 27, 31, 42,  2, 13, 14, 63,  8,
        30,  0, 38, 45, 17,  5, 55, 39, 48, 33, 15, 58, 43, 52, 24, 22, 10, 11,
        56, 12,  1, 19, 57, 25, 35, 21, 51, 53, 23,  9, 44, 36, 46, 49,  6, 54,
        41, 34, 37, 18, 60, 62, 32, 47,  7, 16], device='cuda:0'), 'energy': 6.4879374504089355}
torch.Size([128, 64, 64])
torch.Size([128, 64])
torch.Size([128])
torch.Size([12240])
tensor([28.0001, 27.1679, 27.1679,  ...,  6.4879,  6.4879,  6.4879])
{'perm_matrix': tensor([[0., 0., 0.,  ..., 1., 0., 0.],
        [0., 0., 0.,  ..., 0., 0., 0.],
        [0., 0., 0.,  ..., 0., 0., 0.],
        ...,
        [0., 0., 0.,  ..., 0., 0., 0.],
        [0., 0., 0.,  ..., 0., 0., 0.],
        [0., 0., 0.,  ..., 0., 0., 0.]], device='cuda:0'), 'tour_index': tensor([61, 26, 20,  4, 59,  3, 40, 50, 29, 28, 27, 31, 42,  2, 13, 14, 63,  8,
        30,  0, 38, 45, 17,  5, 55, 39, 48, 33, 15, 58, 43, 52, 24, 22, 10, 11,
        56, 12,  1, 19, 57, 25, 35, 21, 51, 53, 23,  9, 44, 36, 46, 49,  6, 54,
        41, 34, 37, 18, 60, 62, 32, 47,  7, 16], device='cuda:0'), 'energy': 6.4879374504089355}
torch.Size([128, 64, 64])
torch.Size([128, 64])
torch.Size([128])
torch.Size([12240])
tensor([28.0001, 27.1679, 27.1679,  ...,  6.4879,  6.4879,  6.4879])
{'perm_matrix': tensor([[0., 0., 0.,  ..., 1., 0., 0.],
        [0., 0., 0.,  ..., 0., 0., 0.],
        [0., 0., 0.,  ..., 0., 0., 0.],
        ...,
        [0., 0., 0.,  ..., 0., 0., 0.],
        [0., 0., 0.,  ..., 0., 0., 0.],
        [0., 0., 0.,  ..., 0., 0., 0.]], device='cuda:0'), 'tour_index': tensor([61, 26, 20,  4, 59,  3, 40, 50, 29, 28, 27, 31, 42,  2, 13, 14, 63,  8,
        30,  0, 38, 45, 17,  5, 55, 39, 48, 33, 15, 58, 43, 52, 24, 22, 10, 11,
        56, 12,  1, 19, 57, 25, 35, 21, 51, 53, 23,  9, 44, 36, 46, 49,  6, 54,
        41, 34, 37, 18, 60, 62, 32, 47,  7, 16], device='cuda:0'), 'energy': 6.4879374504089355}
torch.Size([128, 64, 64])
torch.Size([128, 64])
torch.Size([128])
torch.Size([12240])
tensor([28.0001, 27.1679, 27.1679,  ...,  6.4879,  6.4879,  6.4879])
{'perm_matrix': tensor([[0., 0., 0.,  ..., 1., 0., 0.],
        [0., 0., 0.,  ..., 0., 0., 0.],
        [0., 0., 0.,  ..., 0., 0., 0.],
        ...,
        [0., 0., 0.,  ..., 0., 0., 0.],
        [0., 0., 0.,  ..., 0., 0., 0.],
        [0., 0., 0.,  ..., 0., 0., 0.]], device='cuda:0'), 'tour_index': tensor([61, 26, 20,  4, 59,  3, 40, 50, 29, 28, 27, 31, 42,  2, 13, 14, 63,  8,
        30,  0, 38, 45, 17,  5, 55, 39, 48, 33, 15, 58, 43, 52, 24, 22, 10, 11,
        56, 12,  1, 19, 57, 25, 35, 21, 51, 53, 23,  9, 44, 36, 46, 49,  6, 54,
        41, 34, 37, 18, 60, 62, 32, 47,  7, 16], device='cuda:0'), 'energy': 6.4879374504089355}
torch.Size([128, 64, 64])
torch.Size([128, 64])
torch.Size([128])
torch.Size([12240])
tensor([28.0001, 27.1679, 27.1679,  ...,  6.4879,  6.4879,  6.4879])
{'perm_matrix': tensor([[0., 0., 0.,  ..., 1., 0., 0.],
        [0., 0., 0.,  ..., 0., 0., 0.],
        [0., 0., 0.,  ..., 0., 0., 0.],
        ...,
        [0., 0., 0.,  ..., 0., 0., 0.],
        [0., 0., 0.,  ..., 0., 0., 0.],
        [0., 0., 0.,  ..., 0., 0., 0.]], device='cuda:0'), 'tour_index': tensor([61, 26, 20,  4, 59,  3, 40, 50, 29, 28, 27, 31, 42,  2, 13, 14, 63,  8,
        30,  0, 38, 45, 17,  5, 55, 39, 48, 33, 15, 58, 43, 52, 24, 22, 10, 11,
        56, 12,  1, 19, 57, 25, 35, 21, 51, 53, 23,  9, 44, 36, 46, 49,  6, 54,
        41, 34, 37, 18, 60, 62, 32, 47,  7, 16], device='cuda:0'), 'energy': 6.4879374504089355}
torch.Size([128, 64, 64])
torch.Size([128, 64])
torch.Size([128])
torch.Size([12240])
tensor([28.0001, 27.1679, 27.1679,  ...,  6.4879,  6.4879,  6.4879])
{'perm_matrix': tensor([[0., 0., 0.,  ..., 1., 0., 0.],
        [0., 0., 0.,  ..., 0., 0., 0.],
        [0., 0., 0.,  ..., 0., 0., 0.],
        ...,
        [0., 0., 0.,  ..., 0., 0., 0.],
        [0., 0., 0.,  ..., 0., 0., 0.],
        [0., 0., 0.,  ..., 0., 0., 0.]], device='cuda:0'), 'tour_index': tensor([61, 26, 20,  4, 59,  3, 40, 50, 29, 28, 27, 31, 42,  2, 13, 14, 63,  8,
        30,  0, 38, 45, 17,  5, 55, 39, 48, 33, 15, 58, 43, 52, 24, 22, 10, 11,
        56, 12,  1, 19, 57, 25, 35, 21, 51, 53, 23,  9, 44, 36, 46, 49,  6, 54,
        41, 34, 37, 18, 60, 62, 32, 47,  7, 16], device='cuda:0'), 'energy': 6.4879374504089355}
torch.Size([128, 64, 64])
torch.Size([128, 64])
torch.Size([128])
torch.Size([12240])
tensor([28.0001, 27.1679, 27.1679,  ...,  6.4879,  6.4879,  6.4879])
{'perm_matrix': tensor([[0., 0., 0.,  ..., 1., 0., 0.],
        [0., 0., 0.,  ..., 0., 0., 0.],
        [0., 0., 0.,  ..., 0., 0., 0.],
        ...,
        [0., 0., 0.,  ..., 0., 0., 0.],
        [0., 0., 0.,  ..., 0., 0., 0.],
        [0., 0., 0.,  ..., 0., 0., 0.]], device='cuda:0'), 'tour_index': tensor([61, 26, 20,  4, 59,  3, 40, 50, 29, 28, 27, 31, 42,  2, 13, 14, 63,  8,
        30,  0, 38, 45, 17,  5, 55, 39, 48, 33, 15, 58, 43, 52, 24, 22, 10, 11,
        56, 12,  1, 19, 57, 25, 35, 21, 51, 53, 23,  9, 44, 36, 46, 49,  6, 54,
        41, 34, 37, 18, 60, 62, 32, 47,  7, 16], device='cuda:0'), 'energy': 6.4879374504089355}
torch.Size([128, 64, 64])
torch.Size([128, 64])
torch.Size([128])
torch.Size([12240])
tensor([28.0001, 27.1679, 27.1679,  ...,  6.4879,  6.4879,  6.4879])
{'perm_matrix': tensor([[0., 0., 0.,  ..., 1., 0., 0.],
        [0., 0., 0.,  ..., 0., 0., 0.],
        [0., 0., 0.,  ..., 0., 0., 0.],
        ...,
        [0., 0., 0.,  ..., 0., 0., 0.],
        [0., 0., 0.,  ..., 0., 0., 0.],
        [0., 0., 0.,  ..., 0., 0., 0.]], device='cuda:0'), 'tour_index': tensor([61, 26, 20,  4, 59,  3, 40, 50, 29, 28, 27, 31, 42,  2, 13, 14, 63,  8,
        30,  0, 38, 45, 17,  5, 55, 39, 48, 33, 15, 58, 43, 52, 24, 22, 10, 11,
        56, 12,  1, 19, 57, 25, 35, 21, 51, 53, 23,  9, 44, 36, 46, 49,  6, 54,
        41, 34, 37, 18, 60, 62, 32, 47,  7, 16], device='cuda:0'), 'energy': 6.4879374504089355}
torch.Size([128, 64, 64])
torch.Size([128, 64])
torch.Size([128])
torch.Size([12240])
tensor([28.0001, 27.1679, 27.1679,  ...,  6.4879,  6.4879,  6.4879])
{'perm_matrix': tensor([[0., 0., 0.,  ..., 1., 0., 0.],
        [0., 0., 0.,  ..., 0., 0., 0.],
        [0., 0., 0.,  ..., 0., 0., 0.],
        ...,
        [0., 0., 0.,  ..., 0., 0., 0.],
        [0., 0., 0.,  ..., 0., 0., 0.],
        [0., 0., 0.,  ..., 0., 0., 0.]], device='cuda:0'), 'tour_index': tensor([61, 26, 20,  4, 59,  3, 40, 50, 29, 28, 27, 31, 42,  2, 13, 14, 63,  8,
        30,  0, 38, 45, 17,  5, 55, 39, 48, 33, 15, 58, 43, 52, 24, 22, 10, 11,
        56, 12,  1, 19, 57, 25, 35, 21, 51, 53, 23,  9, 44, 36, 46, 49,  6, 54,
        41, 34, 37, 18, 60, 62, 32, 47,  7, 16], device='cuda:0'), 'energy': 6.4879374504089355}
torch.Size([128, 64, 64])
torch.Size([128, 64])
torch.Size([128])
torch.Size([12240])
tensor([28.0001, 27.1679, 27.1679,  ...,  6.4879,  6.4879,  6.4879])
{'perm_matrix': tensor([[0., 0., 0.,  ..., 1., 0., 0.],
        [0., 0., 0.,  ..., 0., 0., 0.],
        [0., 0., 0.,  ..., 0., 0., 0.],
        ...,
        [0., 0., 0.,  ..., 0., 0., 0.],
        [0., 0., 0.,  ..., 0., 0., 0.],
        [0., 0., 0.,  ..., 0., 0., 0.]], device='cuda:0'), 'tour_index': tensor([61, 26, 20,  4, 59,  3, 40, 50, 29, 28, 27, 31, 42,  2, 13, 14, 63,  8,
        30,  0, 38, 45, 17,  5, 55, 39, 48, 33, 15, 58, 43, 52, 24, 22, 10, 11,
        56, 12,  1, 19, 57, 25, 35, 21, 51, 53, 23,  9, 44, 36, 46, 49,  6, 54,
        41, 34, 37, 18, 60, 62, 32, 47,  7, 16], device='cuda:0'), 'energy': 6.4879374504089355}
torch.Size([128, 64, 64])
torch.Size([128, 64])
torch.Size([128])
torch.Size([12240])
tensor([28.0001, 27.1679, 27.1679,  ...,  6.4879,  6.4879,  6.4879])
{'perm_matrix': tensor([[0., 0., 0.,  ..., 1., 0., 0.],
        [0., 0., 0.,  ..., 0., 0., 0.],
        [0., 0., 0.,  ..., 0., 0., 0.],
        ...,
        [0., 0., 0.,  ..., 0., 0., 0.],
        [0., 0., 0.,  ..., 0., 0., 0.],
        [0., 0., 0.,  ..., 0., 0., 0.]], device='cuda:0'), 'tour_index': tensor([61, 26, 20,  4, 59,  3, 40, 50, 29, 28, 27, 31, 42,  2, 13, 14, 63,  8,
        30,  0, 38, 45, 17,  5, 55, 39, 48, 33, 15, 58, 43, 52, 24, 22, 10, 11,
        56, 12,  1, 19, 57, 25, 35, 21, 51, 53, 23,  9, 44, 36, 46, 49,  6, 54,
        41, 34, 37, 18, 60, 62, 32, 47,  7, 16], device='cuda:0'), 'energy': 6.4879374504089355}
torch.Size([128, 64, 64])
torch.Size([128, 64])
torch.Size([128])
torch.Size([12240])
tensor([28.0001, 27.1679, 27.1679,  ...,  6.4879,  6.4879,  6.4879])
{'perm_matrix': tensor([[0., 0., 0.,  ..., 1., 0., 0.],
        [0., 0., 0.,  ..., 0., 0., 0.],
        [0., 0., 0.,  ..., 0., 0., 0.],
        ...,
        [0., 0., 0.,  ..., 0., 0., 0.],
        [0., 0., 0.,  ..., 0., 0., 0.],
        [0., 0., 0.,  ..., 0., 0., 0.]], device='cuda:0'), 'tour_index': tensor([61, 26, 20,  4, 59,  3, 40, 50, 29, 28, 27, 31, 42,  2, 13, 14, 63,  8,
        30,  0, 38, 45, 17,  5, 55, 39, 48, 33, 15, 58, 43, 52, 24, 22, 10, 11,
        56, 12,  1, 19, 57, 25, 35, 21, 51, 53, 23,  9, 44, 36, 46, 49,  6, 54,
        41, 34, 37, 18, 60, 62, 32, 47,  7, 16], device='cuda:0'), 'energy': 6.4879374504089355}
torch.Size([128, 64, 64])
torch.Size([128, 64])
torch.Size([128])
torch.Size([12240])
tensor([28.0001, 27.1679, 27.1679,  ...,  6.4879,  6.4879,  6.4879])
{'perm_matrix': tensor([[0., 0., 0.,  ..., 1., 0., 0.],
        [0., 0., 0.,  ..., 0., 0., 0.],
        [0., 0., 0.,  ..., 0., 0., 0.],
        ...,
        [0., 0., 0.,  ..., 0., 0., 0.],
        [0., 0., 0.,  ..., 0., 0., 0.],
        [0., 0., 0.,  ..., 0., 0., 0.]], device='cuda:0'), 'tour_index': tensor([61, 26, 20,  4, 59,  3, 40, 50, 29, 28, 27, 31, 42,  2, 13, 14, 63,  8,
        30,  0, 38, 45, 17,  5, 55, 39, 48, 33, 15, 58, 43, 52, 24, 22, 10, 11,
        56, 12,  1, 19, 57, 25, 35, 21, 51, 53, 23,  9, 44, 36, 46, 49,  6, 54,
        41, 34, 37, 18, 60, 62, 32, 47,  7, 16], device='cuda:0'), 'energy': 6.4879374504089355}
torch.Size([128, 64, 64])
torch.Size([128, 64])
torch.Size([128])
torch.Size([12240])
tensor([28.0001, 27.1679, 27.1679,  ...,  6.4879,  6.4879,  6.4879])
{'perm_matrix': tensor([[0., 0., 0.,  ..., 1., 0., 0.],
        [0., 0., 0.,  ..., 0., 0., 0.],
        [0., 0., 0.,  ..., 0., 0., 0.],
        ...,
        [0., 0., 0.,  ..., 0., 0., 0.],
        [0., 0., 0.,  ..., 0., 0., 0.],
        [0., 0., 0.,  ..., 0., 0., 0.]], device='cuda:0'), 'tour_index': tensor([61, 26, 20,  4, 59,  3, 40, 50, 29, 28, 27, 31, 42,  2, 13, 14, 63,  8,
        30,  0, 38, 45, 17,  5, 55, 39, 48, 33, 15, 58, 43, 52, 24, 22, 10, 11,
        56, 12,  1, 19, 57, 25, 35, 21, 51, 53, 23,  9, 44, 36, 46, 49,  6, 54,
        41, 34, 37, 18, 60, 62, 32, 47,  7, 16], device='cuda:0'), 'energy': 6.4879374504089355}
torch.Size([128, 128, 128])
torch.Size([128, 128])
torch.Size([128])
torch.Size([12240])
tensor([55.5455, 55.5455, 55.5455,  ...,  9.1688,  9.1688,  9.1688])
{'perm_matrix': tensor([[0., 0., 0.,  ..., 0., 0., 0.],
        [0., 0., 0.,  ..., 0., 0., 0.],
        [0., 0., 0.,  ..., 0., 0., 0.],
        ...,
        [0., 0., 0.,  ..., 0., 0., 0.],
        [0., 0., 0.,  ..., 0., 0., 0.],
        [0., 0., 0.,  ..., 0., 0., 0.]], device='cuda:0'), 'tour_index': tensor([  6,  54,  86,  66,  49, 117,  57, 118,  19,   1,  99,  84,  12, 111,
        100, 123,  33,  75,  90,  48, 127, 121,  62,  32,  60,  18, 110, 122,
         37,  34,  41, 107, 101,  80,  61, 114,  16,  97,  64,  71,  26,  20,
         91,   4,  94,  59,  72,   3, 120,  40,  50,  29,  28,  27, 116, 105,
         42, 112,  31,   2, 113, 104,  13, 119,  14,  63,   8,  82,  30,   0,
         69,   7,  47,  88,  38, 124,  79,  73,  70,  95, 103,  45,  17,  74,
          5,  87,  55,  78, 102, 115,  39,  43,  52,  58,  15,  10, 108,  81,
         22,  24, 125,  89,  11, 106,  68, 126,  56,  25,  35,  65,  21,  93,
         51,  77,  92,  46,  36,  53,  44,   9,  23,  83, 109,  98,  67,  85,
         96,  76], device='cuda:0'), 'energy': 9.168830871582031}
torch.Size([128, 128, 128])
torch.Size([128, 128])
torch.Size([128])
torch.Size([12240])
tensor([55.5455, 55.5455, 55.5455,  ...,  9.1688,  9.1688,  9.1688])
{'perm_matrix': tensor([[0., 0., 0.,  ..., 0., 0., 0.],
        [0., 0., 0.,  ..., 0., 0., 0.],
        [0., 0., 0.,  ..., 0., 0., 0.],
        ...,
        [0., 0., 0.,  ..., 0., 0., 0.],
        [0., 0., 0.,  ..., 0., 0., 0.],
        [0., 0., 0.,  ..., 0., 0., 0.]], device='cuda:0'), 'tour_index': tensor([  6,  54,  86,  66,  49, 117,  57, 118,  19,   1,  99,  84,  12, 111,
        100, 123,  33,  75,  90,  48, 127, 121,  62,  32,  60,  18, 110, 122,
         37,  34,  41, 107, 101,  80,  61, 114,  16,  97,  64,  71,  26,  20,
         91,   4,  94,  59,  72,   3, 120,  40,  50,  29,  28,  27, 116, 105,
         42, 112,  31,   2, 113, 104,  13, 119,  14,  63,   8,  82,  30,   0,
         69,   7,  47,  88,  38, 124,  79,  73,  70,  95, 103,  45,  17,  74,
          5,  87,  55,  78, 102, 115,  39,  43,  52,  58,  15,  10, 108,  81,
         22,  24, 125,  89,  11, 106,  68, 126,  56,  25,  35,  65,  21,  93,
         51,  77,  92,  46,  36,  53,  44,   9,  23,  83, 109,  98,  67,  85,
         96,  76], device='cuda:0'), 'energy': 9.168830871582031}
torch.Size([128, 128, 128])
torch.Size([128, 128])
torch.Size([128])
torch.Size([12240])
tensor([55.5455, 55.5455, 55.5455,  ...,  9.1688,  9.1688,  9.1688])
{'perm_matrix': tensor([[0., 0., 0.,  ..., 0., 0., 0.],
        [0., 0., 0.,  ..., 0., 0., 0.],
        [0., 0., 0.,  ..., 0., 0., 0.],
        ...,
        [0., 0., 0.,  ..., 0., 0., 0.],
        [0., 0., 0.,  ..., 0., 0., 0.],
        [0., 0., 0.,  ..., 0., 0., 0.]], device='cuda:0'), 'tour_index': tensor([  6,  54,  86,  66,  49, 117,  57, 118,  19,   1,  99,  84,  12, 111,
        100, 123,  33,  75,  90,  48, 127, 121,  62,  32,  60,  18, 110, 122,
         37,  34,  41, 107, 101,  80,  61, 114,  16,  97,  64,  71,  26,  20,
         91,   4,  94,  59,  72,   3, 120,  40,  50,  29,  28,  27, 116, 105,
         42, 112,  31,   2, 113, 104,  13, 119,  14,  63,   8,  82,  30,   0,
         69,   7,  47,  88,  38, 124,  79,  73,  70,  95, 103,  45,  17,  74,
          5,  87,  55,  78, 102, 115,  39,  43,  52,  58,  15,  10, 108,  81,
         22,  24, 125,  89,  11, 106,  68, 126,  56,  25,  35,  65,  21,  93,
         51,  77,  92,  46,  36,  53,  44,   9,  23,  83, 109,  98,  67,  85,
         96,  76], device='cuda:0'), 'energy': 9.168830871582031}
torch.Size([128, 128, 128])
torch.Size([128, 128])
torch.Size([128])
torch.Size([12240])
tensor([55.5455, 55.5455, 55.5455,  ...,  9.1688,  9.1688,  9.1688])
{'perm_matrix': tensor([[0., 0., 0.,  ..., 0., 0., 0.],
        [0., 0., 0.,  ..., 0., 0., 0.],
        [0., 0., 0.,  ..., 0., 0., 0.],
        ...,
        [0., 0., 0.,  ..., 0., 0., 0.],
        [0., 0., 0.,  ..., 0., 0., 0.],
        [0., 0., 0.,  ..., 0., 0., 0.]], device='cuda:0'), 'tour_index': tensor([  6,  54,  86,  66,  49, 117,  57, 118,  19,   1,  99,  84,  12, 111,
        100, 123,  33,  75,  90,  48, 127, 121,  62,  32,  60,  18, 110, 122,
         37,  34,  41, 107, 101,  80,  61, 114,  16,  97,  64,  71,  26,  20,
         91,   4,  94,  59,  72,   3, 120,  40,  50,  29,  28,  27, 116, 105,
         42, 112,  31,   2, 113, 104,  13, 119,  14,  63,   8,  82,  30,   0,
         69,   7,  47,  88,  38, 124,  79,  73,  70,  95, 103,  45,  17,  74,
          5,  87,  55,  78, 102, 115,  39,  43,  52,  58,  15,  10, 108,  81,
         22,  24, 125,  89,  11, 106,  68, 126,  56,  25,  35,  65,  21,  93,
         51,  77,  92,  46,  36,  53,  44,   9,  23,  83, 109,  98,  67,  85,
         96,  76], device='cuda:0'), 'energy': 9.168830871582031}
torch.Size([128, 128, 128])
torch.Size([128, 128])
torch.Size([128])
torch.Size([12240])
tensor([55.5455, 55.5455, 55.5455,  ...,  9.1688,  9.1688,  9.1688])
{'perm_matrix': tensor([[0., 0., 0.,  ..., 0., 0., 0.],
        [0., 0., 0.,  ..., 0., 0., 0.],
        [0., 0., 0.,  ..., 0., 0., 0.],
        ...,
        [0., 0., 0.,  ..., 0., 0., 0.],
        [0., 0., 0.,  ..., 0., 0., 0.],
        [0., 0., 0.,  ..., 0., 0., 0.]], device='cuda:0'), 'tour_index': tensor([  6,  54,  86,  66,  49, 117,  57, 118,  19,   1,  99,  84,  12, 111,
        100, 123,  33,  75,  90,  48, 127, 121,  62,  32,  60,  18, 110, 122,
         37,  34,  41, 107, 101,  80,  61, 114,  16,  97,  64,  71,  26,  20,
         91,   4,  94,  59,  72,   3, 120,  40,  50,  29,  28,  27, 116, 105,
         42, 112,  31,   2, 113, 104,  13, 119,  14,  63,   8,  82,  30,   0,
         69,   7,  47,  88,  38, 124,  79,  73,  70,  95, 103,  45,  17,  74,
          5,  87,  55,  78, 102, 115,  39,  43,  52,  58,  15,  10, 108,  81,
         22,  24, 125,  89,  11, 106,  68, 126,  56,  25,  35,  65,  21,  93,
         51,  77,  92,  46,  36,  53,  44,   9,  23,  83, 109,  98,  67,  85,
         96,  76], device='cuda:0'), 'energy': 9.168830871582031}
torch.Size([128, 128, 128])
torch.Size([128, 128])
torch.Size([128])
torch.Size([12240])
tensor([55.5455, 55.5455, 55.5455,  ...,  9.1688,  9.1688,  9.1688])
{'perm_matrix': tensor([[0., 0., 0.,  ..., 0., 0., 0.],
        [0., 0., 0.,  ..., 0., 0., 0.],
        [0., 0., 0.,  ..., 0., 0., 0.],
        ...,
        [0., 0., 0.,  ..., 0., 0., 0.],
        [0., 0., 0.,  ..., 0., 0., 0.],
        [0., 0., 0.,  ..., 0., 0., 0.]], device='cuda:0'), 'tour_index': tensor([  6,  54,  86,  66,  49, 117,  57, 118,  19,   1,  99,  84,  12, 111,
        100, 123,  33,  75,  90,  48, 127, 121,  62,  32,  60,  18, 110, 122,
         37,  34,  41, 107, 101,  80,  61, 114,  16,  97,  64,  71,  26,  20,
         91,   4,  94,  59,  72,   3, 120,  40,  50,  29,  28,  27, 116, 105,
         42, 112,  31,   2, 113, 104,  13, 119,  14,  63,   8,  82,  30,   0,
         69,   7,  47,  88,  38, 124,  79,  73,  70,  95, 103,  45,  17,  74,
          5,  87,  55,  78, 102, 115,  39,  43,  52,  58,  15,  10, 108,  81,
         22,  24, 125,  89,  11, 106,  68, 126,  56,  25,  35,  65,  21,  93,
         51,  77,  92,  46,  36,  53,  44,   9,  23,  83, 109,  98,  67,  85,
         96,  76], device='cuda:0'), 'energy': 9.168830871582031}
torch.Size([128, 128, 128])
torch.Size([128, 128])
torch.Size([128])
torch.Size([12240])
tensor([55.5455, 55.5455, 55.5455,  ...,  9.1688,  9.1688,  9.1688])
{'perm_matrix': tensor([[0., 0., 0.,  ..., 0., 0., 0.],
        [0., 0., 0.,  ..., 0., 0., 0.],
        [0., 0., 0.,  ..., 0., 0., 0.],
        ...,
        [0., 0., 0.,  ..., 0., 0., 0.],
        [0., 0., 0.,  ..., 0., 0., 0.],
        [0., 0., 0.,  ..., 0., 0., 0.]], device='cuda:0'), 'tour_index': tensor([  6,  54,  86,  66,  49, 117,  57, 118,  19,   1,  99,  84,  12, 111,
        100, 123,  33,  75,  90,  48, 127, 121,  62,  32,  60,  18, 110, 122,
         37,  34,  41, 107, 101,  80,  61, 114,  16,  97,  64,  71,  26,  20,
         91,   4,  94,  59,  72,   3, 120,  40,  50,  29,  28,  27, 116, 105,
         42, 112,  31,   2, 113, 104,  13, 119,  14,  63,   8,  82,  30,   0,
         69,   7,  47,  88,  38, 124,  79,  73,  70,  95, 103,  45,  17,  74,
          5,  87,  55,  78, 102, 115,  39,  43,  52,  58,  15,  10, 108,  81,
         22,  24, 125,  89,  11, 106,  68, 126,  56,  25,  35,  65,  21,  93,
         51,  77,  92,  46,  36,  53,  44,   9,  23,  83, 109,  98,  67,  85,
         96,  76], device='cuda:0'), 'energy': 9.168830871582031}
torch.Size([128, 128, 128])
torch.Size([128, 128])
torch.Size([128])
torch.Size([12240])
tensor([55.5455, 55.5455, 55.5455,  ...,  9.1688,  9.1688,  9.1688])
{'perm_matrix': tensor([[0., 0., 0.,  ..., 0., 0., 0.],
        [0., 0., 0.,  ..., 0., 0., 0.],
        [0., 0., 0.,  ..., 0., 0., 0.],
        ...,
        [0., 0., 0.,  ..., 0., 0., 0.],
        [0., 0., 0.,  ..., 0., 0., 0.],
        [0., 0., 0.,  ..., 0., 0., 0.]], device='cuda:0'), 'tour_index': tensor([  6,  54,  86,  66,  49, 117,  57, 118,  19,   1,  99,  84,  12, 111,
        100, 123,  33,  75,  90,  48, 127, 121,  62,  32,  60,  18, 110, 122,
         37,  34,  41, 107, 101,  80,  61, 114,  16,  97,  64,  71,  26,  20,
         91,   4,  94,  59,  72,   3, 120,  40,  50,  29,  28,  27, 116, 105,
         42, 112,  31,   2, 113, 104,  13, 119,  14,  63,   8,  82,  30,   0,
         69,   7,  47,  88,  38, 124,  79,  73,  70,  95, 103,  45,  17,  74,
          5,  87,  55,  78, 102, 115,  39,  43,  52,  58,  15,  10, 108,  81,
         22,  24, 125,  89,  11, 106,  68, 126,  56,  25,  35,  65,  21,  93,
         51,  77,  92,  46,  36,  53,  44,   9,  23,  83, 109,  98,  67,  85,
         96,  76], device='cuda:0'), 'energy': 9.168830871582031}
torch.Size([128, 128, 128])
torch.Size([128, 128])
torch.Size([128])
torch.Size([12240])
tensor([55.5455, 55.5455, 55.5455,  ...,  9.1688,  9.1688,  9.1688])
{'perm_matrix': tensor([[0., 0., 0.,  ..., 0., 0., 0.],
        [0., 0., 0.,  ..., 0., 0., 0.],
        [0., 0., 0.,  ..., 0., 0., 0.],
        ...,
        [0., 0., 0.,  ..., 0., 0., 0.],
        [0., 0., 0.,  ..., 0., 0., 0.],
        [0., 0., 0.,  ..., 0., 0., 0.]], device='cuda:0'), 'tour_index': tensor([  6,  54,  86,  66,  49, 117,  57, 118,  19,   1,  99,  84,  12, 111,
        100, 123,  33,  75,  90,  48, 127, 121,  62,  32,  60,  18, 110, 122,
         37,  34,  41, 107, 101,  80,  61, 114,  16,  97,  64,  71,  26,  20,
         91,   4,  94,  59,  72,   3, 120,  40,  50,  29,  28,  27, 116, 105,
         42, 112,  31,   2, 113, 104,  13, 119,  14,  63,   8,  82,  30,   0,
         69,   7,  47,  88,  38, 124,  79,  73,  70,  95, 103,  45,  17,  74,
          5,  87,  55,  78, 102, 115,  39,  43,  52,  58,  15,  10, 108,  81,
         22,  24, 125,  89,  11, 106,  68, 126,  56,  25,  35,  65,  21,  93,
         51,  77,  92,  46,  36,  53,  44,   9,  23,  83, 109,  98,  67,  85,
         96,  76], device='cuda:0'), 'energy': 9.168830871582031}
torch.Size([128, 128, 128])
torch.Size([128, 128])
torch.Size([128])
torch.Size([12240])
tensor([55.5455, 55.5455, 55.5455,  ...,  9.1688,  9.1688,  9.1688])
{'perm_matrix': tensor([[0., 0., 0.,  ..., 0., 0., 0.],
        [0., 0., 0.,  ..., 0., 0., 0.],
        [0., 0., 0.,  ..., 0., 0., 0.],
        ...,
        [0., 0., 0.,  ..., 0., 0., 0.],
        [0., 0., 0.,  ..., 0., 0., 0.],
        [0., 0., 0.,  ..., 0., 0., 0.]], device='cuda:0'), 'tour_index': tensor([  6,  54,  86,  66,  49, 117,  57, 118,  19,   1,  99,  84,  12, 111,
        100, 123,  33,  75,  90,  48, 127, 121,  62,  32,  60,  18, 110, 122,
         37,  34,  41, 107, 101,  80,  61, 114,  16,  97,  64,  71,  26,  20,
         91,   4,  94,  59,  72,   3, 120,  40,  50,  29,  28,  27, 116, 105,
         42, 112,  31,   2, 113, 104,  13, 119,  14,  63,   8,  82,  30,   0,
         69,   7,  47,  88,  38, 124,  79,  73,  70,  95, 103,  45,  17,  74,
          5,  87,  55,  78, 102, 115,  39,  43,  52,  58,  15,  10, 108,  81,
         22,  24, 125,  89,  11, 106,  68, 126,  56,  25,  35,  65,  21,  93,
         51,  77,  92,  46,  36,  53,  44,   9,  23,  83, 109,  98,  67,  85,
         96,  76], device='cuda:0'), 'energy': 9.168830871582031}
torch.Size([128, 128, 128])
torch.Size([128, 128])
torch.Size([128])
torch.Size([12240])
tensor([55.5455, 55.5455, 55.5455,  ...,  9.1688,  9.1688,  9.1688])
{'perm_matrix': tensor([[0., 0., 0.,  ..., 0., 0., 0.],
        [0., 0., 0.,  ..., 0., 0., 0.],
        [0., 0., 0.,  ..., 0., 0., 0.],
        ...,
        [0., 0., 0.,  ..., 0., 0., 0.],
        [0., 0., 0.,  ..., 0., 0., 0.],
        [0., 0., 0.,  ..., 0., 0., 0.]], device='cuda:0'), 'tour_index': tensor([  6,  54,  86,  66,  49, 117,  57, 118,  19,   1,  99,  84,  12, 111,
        100, 123,  33,  75,  90,  48, 127, 121,  62,  32,  60,  18, 110, 122,
         37,  34,  41, 107, 101,  80,  61, 114,  16,  97,  64,  71,  26,  20,
         91,   4,  94,  59,  72,   3, 120,  40,  50,  29,  28,  27, 116, 105,
         42, 112,  31,   2, 113, 104,  13, 119,  14,  63,   8,  82,  30,   0,
         69,   7,  47,  88,  38, 124,  79,  73,  70,  95, 103,  45,  17,  74,
          5,  87,  55,  78, 102, 115,  39,  43,  52,  58,  15,  10, 108,  81,
         22,  24, 125,  89,  11, 106,  68, 126,  56,  25,  35,  65,  21,  93,
         51,  77,  92,  46,  36,  53,  44,   9,  23,  83, 109,  98,  67,  85,
         96,  76], device='cuda:0'), 'energy': 9.168830871582031}
torch.Size([128, 128, 128])
torch.Size([128, 128])
torch.Size([128])
torch.Size([12240])
tensor([55.5455, 55.5455, 55.5455,  ...,  9.1688,  9.1688,  9.1688])
{'perm_matrix': tensor([[0., 0., 0.,  ..., 0., 0., 0.],
        [0., 0., 0.,  ..., 0., 0., 0.],
        [0., 0., 0.,  ..., 0., 0., 0.],
        ...,
        [0., 0., 0.,  ..., 0., 0., 0.],
        [0., 0., 0.,  ..., 0., 0., 0.],
        [0., 0., 0.,  ..., 0., 0., 0.]], device='cuda:0'), 'tour_index': tensor([  6,  54,  86,  66,  49, 117,  57, 118,  19,   1,  99,  84,  12, 111,
        100, 123,  33,  75,  90,  48, 127, 121,  62,  32,  60,  18, 110, 122,
         37,  34,  41, 107, 101,  80,  61, 114,  16,  97,  64,  71,  26,  20,
         91,   4,  94,  59,  72,   3, 120,  40,  50,  29,  28,  27, 116, 105,
         42, 112,  31,   2, 113, 104,  13, 119,  14,  63,   8,  82,  30,   0,
         69,   7,  47,  88,  38, 124,  79,  73,  70,  95, 103,  45,  17,  74,
          5,  87,  55,  78, 102, 115,  39,  43,  52,  58,  15,  10, 108,  81,
         22,  24, 125,  89,  11, 106,  68, 126,  56,  25,  35,  65,  21,  93,
         51,  77,  92,  46,  36,  53,  44,   9,  23,  83, 109,  98,  67,  85,
         96,  76], device='cuda:0'), 'energy': 9.168830871582031}
torch.Size([128, 128, 128])
torch.Size([128, 128])
torch.Size([128])
torch.Size([12240])
tensor([55.5455, 55.5455, 55.5455,  ...,  9.1688,  9.1688,  9.1688])
{'perm_matrix': tensor([[0., 0., 0.,  ..., 0., 0., 0.],
        [0., 0., 0.,  ..., 0., 0., 0.],
        [0., 0., 0.,  ..., 0., 0., 0.],
        ...,
        [0., 0., 0.,  ..., 0., 0., 0.],
        [0., 0., 0.,  ..., 0., 0., 0.],
        [0., 0., 0.,  ..., 0., 0., 0.]], device='cuda:0'), 'tour_index': tensor([  6,  54,  86,  66,  49, 117,  57, 118,  19,   1,  99,  84,  12, 111,
        100, 123,  33,  75,  90,  48, 127, 121,  62,  32,  60,  18, 110, 122,
         37,  34,  41, 107, 101,  80,  61, 114,  16,  97,  64,  71,  26,  20,
         91,   4,  94,  59,  72,   3, 120,  40,  50,  29,  28,  27, 116, 105,
         42, 112,  31,   2, 113, 104,  13, 119,  14,  63,   8,  82,  30,   0,
         69,   7,  47,  88,  38, 124,  79,  73,  70,  95, 103,  45,  17,  74,
          5,  87,  55,  78, 102, 115,  39,  43,  52,  58,  15,  10, 108,  81,
         22,  24, 125,  89,  11, 106,  68, 126,  56,  25,  35,  65,  21,  93,
         51,  77,  92,  46,  36,  53,  44,   9,  23,  83, 109,  98,  67,  85,
         96,  76], device='cuda:0'), 'energy': 9.168830871582031}
torch.Size([128, 128, 128])
torch.Size([128, 128])
torch.Size([128])
torch.Size([12240])
tensor([55.5455, 55.5455, 55.5455,  ...,  9.1688,  9.1688,  9.1688])
{'perm_matrix': tensor([[0., 0., 0.,  ..., 0., 0., 0.],
        [0., 0., 0.,  ..., 0., 0., 0.],
        [0., 0., 0.,  ..., 0., 0., 0.],
        ...,
        [0., 0., 0.,  ..., 0., 0., 0.],
        [0., 0., 0.,  ..., 0., 0., 0.],
        [0., 0., 0.,  ..., 0., 0., 0.]], device='cuda:0'), 'tour_index': tensor([  6,  54,  86,  66,  49, 117,  57, 118,  19,   1,  99,  84,  12, 111,
        100, 123,  33,  75,  90,  48, 127, 121,  62,  32,  60,  18, 110, 122,
         37,  34,  41, 107, 101,  80,  61, 114,  16,  97,  64,  71,  26,  20,
         91,   4,  94,  59,  72,   3, 120,  40,  50,  29,  28,  27, 116, 105,
         42, 112,  31,   2, 113, 104,  13, 119,  14,  63,   8,  82,  30,   0,
         69,   7,  47,  88,  38, 124,  79,  73,  70,  95, 103,  45,  17,  74,
          5,  87,  55,  78, 102, 115,  39,  43,  52,  58,  15,  10, 108,  81,
         22,  24, 125,  89,  11, 106,  68, 126,  56,  25,  35,  65,  21,  93,
         51,  77,  92,  46,  36,  53,  44,   9,  23,  83, 109,  98,  67,  85,
         96,  76], device='cuda:0'), 'energy': 9.168830871582031}
torch.Size([128, 128, 128])
torch.Size([128, 128])
torch.Size([128])
torch.Size([12240])
tensor([55.5455, 55.5455, 55.5455,  ...,  9.1688,  9.1688,  9.1688])
{'perm_matrix': tensor([[0., 0., 0.,  ..., 0., 0., 0.],
        [0., 0., 0.,  ..., 0., 0., 0.],
        [0., 0., 0.,  ..., 0., 0., 0.],
        ...,
        [0., 0., 0.,  ..., 0., 0., 0.],
        [0., 0., 0.,  ..., 0., 0., 0.],
        [0., 0., 0.,  ..., 0., 0., 0.]], device='cuda:0'), 'tour_index': tensor([  6,  54,  86,  66,  49, 117,  57, 118,  19,   1,  99,  84,  12, 111,
        100, 123,  33,  75,  90,  48, 127, 121,  62,  32,  60,  18, 110, 122,
         37,  34,  41, 107, 101,  80,  61, 114,  16,  97,  64,  71,  26,  20,
         91,   4,  94,  59,  72,   3, 120,  40,  50,  29,  28,  27, 116, 105,
         42, 112,  31,   2, 113, 104,  13, 119,  14,  63,   8,  82,  30,   0,
         69,   7,  47,  88,  38, 124,  79,  73,  70,  95, 103,  45,  17,  74,
          5,  87,  55,  78, 102, 115,  39,  43,  52,  58,  15,  10, 108,  81,
         22,  24, 125,  89,  11, 106,  68, 126,  56,  25,  35,  65,  21,  93,
         51,  77,  92,  46,  36,  53,  44,   9,  23,  83, 109,  98,  67,  85,
         96,  76], device='cuda:0'), 'energy': 9.168830871582031}
torch.Size([128, 128, 128])
torch.Size([128, 128])
torch.Size([128])
torch.Size([12240])
tensor([55.5455, 55.5455, 55.5455,  ...,  9.1688,  9.1688,  9.1688])
{'perm_matrix': tensor([[0., 0., 0.,  ..., 0., 0., 0.],
        [0., 0., 0.,  ..., 0., 0., 0.],
        [0., 0., 0.,  ..., 0., 0., 0.],
        ...,
        [0., 0., 0.,  ..., 0., 0., 0.],
        [0., 0., 0.,  ..., 0., 0., 0.],
        [0., 0., 0.,  ..., 0., 0., 0.]], device='cuda:0'), 'tour_index': tensor([  6,  54,  86,  66,  49, 117,  57, 118,  19,   1,  99,  84,  12, 111,
        100, 123,  33,  75,  90,  48, 127, 121,  62,  32,  60,  18, 110, 122,
         37,  34,  41, 107, 101,  80,  61, 114,  16,  97,  64,  71,  26,  20,
         91,   4,  94,  59,  72,   3, 120,  40,  50,  29,  28,  27, 116, 105,
         42, 112,  31,   2, 113, 104,  13, 119,  14,  63,   8,  82,  30,   0,
         69,   7,  47,  88,  38, 124,  79,  73,  70,  95, 103,  45,  17,  74,
          5,  87,  55,  78, 102, 115,  39,  43,  52,  58,  15,  10, 108,  81,
         22,  24, 125,  89,  11, 106,  68, 126,  56,  25,  35,  65,  21,  93,
         51,  77,  92,  46,  36,  53,  44,   9,  23,  83, 109,  98,  67,  85,
         96,  76], device='cuda:0'), 'energy': 9.168830871582031}
torch.Size([128, 128, 128])
torch.Size([128, 128])
torch.Size([128])
torch.Size([12240])
tensor([55.5455, 55.5455, 55.5455,  ...,  9.1688,  9.1688,  9.1688])
{'perm_matrix': tensor([[0., 0., 0.,  ..., 0., 0., 0.],
        [0., 0., 0.,  ..., 0., 0., 0.],
        [0., 0., 0.,  ..., 0., 0., 0.],
        ...,
        [0., 0., 0.,  ..., 0., 0., 0.],
        [0., 0., 0.,  ..., 0., 0., 0.],
        [0., 0., 0.,  ..., 0., 0., 0.]], device='cuda:0'), 'tour_index': tensor([  6,  54,  86,  66,  49, 117,  57, 118,  19,   1,  99,  84,  12, 111,
        100, 123,  33,  75,  90,  48, 127, 121,  62,  32,  60,  18, 110, 122,
         37,  34,  41, 107, 101,  80,  61, 114,  16,  97,  64,  71,  26,  20,
         91,   4,  94,  59,  72,   3, 120,  40,  50,  29,  28,  27, 116, 105,
         42, 112,  31,   2, 113, 104,  13, 119,  14,  63,   8,  82,  30,   0,
         69,   7,  47,  88,  38, 124,  79,  73,  70,  95, 103,  45,  17,  74,
          5,  87,  55,  78, 102, 115,  39,  43,  52,  58,  15,  10, 108,  81,
         22,  24, 125,  89,  11, 106,  68, 126,  56,  25,  35,  65,  21,  93,
         51,  77,  92,  46,  36,  53,  44,   9,  23,  83, 109,  98,  67,  85,
         96,  76], device='cuda:0'), 'energy': 9.168830871582031}
torch.Size([128, 128, 128])
torch.Size([128, 128])
torch.Size([128])
torch.Size([12240])
tensor([55.5455, 55.5455, 55.5455,  ...,  9.1688,  9.1688,  9.1688])
{'perm_matrix': tensor([[0., 0., 0.,  ..., 0., 0., 0.],
        [0., 0., 0.,  ..., 0., 0., 0.],
        [0., 0., 0.,  ..., 0., 0., 0.],
        ...,
        [0., 0., 0.,  ..., 0., 0., 0.],
        [0., 0., 0.,  ..., 0., 0., 0.],
        [0., 0., 0.,  ..., 0., 0., 0.]], device='cuda:0'), 'tour_index': tensor([  6,  54,  86,  66,  49, 117,  57, 118,  19,   1,  99,  84,  12, 111,
        100, 123,  33,  75,  90,  48, 127, 121,  62,  32,  60,  18, 110, 122,
         37,  34,  41, 107, 101,  80,  61, 114,  16,  97,  64,  71,  26,  20,
         91,   4,  94,  59,  72,   3, 120,  40,  50,  29,  28,  27, 116, 105,
         42, 112,  31,   2, 113, 104,  13, 119,  14,  63,   8,  82,  30,   0,
         69,   7,  47,  88,  38, 124,  79,  73,  70,  95, 103,  45,  17,  74,
          5,  87,  55,  78, 102, 115,  39,  43,  52,  58,  15,  10, 108,  81,
         22,  24, 125,  89,  11, 106,  68, 126,  56,  25,  35,  65,  21,  93,
         51,  77,  92,  46,  36,  53,  44,   9,  23,  83, 109,  98,  67,  85,
         96,  76], device='cuda:0'), 'energy': 9.168830871582031}
torch.Size([128, 128, 128])
torch.Size([128, 128])
torch.Size([128])
torch.Size([12240])
tensor([55.5455, 55.5455, 55.5455,  ...,  9.1688,  9.1688,  9.1688])
{'perm_matrix': tensor([[0., 0., 0.,  ..., 0., 0., 0.],
        [0., 0., 0.,  ..., 0., 0., 0.],
        [0., 0., 0.,  ..., 0., 0., 0.],
        ...,
        [0., 0., 0.,  ..., 0., 0., 0.],
        [0., 0., 0.,  ..., 0., 0., 0.],
        [0., 0., 0.,  ..., 0., 0., 0.]], device='cuda:0'), 'tour_index': tensor([  6,  54,  86,  66,  49, 117,  57, 118,  19,   1,  99,  84,  12, 111,
        100, 123,  33,  75,  90,  48, 127, 121,  62,  32,  60,  18, 110, 122,
         37,  34,  41, 107, 101,  80,  61, 114,  16,  97,  64,  71,  26,  20,
         91,   4,  94,  59,  72,   3, 120,  40,  50,  29,  28,  27, 116, 105,
         42, 112,  31,   2, 113, 104,  13, 119,  14,  63,   8,  82,  30,   0,
         69,   7,  47,  88,  38, 124,  79,  73,  70,  95, 103,  45,  17,  74,
          5,  87,  55,  78, 102, 115,  39,  43,  52,  58,  15,  10, 108,  81,
         22,  24, 125,  89,  11, 106,  68, 126,  56,  25,  35,  65,  21,  93,
         51,  77,  92,  46,  36,  53,  44,   9,  23,  83, 109,  98,  67,  85,
         96,  76], device='cuda:0'), 'energy': 9.168830871582031}
torch.Size([128, 128, 128])
torch.Size([128, 128])
torch.Size([128])
torch.Size([12240])
tensor([55.5455, 55.5455, 55.5455,  ...,  9.1688,  9.1688,  9.1688])
{'perm_matrix': tensor([[0., 0., 0.,  ..., 0., 0., 0.],
        [0., 0., 0.,  ..., 0., 0., 0.],
        [0., 0., 0.,  ..., 0., 0., 0.],
        ...,
        [0., 0., 0.,  ..., 0., 0., 0.],
        [0., 0., 0.,  ..., 0., 0., 0.],
        [0., 0., 0.,  ..., 0., 0., 0.]], device='cuda:0'), 'tour_index': tensor([  6,  54,  86,  66,  49, 117,  57, 118,  19,   1,  99,  84,  12, 111,
        100, 123,  33,  75,  90,  48, 127, 121,  62,  32,  60,  18, 110, 122,
         37,  34,  41, 107, 101,  80,  61, 114,  16,  97,  64,  71,  26,  20,
         91,   4,  94,  59,  72,   3, 120,  40,  50,  29,  28,  27, 116, 105,
         42, 112,  31,   2, 113, 104,  13, 119,  14,  63,   8,  82,  30,   0,
         69,   7,  47,  88,  38, 124,  79,  73,  70,  95, 103,  45,  17,  74,
          5,  87,  55,  78, 102, 115,  39,  43,  52,  58,  15,  10, 108,  81,
         22,  24, 125,  89,  11, 106,  68, 126,  56,  25,  35,  65,  21,  93,
         51,  77,  92,  46,  36,  53,  44,   9,  23,  83, 109,  98,  67,  85,
         96,  76], device='cuda:0'), 'energy': 9.168830871582031}
torch.Size([128, 128, 128])
torch.Size([128, 128])
torch.Size([128])
torch.Size([12240])
tensor([55.5455, 55.5455, 55.5455,  ...,  9.1688,  9.1688,  9.1688])
{'perm_matrix': tensor([[0., 0., 0.,  ..., 0., 0., 0.],
        [0., 0., 0.,  ..., 0., 0., 0.],
        [0., 0., 0.,  ..., 0., 0., 0.],
        ...,
        [0., 0., 0.,  ..., 0., 0., 0.],
        [0., 0., 0.,  ..., 0., 0., 0.],
        [0., 0., 0.,  ..., 0., 0., 0.]], device='cuda:0'), 'tour_index': tensor([  6,  54,  86,  66,  49, 117,  57, 118,  19,   1,  99,  84,  12, 111,
        100, 123,  33,  75,  90,  48, 127, 121,  62,  32,  60,  18, 110, 122,
         37,  34,  41, 107, 101,  80,  61, 114,  16,  97,  64,  71,  26,  20,
         91,   4,  94,  59,  72,   3, 120,  40,  50,  29,  28,  27, 116, 105,
         42, 112,  31,   2, 113, 104,  13, 119,  14,  63,   8,  82,  30,   0,
         69,   7,  47,  88,  38, 124,  79,  73,  70,  95, 103,  45,  17,  74,
          5,  87,  55,  78, 102, 115,  39,  43,  52,  58,  15,  10, 108,  81,
         22,  24, 125,  89,  11, 106,  68, 126,  56,  25,  35,  65,  21,  93,
         51,  77,  92,  46,  36,  53,  44,   9,  23,  83, 109,  98,  67,  85,
         96,  76], device='cuda:0'), 'energy': 9.168830871582031}
torch.Size([128, 128, 128])
torch.Size([128, 128])
torch.Size([128])
torch.Size([12240])
tensor([55.5455, 55.5455, 55.5455,  ...,  9.1688,  9.1688,  9.1688])
{'perm_matrix': tensor([[0., 0., 0.,  ..., 0., 0., 0.],
        [0., 0., 0.,  ..., 0., 0., 0.],
        [0., 0., 0.,  ..., 0., 0., 0.],
        ...,
        [0., 0., 0.,  ..., 0., 0., 0.],
        [0., 0., 0.,  ..., 0., 0., 0.],
        [0., 0., 0.,  ..., 0., 0., 0.]], device='cuda:0'), 'tour_index': tensor([  6,  54,  86,  66,  49, 117,  57, 118,  19,   1,  99,  84,  12, 111,
        100, 123,  33,  75,  90,  48, 127, 121,  62,  32,  60,  18, 110, 122,
         37,  34,  41, 107, 101,  80,  61, 114,  16,  97,  64,  71,  26,  20,
         91,   4,  94,  59,  72,   3, 120,  40,  50,  29,  28,  27, 116, 105,
         42, 112,  31,   2, 113, 104,  13, 119,  14,  63,   8,  82,  30,   0,
         69,   7,  47,  88,  38, 124,  79,  73,  70,  95, 103,  45,  17,  74,
          5,  87,  55,  78, 102, 115,  39,  43,  52,  58,  15,  10, 108,  81,
         22,  24, 125,  89,  11, 106,  68, 126,  56,  25,  35,  65,  21,  93,
         51,  77,  92,  46,  36,  53,  44,   9,  23,  83, 109,  98,  67,  85,
         96,  76], device='cuda:0'), 'energy': 9.168830871582031}
torch.Size([128, 128, 128])
torch.Size([128, 128])
torch.Size([128])
torch.Size([12240])
tensor([55.5455, 55.5455, 55.5455,  ...,  9.1688,  9.1688,  9.1688])
srun: Job step aborted: Waiting up to 62 seconds for job step to finish.
slurmstepd: error: *** JOB 49745966 ON ng31101 CANCELLED AT 2025-09-16T13:55:59 ***
slurmstepd: error: *** STEP 49745966.0 ON ng31101 CANCELLED AT 2025-09-16T13:55:59 ***
