ng10704
==== Wed 17 Sep 2025 02:56:40 AM EDT | job 49795006 | node ng10704 ====
model= instance= sa_anneal=
SLURM_JOB_GPUS=3
CUDA_VISIBLE_DEVICES=0
0, GPU-62762a13-fb54-8bd2-1f73-bd13955cbeba, NVIDIA A100-SXM4-40GB
torch.Size([128, 64, 64])
torch.Size([128, 64])
torch.Size([128])
torch.Size([12240])
tensor([29.8304, 29.7567, 29.7567,  ..., 10.7758, 10.7758, 10.7758])
{'perm_matrix': tensor([[0., 0., 0.,  ..., 0., 1., 0.],
        [0., 0., 0.,  ..., 0., 0., 0.],
        [0., 0., 0.,  ..., 0., 0., 0.],
        ...,
        [0., 0., 0.,  ..., 0., 0., 0.],
        [0., 0., 0.,  ..., 0., 0., 0.],
        [0., 0., 0.,  ..., 0., 0., 0.]], device='cuda:0'), 'tour_index': tensor([62, 32, 18, 60, 16,  7, 39, 48, 52, 22, 24, 15, 33, 11, 56, 10, 58, 43,
        55,  5, 17, 45, 47, 38, 30, 14, 31, 42, 28,  4, 59, 50, 40, 20, 63,  0,
         8, 13, 61, 26,  2, 27, 29,  3,  6, 44, 51, 53,  9, 46, 23, 54, 49, 35,
        25, 21, 36, 57,  1, 12, 19, 37, 34, 41], device='cuda:0'), 'energy': 10.775754928588867}
torch.Size([128, 64, 64])
torch.Size([128, 64])
torch.Size([128])
torch.Size([12240])
tensor([29.8304, 29.7567, 29.7567,  ..., 10.7758, 10.7758, 10.7758])
{'perm_matrix': tensor([[0., 0., 0.,  ..., 0., 1., 0.],
        [0., 0., 0.,  ..., 0., 0., 0.],
        [0., 0., 0.,  ..., 0., 0., 0.],
        ...,
        [0., 0., 0.,  ..., 0., 0., 0.],
        [0., 0., 0.,  ..., 0., 0., 0.],
        [0., 0., 0.,  ..., 0., 0., 0.]], device='cuda:0'), 'tour_index': tensor([62, 32, 18, 60, 16,  7, 39, 48, 52, 22, 24, 15, 33, 11, 56, 10, 58, 43,
        55,  5, 17, 45, 47, 38, 30, 14, 31, 42, 28,  4, 59, 50, 40, 20, 63,  0,
         8, 13, 61, 26,  2, 27, 29,  3,  6, 44, 51, 53,  9, 46, 23, 54, 49, 35,
        25, 21, 36, 57,  1, 12, 19, 37, 34, 41], device='cuda:0'), 'energy': 10.775754928588867}
torch.Size([128, 64, 64])
torch.Size([128, 64])
torch.Size([128])
torch.Size([12240])
tensor([29.8304, 29.7567, 29.7567,  ..., 10.7758, 10.7758, 10.7758])
{'perm_matrix': tensor([[0., 0., 0.,  ..., 0., 1., 0.],
        [0., 0., 0.,  ..., 0., 0., 0.],
        [0., 0., 0.,  ..., 0., 0., 0.],
        ...,
        [0., 0., 0.,  ..., 0., 0., 0.],
        [0., 0., 0.,  ..., 0., 0., 0.],
        [0., 0., 0.,  ..., 0., 0., 0.]], device='cuda:0'), 'tour_index': tensor([62, 32, 18, 60, 16,  7, 39, 48, 52, 22, 24, 15, 33, 11, 56, 10, 58, 43,
        55,  5, 17, 45, 47, 38, 30, 14, 31, 42, 28,  4, 59, 50, 40, 20, 63,  0,
         8, 13, 61, 26,  2, 27, 29,  3,  6, 44, 51, 53,  9, 46, 23, 54, 49, 35,
        25, 21, 36, 57,  1, 12, 19, 37, 34, 41], device='cuda:0'), 'energy': 10.775754928588867}
torch.Size([128, 64, 64])
torch.Size([128, 64])
torch.Size([128])
torch.Size([12240])
tensor([29.8304, 29.7567, 29.7567,  ..., 10.7758, 10.7758, 10.7758])
{'perm_matrix': tensor([[0., 0., 0.,  ..., 0., 1., 0.],
        [0., 0., 0.,  ..., 0., 0., 0.],
        [0., 0., 0.,  ..., 0., 0., 0.],
        ...,
        [0., 0., 0.,  ..., 0., 0., 0.],
        [0., 0., 0.,  ..., 0., 0., 0.],
        [0., 0., 0.,  ..., 0., 0., 0.]], device='cuda:0'), 'tour_index': tensor([62, 32, 18, 60, 16,  7, 39, 48, 52, 22, 24, 15, 33, 11, 56, 10, 58, 43,
        55,  5, 17, 45, 47, 38, 30, 14, 31, 42, 28,  4, 59, 50, 40, 20, 63,  0,
         8, 13, 61, 26,  2, 27, 29,  3,  6, 44, 51, 53,  9, 46, 23, 54, 49, 35,
        25, 21, 36, 57,  1, 12, 19, 37, 34, 41], device='cuda:0'), 'energy': 10.775754928588867}
torch.Size([128, 64, 64])
torch.Size([128, 64])
torch.Size([128])
torch.Size([12240])
tensor([29.8304, 29.7567, 29.7567,  ..., 10.7758, 10.7758, 10.7758])
{'perm_matrix': tensor([[0., 0., 0.,  ..., 0., 1., 0.],
        [0., 0., 0.,  ..., 0., 0., 0.],
        [0., 0., 0.,  ..., 0., 0., 0.],
        ...,
        [0., 0., 0.,  ..., 0., 0., 0.],
        [0., 0., 0.,  ..., 0., 0., 0.],
        [0., 0., 0.,  ..., 0., 0., 0.]], device='cuda:0'), 'tour_index': tensor([62, 32, 18, 60, 16,  7, 39, 48, 52, 22, 24, 15, 33, 11, 56, 10, 58, 43,
        55,  5, 17, 45, 47, 38, 30, 14, 31, 42, 28,  4, 59, 50, 40, 20, 63,  0,
         8, 13, 61, 26,  2, 27, 29,  3,  6, 44, 51, 53,  9, 46, 23, 54, 49, 35,
        25, 21, 36, 57,  1, 12, 19, 37, 34, 41], device='cuda:0'), 'energy': 10.775754928588867}
torch.Size([128, 64, 64])
torch.Size([128, 64])
torch.Size([128])
torch.Size([12240])
tensor([29.8304, 29.7567, 29.7567,  ..., 10.7758, 10.7758, 10.7758])
{'perm_matrix': tensor([[0., 0., 0.,  ..., 0., 1., 0.],
        [0., 0., 0.,  ..., 0., 0., 0.],
        [0., 0., 0.,  ..., 0., 0., 0.],
        ...,
        [0., 0., 0.,  ..., 0., 0., 0.],
        [0., 0., 0.,  ..., 0., 0., 0.],
        [0., 0., 0.,  ..., 0., 0., 0.]], device='cuda:0'), 'tour_index': tensor([62, 32, 18, 60, 16,  7, 39, 48, 52, 22, 24, 15, 33, 11, 56, 10, 58, 43,
        55,  5, 17, 45, 47, 38, 30, 14, 31, 42, 28,  4, 59, 50, 40, 20, 63,  0,
         8, 13, 61, 26,  2, 27, 29,  3,  6, 44, 51, 53,  9, 46, 23, 54, 49, 35,
        25, 21, 36, 57,  1, 12, 19, 37, 34, 41], device='cuda:0'), 'energy': 10.775754928588867}
torch.Size([128, 64, 64])
torch.Size([128, 64])
torch.Size([128])
torch.Size([12240])
tensor([29.8304, 29.7567, 29.7567,  ..., 10.7758, 10.7758, 10.7758])
{'perm_matrix': tensor([[0., 0., 0.,  ..., 0., 1., 0.],
        [0., 0., 0.,  ..., 0., 0., 0.],
        [0., 0., 0.,  ..., 0., 0., 0.],
        ...,
        [0., 0., 0.,  ..., 0., 0., 0.],
        [0., 0., 0.,  ..., 0., 0., 0.],
        [0., 0., 0.,  ..., 0., 0., 0.]], device='cuda:0'), 'tour_index': tensor([62, 32, 18, 60, 16,  7, 39, 48, 52, 22, 24, 15, 33, 11, 56, 10, 58, 43,
        55,  5, 17, 45, 47, 38, 30, 14, 31, 42, 28,  4, 59, 50, 40, 20, 63,  0,
         8, 13, 61, 26,  2, 27, 29,  3,  6, 44, 51, 53,  9, 46, 23, 54, 49, 35,
        25, 21, 36, 57,  1, 12, 19, 37, 34, 41], device='cuda:0'), 'energy': 10.775754928588867}
torch.Size([128, 64, 64])
torch.Size([128, 64])
torch.Size([128])
torch.Size([12240])
tensor([29.8304, 29.7567, 29.7567,  ..., 10.7758, 10.7758, 10.7758])
{'perm_matrix': tensor([[0., 0., 0.,  ..., 0., 1., 0.],
        [0., 0., 0.,  ..., 0., 0., 0.],
        [0., 0., 0.,  ..., 0., 0., 0.],
        ...,
        [0., 0., 0.,  ..., 0., 0., 0.],
        [0., 0., 0.,  ..., 0., 0., 0.],
        [0., 0., 0.,  ..., 0., 0., 0.]], device='cuda:0'), 'tour_index': tensor([62, 32, 18, 60, 16,  7, 39, 48, 52, 22, 24, 15, 33, 11, 56, 10, 58, 43,
        55,  5, 17, 45, 47, 38, 30, 14, 31, 42, 28,  4, 59, 50, 40, 20, 63,  0,
         8, 13, 61, 26,  2, 27, 29,  3,  6, 44, 51, 53,  9, 46, 23, 54, 49, 35,
        25, 21, 36, 57,  1, 12, 19, 37, 34, 41], device='cuda:0'), 'energy': 10.775754928588867}
torch.Size([128, 64, 64])
torch.Size([128, 64])
torch.Size([128])
torch.Size([12240])
tensor([29.8304, 29.7567, 29.7567,  ..., 10.7758, 10.7758, 10.7758])
{'perm_matrix': tensor([[0., 0., 0.,  ..., 0., 1., 0.],
        [0., 0., 0.,  ..., 0., 0., 0.],
        [0., 0., 0.,  ..., 0., 0., 0.],
        ...,
        [0., 0., 0.,  ..., 0., 0., 0.],
        [0., 0., 0.,  ..., 0., 0., 0.],
        [0., 0., 0.,  ..., 0., 0., 0.]], device='cuda:0'), 'tour_index': tensor([62, 32, 18, 60, 16,  7, 39, 48, 52, 22, 24, 15, 33, 11, 56, 10, 58, 43,
        55,  5, 17, 45, 47, 38, 30, 14, 31, 42, 28,  4, 59, 50, 40, 20, 63,  0,
         8, 13, 61, 26,  2, 27, 29,  3,  6, 44, 51, 53,  9, 46, 23, 54, 49, 35,
        25, 21, 36, 57,  1, 12, 19, 37, 34, 41], device='cuda:0'), 'energy': 10.775754928588867}
torch.Size([128, 64, 64])
torch.Size([128, 64])
torch.Size([128])
torch.Size([12240])
tensor([29.8304, 29.7567, 29.7567,  ..., 10.7758, 10.7758, 10.7758])
{'perm_matrix': tensor([[0., 0., 0.,  ..., 0., 1., 0.],
        [0., 0., 0.,  ..., 0., 0., 0.],
        [0., 0., 0.,  ..., 0., 0., 0.],
        ...,
        [0., 0., 0.,  ..., 0., 0., 0.],
        [0., 0., 0.,  ..., 0., 0., 0.],
        [0., 0., 0.,  ..., 0., 0., 0.]], device='cuda:0'), 'tour_index': tensor([62, 32, 18, 60, 16,  7, 39, 48, 52, 22, 24, 15, 33, 11, 56, 10, 58, 43,
        55,  5, 17, 45, 47, 38, 30, 14, 31, 42, 28,  4, 59, 50, 40, 20, 63,  0,
         8, 13, 61, 26,  2, 27, 29,  3,  6, 44, 51, 53,  9, 46, 23, 54, 49, 35,
        25, 21, 36, 57,  1, 12, 19, 37, 34, 41], device='cuda:0'), 'energy': 10.775754928588867}
torch.Size([128, 64, 64])
torch.Size([128, 64])
torch.Size([128])
torch.Size([12240])
tensor([29.8304, 29.7567, 29.7567,  ..., 10.7758, 10.7758, 10.7758])
{'perm_matrix': tensor([[0., 0., 0.,  ..., 0., 1., 0.],
        [0., 0., 0.,  ..., 0., 0., 0.],
        [0., 0., 0.,  ..., 0., 0., 0.],
        ...,
        [0., 0., 0.,  ..., 0., 0., 0.],
        [0., 0., 0.,  ..., 0., 0., 0.],
        [0., 0., 0.,  ..., 0., 0., 0.]], device='cuda:0'), 'tour_index': tensor([62, 32, 18, 60, 16,  7, 39, 48, 52, 22, 24, 15, 33, 11, 56, 10, 58, 43,
        55,  5, 17, 45, 47, 38, 30, 14, 31, 42, 28,  4, 59, 50, 40, 20, 63,  0,
         8, 13, 61, 26,  2, 27, 29,  3,  6, 44, 51, 53,  9, 46, 23, 54, 49, 35,
        25, 21, 36, 57,  1, 12, 19, 37, 34, 41], device='cuda:0'), 'energy': 10.775754928588867}
torch.Size([128, 64, 64])
torch.Size([128, 64])
torch.Size([128])
torch.Size([12240])
tensor([29.8304, 29.7567, 29.7567,  ..., 10.7758, 10.7758, 10.7758])
{'perm_matrix': tensor([[0., 0., 0.,  ..., 0., 1., 0.],
        [0., 0., 0.,  ..., 0., 0., 0.],
        [0., 0., 0.,  ..., 0., 0., 0.],
        ...,
        [0., 0., 0.,  ..., 0., 0., 0.],
        [0., 0., 0.,  ..., 0., 0., 0.],
        [0., 0., 0.,  ..., 0., 0., 0.]], device='cuda:0'), 'tour_index': tensor([62, 32, 18, 60, 16,  7, 39, 48, 52, 22, 24, 15, 33, 11, 56, 10, 58, 43,
        55,  5, 17, 45, 47, 38, 30, 14, 31, 42, 28,  4, 59, 50, 40, 20, 63,  0,
         8, 13, 61, 26,  2, 27, 29,  3,  6, 44, 51, 53,  9, 46, 23, 54, 49, 35,
        25, 21, 36, 57,  1, 12, 19, 37, 34, 41], device='cuda:0'), 'energy': 10.775754928588867}
torch.Size([128, 64, 64])
torch.Size([128, 64])
torch.Size([128])
torch.Size([12240])
tensor([29.8304, 29.7567, 29.7567,  ..., 10.7758, 10.7758, 10.7758])
{'perm_matrix': tensor([[0., 0., 0.,  ..., 0., 1., 0.],
        [0., 0., 0.,  ..., 0., 0., 0.],
        [0., 0., 0.,  ..., 0., 0., 0.],
        ...,
        [0., 0., 0.,  ..., 0., 0., 0.],
        [0., 0., 0.,  ..., 0., 0., 0.],
        [0., 0., 0.,  ..., 0., 0., 0.]], device='cuda:0'), 'tour_index': tensor([62, 32, 18, 60, 16,  7, 39, 48, 52, 22, 24, 15, 33, 11, 56, 10, 58, 43,
        55,  5, 17, 45, 47, 38, 30, 14, 31, 42, 28,  4, 59, 50, 40, 20, 63,  0,
         8, 13, 61, 26,  2, 27, 29,  3,  6, 44, 51, 53,  9, 46, 23, 54, 49, 35,
        25, 21, 36, 57,  1, 12, 19, 37, 34, 41], device='cuda:0'), 'energy': 10.775754928588867}
torch.Size([128, 64, 64])
torch.Size([128, 64])
torch.Size([128])
torch.Size([12240])
tensor([29.8304, 29.7567, 29.7567,  ..., 10.7758, 10.7758, 10.7758])
{'perm_matrix': tensor([[0., 0., 0.,  ..., 0., 1., 0.],
        [0., 0., 0.,  ..., 0., 0., 0.],
        [0., 0., 0.,  ..., 0., 0., 0.],
        ...,
        [0., 0., 0.,  ..., 0., 0., 0.],
        [0., 0., 0.,  ..., 0., 0., 0.],
        [0., 0., 0.,  ..., 0., 0., 0.]], device='cuda:0'), 'tour_index': tensor([62, 32, 18, 60, 16,  7, 39, 48, 52, 22, 24, 15, 33, 11, 56, 10, 58, 43,
        55,  5, 17, 45, 47, 38, 30, 14, 31, 42, 28,  4, 59, 50, 40, 20, 63,  0,
         8, 13, 61, 26,  2, 27, 29,  3,  6, 44, 51, 53,  9, 46, 23, 54, 49, 35,
        25, 21, 36, 57,  1, 12, 19, 37, 34, 41], device='cuda:0'), 'energy': 10.775754928588867}
torch.Size([128, 64, 64])
torch.Size([128, 64])
torch.Size([128])
torch.Size([12240])
tensor([29.8304, 29.7567, 29.7567,  ..., 10.7758, 10.7758, 10.7758])
{'perm_matrix': tensor([[0., 0., 0.,  ..., 0., 1., 0.],
        [0., 0., 0.,  ..., 0., 0., 0.],
        [0., 0., 0.,  ..., 0., 0., 0.],
        ...,
        [0., 0., 0.,  ..., 0., 0., 0.],
        [0., 0., 0.,  ..., 0., 0., 0.],
        [0., 0., 0.,  ..., 0., 0., 0.]], device='cuda:0'), 'tour_index': tensor([62, 32, 18, 60, 16,  7, 39, 48, 52, 22, 24, 15, 33, 11, 56, 10, 58, 43,
        55,  5, 17, 45, 47, 38, 30, 14, 31, 42, 28,  4, 59, 50, 40, 20, 63,  0,
         8, 13, 61, 26,  2, 27, 29,  3,  6, 44, 51, 53,  9, 46, 23, 54, 49, 35,
        25, 21, 36, 57,  1, 12, 19, 37, 34, 41], device='cuda:0'), 'energy': 10.775754928588867}
torch.Size([128, 64, 64])
torch.Size([128, 64])
torch.Size([128])
torch.Size([12240])
tensor([29.8304, 29.7567, 29.7567,  ..., 10.7758, 10.7758, 10.7758])
{'perm_matrix': tensor([[0., 0., 0.,  ..., 0., 1., 0.],
        [0., 0., 0.,  ..., 0., 0., 0.],
        [0., 0., 0.,  ..., 0., 0., 0.],
        ...,
        [0., 0., 0.,  ..., 0., 0., 0.],
        [0., 0., 0.,  ..., 0., 0., 0.],
        [0., 0., 0.,  ..., 0., 0., 0.]], device='cuda:0'), 'tour_index': tensor([62, 32, 18, 60, 16,  7, 39, 48, 52, 22, 24, 15, 33, 11, 56, 10, 58, 43,
        55,  5, 17, 45, 47, 38, 30, 14, 31, 42, 28,  4, 59, 50, 40, 20, 63,  0,
         8, 13, 61, 26,  2, 27, 29,  3,  6, 44, 51, 53,  9, 46, 23, 54, 49, 35,
        25, 21, 36, 57,  1, 12, 19, 37, 34, 41], device='cuda:0'), 'energy': 10.775754928588867}
torch.Size([128, 64, 64])
torch.Size([128, 64])
torch.Size([128])
torch.Size([12240])
tensor([29.8304, 29.7567, 29.7567,  ..., 10.7758, 10.7758, 10.7758])
{'perm_matrix': tensor([[0., 0., 0.,  ..., 0., 1., 0.],
        [0., 0., 0.,  ..., 0., 0., 0.],
        [0., 0., 0.,  ..., 0., 0., 0.],
        ...,
        [0., 0., 0.,  ..., 0., 0., 0.],
        [0., 0., 0.,  ..., 0., 0., 0.],
        [0., 0., 0.,  ..., 0., 0., 0.]], device='cuda:0'), 'tour_index': tensor([62, 32, 18, 60, 16,  7, 39, 48, 52, 22, 24, 15, 33, 11, 56, 10, 58, 43,
        55,  5, 17, 45, 47, 38, 30, 14, 31, 42, 28,  4, 59, 50, 40, 20, 63,  0,
         8, 13, 61, 26,  2, 27, 29,  3,  6, 44, 51, 53,  9, 46, 23, 54, 49, 35,
        25, 21, 36, 57,  1, 12, 19, 37, 34, 41], device='cuda:0'), 'energy': 10.775754928588867}
torch.Size([128, 64, 64])
torch.Size([128, 64])
torch.Size([128])
torch.Size([12240])
tensor([29.8304, 29.7567, 29.7567,  ..., 10.7758, 10.7758, 10.7758])
{'perm_matrix': tensor([[0., 0., 0.,  ..., 0., 1., 0.],
        [0., 0., 0.,  ..., 0., 0., 0.],
        [0., 0., 0.,  ..., 0., 0., 0.],
        ...,
        [0., 0., 0.,  ..., 0., 0., 0.],
        [0., 0., 0.,  ..., 0., 0., 0.],
        [0., 0., 0.,  ..., 0., 0., 0.]], device='cuda:0'), 'tour_index': tensor([62, 32, 18, 60, 16,  7, 39, 48, 52, 22, 24, 15, 33, 11, 56, 10, 58, 43,
        55,  5, 17, 45, 47, 38, 30, 14, 31, 42, 28,  4, 59, 50, 40, 20, 63,  0,
         8, 13, 61, 26,  2, 27, 29,  3,  6, 44, 51, 53,  9, 46, 23, 54, 49, 35,
        25, 21, 36, 57,  1, 12, 19, 37, 34, 41], device='cuda:0'), 'energy': 10.775754928588867}
torch.Size([128, 64, 64])
torch.Size([128, 64])
torch.Size([128])
torch.Size([12240])
tensor([29.8304, 29.7567, 29.7567,  ..., 10.7758, 10.7758, 10.7758])
{'perm_matrix': tensor([[0., 0., 0.,  ..., 0., 1., 0.],
        [0., 0., 0.,  ..., 0., 0., 0.],
        [0., 0., 0.,  ..., 0., 0., 0.],
        ...,
        [0., 0., 0.,  ..., 0., 0., 0.],
        [0., 0., 0.,  ..., 0., 0., 0.],
        [0., 0., 0.,  ..., 0., 0., 0.]], device='cuda:0'), 'tour_index': tensor([62, 32, 18, 60, 16,  7, 39, 48, 52, 22, 24, 15, 33, 11, 56, 10, 58, 43,
        55,  5, 17, 45, 47, 38, 30, 14, 31, 42, 28,  4, 59, 50, 40, 20, 63,  0,
         8, 13, 61, 26,  2, 27, 29,  3,  6, 44, 51, 53,  9, 46, 23, 54, 49, 35,
        25, 21, 36, 57,  1, 12, 19, 37, 34, 41], device='cuda:0'), 'energy': 10.775754928588867}
torch.Size([128, 64, 64])
torch.Size([128, 64])
torch.Size([128])
torch.Size([12240])
tensor([29.8304, 29.7567, 29.7567,  ..., 10.7758, 10.7758, 10.7758])
{'perm_matrix': tensor([[0., 0., 0.,  ..., 0., 1., 0.],
        [0., 0., 0.,  ..., 0., 0., 0.],
        [0., 0., 0.,  ..., 0., 0., 0.],
        ...,
        [0., 0., 0.,  ..., 0., 0., 0.],
        [0., 0., 0.,  ..., 0., 0., 0.],
        [0., 0., 0.,  ..., 0., 0., 0.]], device='cuda:0'), 'tour_index': tensor([62, 32, 18, 60, 16,  7, 39, 48, 52, 22, 24, 15, 33, 11, 56, 10, 58, 43,
        55,  5, 17, 45, 47, 38, 30, 14, 31, 42, 28,  4, 59, 50, 40, 20, 63,  0,
         8, 13, 61, 26,  2, 27, 29,  3,  6, 44, 51, 53,  9, 46, 23, 54, 49, 35,
        25, 21, 36, 57,  1, 12, 19, 37, 34, 41], device='cuda:0'), 'energy': 10.775754928588867}
torch.Size([128, 64, 64])
torch.Size([128, 64])
torch.Size([128])
torch.Size([12240])
tensor([29.8304, 29.7567, 29.7567,  ..., 10.7758, 10.7758, 10.7758])
{'perm_matrix': tensor([[0., 0., 0.,  ..., 0., 1., 0.],
        [0., 0., 0.,  ..., 0., 0., 0.],
        [0., 0., 0.,  ..., 0., 0., 0.],
        ...,
        [0., 0., 0.,  ..., 0., 0., 0.],
        [0., 0., 0.,  ..., 0., 0., 0.],
        [0., 0., 0.,  ..., 0., 0., 0.]], device='cuda:0'), 'tour_index': tensor([62, 32, 18, 60, 16,  7, 39, 48, 52, 22, 24, 15, 33, 11, 56, 10, 58, 43,
        55,  5, 17, 45, 47, 38, 30, 14, 31, 42, 28,  4, 59, 50, 40, 20, 63,  0,
         8, 13, 61, 26,  2, 27, 29,  3,  6, 44, 51, 53,  9, 46, 23, 54, 49, 35,
        25, 21, 36, 57,  1, 12, 19, 37, 34, 41], device='cuda:0'), 'energy': 10.775754928588867}
torch.Size([128, 64, 64])
torch.Size([128, 64])
torch.Size([128])
torch.Size([12240])
tensor([29.8304, 29.7567, 29.7567,  ..., 10.7758, 10.7758, 10.7758])
{'perm_matrix': tensor([[0., 0., 0.,  ..., 0., 1., 0.],
        [0., 0., 0.,  ..., 0., 0., 0.],
        [0., 0., 0.,  ..., 0., 0., 0.],
        ...,
        [0., 0., 0.,  ..., 0., 0., 0.],
        [0., 0., 0.,  ..., 0., 0., 0.],
        [0., 0., 0.,  ..., 0., 0., 0.]], device='cuda:0'), 'tour_index': tensor([62, 32, 18, 60, 16,  7, 39, 48, 52, 22, 24, 15, 33, 11, 56, 10, 58, 43,
        55,  5, 17, 45, 47, 38, 30, 14, 31, 42, 28,  4, 59, 50, 40, 20, 63,  0,
         8, 13, 61, 26,  2, 27, 29,  3,  6, 44, 51, 53,  9, 46, 23, 54, 49, 35,
        25, 21, 36, 57,  1, 12, 19, 37, 34, 41], device='cuda:0'), 'energy': 10.775754928588867}
torch.Size([128, 64, 64])
torch.Size([128, 64])
torch.Size([128])
torch.Size([12240])
tensor([29.8304, 29.7567, 29.7567,  ..., 10.7758, 10.7758, 10.7758])
{'perm_matrix': tensor([[0., 0., 0.,  ..., 0., 1., 0.],
        [0., 0., 0.,  ..., 0., 0., 0.],
        [0., 0., 0.,  ..., 0., 0., 0.],
        ...,
        [0., 0., 0.,  ..., 0., 0., 0.],
        [0., 0., 0.,  ..., 0., 0., 0.],
        [0., 0., 0.,  ..., 0., 0., 0.]], device='cuda:0'), 'tour_index': tensor([62, 32, 18, 60, 16,  7, 39, 48, 52, 22, 24, 15, 33, 11, 56, 10, 58, 43,
        55,  5, 17, 45, 47, 38, 30, 14, 31, 42, 28,  4, 59, 50, 40, 20, 63,  0,
         8, 13, 61, 26,  2, 27, 29,  3,  6, 44, 51, 53,  9, 46, 23, 54, 49, 35,
        25, 21, 36, 57,  1, 12, 19, 37, 34, 41], device='cuda:0'), 'energy': 10.775754928588867}
torch.Size([128, 64, 64])
torch.Size([128, 64])
torch.Size([128])
torch.Size([12240])
tensor([29.8304, 29.7567, 29.7567,  ..., 10.7758, 10.7758, 10.7758])
{'perm_matrix': tensor([[0., 0., 0.,  ..., 0., 1., 0.],
        [0., 0., 0.,  ..., 0., 0., 0.],
        [0., 0., 0.,  ..., 0., 0., 0.],
        ...,
        [0., 0., 0.,  ..., 0., 0., 0.],
        [0., 0., 0.,  ..., 0., 0., 0.],
        [0., 0., 0.,  ..., 0., 0., 0.]], device='cuda:0'), 'tour_index': tensor([62, 32, 18, 60, 16,  7, 39, 48, 52, 22, 24, 15, 33, 11, 56, 10, 58, 43,
        55,  5, 17, 45, 47, 38, 30, 14, 31, 42, 28,  4, 59, 50, 40, 20, 63,  0,
         8, 13, 61, 26,  2, 27, 29,  3,  6, 44, 51, 53,  9, 46, 23, 54, 49, 35,
        25, 21, 36, 57,  1, 12, 19, 37, 34, 41], device='cuda:0'), 'energy': 10.775754928588867}
torch.Size([128, 128, 128])
torch.Size([128, 128])
torch.Size([128])
torch.Size([12240])
tensor([62.7309, 62.7309, 62.1862,  ..., 24.1061, 24.1061, 24.1061])
{'perm_matrix': tensor([[0., 0., 0.,  ..., 0., 0., 0.],
        [0., 0., 0.,  ..., 0., 0., 0.],
        [0., 0., 0.,  ..., 0., 0., 0.],
        ...,
        [0., 0., 0.,  ..., 0., 0., 0.],
        [0., 0., 0.,  ..., 0., 0., 0.],
        [0., 0., 0.,  ..., 0., 0., 0.]], device='cuda:0'), 'tour_index': tensor([ 28,  86,  59,  40,  29,  31, 112,  27,  72,  42,  94,   2,  71,  14,
        113,   4,  34,  41, 122,  37,  89,  10, 108,  68, 106, 126,  11,  56,
        100,  84,  35,  65,  67,  96, 120,  54,  76,  64,  26,  69,  63,  88,
        114,  62, 123, 118, 109,  98,  44,  53,  85,  66,  20,   8, 103,  78,
         15, 111,   1,  49,  19,  99,  25,  93,  51,  36,  83,  23,   9,  57,
        117,  21,  77,  46,  92,  12,  39, 102,  55,  43,  24,  22,  81, 125,
         58,  90, 121,  32, 127,  48,  52,  75,  33,  60,  18, 110, 101, 107,
         91,  50,   3,   6,  80,  16,  70,   7, 115,  17,   5,  74,  45, 124,
         79,  73,  38,   0, 119, 104,  97,  30,  13,  61,  87,  47,  95,  82,
        116, 105], device='cuda:0'), 'energy': 24.1060733795166}
torch.Size([128, 128, 128])
torch.Size([128, 128])
torch.Size([128])
torch.Size([12240])
tensor([62.7309, 62.7309, 62.1862,  ..., 24.1061, 24.1061, 24.1061])
{'perm_matrix': tensor([[0., 0., 0.,  ..., 0., 0., 0.],
        [0., 0., 0.,  ..., 0., 0., 0.],
        [0., 0., 0.,  ..., 0., 0., 0.],
        ...,
        [0., 0., 0.,  ..., 0., 0., 0.],
        [0., 0., 0.,  ..., 0., 0., 0.],
        [0., 0., 0.,  ..., 0., 0., 0.]], device='cuda:0'), 'tour_index': tensor([ 28,  86,  59,  40,  29,  31, 112,  27,  72,  42,  94,   2,  71,  14,
        113,   4,  34,  41, 122,  37,  89,  10, 108,  68, 106, 126,  11,  56,
        100,  84,  35,  65,  67,  96, 120,  54,  76,  64,  26,  69,  63,  88,
        114,  62, 123, 118, 109,  98,  44,  53,  85,  66,  20,   8, 103,  78,
         15, 111,   1,  49,  19,  99,  25,  93,  51,  36,  83,  23,   9,  57,
        117,  21,  77,  46,  92,  12,  39, 102,  55,  43,  24,  22,  81, 125,
         58,  90, 121,  32, 127,  48,  52,  75,  33,  60,  18, 110, 101, 107,
         91,  50,   3,   6,  80,  16,  70,   7, 115,  17,   5,  74,  45, 124,
         79,  73,  38,   0, 119, 104,  97,  30,  13,  61,  87,  47,  95,  82,
        116, 105], device='cuda:0'), 'energy': 24.1060733795166}
torch.Size([128, 128, 128])
torch.Size([128, 128])
torch.Size([128])
torch.Size([12240])
tensor([62.7309, 62.7309, 62.1862,  ..., 24.1061, 24.1061, 24.1061])
{'perm_matrix': tensor([[0., 0., 0.,  ..., 0., 0., 0.],
        [0., 0., 0.,  ..., 0., 0., 0.],
        [0., 0., 0.,  ..., 0., 0., 0.],
        ...,
        [0., 0., 0.,  ..., 0., 0., 0.],
        [0., 0., 0.,  ..., 0., 0., 0.],
        [0., 0., 0.,  ..., 0., 0., 0.]], device='cuda:0'), 'tour_index': tensor([ 28,  86,  59,  40,  29,  31, 112,  27,  72,  42,  94,   2,  71,  14,
        113,   4,  34,  41, 122,  37,  89,  10, 108,  68, 106, 126,  11,  56,
        100,  84,  35,  65,  67,  96, 120,  54,  76,  64,  26,  69,  63,  88,
        114,  62, 123, 118, 109,  98,  44,  53,  85,  66,  20,   8, 103,  78,
         15, 111,   1,  49,  19,  99,  25,  93,  51,  36,  83,  23,   9,  57,
        117,  21,  77,  46,  92,  12,  39, 102,  55,  43,  24,  22,  81, 125,
         58,  90, 121,  32, 127,  48,  52,  75,  33,  60,  18, 110, 101, 107,
         91,  50,   3,   6,  80,  16,  70,   7, 115,  17,   5,  74,  45, 124,
         79,  73,  38,   0, 119, 104,  97,  30,  13,  61,  87,  47,  95,  82,
        116, 105], device='cuda:0'), 'energy': 24.1060733795166}
torch.Size([128, 128, 128])
torch.Size([128, 128])
torch.Size([128])
torch.Size([12240])
tensor([62.7309, 62.7309, 62.1862,  ..., 24.1061, 24.1061, 24.1061])
{'perm_matrix': tensor([[0., 0., 0.,  ..., 0., 0., 0.],
        [0., 0., 0.,  ..., 0., 0., 0.],
        [0., 0., 0.,  ..., 0., 0., 0.],
        ...,
        [0., 0., 0.,  ..., 0., 0., 0.],
        [0., 0., 0.,  ..., 0., 0., 0.],
        [0., 0., 0.,  ..., 0., 0., 0.]], device='cuda:0'), 'tour_index': tensor([ 28,  86,  59,  40,  29,  31, 112,  27,  72,  42,  94,   2,  71,  14,
        113,   4,  34,  41, 122,  37,  89,  10, 108,  68, 106, 126,  11,  56,
        100,  84,  35,  65,  67,  96, 120,  54,  76,  64,  26,  69,  63,  88,
        114,  62, 123, 118, 109,  98,  44,  53,  85,  66,  20,   8, 103,  78,
         15, 111,   1,  49,  19,  99,  25,  93,  51,  36,  83,  23,   9,  57,
        117,  21,  77,  46,  92,  12,  39, 102,  55,  43,  24,  22,  81, 125,
         58,  90, 121,  32, 127,  48,  52,  75,  33,  60,  18, 110, 101, 107,
         91,  50,   3,   6,  80,  16,  70,   7, 115,  17,   5,  74,  45, 124,
         79,  73,  38,   0, 119, 104,  97,  30,  13,  61,  87,  47,  95,  82,
        116, 105], device='cuda:0'), 'energy': 24.1060733795166}
torch.Size([128, 128, 128])
torch.Size([128, 128])
torch.Size([128])
torch.Size([12240])
tensor([62.7309, 62.7309, 62.1862,  ..., 24.1061, 24.1061, 24.1061])
{'perm_matrix': tensor([[0., 0., 0.,  ..., 0., 0., 0.],
        [0., 0., 0.,  ..., 0., 0., 0.],
        [0., 0., 0.,  ..., 0., 0., 0.],
        ...,
        [0., 0., 0.,  ..., 0., 0., 0.],
        [0., 0., 0.,  ..., 0., 0., 0.],
        [0., 0., 0.,  ..., 0., 0., 0.]], device='cuda:0'), 'tour_index': tensor([ 28,  86,  59,  40,  29,  31, 112,  27,  72,  42,  94,   2,  71,  14,
        113,   4,  34,  41, 122,  37,  89,  10, 108,  68, 106, 126,  11,  56,
        100,  84,  35,  65,  67,  96, 120,  54,  76,  64,  26,  69,  63,  88,
        114,  62, 123, 118, 109,  98,  44,  53,  85,  66,  20,   8, 103,  78,
         15, 111,   1,  49,  19,  99,  25,  93,  51,  36,  83,  23,   9,  57,
        117,  21,  77,  46,  92,  12,  39, 102,  55,  43,  24,  22,  81, 125,
         58,  90, 121,  32, 127,  48,  52,  75,  33,  60,  18, 110, 101, 107,
         91,  50,   3,   6,  80,  16,  70,   7, 115,  17,   5,  74,  45, 124,
         79,  73,  38,   0, 119, 104,  97,  30,  13,  61,  87,  47,  95,  82,
        116, 105], device='cuda:0'), 'energy': 24.1060733795166}
torch.Size([128, 128, 128])
torch.Size([128, 128])
torch.Size([128])
torch.Size([12240])
tensor([62.7309, 62.7309, 62.1862,  ..., 24.1061, 24.1061, 24.1061])
{'perm_matrix': tensor([[0., 0., 0.,  ..., 0., 0., 0.],
        [0., 0., 0.,  ..., 0., 0., 0.],
        [0., 0., 0.,  ..., 0., 0., 0.],
        ...,
        [0., 0., 0.,  ..., 0., 0., 0.],
        [0., 0., 0.,  ..., 0., 0., 0.],
        [0., 0., 0.,  ..., 0., 0., 0.]], device='cuda:0'), 'tour_index': tensor([ 28,  86,  59,  40,  29,  31, 112,  27,  72,  42,  94,   2,  71,  14,
        113,   4,  34,  41, 122,  37,  89,  10, 108,  68, 106, 126,  11,  56,
        100,  84,  35,  65,  67,  96, 120,  54,  76,  64,  26,  69,  63,  88,
        114,  62, 123, 118, 109,  98,  44,  53,  85,  66,  20,   8, 103,  78,
         15, 111,   1,  49,  19,  99,  25,  93,  51,  36,  83,  23,   9,  57,
        117,  21,  77,  46,  92,  12,  39, 102,  55,  43,  24,  22,  81, 125,
         58,  90, 121,  32, 127,  48,  52,  75,  33,  60,  18, 110, 101, 107,
         91,  50,   3,   6,  80,  16,  70,   7, 115,  17,   5,  74,  45, 124,
         79,  73,  38,   0, 119, 104,  97,  30,  13,  61,  87,  47,  95,  82,
        116, 105], device='cuda:0'), 'energy': 24.1060733795166}
torch.Size([128, 128, 128])
torch.Size([128, 128])
torch.Size([128])
torch.Size([12240])
tensor([62.7309, 62.7309, 62.1862,  ..., 24.1061, 24.1061, 24.1061])
{'perm_matrix': tensor([[0., 0., 0.,  ..., 0., 0., 0.],
        [0., 0., 0.,  ..., 0., 0., 0.],
        [0., 0., 0.,  ..., 0., 0., 0.],
        ...,
        [0., 0., 0.,  ..., 0., 0., 0.],
        [0., 0., 0.,  ..., 0., 0., 0.],
        [0., 0., 0.,  ..., 0., 0., 0.]], device='cuda:0'), 'tour_index': tensor([ 28,  86,  59,  40,  29,  31, 112,  27,  72,  42,  94,   2,  71,  14,
        113,   4,  34,  41, 122,  37,  89,  10, 108,  68, 106, 126,  11,  56,
        100,  84,  35,  65,  67,  96, 120,  54,  76,  64,  26,  69,  63,  88,
        114,  62, 123, 118, 109,  98,  44,  53,  85,  66,  20,   8, 103,  78,
         15, 111,   1,  49,  19,  99,  25,  93,  51,  36,  83,  23,   9,  57,
        117,  21,  77,  46,  92,  12,  39, 102,  55,  43,  24,  22,  81, 125,
         58,  90, 121,  32, 127,  48,  52,  75,  33,  60,  18, 110, 101, 107,
         91,  50,   3,   6,  80,  16,  70,   7, 115,  17,   5,  74,  45, 124,
         79,  73,  38,   0, 119, 104,  97,  30,  13,  61,  87,  47,  95,  82,
        116, 105], device='cuda:0'), 'energy': 24.1060733795166}
torch.Size([128, 128, 128])
torch.Size([128, 128])
torch.Size([128])
torch.Size([12240])
tensor([62.7309, 62.7309, 62.1862,  ..., 24.1061, 24.1061, 24.1061])
{'perm_matrix': tensor([[0., 0., 0.,  ..., 0., 0., 0.],
        [0., 0., 0.,  ..., 0., 0., 0.],
        [0., 0., 0.,  ..., 0., 0., 0.],
        ...,
        [0., 0., 0.,  ..., 0., 0., 0.],
        [0., 0., 0.,  ..., 0., 0., 0.],
        [0., 0., 0.,  ..., 0., 0., 0.]], device='cuda:0'), 'tour_index': tensor([ 28,  86,  59,  40,  29,  31, 112,  27,  72,  42,  94,   2,  71,  14,
        113,   4,  34,  41, 122,  37,  89,  10, 108,  68, 106, 126,  11,  56,
        100,  84,  35,  65,  67,  96, 120,  54,  76,  64,  26,  69,  63,  88,
        114,  62, 123, 118, 109,  98,  44,  53,  85,  66,  20,   8, 103,  78,
         15, 111,   1,  49,  19,  99,  25,  93,  51,  36,  83,  23,   9,  57,
        117,  21,  77,  46,  92,  12,  39, 102,  55,  43,  24,  22,  81, 125,
         58,  90, 121,  32, 127,  48,  52,  75,  33,  60,  18, 110, 101, 107,
         91,  50,   3,   6,  80,  16,  70,   7, 115,  17,   5,  74,  45, 124,
         79,  73,  38,   0, 119, 104,  97,  30,  13,  61,  87,  47,  95,  82,
        116, 105], device='cuda:0'), 'energy': 24.1060733795166}
torch.Size([128, 128, 128])
torch.Size([128, 128])
torch.Size([128])
torch.Size([12240])
tensor([62.7309, 62.7309, 62.1862,  ..., 24.1061, 24.1061, 24.1061])
{'perm_matrix': tensor([[0., 0., 0.,  ..., 0., 0., 0.],
        [0., 0., 0.,  ..., 0., 0., 0.],
        [0., 0., 0.,  ..., 0., 0., 0.],
        ...,
        [0., 0., 0.,  ..., 0., 0., 0.],
        [0., 0., 0.,  ..., 0., 0., 0.],
        [0., 0., 0.,  ..., 0., 0., 0.]], device='cuda:0'), 'tour_index': tensor([ 28,  86,  59,  40,  29,  31, 112,  27,  72,  42,  94,   2,  71,  14,
        113,   4,  34,  41, 122,  37,  89,  10, 108,  68, 106, 126,  11,  56,
        100,  84,  35,  65,  67,  96, 120,  54,  76,  64,  26,  69,  63,  88,
        114,  62, 123, 118, 109,  98,  44,  53,  85,  66,  20,   8, 103,  78,
         15, 111,   1,  49,  19,  99,  25,  93,  51,  36,  83,  23,   9,  57,
        117,  21,  77,  46,  92,  12,  39, 102,  55,  43,  24,  22,  81, 125,
         58,  90, 121,  32, 127,  48,  52,  75,  33,  60,  18, 110, 101, 107,
         91,  50,   3,   6,  80,  16,  70,   7, 115,  17,   5,  74,  45, 124,
         79,  73,  38,   0, 119, 104,  97,  30,  13,  61,  87,  47,  95,  82,
        116, 105], device='cuda:0'), 'energy': 24.1060733795166}
torch.Size([128, 128, 128])
torch.Size([128, 128])
torch.Size([128])
torch.Size([12240])
tensor([62.7309, 62.7309, 62.1862,  ..., 24.1061, 24.1061, 24.1061])
{'perm_matrix': tensor([[0., 0., 0.,  ..., 0., 0., 0.],
        [0., 0., 0.,  ..., 0., 0., 0.],
        [0., 0., 0.,  ..., 0., 0., 0.],
        ...,
        [0., 0., 0.,  ..., 0., 0., 0.],
        [0., 0., 0.,  ..., 0., 0., 0.],
        [0., 0., 0.,  ..., 0., 0., 0.]], device='cuda:0'), 'tour_index': tensor([ 28,  86,  59,  40,  29,  31, 112,  27,  72,  42,  94,   2,  71,  14,
        113,   4,  34,  41, 122,  37,  89,  10, 108,  68, 106, 126,  11,  56,
        100,  84,  35,  65,  67,  96, 120,  54,  76,  64,  26,  69,  63,  88,
        114,  62, 123, 118, 109,  98,  44,  53,  85,  66,  20,   8, 103,  78,
         15, 111,   1,  49,  19,  99,  25,  93,  51,  36,  83,  23,   9,  57,
        117,  21,  77,  46,  92,  12,  39, 102,  55,  43,  24,  22,  81, 125,
         58,  90, 121,  32, 127,  48,  52,  75,  33,  60,  18, 110, 101, 107,
         91,  50,   3,   6,  80,  16,  70,   7, 115,  17,   5,  74,  45, 124,
         79,  73,  38,   0, 119, 104,  97,  30,  13,  61,  87,  47,  95,  82,
        116, 105], device='cuda:0'), 'energy': 24.1060733795166}
torch.Size([128, 128, 128])
torch.Size([128, 128])
torch.Size([128])
torch.Size([12240])
tensor([62.7309, 62.7309, 62.1862,  ..., 24.1061, 24.1061, 24.1061])
{'perm_matrix': tensor([[0., 0., 0.,  ..., 0., 0., 0.],
        [0., 0., 0.,  ..., 0., 0., 0.],
        [0., 0., 0.,  ..., 0., 0., 0.],
        ...,
        [0., 0., 0.,  ..., 0., 0., 0.],
        [0., 0., 0.,  ..., 0., 0., 0.],
        [0., 0., 0.,  ..., 0., 0., 0.]], device='cuda:0'), 'tour_index': tensor([ 28,  86,  59,  40,  29,  31, 112,  27,  72,  42,  94,   2,  71,  14,
        113,   4,  34,  41, 122,  37,  89,  10, 108,  68, 106, 126,  11,  56,
        100,  84,  35,  65,  67,  96, 120,  54,  76,  64,  26,  69,  63,  88,
        114,  62, 123, 118, 109,  98,  44,  53,  85,  66,  20,   8, 103,  78,
         15, 111,   1,  49,  19,  99,  25,  93,  51,  36,  83,  23,   9,  57,
        117,  21,  77,  46,  92,  12,  39, 102,  55,  43,  24,  22,  81, 125,
         58,  90, 121,  32, 127,  48,  52,  75,  33,  60,  18, 110, 101, 107,
         91,  50,   3,   6,  80,  16,  70,   7, 115,  17,   5,  74,  45, 124,
         79,  73,  38,   0, 119, 104,  97,  30,  13,  61,  87,  47,  95,  82,
        116, 105], device='cuda:0'), 'energy': 24.1060733795166}
torch.Size([128, 128, 128])
torch.Size([128, 128])
torch.Size([128])
torch.Size([12240])
tensor([62.7309, 62.7309, 62.1862,  ..., 24.1061, 24.1061, 24.1061])
{'perm_matrix': tensor([[0., 0., 0.,  ..., 0., 0., 0.],
        [0., 0., 0.,  ..., 0., 0., 0.],
        [0., 0., 0.,  ..., 0., 0., 0.],
        ...,
        [0., 0., 0.,  ..., 0., 0., 0.],
        [0., 0., 0.,  ..., 0., 0., 0.],
        [0., 0., 0.,  ..., 0., 0., 0.]], device='cuda:0'), 'tour_index': tensor([ 28,  86,  59,  40,  29,  31, 112,  27,  72,  42,  94,   2,  71,  14,
        113,   4,  34,  41, 122,  37,  89,  10, 108,  68, 106, 126,  11,  56,
        100,  84,  35,  65,  67,  96, 120,  54,  76,  64,  26,  69,  63,  88,
        114,  62, 123, 118, 109,  98,  44,  53,  85,  66,  20,   8, 103,  78,
         15, 111,   1,  49,  19,  99,  25,  93,  51,  36,  83,  23,   9,  57,
        117,  21,  77,  46,  92,  12,  39, 102,  55,  43,  24,  22,  81, 125,
         58,  90, 121,  32, 127,  48,  52,  75,  33,  60,  18, 110, 101, 107,
         91,  50,   3,   6,  80,  16,  70,   7, 115,  17,   5,  74,  45, 124,
         79,  73,  38,   0, 119, 104,  97,  30,  13,  61,  87,  47,  95,  82,
        116, 105], device='cuda:0'), 'energy': 24.1060733795166}
torch.Size([128, 128, 128])
torch.Size([128, 128])
torch.Size([128])
torch.Size([12240])
tensor([62.7309, 62.7309, 62.1862,  ..., 24.1061, 24.1061, 24.1061])
{'perm_matrix': tensor([[0., 0., 0.,  ..., 0., 0., 0.],
        [0., 0., 0.,  ..., 0., 0., 0.],
        [0., 0., 0.,  ..., 0., 0., 0.],
        ...,
        [0., 0., 0.,  ..., 0., 0., 0.],
        [0., 0., 0.,  ..., 0., 0., 0.],
        [0., 0., 0.,  ..., 0., 0., 0.]], device='cuda:0'), 'tour_index': tensor([ 28,  86,  59,  40,  29,  31, 112,  27,  72,  42,  94,   2,  71,  14,
        113,   4,  34,  41, 122,  37,  89,  10, 108,  68, 106, 126,  11,  56,
        100,  84,  35,  65,  67,  96, 120,  54,  76,  64,  26,  69,  63,  88,
        114,  62, 123, 118, 109,  98,  44,  53,  85,  66,  20,   8, 103,  78,
         15, 111,   1,  49,  19,  99,  25,  93,  51,  36,  83,  23,   9,  57,
        117,  21,  77,  46,  92,  12,  39, 102,  55,  43,  24,  22,  81, 125,
         58,  90, 121,  32, 127,  48,  52,  75,  33,  60,  18, 110, 101, 107,
         91,  50,   3,   6,  80,  16,  70,   7, 115,  17,   5,  74,  45, 124,
         79,  73,  38,   0, 119, 104,  97,  30,  13,  61,  87,  47,  95,  82,
        116, 105], device='cuda:0'), 'energy': 24.1060733795166}
torch.Size([128, 128, 128])
torch.Size([128, 128])
torch.Size([128])
torch.Size([12240])
tensor([62.7309, 62.7309, 62.1862,  ..., 24.1061, 24.1061, 24.1061])
{'perm_matrix': tensor([[0., 0., 0.,  ..., 0., 0., 0.],
        [0., 0., 0.,  ..., 0., 0., 0.],
        [0., 0., 0.,  ..., 0., 0., 0.],
        ...,
        [0., 0., 0.,  ..., 0., 0., 0.],
        [0., 0., 0.,  ..., 0., 0., 0.],
        [0., 0., 0.,  ..., 0., 0., 0.]], device='cuda:0'), 'tour_index': tensor([ 28,  86,  59,  40,  29,  31, 112,  27,  72,  42,  94,   2,  71,  14,
        113,   4,  34,  41, 122,  37,  89,  10, 108,  68, 106, 126,  11,  56,
        100,  84,  35,  65,  67,  96, 120,  54,  76,  64,  26,  69,  63,  88,
        114,  62, 123, 118, 109,  98,  44,  53,  85,  66,  20,   8, 103,  78,
         15, 111,   1,  49,  19,  99,  25,  93,  51,  36,  83,  23,   9,  57,
        117,  21,  77,  46,  92,  12,  39, 102,  55,  43,  24,  22,  81, 125,
         58,  90, 121,  32, 127,  48,  52,  75,  33,  60,  18, 110, 101, 107,
         91,  50,   3,   6,  80,  16,  70,   7, 115,  17,   5,  74,  45, 124,
         79,  73,  38,   0, 119, 104,  97,  30,  13,  61,  87,  47,  95,  82,
        116, 105], device='cuda:0'), 'energy': 24.1060733795166}
torch.Size([128, 128, 128])
torch.Size([128, 128])
torch.Size([128])
torch.Size([12240])
tensor([62.7309, 62.7309, 62.1862,  ..., 24.1061, 24.1061, 24.1061])
{'perm_matrix': tensor([[0., 0., 0.,  ..., 0., 0., 0.],
        [0., 0., 0.,  ..., 0., 0., 0.],
        [0., 0., 0.,  ..., 0., 0., 0.],
        ...,
        [0., 0., 0.,  ..., 0., 0., 0.],
        [0., 0., 0.,  ..., 0., 0., 0.],
        [0., 0., 0.,  ..., 0., 0., 0.]], device='cuda:0'), 'tour_index': tensor([ 28,  86,  59,  40,  29,  31, 112,  27,  72,  42,  94,   2,  71,  14,
        113,   4,  34,  41, 122,  37,  89,  10, 108,  68, 106, 126,  11,  56,
        100,  84,  35,  65,  67,  96, 120,  54,  76,  64,  26,  69,  63,  88,
        114,  62, 123, 118, 109,  98,  44,  53,  85,  66,  20,   8, 103,  78,
         15, 111,   1,  49,  19,  99,  25,  93,  51,  36,  83,  23,   9,  57,
        117,  21,  77,  46,  92,  12,  39, 102,  55,  43,  24,  22,  81, 125,
         58,  90, 121,  32, 127,  48,  52,  75,  33,  60,  18, 110, 101, 107,
         91,  50,   3,   6,  80,  16,  70,   7, 115,  17,   5,  74,  45, 124,
         79,  73,  38,   0, 119, 104,  97,  30,  13,  61,  87,  47,  95,  82,
        116, 105], device='cuda:0'), 'energy': 24.1060733795166}
torch.Size([128, 128, 128])
torch.Size([128, 128])
torch.Size([128])
torch.Size([12240])
tensor([62.7309, 62.7309, 62.1862,  ..., 24.1061, 24.1061, 24.1061])
{'perm_matrix': tensor([[0., 0., 0.,  ..., 0., 0., 0.],
        [0., 0., 0.,  ..., 0., 0., 0.],
        [0., 0., 0.,  ..., 0., 0., 0.],
        ...,
        [0., 0., 0.,  ..., 0., 0., 0.],
        [0., 0., 0.,  ..., 0., 0., 0.],
        [0., 0., 0.,  ..., 0., 0., 0.]], device='cuda:0'), 'tour_index': tensor([ 28,  86,  59,  40,  29,  31, 112,  27,  72,  42,  94,   2,  71,  14,
        113,   4,  34,  41, 122,  37,  89,  10, 108,  68, 106, 126,  11,  56,
        100,  84,  35,  65,  67,  96, 120,  54,  76,  64,  26,  69,  63,  88,
        114,  62, 123, 118, 109,  98,  44,  53,  85,  66,  20,   8, 103,  78,
         15, 111,   1,  49,  19,  99,  25,  93,  51,  36,  83,  23,   9,  57,
        117,  21,  77,  46,  92,  12,  39, 102,  55,  43,  24,  22,  81, 125,
         58,  90, 121,  32, 127,  48,  52,  75,  33,  60,  18, 110, 101, 107,
         91,  50,   3,   6,  80,  16,  70,   7, 115,  17,   5,  74,  45, 124,
         79,  73,  38,   0, 119, 104,  97,  30,  13,  61,  87,  47,  95,  82,
        116, 105], device='cuda:0'), 'energy': 24.1060733795166}
torch.Size([128, 128, 128])
torch.Size([128, 128])
torch.Size([128])
torch.Size([12240])
tensor([62.7309, 62.7309, 62.1862,  ..., 24.1061, 24.1061, 24.1061])
{'perm_matrix': tensor([[0., 0., 0.,  ..., 0., 0., 0.],
        [0., 0., 0.,  ..., 0., 0., 0.],
        [0., 0., 0.,  ..., 0., 0., 0.],
        ...,
        [0., 0., 0.,  ..., 0., 0., 0.],
        [0., 0., 0.,  ..., 0., 0., 0.],
        [0., 0., 0.,  ..., 0., 0., 0.]], device='cuda:0'), 'tour_index': tensor([ 28,  86,  59,  40,  29,  31, 112,  27,  72,  42,  94,   2,  71,  14,
        113,   4,  34,  41, 122,  37,  89,  10, 108,  68, 106, 126,  11,  56,
        100,  84,  35,  65,  67,  96, 120,  54,  76,  64,  26,  69,  63,  88,
        114,  62, 123, 118, 109,  98,  44,  53,  85,  66,  20,   8, 103,  78,
         15, 111,   1,  49,  19,  99,  25,  93,  51,  36,  83,  23,   9,  57,
        117,  21,  77,  46,  92,  12,  39, 102,  55,  43,  24,  22,  81, 125,
         58,  90, 121,  32, 127,  48,  52,  75,  33,  60,  18, 110, 101, 107,
         91,  50,   3,   6,  80,  16,  70,   7, 115,  17,   5,  74,  45, 124,
         79,  73,  38,   0, 119, 104,  97,  30,  13,  61,  87,  47,  95,  82,
        116, 105], device='cuda:0'), 'energy': 24.1060733795166}
torch.Size([128, 128, 128])
torch.Size([128, 128])
torch.Size([128])
torch.Size([12240])
tensor([62.7309, 62.7309, 62.1862,  ..., 24.1061, 24.1061, 24.1061])
{'perm_matrix': tensor([[0., 0., 0.,  ..., 0., 0., 0.],
        [0., 0., 0.,  ..., 0., 0., 0.],
        [0., 0., 0.,  ..., 0., 0., 0.],
        ...,
        [0., 0., 0.,  ..., 0., 0., 0.],
        [0., 0., 0.,  ..., 0., 0., 0.],
        [0., 0., 0.,  ..., 0., 0., 0.]], device='cuda:0'), 'tour_index': tensor([ 28,  86,  59,  40,  29,  31, 112,  27,  72,  42,  94,   2,  71,  14,
        113,   4,  34,  41, 122,  37,  89,  10, 108,  68, 106, 126,  11,  56,
        100,  84,  35,  65,  67,  96, 120,  54,  76,  64,  26,  69,  63,  88,
        114,  62, 123, 118, 109,  98,  44,  53,  85,  66,  20,   8, 103,  78,
         15, 111,   1,  49,  19,  99,  25,  93,  51,  36,  83,  23,   9,  57,
        117,  21,  77,  46,  92,  12,  39, 102,  55,  43,  24,  22,  81, 125,
         58,  90, 121,  32, 127,  48,  52,  75,  33,  60,  18, 110, 101, 107,
         91,  50,   3,   6,  80,  16,  70,   7, 115,  17,   5,  74,  45, 124,
         79,  73,  38,   0, 119, 104,  97,  30,  13,  61,  87,  47,  95,  82,
        116, 105], device='cuda:0'), 'energy': 24.1060733795166}
torch.Size([128, 128, 128])
torch.Size([128, 128])
torch.Size([128])
torch.Size([12240])
tensor([62.7309, 62.7309, 62.1862,  ..., 24.1061, 24.1061, 24.1061])
{'perm_matrix': tensor([[0., 0., 0.,  ..., 0., 0., 0.],
        [0., 0., 0.,  ..., 0., 0., 0.],
        [0., 0., 0.,  ..., 0., 0., 0.],
        ...,
        [0., 0., 0.,  ..., 0., 0., 0.],
        [0., 0., 0.,  ..., 0., 0., 0.],
        [0., 0., 0.,  ..., 0., 0., 0.]], device='cuda:0'), 'tour_index': tensor([ 28,  86,  59,  40,  29,  31, 112,  27,  72,  42,  94,   2,  71,  14,
        113,   4,  34,  41, 122,  37,  89,  10, 108,  68, 106, 126,  11,  56,
        100,  84,  35,  65,  67,  96, 120,  54,  76,  64,  26,  69,  63,  88,
        114,  62, 123, 118, 109,  98,  44,  53,  85,  66,  20,   8, 103,  78,
         15, 111,   1,  49,  19,  99,  25,  93,  51,  36,  83,  23,   9,  57,
        117,  21,  77,  46,  92,  12,  39, 102,  55,  43,  24,  22,  81, 125,
         58,  90, 121,  32, 127,  48,  52,  75,  33,  60,  18, 110, 101, 107,
         91,  50,   3,   6,  80,  16,  70,   7, 115,  17,   5,  74,  45, 124,
         79,  73,  38,   0, 119, 104,  97,  30,  13,  61,  87,  47,  95,  82,
        116, 105], device='cuda:0'), 'energy': 24.1060733795166}
torch.Size([128, 128, 128])
torch.Size([128, 128])
torch.Size([128])
torch.Size([12240])
tensor([62.7309, 62.7309, 62.1862,  ..., 24.1061, 24.1061, 24.1061])
{'perm_matrix': tensor([[0., 0., 0.,  ..., 0., 0., 0.],
        [0., 0., 0.,  ..., 0., 0., 0.],
        [0., 0., 0.,  ..., 0., 0., 0.],
        ...,
        [0., 0., 0.,  ..., 0., 0., 0.],
        [0., 0., 0.,  ..., 0., 0., 0.],
        [0., 0., 0.,  ..., 0., 0., 0.]], device='cuda:0'), 'tour_index': tensor([ 28,  86,  59,  40,  29,  31, 112,  27,  72,  42,  94,   2,  71,  14,
        113,   4,  34,  41, 122,  37,  89,  10, 108,  68, 106, 126,  11,  56,
        100,  84,  35,  65,  67,  96, 120,  54,  76,  64,  26,  69,  63,  88,
        114,  62, 123, 118, 109,  98,  44,  53,  85,  66,  20,   8, 103,  78,
         15, 111,   1,  49,  19,  99,  25,  93,  51,  36,  83,  23,   9,  57,
        117,  21,  77,  46,  92,  12,  39, 102,  55,  43,  24,  22,  81, 125,
         58,  90, 121,  32, 127,  48,  52,  75,  33,  60,  18, 110, 101, 107,
         91,  50,   3,   6,  80,  16,  70,   7, 115,  17,   5,  74,  45, 124,
         79,  73,  38,   0, 119, 104,  97,  30,  13,  61,  87,  47,  95,  82,
        116, 105], device='cuda:0'), 'energy': 24.1060733795166}
torch.Size([128, 128, 128])
torch.Size([128, 128])
torch.Size([128])
torch.Size([12240])
tensor([62.7309, 62.7309, 62.1862,  ..., 24.1061, 24.1061, 24.1061])
{'perm_matrix': tensor([[0., 0., 0.,  ..., 0., 0., 0.],
        [0., 0., 0.,  ..., 0., 0., 0.],
        [0., 0., 0.,  ..., 0., 0., 0.],
        ...,
        [0., 0., 0.,  ..., 0., 0., 0.],
        [0., 0., 0.,  ..., 0., 0., 0.],
        [0., 0., 0.,  ..., 0., 0., 0.]], device='cuda:0'), 'tour_index': tensor([ 28,  86,  59,  40,  29,  31, 112,  27,  72,  42,  94,   2,  71,  14,
        113,   4,  34,  41, 122,  37,  89,  10, 108,  68, 106, 126,  11,  56,
        100,  84,  35,  65,  67,  96, 120,  54,  76,  64,  26,  69,  63,  88,
        114,  62, 123, 118, 109,  98,  44,  53,  85,  66,  20,   8, 103,  78,
         15, 111,   1,  49,  19,  99,  25,  93,  51,  36,  83,  23,   9,  57,
        117,  21,  77,  46,  92,  12,  39, 102,  55,  43,  24,  22,  81, 125,
         58,  90, 121,  32, 127,  48,  52,  75,  33,  60,  18, 110, 101, 107,
         91,  50,   3,   6,  80,  16,  70,   7, 115,  17,   5,  74,  45, 124,
         79,  73,  38,   0, 119, 104,  97,  30,  13,  61,  87,  47,  95,  82,
        116, 105], device='cuda:0'), 'energy': 24.1060733795166}
torch.Size([128, 128, 128])
torch.Size([128, 128])
torch.Size([128])
torch.Size([12240])
tensor([62.7309, 62.7309, 62.1862,  ..., 24.1061, 24.1061, 24.1061])
{'perm_matrix': tensor([[0., 0., 0.,  ..., 0., 0., 0.],
        [0., 0., 0.,  ..., 0., 0., 0.],
        [0., 0., 0.,  ..., 0., 0., 0.],
        ...,
        [0., 0., 0.,  ..., 0., 0., 0.],
        [0., 0., 0.,  ..., 0., 0., 0.],
        [0., 0., 0.,  ..., 0., 0., 0.]], device='cuda:0'), 'tour_index': tensor([ 28,  86,  59,  40,  29,  31, 112,  27,  72,  42,  94,   2,  71,  14,
        113,   4,  34,  41, 122,  37,  89,  10, 108,  68, 106, 126,  11,  56,
        100,  84,  35,  65,  67,  96, 120,  54,  76,  64,  26,  69,  63,  88,
        114,  62, 123, 118, 109,  98,  44,  53,  85,  66,  20,   8, 103,  78,
         15, 111,   1,  49,  19,  99,  25,  93,  51,  36,  83,  23,   9,  57,
        117,  21,  77,  46,  92,  12,  39, 102,  55,  43,  24,  22,  81, 125,
         58,  90, 121,  32, 127,  48,  52,  75,  33,  60,  18, 110, 101, 107,
         91,  50,   3,   6,  80,  16,  70,   7, 115,  17,   5,  74,  45, 124,
         79,  73,  38,   0, 119, 104,  97,  30,  13,  61,  87,  47,  95,  82,
        116, 105], device='cuda:0'), 'energy': 24.1060733795166}
torch.Size([128, 128, 128])
torch.Size([128, 128])
torch.Size([128])
torch.Size([12240])
tensor([62.7309, 62.7309, 62.1862,  ..., 24.1061, 24.1061, 24.1061])
{'perm_matrix': tensor([[0., 0., 0.,  ..., 0., 0., 0.],
        [0., 0., 0.,  ..., 0., 0., 0.],
        [0., 0., 0.,  ..., 0., 0., 0.],
        ...,
        [0., 0., 0.,  ..., 0., 0., 0.],
        [0., 0., 0.,  ..., 0., 0., 0.],
        [0., 0., 0.,  ..., 0., 0., 0.]], device='cuda:0'), 'tour_index': tensor([ 28,  86,  59,  40,  29,  31, 112,  27,  72,  42,  94,   2,  71,  14,
        113,   4,  34,  41, 122,  37,  89,  10, 108,  68, 106, 126,  11,  56,
        100,  84,  35,  65,  67,  96, 120,  54,  76,  64,  26,  69,  63,  88,
        114,  62, 123, 118, 109,  98,  44,  53,  85,  66,  20,   8, 103,  78,
         15, 111,   1,  49,  19,  99,  25,  93,  51,  36,  83,  23,   9,  57,
        117,  21,  77,  46,  92,  12,  39, 102,  55,  43,  24,  22,  81, 125,
         58,  90, 121,  32, 127,  48,  52,  75,  33,  60,  18, 110, 101, 107,
         91,  50,   3,   6,  80,  16,  70,   7, 115,  17,   5,  74,  45, 124,
         79,  73,  38,   0, 119, 104,  97,  30,  13,  61,  87,  47,  95,  82,
        116, 105], device='cuda:0'), 'energy': 24.1060733795166}
torch.Size([128, 128, 128])
torch.Size([128, 128])
torch.Size([128])
torch.Size([12240])
tensor([62.7309, 62.7309, 62.1862,  ..., 24.1061, 24.1061, 24.1061])
{'perm_matrix': tensor([[0., 0., 0.,  ..., 0., 0., 0.],
        [0., 0., 0.,  ..., 0., 0., 0.],
        [0., 0., 0.,  ..., 0., 0., 0.],
        ...,
        [0., 0., 0.,  ..., 0., 0., 0.],
        [0., 0., 0.,  ..., 0., 0., 0.],
        [0., 0., 0.,  ..., 0., 0., 0.]], device='cuda:0'), 'tour_index': tensor([ 28,  86,  59,  40,  29,  31, 112,  27,  72,  42,  94,   2,  71,  14,
        113,   4,  34,  41, 122,  37,  89,  10, 108,  68, 106, 126,  11,  56,
        100,  84,  35,  65,  67,  96, 120,  54,  76,  64,  26,  69,  63,  88,
        114,  62, 123, 118, 109,  98,  44,  53,  85,  66,  20,   8, 103,  78,
         15, 111,   1,  49,  19,  99,  25,  93,  51,  36,  83,  23,   9,  57,
        117,  21,  77,  46,  92,  12,  39, 102,  55,  43,  24,  22,  81, 125,
         58,  90, 121,  32, 127,  48,  52,  75,  33,  60,  18, 110, 101, 107,
         91,  50,   3,   6,  80,  16,  70,   7, 115,  17,   5,  74,  45, 124,
         79,  73,  38,   0, 119, 104,  97,  30,  13,  61,  87,  47,  95,  82,
        116, 105], device='cuda:0'), 'energy': 24.1060733795166}
torch.Size([128, 256, 256])
torch.Size([128, 256])
torch.Size([128])
torch.Size([12240])
tensor([126.9841, 126.7242, 126.7126,  ...,  60.4302,  60.4302,  60.4302])
{'perm_matrix': tensor([[0., 0., 0.,  ..., 0., 0., 0.],
        [0., 0., 0.,  ..., 0., 0., 0.],
        [0., 0., 0.,  ..., 0., 0., 0.],
        ...,
        [0., 0., 0.,  ..., 0., 0., 0.],
        [0., 0., 0.,  ..., 0., 0., 0.],
        [0., 0., 0.,  ..., 0., 0., 0.]], device='cuda:0'), 'tour_index': tensor([229, 216, 200, 115,  78,  69, 121,  33,  62, 167, 125, 203, 193,  11,
         19,   4, 101, 136, 219, 160, 222, 187,  12, 111, 144, 197,  92, 100,
         84, 179,  67,  16, 208, 128, 150,  31,  44,  36, 156, 158,  23, 206,
        227, 205, 180, 254,  43,  74,   5, 204, 243, 189, 231, 163, 168, 236,
        114,  61,  32, 183, 134, 124, 235,  14, 148,  82,  63, 102,  47, 131,
        188,   2,  59, 226, 212,  71, 120, 248,  50, 252, 213, 176, 164, 112,
        237,   6,  54, 159,  72,   3,  40,  94, 211, 103, 162,  87,  79,  28,
        116, 142,  49, 169,  51, 192,  35, 126, 123, 185, 196, 110, 122, 242,
        214,  77, 215, 224, 173,  98,  64, 245, 166, 104, 220,  13, 165, 119,
         26, 172,  37, 232, 171,  46, 133,  93, 117,  65, 155,  95, 141,  27,
        250,  57,  66, 139, 178, 221,  76, 253, 207, 246, 153,  41,  20,  80,
         70, 145, 132, 170, 146, 239, 234, 217, 108,  10, 118, 223,   9, 218,
        255, 147,   1, 154,  39, 129, 182, 199, 149, 195,  88,  38,  60, 130,
         15,  48, 210, 151, 186,  81,  24, 140, 240, 127,  56, 135,  22, 174,
         68, 209, 106, 157, 152,  53,  21, 244,  42, 198, 228, 138,  17,  30,
        143,  58,  90,  75, 175,  25,  99,  55,   7,  97, 181,   8,   0,  45,
         73,  52, 191, 233,  85, 161, 107,  34, 190, 249, 184,  89,  18, 137,
        251, 177, 202, 247, 201,  86,  91, 241, 230, 238,  83, 109,  96, 105,
         29, 225, 113, 194], device='cuda:0'), 'energy': 60.43023681640625}
torch.Size([128, 256, 256])
torch.Size([128, 256])
torch.Size([128])
torch.Size([12240])
tensor([126.9841, 126.7242, 126.7126,  ...,  60.4302,  60.4302,  60.4302])
{'perm_matrix': tensor([[0., 0., 0.,  ..., 0., 0., 0.],
        [0., 0., 0.,  ..., 0., 0., 0.],
        [0., 0., 0.,  ..., 0., 0., 0.],
        ...,
        [0., 0., 0.,  ..., 0., 0., 0.],
        [0., 0., 0.,  ..., 0., 0., 0.],
        [0., 0., 0.,  ..., 0., 0., 0.]], device='cuda:0'), 'tour_index': tensor([229, 216, 200, 115,  78,  69, 121,  33,  62, 167, 125, 203, 193,  11,
         19,   4, 101, 136, 219, 160, 222, 187,  12, 111, 144, 197,  92, 100,
         84, 179,  67,  16, 208, 128, 150,  31,  44,  36, 156, 158,  23, 206,
        227, 205, 180, 254,  43,  74,   5, 204, 243, 189, 231, 163, 168, 236,
        114,  61,  32, 183, 134, 124, 235,  14, 148,  82,  63, 102,  47, 131,
        188,   2,  59, 226, 212,  71, 120, 248,  50, 252, 213, 176, 164, 112,
        237,   6,  54, 159,  72,   3,  40,  94, 211, 103, 162,  87,  79,  28,
        116, 142,  49, 169,  51, 192,  35, 126, 123, 185, 196, 110, 122, 242,
        214,  77, 215, 224, 173,  98,  64, 245, 166, 104, 220,  13, 165, 119,
         26, 172,  37, 232, 171,  46, 133,  93, 117,  65, 155,  95, 141,  27,
        250,  57,  66, 139, 178, 221,  76, 253, 207, 246, 153,  41,  20,  80,
         70, 145, 132, 170, 146, 239, 234, 217, 108,  10, 118, 223,   9, 218,
        255, 147,   1, 154,  39, 129, 182, 199, 149, 195,  88,  38,  60, 130,
         15,  48, 210, 151, 186,  81,  24, 140, 240, 127,  56, 135,  22, 174,
         68, 209, 106, 157, 152,  53,  21, 244,  42, 198, 228, 138,  17,  30,
        143,  58,  90,  75, 175,  25,  99,  55,   7,  97, 181,   8,   0,  45,
         73,  52, 191, 233,  85, 161, 107,  34, 190, 249, 184,  89,  18, 137,
        251, 177, 202, 247, 201,  86,  91, 241, 230, 238,  83, 109,  96, 105,
         29, 225, 113, 194], device='cuda:0'), 'energy': 60.43023681640625}
torch.Size([128, 256, 256])
torch.Size([128, 256])
torch.Size([128])
torch.Size([12240])
tensor([126.9841, 126.7242, 126.7126,  ...,  60.4302,  60.4302,  60.4302])
{'perm_matrix': tensor([[0., 0., 0.,  ..., 0., 0., 0.],
        [0., 0., 0.,  ..., 0., 0., 0.],
        [0., 0., 0.,  ..., 0., 0., 0.],
        ...,
        [0., 0., 0.,  ..., 0., 0., 0.],
        [0., 0., 0.,  ..., 0., 0., 0.],
        [0., 0., 0.,  ..., 0., 0., 0.]], device='cuda:0'), 'tour_index': tensor([229, 216, 200, 115,  78,  69, 121,  33,  62, 167, 125, 203, 193,  11,
         19,   4, 101, 136, 219, 160, 222, 187,  12, 111, 144, 197,  92, 100,
         84, 179,  67,  16, 208, 128, 150,  31,  44,  36, 156, 158,  23, 206,
        227, 205, 180, 254,  43,  74,   5, 204, 243, 189, 231, 163, 168, 236,
        114,  61,  32, 183, 134, 124, 235,  14, 148,  82,  63, 102,  47, 131,
        188,   2,  59, 226, 212,  71, 120, 248,  50, 252, 213, 176, 164, 112,
        237,   6,  54, 159,  72,   3,  40,  94, 211, 103, 162,  87,  79,  28,
        116, 142,  49, 169,  51, 192,  35, 126, 123, 185, 196, 110, 122, 242,
        214,  77, 215, 224, 173,  98,  64, 245, 166, 104, 220,  13, 165, 119,
         26, 172,  37, 232, 171,  46, 133,  93, 117,  65, 155,  95, 141,  27,
        250,  57,  66, 139, 178, 221,  76, 253, 207, 246, 153,  41,  20,  80,
         70, 145, 132, 170, 146, 239, 234, 217, 108,  10, 118, 223,   9, 218,
        255, 147,   1, 154,  39, 129, 182, 199, 149, 195,  88,  38,  60, 130,
         15,  48, 210, 151, 186,  81,  24, 140, 240, 127,  56, 135,  22, 174,
         68, 209, 106, 157, 152,  53,  21, 244,  42, 198, 228, 138,  17,  30,
        143,  58,  90,  75, 175,  25,  99,  55,   7,  97, 181,   8,   0,  45,
         73,  52, 191, 233,  85, 161, 107,  34, 190, 249, 184,  89,  18, 137,
        251, 177, 202, 247, 201,  86,  91, 241, 230, 238,  83, 109,  96, 105,
         29, 225, 113, 194], device='cuda:0'), 'energy': 60.43023681640625}
torch.Size([128, 256, 256])
torch.Size([128, 256])
torch.Size([128])
torch.Size([12240])
tensor([126.9841, 126.7242, 126.7126,  ...,  60.4302,  60.4302,  60.4302])
{'perm_matrix': tensor([[0., 0., 0.,  ..., 0., 0., 0.],
        [0., 0., 0.,  ..., 0., 0., 0.],
        [0., 0., 0.,  ..., 0., 0., 0.],
        ...,
        [0., 0., 0.,  ..., 0., 0., 0.],
        [0., 0., 0.,  ..., 0., 0., 0.],
        [0., 0., 0.,  ..., 0., 0., 0.]], device='cuda:0'), 'tour_index': tensor([229, 216, 200, 115,  78,  69, 121,  33,  62, 167, 125, 203, 193,  11,
         19,   4, 101, 136, 219, 160, 222, 187,  12, 111, 144, 197,  92, 100,
         84, 179,  67,  16, 208, 128, 150,  31,  44,  36, 156, 158,  23, 206,
        227, 205, 180, 254,  43,  74,   5, 204, 243, 189, 231, 163, 168, 236,
        114,  61,  32, 183, 134, 124, 235,  14, 148,  82,  63, 102,  47, 131,
        188,   2,  59, 226, 212,  71, 120, 248,  50, 252, 213, 176, 164, 112,
        237,   6,  54, 159,  72,   3,  40,  94, 211, 103, 162,  87,  79,  28,
        116, 142,  49, 169,  51, 192,  35, 126, 123, 185, 196, 110, 122, 242,
        214,  77, 215, 224, 173,  98,  64, 245, 166, 104, 220,  13, 165, 119,
         26, 172,  37, 232, 171,  46, 133,  93, 117,  65, 155,  95, 141,  27,
        250,  57,  66, 139, 178, 221,  76, 253, 207, 246, 153,  41,  20,  80,
         70, 145, 132, 170, 146, 239, 234, 217, 108,  10, 118, 223,   9, 218,
        255, 147,   1, 154,  39, 129, 182, 199, 149, 195,  88,  38,  60, 130,
         15,  48, 210, 151, 186,  81,  24, 140, 240, 127,  56, 135,  22, 174,
         68, 209, 106, 157, 152,  53,  21, 244,  42, 198, 228, 138,  17,  30,
        143,  58,  90,  75, 175,  25,  99,  55,   7,  97, 181,   8,   0,  45,
         73,  52, 191, 233,  85, 161, 107,  34, 190, 249, 184,  89,  18, 137,
        251, 177, 202, 247, 201,  86,  91, 241, 230, 238,  83, 109,  96, 105,
         29, 225, 113, 194], device='cuda:0'), 'energy': 60.43023681640625}
torch.Size([128, 256, 256])
torch.Size([128, 256])
torch.Size([128])
torch.Size([12240])
tensor([126.9841, 126.7242, 126.7126,  ...,  60.4302,  60.4302,  60.4302])
{'perm_matrix': tensor([[0., 0., 0.,  ..., 0., 0., 0.],
        [0., 0., 0.,  ..., 0., 0., 0.],
        [0., 0., 0.,  ..., 0., 0., 0.],
        ...,
        [0., 0., 0.,  ..., 0., 0., 0.],
        [0., 0., 0.,  ..., 0., 0., 0.],
        [0., 0., 0.,  ..., 0., 0., 0.]], device='cuda:0'), 'tour_index': tensor([229, 216, 200, 115,  78,  69, 121,  33,  62, 167, 125, 203, 193,  11,
         19,   4, 101, 136, 219, 160, 222, 187,  12, 111, 144, 197,  92, 100,
         84, 179,  67,  16, 208, 128, 150,  31,  44,  36, 156, 158,  23, 206,
        227, 205, 180, 254,  43,  74,   5, 204, 243, 189, 231, 163, 168, 236,
        114,  61,  32, 183, 134, 124, 235,  14, 148,  82,  63, 102,  47, 131,
        188,   2,  59, 226, 212,  71, 120, 248,  50, 252, 213, 176, 164, 112,
        237,   6,  54, 159,  72,   3,  40,  94, 211, 103, 162,  87,  79,  28,
        116, 142,  49, 169,  51, 192,  35, 126, 123, 185, 196, 110, 122, 242,
        214,  77, 215, 224, 173,  98,  64, 245, 166, 104, 220,  13, 165, 119,
         26, 172,  37, 232, 171,  46, 133,  93, 117,  65, 155,  95, 141,  27,
        250,  57,  66, 139, 178, 221,  76, 253, 207, 246, 153,  41,  20,  80,
         70, 145, 132, 170, 146, 239, 234, 217, 108,  10, 118, 223,   9, 218,
        255, 147,   1, 154,  39, 129, 182, 199, 149, 195,  88,  38,  60, 130,
         15,  48, 210, 151, 186,  81,  24, 140, 240, 127,  56, 135,  22, 174,
         68, 209, 106, 157, 152,  53,  21, 244,  42, 198, 228, 138,  17,  30,
        143,  58,  90,  75, 175,  25,  99,  55,   7,  97, 181,   8,   0,  45,
         73,  52, 191, 233,  85, 161, 107,  34, 190, 249, 184,  89,  18, 137,
        251, 177, 202, 247, 201,  86,  91, 241, 230, 238,  83, 109,  96, 105,
         29, 225, 113, 194], device='cuda:0'), 'energy': 60.43023681640625}
torch.Size([128, 256, 256])
torch.Size([128, 256])
torch.Size([128])
torch.Size([12240])
tensor([126.9841, 126.7242, 126.7126,  ...,  60.4302,  60.4302,  60.4302])
{'perm_matrix': tensor([[0., 0., 0.,  ..., 0., 0., 0.],
        [0., 0., 0.,  ..., 0., 0., 0.],
        [0., 0., 0.,  ..., 0., 0., 0.],
        ...,
        [0., 0., 0.,  ..., 0., 0., 0.],
        [0., 0., 0.,  ..., 0., 0., 0.],
        [0., 0., 0.,  ..., 0., 0., 0.]], device='cuda:0'), 'tour_index': tensor([229, 216, 200, 115,  78,  69, 121,  33,  62, 167, 125, 203, 193,  11,
         19,   4, 101, 136, 219, 160, 222, 187,  12, 111, 144, 197,  92, 100,
         84, 179,  67,  16, 208, 128, 150,  31,  44,  36, 156, 158,  23, 206,
        227, 205, 180, 254,  43,  74,   5, 204, 243, 189, 231, 163, 168, 236,
        114,  61,  32, 183, 134, 124, 235,  14, 148,  82,  63, 102,  47, 131,
        188,   2,  59, 226, 212,  71, 120, 248,  50, 252, 213, 176, 164, 112,
        237,   6,  54, 159,  72,   3,  40,  94, 211, 103, 162,  87,  79,  28,
        116, 142,  49, 169,  51, 192,  35, 126, 123, 185, 196, 110, 122, 242,
        214,  77, 215, 224, 173,  98,  64, 245, 166, 104, 220,  13, 165, 119,
         26, 172,  37, 232, 171,  46, 133,  93, 117,  65, 155,  95, 141,  27,
        250,  57,  66, 139, 178, 221,  76, 253, 207, 246, 153,  41,  20,  80,
         70, 145, 132, 170, 146, 239, 234, 217, 108,  10, 118, 223,   9, 218,
        255, 147,   1, 154,  39, 129, 182, 199, 149, 195,  88,  38,  60, 130,
         15,  48, 210, 151, 186,  81,  24, 140, 240, 127,  56, 135,  22, 174,
         68, 209, 106, 157, 152,  53,  21, 244,  42, 198, 228, 138,  17,  30,
        143,  58,  90,  75, 175,  25,  99,  55,   7,  97, 181,   8,   0,  45,
         73,  52, 191, 233,  85, 161, 107,  34, 190, 249, 184,  89,  18, 137,
        251, 177, 202, 247, 201,  86,  91, 241, 230, 238,  83, 109,  96, 105,
         29, 225, 113, 194], device='cuda:0'), 'energy': 60.43023681640625}
torch.Size([128, 256, 256])
torch.Size([128, 256])
torch.Size([128])
torch.Size([12240])
tensor([126.9841, 126.7242, 126.7126,  ...,  60.4302,  60.4302,  60.4302])
{'perm_matrix': tensor([[0., 0., 0.,  ..., 0., 0., 0.],
        [0., 0., 0.,  ..., 0., 0., 0.],
        [0., 0., 0.,  ..., 0., 0., 0.],
        ...,
        [0., 0., 0.,  ..., 0., 0., 0.],
        [0., 0., 0.,  ..., 0., 0., 0.],
        [0., 0., 0.,  ..., 0., 0., 0.]], device='cuda:0'), 'tour_index': tensor([229, 216, 200, 115,  78,  69, 121,  33,  62, 167, 125, 203, 193,  11,
         19,   4, 101, 136, 219, 160, 222, 187,  12, 111, 144, 197,  92, 100,
         84, 179,  67,  16, 208, 128, 150,  31,  44,  36, 156, 158,  23, 206,
        227, 205, 180, 254,  43,  74,   5, 204, 243, 189, 231, 163, 168, 236,
        114,  61,  32, 183, 134, 124, 235,  14, 148,  82,  63, 102,  47, 131,
        188,   2,  59, 226, 212,  71, 120, 248,  50, 252, 213, 176, 164, 112,
        237,   6,  54, 159,  72,   3,  40,  94, 211, 103, 162,  87,  79,  28,
        116, 142,  49, 169,  51, 192,  35, 126, 123, 185, 196, 110, 122, 242,
        214,  77, 215, 224, 173,  98,  64, 245, 166, 104, 220,  13, 165, 119,
         26, 172,  37, 232, 171,  46, 133,  93, 117,  65, 155,  95, 141,  27,
        250,  57,  66, 139, 178, 221,  76, 253, 207, 246, 153,  41,  20,  80,
         70, 145, 132, 170, 146, 239, 234, 217, 108,  10, 118, 223,   9, 218,
        255, 147,   1, 154,  39, 129, 182, 199, 149, 195,  88,  38,  60, 130,
         15,  48, 210, 151, 186,  81,  24, 140, 240, 127,  56, 135,  22, 174,
         68, 209, 106, 157, 152,  53,  21, 244,  42, 198, 228, 138,  17,  30,
        143,  58,  90,  75, 175,  25,  99,  55,   7,  97, 181,   8,   0,  45,
         73,  52, 191, 233,  85, 161, 107,  34, 190, 249, 184,  89,  18, 137,
        251, 177, 202, 247, 201,  86,  91, 241, 230, 238,  83, 109,  96, 105,
         29, 225, 113, 194], device='cuda:0'), 'energy': 60.43023681640625}
torch.Size([128, 256, 256])
torch.Size([128, 256])
torch.Size([128])
torch.Size([12240])
tensor([126.9841, 126.7242, 126.7126,  ...,  60.4302,  60.4302,  60.4302])
{'perm_matrix': tensor([[0., 0., 0.,  ..., 0., 0., 0.],
        [0., 0., 0.,  ..., 0., 0., 0.],
        [0., 0., 0.,  ..., 0., 0., 0.],
        ...,
        [0., 0., 0.,  ..., 0., 0., 0.],
        [0., 0., 0.,  ..., 0., 0., 0.],
        [0., 0., 0.,  ..., 0., 0., 0.]], device='cuda:0'), 'tour_index': tensor([229, 216, 200, 115,  78,  69, 121,  33,  62, 167, 125, 203, 193,  11,
         19,   4, 101, 136, 219, 160, 222, 187,  12, 111, 144, 197,  92, 100,
         84, 179,  67,  16, 208, 128, 150,  31,  44,  36, 156, 158,  23, 206,
        227, 205, 180, 254,  43,  74,   5, 204, 243, 189, 231, 163, 168, 236,
        114,  61,  32, 183, 134, 124, 235,  14, 148,  82,  63, 102,  47, 131,
        188,   2,  59, 226, 212,  71, 120, 248,  50, 252, 213, 176, 164, 112,
        237,   6,  54, 159,  72,   3,  40,  94, 211, 103, 162,  87,  79,  28,
        116, 142,  49, 169,  51, 192,  35, 126, 123, 185, 196, 110, 122, 242,
        214,  77, 215, 224, 173,  98,  64, 245, 166, 104, 220,  13, 165, 119,
         26, 172,  37, 232, 171,  46, 133,  93, 117,  65, 155,  95, 141,  27,
        250,  57,  66, 139, 178, 221,  76, 253, 207, 246, 153,  41,  20,  80,
         70, 145, 132, 170, 146, 239, 234, 217, 108,  10, 118, 223,   9, 218,
        255, 147,   1, 154,  39, 129, 182, 199, 149, 195,  88,  38,  60, 130,
         15,  48, 210, 151, 186,  81,  24, 140, 240, 127,  56, 135,  22, 174,
         68, 209, 106, 157, 152,  53,  21, 244,  42, 198, 228, 138,  17,  30,
        143,  58,  90,  75, 175,  25,  99,  55,   7,  97, 181,   8,   0,  45,
         73,  52, 191, 233,  85, 161, 107,  34, 190, 249, 184,  89,  18, 137,
        251, 177, 202, 247, 201,  86,  91, 241, 230, 238,  83, 109,  96, 105,
         29, 225, 113, 194], device='cuda:0'), 'energy': 60.43023681640625}
torch.Size([128, 256, 256])
torch.Size([128, 256])
torch.Size([128])
torch.Size([12240])
tensor([126.9841, 126.7242, 126.7126,  ...,  60.4302,  60.4302,  60.4302])
{'perm_matrix': tensor([[0., 0., 0.,  ..., 0., 0., 0.],
        [0., 0., 0.,  ..., 0., 0., 0.],
        [0., 0., 0.,  ..., 0., 0., 0.],
        ...,
        [0., 0., 0.,  ..., 0., 0., 0.],
        [0., 0., 0.,  ..., 0., 0., 0.],
        [0., 0., 0.,  ..., 0., 0., 0.]], device='cuda:0'), 'tour_index': tensor([229, 216, 200, 115,  78,  69, 121,  33,  62, 167, 125, 203, 193,  11,
         19,   4, 101, 136, 219, 160, 222, 187,  12, 111, 144, 197,  92, 100,
         84, 179,  67,  16, 208, 128, 150,  31,  44,  36, 156, 158,  23, 206,
        227, 205, 180, 254,  43,  74,   5, 204, 243, 189, 231, 163, 168, 236,
        114,  61,  32, 183, 134, 124, 235,  14, 148,  82,  63, 102,  47, 131,
        188,   2,  59, 226, 212,  71, 120, 248,  50, 252, 213, 176, 164, 112,
        237,   6,  54, 159,  72,   3,  40,  94, 211, 103, 162,  87,  79,  28,
        116, 142,  49, 169,  51, 192,  35, 126, 123, 185, 196, 110, 122, 242,
        214,  77, 215, 224, 173,  98,  64, 245, 166, 104, 220,  13, 165, 119,
         26, 172,  37, 232, 171,  46, 133,  93, 117,  65, 155,  95, 141,  27,
        250,  57,  66, 139, 178, 221,  76, 253, 207, 246, 153,  41,  20,  80,
         70, 145, 132, 170, 146, 239, 234, 217, 108,  10, 118, 223,   9, 218,
        255, 147,   1, 154,  39, 129, 182, 199, 149, 195,  88,  38,  60, 130,
         15,  48, 210, 151, 186,  81,  24, 140, 240, 127,  56, 135,  22, 174,
         68, 209, 106, 157, 152,  53,  21, 244,  42, 198, 228, 138,  17,  30,
        143,  58,  90,  75, 175,  25,  99,  55,   7,  97, 181,   8,   0,  45,
         73,  52, 191, 233,  85, 161, 107,  34, 190, 249, 184,  89,  18, 137,
        251, 177, 202, 247, 201,  86,  91, 241, 230, 238,  83, 109,  96, 105,
         29, 225, 113, 194], device='cuda:0'), 'energy': 60.43023681640625}
torch.Size([128, 256, 256])
torch.Size([128, 256])
torch.Size([128])
torch.Size([12240])
tensor([126.9841, 126.7242, 126.7126,  ...,  60.4302,  60.4302,  60.4302])
{'perm_matrix': tensor([[0., 0., 0.,  ..., 0., 0., 0.],
        [0., 0., 0.,  ..., 0., 0., 0.],
        [0., 0., 0.,  ..., 0., 0., 0.],
        ...,
        [0., 0., 0.,  ..., 0., 0., 0.],
        [0., 0., 0.,  ..., 0., 0., 0.],
        [0., 0., 0.,  ..., 0., 0., 0.]], device='cuda:0'), 'tour_index': tensor([229, 216, 200, 115,  78,  69, 121,  33,  62, 167, 125, 203, 193,  11,
         19,   4, 101, 136, 219, 160, 222, 187,  12, 111, 144, 197,  92, 100,
         84, 179,  67,  16, 208, 128, 150,  31,  44,  36, 156, 158,  23, 206,
        227, 205, 180, 254,  43,  74,   5, 204, 243, 189, 231, 163, 168, 236,
        114,  61,  32, 183, 134, 124, 235,  14, 148,  82,  63, 102,  47, 131,
        188,   2,  59, 226, 212,  71, 120, 248,  50, 252, 213, 176, 164, 112,
        237,   6,  54, 159,  72,   3,  40,  94, 211, 103, 162,  87,  79,  28,
        116, 142,  49, 169,  51, 192,  35, 126, 123, 185, 196, 110, 122, 242,
        214,  77, 215, 224, 173,  98,  64, 245, 166, 104, 220,  13, 165, 119,
         26, 172,  37, 232, 171,  46, 133,  93, 117,  65, 155,  95, 141,  27,
        250,  57,  66, 139, 178, 221,  76, 253, 207, 246, 153,  41,  20,  80,
         70, 145, 132, 170, 146, 239, 234, 217, 108,  10, 118, 223,   9, 218,
        255, 147,   1, 154,  39, 129, 182, 199, 149, 195,  88,  38,  60, 130,
         15,  48, 210, 151, 186,  81,  24, 140, 240, 127,  56, 135,  22, 174,
         68, 209, 106, 157, 152,  53,  21, 244,  42, 198, 228, 138,  17,  30,
        143,  58,  90,  75, 175,  25,  99,  55,   7,  97, 181,   8,   0,  45,
         73,  52, 191, 233,  85, 161, 107,  34, 190, 249, 184,  89,  18, 137,
        251, 177, 202, 247, 201,  86,  91, 241, 230, 238,  83, 109,  96, 105,
         29, 225, 113, 194], device='cuda:0'), 'energy': 60.43023681640625}
torch.Size([128, 256, 256])
torch.Size([128, 256])
torch.Size([128])
torch.Size([12240])
tensor([126.9841, 126.7242, 126.7126,  ...,  60.4302,  60.4302,  60.4302])
{'perm_matrix': tensor([[0., 0., 0.,  ..., 0., 0., 0.],
        [0., 0., 0.,  ..., 0., 0., 0.],
        [0., 0., 0.,  ..., 0., 0., 0.],
        ...,
        [0., 0., 0.,  ..., 0., 0., 0.],
        [0., 0., 0.,  ..., 0., 0., 0.],
        [0., 0., 0.,  ..., 0., 0., 0.]], device='cuda:0'), 'tour_index': tensor([229, 216, 200, 115,  78,  69, 121,  33,  62, 167, 125, 203, 193,  11,
         19,   4, 101, 136, 219, 160, 222, 187,  12, 111, 144, 197,  92, 100,
         84, 179,  67,  16, 208, 128, 150,  31,  44,  36, 156, 158,  23, 206,
        227, 205, 180, 254,  43,  74,   5, 204, 243, 189, 231, 163, 168, 236,
        114,  61,  32, 183, 134, 124, 235,  14, 148,  82,  63, 102,  47, 131,
        188,   2,  59, 226, 212,  71, 120, 248,  50, 252, 213, 176, 164, 112,
        237,   6,  54, 159,  72,   3,  40,  94, 211, 103, 162,  87,  79,  28,
        116, 142,  49, 169,  51, 192,  35, 126, 123, 185, 196, 110, 122, 242,
        214,  77, 215, 224, 173,  98,  64, 245, 166, 104, 220,  13, 165, 119,
         26, 172,  37, 232, 171,  46, 133,  93, 117,  65, 155,  95, 141,  27,
        250,  57,  66, 139, 178, 221,  76, 253, 207, 246, 153,  41,  20,  80,
         70, 145, 132, 170, 146, 239, 234, 217, 108,  10, 118, 223,   9, 218,
        255, 147,   1, 154,  39, 129, 182, 199, 149, 195,  88,  38,  60, 130,
         15,  48, 210, 151, 186,  81,  24, 140, 240, 127,  56, 135,  22, 174,
         68, 209, 106, 157, 152,  53,  21, 244,  42, 198, 228, 138,  17,  30,
        143,  58,  90,  75, 175,  25,  99,  55,   7,  97, 181,   8,   0,  45,
         73,  52, 191, 233,  85, 161, 107,  34, 190, 249, 184,  89,  18, 137,
        251, 177, 202, 247, 201,  86,  91, 241, 230, 238,  83, 109,  96, 105,
         29, 225, 113, 194], device='cuda:0'), 'energy': 60.43023681640625}
torch.Size([128, 256, 256])
torch.Size([128, 256])
torch.Size([128])
torch.Size([12240])
tensor([126.9841, 126.7242, 126.7126,  ...,  60.4302,  60.4302,  60.4302])
{'perm_matrix': tensor([[0., 0., 0.,  ..., 0., 0., 0.],
        [0., 0., 0.,  ..., 0., 0., 0.],
        [0., 0., 0.,  ..., 0., 0., 0.],
        ...,
        [0., 0., 0.,  ..., 0., 0., 0.],
        [0., 0., 0.,  ..., 0., 0., 0.],
        [0., 0., 0.,  ..., 0., 0., 0.]], device='cuda:0'), 'tour_index': tensor([229, 216, 200, 115,  78,  69, 121,  33,  62, 167, 125, 203, 193,  11,
         19,   4, 101, 136, 219, 160, 222, 187,  12, 111, 144, 197,  92, 100,
         84, 179,  67,  16, 208, 128, 150,  31,  44,  36, 156, 158,  23, 206,
        227, 205, 180, 254,  43,  74,   5, 204, 243, 189, 231, 163, 168, 236,
        114,  61,  32, 183, 134, 124, 235,  14, 148,  82,  63, 102,  47, 131,
        188,   2,  59, 226, 212,  71, 120, 248,  50, 252, 213, 176, 164, 112,
        237,   6,  54, 159,  72,   3,  40,  94, 211, 103, 162,  87,  79,  28,
        116, 142,  49, 169,  51, 192,  35, 126, 123, 185, 196, 110, 122, 242,
        214,  77, 215, 224, 173,  98,  64, 245, 166, 104, 220,  13, 165, 119,
         26, 172,  37, 232, 171,  46, 133,  93, 117,  65, 155,  95, 141,  27,
        250,  57,  66, 139, 178, 221,  76, 253, 207, 246, 153,  41,  20,  80,
         70, 145, 132, 170, 146, 239, 234, 217, 108,  10, 118, 223,   9, 218,
        255, 147,   1, 154,  39, 129, 182, 199, 149, 195,  88,  38,  60, 130,
         15,  48, 210, 151, 186,  81,  24, 140, 240, 127,  56, 135,  22, 174,
         68, 209, 106, 157, 152,  53,  21, 244,  42, 198, 228, 138,  17,  30,
        143,  58,  90,  75, 175,  25,  99,  55,   7,  97, 181,   8,   0,  45,
         73,  52, 191, 233,  85, 161, 107,  34, 190, 249, 184,  89,  18, 137,
        251, 177, 202, 247, 201,  86,  91, 241, 230, 238,  83, 109,  96, 105,
         29, 225, 113, 194], device='cuda:0'), 'energy': 60.43023681640625}
torch.Size([128, 256, 256])
torch.Size([128, 256])
torch.Size([128])
torch.Size([12240])
tensor([126.9841, 126.7242, 126.7126,  ...,  60.4302,  60.4302,  60.4302])
{'perm_matrix': tensor([[0., 0., 0.,  ..., 0., 0., 0.],
        [0., 0., 0.,  ..., 0., 0., 0.],
        [0., 0., 0.,  ..., 0., 0., 0.],
        ...,
        [0., 0., 0.,  ..., 0., 0., 0.],
        [0., 0., 0.,  ..., 0., 0., 0.],
        [0., 0., 0.,  ..., 0., 0., 0.]], device='cuda:0'), 'tour_index': tensor([229, 216, 200, 115,  78,  69, 121,  33,  62, 167, 125, 203, 193,  11,
         19,   4, 101, 136, 219, 160, 222, 187,  12, 111, 144, 197,  92, 100,
         84, 179,  67,  16, 208, 128, 150,  31,  44,  36, 156, 158,  23, 206,
        227, 205, 180, 254,  43,  74,   5, 204, 243, 189, 231, 163, 168, 236,
        114,  61,  32, 183, 134, 124, 235,  14, 148,  82,  63, 102,  47, 131,
        188,   2,  59, 226, 212,  71, 120, 248,  50, 252, 213, 176, 164, 112,
        237,   6,  54, 159,  72,   3,  40,  94, 211, 103, 162,  87,  79,  28,
        116, 142,  49, 169,  51, 192,  35, 126, 123, 185, 196, 110, 122, 242,
        214,  77, 215, 224, 173,  98,  64, 245, 166, 104, 220,  13, 165, 119,
         26, 172,  37, 232, 171,  46, 133,  93, 117,  65, 155,  95, 141,  27,
        250,  57,  66, 139, 178, 221,  76, 253, 207, 246, 153,  41,  20,  80,
         70, 145, 132, 170, 146, 239, 234, 217, 108,  10, 118, 223,   9, 218,
        255, 147,   1, 154,  39, 129, 182, 199, 149, 195,  88,  38,  60, 130,
         15,  48, 210, 151, 186,  81,  24, 140, 240, 127,  56, 135,  22, 174,
         68, 209, 106, 157, 152,  53,  21, 244,  42, 198, 228, 138,  17,  30,
        143,  58,  90,  75, 175,  25,  99,  55,   7,  97, 181,   8,   0,  45,
         73,  52, 191, 233,  85, 161, 107,  34, 190, 249, 184,  89,  18, 137,
        251, 177, 202, 247, 201,  86,  91, 241, 230, 238,  83, 109,  96, 105,
         29, 225, 113, 194], device='cuda:0'), 'energy': 60.43023681640625}
torch.Size([128, 256, 256])
torch.Size([128, 256])
torch.Size([128])
torch.Size([12240])
tensor([126.9841, 126.7242, 126.7126,  ...,  60.4302,  60.4302,  60.4302])
{'perm_matrix': tensor([[0., 0., 0.,  ..., 0., 0., 0.],
        [0., 0., 0.,  ..., 0., 0., 0.],
        [0., 0., 0.,  ..., 0., 0., 0.],
        ...,
        [0., 0., 0.,  ..., 0., 0., 0.],
        [0., 0., 0.,  ..., 0., 0., 0.],
        [0., 0., 0.,  ..., 0., 0., 0.]], device='cuda:0'), 'tour_index': tensor([229, 216, 200, 115,  78,  69, 121,  33,  62, 167, 125, 203, 193,  11,
         19,   4, 101, 136, 219, 160, 222, 187,  12, 111, 144, 197,  92, 100,
         84, 179,  67,  16, 208, 128, 150,  31,  44,  36, 156, 158,  23, 206,
        227, 205, 180, 254,  43,  74,   5, 204, 243, 189, 231, 163, 168, 236,
        114,  61,  32, 183, 134, 124, 235,  14, 148,  82,  63, 102,  47, 131,
        188,   2,  59, 226, 212,  71, 120, 248,  50, 252, 213, 176, 164, 112,
        237,   6,  54, 159,  72,   3,  40,  94, 211, 103, 162,  87,  79,  28,
        116, 142,  49, 169,  51, 192,  35, 126, 123, 185, 196, 110, 122, 242,
        214,  77, 215, 224, 173,  98,  64, 245, 166, 104, 220,  13, 165, 119,
         26, 172,  37, 232, 171,  46, 133,  93, 117,  65, 155,  95, 141,  27,
        250,  57,  66, 139, 178, 221,  76, 253, 207, 246, 153,  41,  20,  80,
         70, 145, 132, 170, 146, 239, 234, 217, 108,  10, 118, 223,   9, 218,
        255, 147,   1, 154,  39, 129, 182, 199, 149, 195,  88,  38,  60, 130,
         15,  48, 210, 151, 186,  81,  24, 140, 240, 127,  56, 135,  22, 174,
         68, 209, 106, 157, 152,  53,  21, 244,  42, 198, 228, 138,  17,  30,
        143,  58,  90,  75, 175,  25,  99,  55,   7,  97, 181,   8,   0,  45,
         73,  52, 191, 233,  85, 161, 107,  34, 190, 249, 184,  89,  18, 137,
        251, 177, 202, 247, 201,  86,  91, 241, 230, 238,  83, 109,  96, 105,
         29, 225, 113, 194], device='cuda:0'), 'energy': 60.43023681640625}
torch.Size([128, 256, 256])
torch.Size([128, 256])
torch.Size([128])
torch.Size([12240])
tensor([126.9841, 126.7242, 126.7126,  ...,  60.4302,  60.4302,  60.4302])
{'perm_matrix': tensor([[0., 0., 0.,  ..., 0., 0., 0.],
        [0., 0., 0.,  ..., 0., 0., 0.],
        [0., 0., 0.,  ..., 0., 0., 0.],
        ...,
        [0., 0., 0.,  ..., 0., 0., 0.],
        [0., 0., 0.,  ..., 0., 0., 0.],
        [0., 0., 0.,  ..., 0., 0., 0.]], device='cuda:0'), 'tour_index': tensor([229, 216, 200, 115,  78,  69, 121,  33,  62, 167, 125, 203, 193,  11,
         19,   4, 101, 136, 219, 160, 222, 187,  12, 111, 144, 197,  92, 100,
         84, 179,  67,  16, 208, 128, 150,  31,  44,  36, 156, 158,  23, 206,
        227, 205, 180, 254,  43,  74,   5, 204, 243, 189, 231, 163, 168, 236,
        114,  61,  32, 183, 134, 124, 235,  14, 148,  82,  63, 102,  47, 131,
        188,   2,  59, 226, 212,  71, 120, 248,  50, 252, 213, 176, 164, 112,
        237,   6,  54, 159,  72,   3,  40,  94, 211, 103, 162,  87,  79,  28,
        116, 142,  49, 169,  51, 192,  35, 126, 123, 185, 196, 110, 122, 242,
        214,  77, 215, 224, 173,  98,  64, 245, 166, 104, 220,  13, 165, 119,
         26, 172,  37, 232, 171,  46, 133,  93, 117,  65, 155,  95, 141,  27,
        250,  57,  66, 139, 178, 221,  76, 253, 207, 246, 153,  41,  20,  80,
         70, 145, 132, 170, 146, 239, 234, 217, 108,  10, 118, 223,   9, 218,
        255, 147,   1, 154,  39, 129, 182, 199, 149, 195,  88,  38,  60, 130,
         15,  48, 210, 151, 186,  81,  24, 140, 240, 127,  56, 135,  22, 174,
         68, 209, 106, 157, 152,  53,  21, 244,  42, 198, 228, 138,  17,  30,
        143,  58,  90,  75, 175,  25,  99,  55,   7,  97, 181,   8,   0,  45,
         73,  52, 191, 233,  85, 161, 107,  34, 190, 249, 184,  89,  18, 137,
        251, 177, 202, 247, 201,  86,  91, 241, 230, 238,  83, 109,  96, 105,
         29, 225, 113, 194], device='cuda:0'), 'energy': 60.43023681640625}
torch.Size([128, 256, 256])
torch.Size([128, 256])
torch.Size([128])
torch.Size([12240])
tensor([126.9841, 126.7242, 126.7126,  ...,  60.4302,  60.4302,  60.4302])
{'perm_matrix': tensor([[0., 0., 0.,  ..., 0., 0., 0.],
        [0., 0., 0.,  ..., 0., 0., 0.],
        [0., 0., 0.,  ..., 0., 0., 0.],
        ...,
        [0., 0., 0.,  ..., 0., 0., 0.],
        [0., 0., 0.,  ..., 0., 0., 0.],
        [0., 0., 0.,  ..., 0., 0., 0.]], device='cuda:0'), 'tour_index': tensor([229, 216, 200, 115,  78,  69, 121,  33,  62, 167, 125, 203, 193,  11,
         19,   4, 101, 136, 219, 160, 222, 187,  12, 111, 144, 197,  92, 100,
         84, 179,  67,  16, 208, 128, 150,  31,  44,  36, 156, 158,  23, 206,
        227, 205, 180, 254,  43,  74,   5, 204, 243, 189, 231, 163, 168, 236,
        114,  61,  32, 183, 134, 124, 235,  14, 148,  82,  63, 102,  47, 131,
        188,   2,  59, 226, 212,  71, 120, 248,  50, 252, 213, 176, 164, 112,
        237,   6,  54, 159,  72,   3,  40,  94, 211, 103, 162,  87,  79,  28,
        116, 142,  49, 169,  51, 192,  35, 126, 123, 185, 196, 110, 122, 242,
        214,  77, 215, 224, 173,  98,  64, 245, 166, 104, 220,  13, 165, 119,
         26, 172,  37, 232, 171,  46, 133,  93, 117,  65, 155,  95, 141,  27,
        250,  57,  66, 139, 178, 221,  76, 253, 207, 246, 153,  41,  20,  80,
         70, 145, 132, 170, 146, 239, 234, 217, 108,  10, 118, 223,   9, 218,
        255, 147,   1, 154,  39, 129, 182, 199, 149, 195,  88,  38,  60, 130,
         15,  48, 210, 151, 186,  81,  24, 140, 240, 127,  56, 135,  22, 174,
         68, 209, 106, 157, 152,  53,  21, 244,  42, 198, 228, 138,  17,  30,
        143,  58,  90,  75, 175,  25,  99,  55,   7,  97, 181,   8,   0,  45,
         73,  52, 191, 233,  85, 161, 107,  34, 190, 249, 184,  89,  18, 137,
        251, 177, 202, 247, 201,  86,  91, 241, 230, 238,  83, 109,  96, 105,
         29, 225, 113, 194], device='cuda:0'), 'energy': 60.43023681640625}
torch.Size([128, 256, 256])
torch.Size([128, 256])
torch.Size([128])
torch.Size([12240])
tensor([126.9841, 126.7242, 126.7126,  ...,  60.4302,  60.4302,  60.4302])
{'perm_matrix': tensor([[0., 0., 0.,  ..., 0., 0., 0.],
        [0., 0., 0.,  ..., 0., 0., 0.],
        [0., 0., 0.,  ..., 0., 0., 0.],
        ...,
        [0., 0., 0.,  ..., 0., 0., 0.],
        [0., 0., 0.,  ..., 0., 0., 0.],
        [0., 0., 0.,  ..., 0., 0., 0.]], device='cuda:0'), 'tour_index': tensor([229, 216, 200, 115,  78,  69, 121,  33,  62, 167, 125, 203, 193,  11,
         19,   4, 101, 136, 219, 160, 222, 187,  12, 111, 144, 197,  92, 100,
         84, 179,  67,  16, 208, 128, 150,  31,  44,  36, 156, 158,  23, 206,
        227, 205, 180, 254,  43,  74,   5, 204, 243, 189, 231, 163, 168, 236,
        114,  61,  32, 183, 134, 124, 235,  14, 148,  82,  63, 102,  47, 131,
        188,   2,  59, 226, 212,  71, 120, 248,  50, 252, 213, 176, 164, 112,
        237,   6,  54, 159,  72,   3,  40,  94, 211, 103, 162,  87,  79,  28,
        116, 142,  49, 169,  51, 192,  35, 126, 123, 185, 196, 110, 122, 242,
        214,  77, 215, 224, 173,  98,  64, 245, 166, 104, 220,  13, 165, 119,
         26, 172,  37, 232, 171,  46, 133,  93, 117,  65, 155,  95, 141,  27,
        250,  57,  66, 139, 178, 221,  76, 253, 207, 246, 153,  41,  20,  80,
         70, 145, 132, 170, 146, 239, 234, 217, 108,  10, 118, 223,   9, 218,
        255, 147,   1, 154,  39, 129, 182, 199, 149, 195,  88,  38,  60, 130,
         15,  48, 210, 151, 186,  81,  24, 140, 240, 127,  56, 135,  22, 174,
         68, 209, 106, 157, 152,  53,  21, 244,  42, 198, 228, 138,  17,  30,
        143,  58,  90,  75, 175,  25,  99,  55,   7,  97, 181,   8,   0,  45,
         73,  52, 191, 233,  85, 161, 107,  34, 190, 249, 184,  89,  18, 137,
        251, 177, 202, 247, 201,  86,  91, 241, 230, 238,  83, 109,  96, 105,
         29, 225, 113, 194], device='cuda:0'), 'energy': 60.43023681640625}
torch.Size([128, 256, 256])
torch.Size([128, 256])
torch.Size([128])
torch.Size([12240])
tensor([126.9841, 126.7242, 126.7126,  ...,  60.4302,  60.4302,  60.4302])
{'perm_matrix': tensor([[0., 0., 0.,  ..., 0., 0., 0.],
        [0., 0., 0.,  ..., 0., 0., 0.],
        [0., 0., 0.,  ..., 0., 0., 0.],
        ...,
        [0., 0., 0.,  ..., 0., 0., 0.],
        [0., 0., 0.,  ..., 0., 0., 0.],
        [0., 0., 0.,  ..., 0., 0., 0.]], device='cuda:0'), 'tour_index': tensor([229, 216, 200, 115,  78,  69, 121,  33,  62, 167, 125, 203, 193,  11,
         19,   4, 101, 136, 219, 160, 222, 187,  12, 111, 144, 197,  92, 100,
         84, 179,  67,  16, 208, 128, 150,  31,  44,  36, 156, 158,  23, 206,
        227, 205, 180, 254,  43,  74,   5, 204, 243, 189, 231, 163, 168, 236,
        114,  61,  32, 183, 134, 124, 235,  14, 148,  82,  63, 102,  47, 131,
        188,   2,  59, 226, 212,  71, 120, 248,  50, 252, 213, 176, 164, 112,
        237,   6,  54, 159,  72,   3,  40,  94, 211, 103, 162,  87,  79,  28,
        116, 142,  49, 169,  51, 192,  35, 126, 123, 185, 196, 110, 122, 242,
        214,  77, 215, 224, 173,  98,  64, 245, 166, 104, 220,  13, 165, 119,
         26, 172,  37, 232, 171,  46, 133,  93, 117,  65, 155,  95, 141,  27,
        250,  57,  66, 139, 178, 221,  76, 253, 207, 246, 153,  41,  20,  80,
         70, 145, 132, 170, 146, 239, 234, 217, 108,  10, 118, 223,   9, 218,
        255, 147,   1, 154,  39, 129, 182, 199, 149, 195,  88,  38,  60, 130,
         15,  48, 210, 151, 186,  81,  24, 140, 240, 127,  56, 135,  22, 174,
         68, 209, 106, 157, 152,  53,  21, 244,  42, 198, 228, 138,  17,  30,
        143,  58,  90,  75, 175,  25,  99,  55,   7,  97, 181,   8,   0,  45,
         73,  52, 191, 233,  85, 161, 107,  34, 190, 249, 184,  89,  18, 137,
        251, 177, 202, 247, 201,  86,  91, 241, 230, 238,  83, 109,  96, 105,
         29, 225, 113, 194], device='cuda:0'), 'energy': 60.43023681640625}
torch.Size([128, 256, 256])
torch.Size([128, 256])
torch.Size([128])
torch.Size([12240])
tensor([126.9841, 126.7242, 126.7126,  ...,  60.4302,  60.4302,  60.4302])
{'perm_matrix': tensor([[0., 0., 0.,  ..., 0., 0., 0.],
        [0., 0., 0.,  ..., 0., 0., 0.],
        [0., 0., 0.,  ..., 0., 0., 0.],
        ...,
        [0., 0., 0.,  ..., 0., 0., 0.],
        [0., 0., 0.,  ..., 0., 0., 0.],
        [0., 0., 0.,  ..., 0., 0., 0.]], device='cuda:0'), 'tour_index': tensor([229, 216, 200, 115,  78,  69, 121,  33,  62, 167, 125, 203, 193,  11,
         19,   4, 101, 136, 219, 160, 222, 187,  12, 111, 144, 197,  92, 100,
         84, 179,  67,  16, 208, 128, 150,  31,  44,  36, 156, 158,  23, 206,
        227, 205, 180, 254,  43,  74,   5, 204, 243, 189, 231, 163, 168, 236,
        114,  61,  32, 183, 134, 124, 235,  14, 148,  82,  63, 102,  47, 131,
        188,   2,  59, 226, 212,  71, 120, 248,  50, 252, 213, 176, 164, 112,
        237,   6,  54, 159,  72,   3,  40,  94, 211, 103, 162,  87,  79,  28,
        116, 142,  49, 169,  51, 192,  35, 126, 123, 185, 196, 110, 122, 242,
        214,  77, 215, 224, 173,  98,  64, 245, 166, 104, 220,  13, 165, 119,
         26, 172,  37, 232, 171,  46, 133,  93, 117,  65, 155,  95, 141,  27,
        250,  57,  66, 139, 178, 221,  76, 253, 207, 246, 153,  41,  20,  80,
         70, 145, 132, 170, 146, 239, 234, 217, 108,  10, 118, 223,   9, 218,
        255, 147,   1, 154,  39, 129, 182, 199, 149, 195,  88,  38,  60, 130,
         15,  48, 210, 151, 186,  81,  24, 140, 240, 127,  56, 135,  22, 174,
         68, 209, 106, 157, 152,  53,  21, 244,  42, 198, 228, 138,  17,  30,
        143,  58,  90,  75, 175,  25,  99,  55,   7,  97, 181,   8,   0,  45,
         73,  52, 191, 233,  85, 161, 107,  34, 190, 249, 184,  89,  18, 137,
        251, 177, 202, 247, 201,  86,  91, 241, 230, 238,  83, 109,  96, 105,
         29, 225, 113, 194], device='cuda:0'), 'energy': 60.43023681640625}
torch.Size([128, 256, 256])
torch.Size([128, 256])
torch.Size([128])
torch.Size([12240])
tensor([126.9841, 126.7242, 126.7126,  ...,  60.4302,  60.4302,  60.4302])
{'perm_matrix': tensor([[0., 0., 0.,  ..., 0., 0., 0.],
        [0., 0., 0.,  ..., 0., 0., 0.],
        [0., 0., 0.,  ..., 0., 0., 0.],
        ...,
        [0., 0., 0.,  ..., 0., 0., 0.],
        [0., 0., 0.,  ..., 0., 0., 0.],
        [0., 0., 0.,  ..., 0., 0., 0.]], device='cuda:0'), 'tour_index': tensor([229, 216, 200, 115,  78,  69, 121,  33,  62, 167, 125, 203, 193,  11,
         19,   4, 101, 136, 219, 160, 222, 187,  12, 111, 144, 197,  92, 100,
         84, 179,  67,  16, 208, 128, 150,  31,  44,  36, 156, 158,  23, 206,
        227, 205, 180, 254,  43,  74,   5, 204, 243, 189, 231, 163, 168, 236,
        114,  61,  32, 183, 134, 124, 235,  14, 148,  82,  63, 102,  47, 131,
        188,   2,  59, 226, 212,  71, 120, 248,  50, 252, 213, 176, 164, 112,
        237,   6,  54, 159,  72,   3,  40,  94, 211, 103, 162,  87,  79,  28,
        116, 142,  49, 169,  51, 192,  35, 126, 123, 185, 196, 110, 122, 242,
        214,  77, 215, 224, 173,  98,  64, 245, 166, 104, 220,  13, 165, 119,
         26, 172,  37, 232, 171,  46, 133,  93, 117,  65, 155,  95, 141,  27,
        250,  57,  66, 139, 178, 221,  76, 253, 207, 246, 153,  41,  20,  80,
         70, 145, 132, 170, 146, 239, 234, 217, 108,  10, 118, 223,   9, 218,
        255, 147,   1, 154,  39, 129, 182, 199, 149, 195,  88,  38,  60, 130,
         15,  48, 210, 151, 186,  81,  24, 140, 240, 127,  56, 135,  22, 174,
         68, 209, 106, 157, 152,  53,  21, 244,  42, 198, 228, 138,  17,  30,
        143,  58,  90,  75, 175,  25,  99,  55,   7,  97, 181,   8,   0,  45,
         73,  52, 191, 233,  85, 161, 107,  34, 190, 249, 184,  89,  18, 137,
        251, 177, 202, 247, 201,  86,  91, 241, 230, 238,  83, 109,  96, 105,
         29, 225, 113, 194], device='cuda:0'), 'energy': 60.43023681640625}
torch.Size([128, 256, 256])
torch.Size([128, 256])
torch.Size([128])
torch.Size([12240])
tensor([126.9841, 126.7242, 126.7126,  ...,  60.4302,  60.4302,  60.4302])
{'perm_matrix': tensor([[0., 0., 0.,  ..., 0., 0., 0.],
        [0., 0., 0.,  ..., 0., 0., 0.],
        [0., 0., 0.,  ..., 0., 0., 0.],
        ...,
        [0., 0., 0.,  ..., 0., 0., 0.],
        [0., 0., 0.,  ..., 0., 0., 0.],
        [0., 0., 0.,  ..., 0., 0., 0.]], device='cuda:0'), 'tour_index': tensor([229, 216, 200, 115,  78,  69, 121,  33,  62, 167, 125, 203, 193,  11,
         19,   4, 101, 136, 219, 160, 222, 187,  12, 111, 144, 197,  92, 100,
         84, 179,  67,  16, 208, 128, 150,  31,  44,  36, 156, 158,  23, 206,
        227, 205, 180, 254,  43,  74,   5, 204, 243, 189, 231, 163, 168, 236,
        114,  61,  32, 183, 134, 124, 235,  14, 148,  82,  63, 102,  47, 131,
        188,   2,  59, 226, 212,  71, 120, 248,  50, 252, 213, 176, 164, 112,
        237,   6,  54, 159,  72,   3,  40,  94, 211, 103, 162,  87,  79,  28,
        116, 142,  49, 169,  51, 192,  35, 126, 123, 185, 196, 110, 122, 242,
        214,  77, 215, 224, 173,  98,  64, 245, 166, 104, 220,  13, 165, 119,
         26, 172,  37, 232, 171,  46, 133,  93, 117,  65, 155,  95, 141,  27,
        250,  57,  66, 139, 178, 221,  76, 253, 207, 246, 153,  41,  20,  80,
         70, 145, 132, 170, 146, 239, 234, 217, 108,  10, 118, 223,   9, 218,
        255, 147,   1, 154,  39, 129, 182, 199, 149, 195,  88,  38,  60, 130,
         15,  48, 210, 151, 186,  81,  24, 140, 240, 127,  56, 135,  22, 174,
         68, 209, 106, 157, 152,  53,  21, 244,  42, 198, 228, 138,  17,  30,
        143,  58,  90,  75, 175,  25,  99,  55,   7,  97, 181,   8,   0,  45,
         73,  52, 191, 233,  85, 161, 107,  34, 190, 249, 184,  89,  18, 137,
        251, 177, 202, 247, 201,  86,  91, 241, 230, 238,  83, 109,  96, 105,
         29, 225, 113, 194], device='cuda:0'), 'energy': 60.43023681640625}
torch.Size([128, 256, 256])
torch.Size([128, 256])
torch.Size([128])
torch.Size([12240])
tensor([126.9841, 126.7242, 126.7126,  ...,  60.4302,  60.4302,  60.4302])
{'perm_matrix': tensor([[0., 0., 0.,  ..., 0., 0., 0.],
        [0., 0., 0.,  ..., 0., 0., 0.],
        [0., 0., 0.,  ..., 0., 0., 0.],
        ...,
        [0., 0., 0.,  ..., 0., 0., 0.],
        [0., 0., 0.,  ..., 0., 0., 0.],
        [0., 0., 0.,  ..., 0., 0., 0.]], device='cuda:0'), 'tour_index': tensor([229, 216, 200, 115,  78,  69, 121,  33,  62, 167, 125, 203, 193,  11,
         19,   4, 101, 136, 219, 160, 222, 187,  12, 111, 144, 197,  92, 100,
         84, 179,  67,  16, 208, 128, 150,  31,  44,  36, 156, 158,  23, 206,
        227, 205, 180, 254,  43,  74,   5, 204, 243, 189, 231, 163, 168, 236,
        114,  61,  32, 183, 134, 124, 235,  14, 148,  82,  63, 102,  47, 131,
        188,   2,  59, 226, 212,  71, 120, 248,  50, 252, 213, 176, 164, 112,
        237,   6,  54, 159,  72,   3,  40,  94, 211, 103, 162,  87,  79,  28,
        116, 142,  49, 169,  51, 192,  35, 126, 123, 185, 196, 110, 122, 242,
        214,  77, 215, 224, 173,  98,  64, 245, 166, 104, 220,  13, 165, 119,
         26, 172,  37, 232, 171,  46, 133,  93, 117,  65, 155,  95, 141,  27,
        250,  57,  66, 139, 178, 221,  76, 253, 207, 246, 153,  41,  20,  80,
         70, 145, 132, 170, 146, 239, 234, 217, 108,  10, 118, 223,   9, 218,
        255, 147,   1, 154,  39, 129, 182, 199, 149, 195,  88,  38,  60, 130,
         15,  48, 210, 151, 186,  81,  24, 140, 240, 127,  56, 135,  22, 174,
         68, 209, 106, 157, 152,  53,  21, 244,  42, 198, 228, 138,  17,  30,
        143,  58,  90,  75, 175,  25,  99,  55,   7,  97, 181,   8,   0,  45,
         73,  52, 191, 233,  85, 161, 107,  34, 190, 249, 184,  89,  18, 137,
        251, 177, 202, 247, 201,  86,  91, 241, 230, 238,  83, 109,  96, 105,
         29, 225, 113, 194], device='cuda:0'), 'energy': 60.43023681640625}
torch.Size([128, 256, 256])
torch.Size([128, 256])
torch.Size([128])
torch.Size([12240])
tensor([126.9841, 126.7242, 126.7126,  ...,  60.4302,  60.4302,  60.4302])
{'perm_matrix': tensor([[0., 0., 0.,  ..., 0., 0., 0.],
        [0., 0., 0.,  ..., 0., 0., 0.],
        [0., 0., 0.,  ..., 0., 0., 0.],
        ...,
        [0., 0., 0.,  ..., 0., 0., 0.],
        [0., 0., 0.,  ..., 0., 0., 0.],
        [0., 0., 0.,  ..., 0., 0., 0.]], device='cuda:0'), 'tour_index': tensor([229, 216, 200, 115,  78,  69, 121,  33,  62, 167, 125, 203, 193,  11,
         19,   4, 101, 136, 219, 160, 222, 187,  12, 111, 144, 197,  92, 100,
         84, 179,  67,  16, 208, 128, 150,  31,  44,  36, 156, 158,  23, 206,
        227, 205, 180, 254,  43,  74,   5, 204, 243, 189, 231, 163, 168, 236,
        114,  61,  32, 183, 134, 124, 235,  14, 148,  82,  63, 102,  47, 131,
        188,   2,  59, 226, 212,  71, 120, 248,  50, 252, 213, 176, 164, 112,
        237,   6,  54, 159,  72,   3,  40,  94, 211, 103, 162,  87,  79,  28,
        116, 142,  49, 169,  51, 192,  35, 126, 123, 185, 196, 110, 122, 242,
        214,  77, 215, 224, 173,  98,  64, 245, 166, 104, 220,  13, 165, 119,
         26, 172,  37, 232, 171,  46, 133,  93, 117,  65, 155,  95, 141,  27,
        250,  57,  66, 139, 178, 221,  76, 253, 207, 246, 153,  41,  20,  80,
         70, 145, 132, 170, 146, 239, 234, 217, 108,  10, 118, 223,   9, 218,
        255, 147,   1, 154,  39, 129, 182, 199, 149, 195,  88,  38,  60, 130,
         15,  48, 210, 151, 186,  81,  24, 140, 240, 127,  56, 135,  22, 174,
         68, 209, 106, 157, 152,  53,  21, 244,  42, 198, 228, 138,  17,  30,
        143,  58,  90,  75, 175,  25,  99,  55,   7,  97, 181,   8,   0,  45,
         73,  52, 191, 233,  85, 161, 107,  34, 190, 249, 184,  89,  18, 137,
        251, 177, 202, 247, 201,  86,  91, 241, 230, 238,  83, 109,  96, 105,
         29, 225, 113, 194], device='cuda:0'), 'energy': 60.43023681640625}
torch.Size([128, 256, 256])
torch.Size([128, 256])
torch.Size([128])
torch.Size([12240])
tensor([126.9841, 126.7242, 126.7126,  ...,  60.4302,  60.4302,  60.4302])
{'perm_matrix': tensor([[0., 0., 0.,  ..., 0., 0., 0.],
        [0., 0., 0.,  ..., 0., 0., 0.],
        [0., 0., 0.,  ..., 0., 0., 0.],
        ...,
        [0., 0., 0.,  ..., 0., 0., 0.],
        [0., 0., 0.,  ..., 0., 0., 0.],
        [0., 0., 0.,  ..., 0., 0., 0.]], device='cuda:0'), 'tour_index': tensor([229, 216, 200, 115,  78,  69, 121,  33,  62, 167, 125, 203, 193,  11,
         19,   4, 101, 136, 219, 160, 222, 187,  12, 111, 144, 197,  92, 100,
         84, 179,  67,  16, 208, 128, 150,  31,  44,  36, 156, 158,  23, 206,
        227, 205, 180, 254,  43,  74,   5, 204, 243, 189, 231, 163, 168, 236,
        114,  61,  32, 183, 134, 124, 235,  14, 148,  82,  63, 102,  47, 131,
        188,   2,  59, 226, 212,  71, 120, 248,  50, 252, 213, 176, 164, 112,
        237,   6,  54, 159,  72,   3,  40,  94, 211, 103, 162,  87,  79,  28,
        116, 142,  49, 169,  51, 192,  35, 126, 123, 185, 196, 110, 122, 242,
        214,  77, 215, 224, 173,  98,  64, 245, 166, 104, 220,  13, 165, 119,
         26, 172,  37, 232, 171,  46, 133,  93, 117,  65, 155,  95, 141,  27,
        250,  57,  66, 139, 178, 221,  76, 253, 207, 246, 153,  41,  20,  80,
         70, 145, 132, 170, 146, 239, 234, 217, 108,  10, 118, 223,   9, 218,
        255, 147,   1, 154,  39, 129, 182, 199, 149, 195,  88,  38,  60, 130,
         15,  48, 210, 151, 186,  81,  24, 140, 240, 127,  56, 135,  22, 174,
         68, 209, 106, 157, 152,  53,  21, 244,  42, 198, 228, 138,  17,  30,
        143,  58,  90,  75, 175,  25,  99,  55,   7,  97, 181,   8,   0,  45,
         73,  52, 191, 233,  85, 161, 107,  34, 190, 249, 184,  89,  18, 137,
        251, 177, 202, 247, 201,  86,  91, 241, 230, 238,  83, 109,  96, 105,
         29, 225, 113, 194], device='cuda:0'), 'energy': 60.43023681640625}
