ng31003
==== Mon 08 Sep 2025 04:23:53 AM EDT | job 49370537 | node ng31003 ====
model= instance= sa_anneal=
SLURM_JOB_GPUS=3
CUDA_VISIBLE_DEVICES=0
0, GPU-6bd03b38-6a82-95d4-76d8-d4cd082084a5, NVIDIA A100-SXM4-40GB
torch.Size([128, 64, 64])
torch.Size([128, 64])
torch.Size([128])
torch.Size([7120])
tensor([28.0001, 27.1679, 27.1679,  ...,  6.4727,  6.4727,  6.4727])
{'perm_matrix': tensor([[0., 0., 0.,  ..., 0., 0., 0.],
        [0., 0., 0.,  ..., 0., 0., 0.],
        [0., 0., 0.,  ..., 0., 0., 0.],
        ...,
        [0., 0., 0.,  ..., 0., 0., 0.],
        [0., 0., 0.,  ..., 0., 0., 0.],
        [0., 0., 0.,  ..., 0., 0., 0.]], device='cuda:0'), 'tour_index': tensor([44, 36, 46, 49,  6, 54,  3, 59, 40, 50, 29, 28, 27, 31, 42,  2, 13, 14,
        63,  8, 30,  0, 38, 45, 17,  5, 55, 39, 58, 43, 52, 24, 22, 11, 10, 15,
        33, 48, 32, 62, 18, 60, 47,  7, 16, 61, 26,  4, 20, 41, 34, 37, 19, 57,
         1, 12, 56, 25, 35, 21, 51, 53, 23,  9], device='cuda:0'), 'energy': 6.4726786613464355}
torch.Size([128, 128, 128])
torch.Size([128, 128])
torch.Size([128])
torch.Size([7120])
tensor([55.5455, 55.5455, 55.5455,  ...,  9.9018,  9.8302,  9.8302])
{'perm_matrix': tensor([[0., 0., 0.,  ..., 0., 0., 0.],
        [0., 0., 0.,  ..., 0., 0., 0.],
        [0., 0., 0.,  ..., 0., 0., 0.],
        ...,
        [0., 0., 0.,  ..., 0., 0., 0.],
        [0., 0., 0.,  ..., 0., 0., 0.],
        [0., 0., 0.,  ..., 0., 0., 0.]], device='cuda:0'), 'tour_index': tensor([ 52,  58,  33, 123, 108,  22,  81,  24, 125,  89,  10, 106,  11,  68,
        126,  56, 100, 111,  12,  84,  25,  35,  65,  21,  51,  93,  77,  92,
         46,  36,  53,  44,   9,  23,  83, 109,  98,  67,  85,  96,  76,   6,
         86,  54,  49, 117,  66,  57,  19, 118,   1,  99,  37,  34,  41, 107,
        101,  20,  91,  59,  72,   3, 120,  40,  50,  29,  27,  28, 116,  42,
         31, 112, 105,  94,   4,   2, 113, 104, 119,  13,  63,   8,  14,  82,
         30,  71,  64,  26,  97,   0,  88,  38,  70,  95, 103,  45,  73, 124,
         79,  17,  74,   5,  55,  87, 115, 102,  39,  78,  32,  62,  47,   7,
         69,  16, 114,  61,  80, 122, 110,  18,  60, 121, 127,  48,  90,  75,
         15,  43], device='cuda:0'), 'energy': 9.830229759216309}
torch.Size([128, 256, 256])
torch.Size([128, 256])
torch.Size([128])
torch.Size([7120])
tensor([122.6994, 121.9149, 120.1221,  ...,  16.9820,  16.9801,  16.9801])
{'perm_matrix': tensor([[0., 0., 0.,  ..., 0., 0., 0.],
        [0., 0., 0.,  ..., 0., 0., 0.],
        [0., 0., 0.,  ..., 0., 0., 0.],
        ...,
        [0., 0., 0.,  ..., 0., 0., 0.],
        [0., 0., 0.,  ..., 0., 0., 0.],
        [0., 0., 0.,  ..., 0., 0., 0.]], device='cuda:0'), 'tour_index': tensor([245, 176, 228, 164,  31, 198, 208, 202,  27, 177,  28, 116,  29, 244,
        105, 112,  42,  59, 250,  94, 166, 153, 225, 222,   4,  91, 241, 213,
        207, 146,  41,  20,  26, 212,  71,  64,  97, 160, 142, 227, 128, 104,
          2, 113, 251, 150, 165,  14, 119, 194,  13, 220, 181, 229, 148,  63,
          8,  82, 205, 132,  30,  16, 168,  69,   0,  88, 131,  38, 199, 188,
        129, 211, 182,  70, 235,  95, 216, 145, 103,  45, 155,  73, 200, 243,
         17, 204, 134,  74,   5, 162,  79, 124, 141, 149, 189, 143,  47,   7,
        195,  62,  32, 175,  78,  55,  87, 183, 115,  39, 102, 190,  90,  48,
        121, 110,  60,  18, 122, 231, 163, 127, 249,  75,  33,  58, 210,  15,
        151, 186, 217, 234, 254,  43,  52,  81, 140,  11, 135,  89, 203, 125,
        193, 185, 174,  22,  24, 108, 167, 191,  10, 184, 106,  68, 126,  56,
        209,  25,  35, 197,  21, 192,  65,  93, 215, 224, 133,  51,  44,  36,
        179,  23, 156,  83,   9, 169, 152,  53, 223, 255, 214,  57,  19,   1,
        196,  84, 144,  12, 187, 111, 100, 123, 240,  99, 206, 118, 147, 157,
         92,  77,  46,  49, 117, 154, 219, 233, 201, 171, 130, 172, 232,  37,
         34, 226, 253, 137,  61, 114, 239,  80, 136, 236, 170, 180, 161, 101,
        107, 247, 230, 139,  66, 242, 138, 221,  96,  98, 238, 109,  67, 158,
        218,  85,  76,   6,  54, 173,  86, 237, 246, 252,  72, 178, 120,   3,
        159,  40, 248,  50], device='cuda:0'), 'energy': 16.98007583618164}
