ng20302
==== Mon 15 Sep 2025 10:23:14 AM EDT | job 49723621 | node ng20302 ====
model= instance= sa_anneal=
SLURM_JOB_GPUS=2
CUDA_VISIBLE_DEVICES=0
0, GPU-7698ea2c-e63f-420e-ba48-5ff4278f48a9, NVIDIA A100-SXM4-40GB
torch.Size([128, 32, 2])
torch.Size([128, 32])
torch.Size([128])
torch.Size([2080])
tensor([1.4340e-04, 1.8462e-05, 1.8462e-05,  ..., 1.6141e-07, 1.6141e-07,
        1.6141e-07], dtype=torch.float64)
{'onehot': tensor([[0., 1.],
        [0., 1.],
        [1., 0.],
        [0., 1.],
        [0., 1.],
        [1., 0.],
        [0., 1.],
        [0., 1.],
        [1., 0.],
        [1., 0.],
        [0., 1.],
        [1., 0.],
        [1., 0.],
        [1., 0.],
        [0., 1.],
        [1., 0.],
        [1., 0.],
        [1., 0.],
        [0., 1.],
        [1., 0.],
        [1., 0.],
        [0., 1.],
        [0., 1.],
        [0., 1.],
        [0., 1.],
        [0., 1.],
        [1., 0.],
        [0., 1.],
        [1., 0.],
        [1., 0.],
        [0., 1.],
        [1., 0.]], device='cuda:0', dtype=torch.float64), 'spins': tensor([ 1.,  1., -1.,  1.,  1., -1.,  1.,  1., -1., -1.,  1., -1., -1., -1.,
         1., -1., -1., -1.,  1., -1., -1.,  1.,  1.,  1.,  1.,  1., -1.,  1.,
        -1., -1.,  1., -1.], device='cuda:0', dtype=torch.float64), 'energy': 1.614103573022163e-07}
torch.Size([128, 32, 2])
torch.Size([128, 32])
torch.Size([128])
torch.Size([2160])
tensor([1.4340e-04, 1.8462e-05, 1.8462e-05,  ..., 1.6141e-07, 1.6141e-07,
        1.6141e-07], dtype=torch.float64)
{'onehot': tensor([[0., 1.],
        [0., 1.],
        [1., 0.],
        [0., 1.],
        [0., 1.],
        [1., 0.],
        [0., 1.],
        [0., 1.],
        [1., 0.],
        [1., 0.],
        [0., 1.],
        [1., 0.],
        [1., 0.],
        [1., 0.],
        [0., 1.],
        [1., 0.],
        [1., 0.],
        [1., 0.],
        [0., 1.],
        [1., 0.],
        [1., 0.],
        [0., 1.],
        [0., 1.],
        [0., 1.],
        [0., 1.],
        [0., 1.],
        [1., 0.],
        [0., 1.],
        [1., 0.],
        [1., 0.],
        [0., 1.],
        [1., 0.]], device='cuda:0', dtype=torch.float64), 'spins': tensor([ 1.,  1., -1.,  1.,  1., -1.,  1.,  1., -1., -1.,  1., -1., -1., -1.,
         1., -1., -1., -1.,  1., -1., -1.,  1.,  1.,  1.,  1.,  1., -1.,  1.,
        -1., -1.,  1., -1.], device='cuda:0', dtype=torch.float64), 'energy': 1.614103573022163e-07}
torch.Size([128, 32, 2])
torch.Size([128, 32])
torch.Size([128])
torch.Size([2320])
tensor([1.4340e-04, 1.8462e-05, 1.8462e-05,  ..., 1.0469e-08, 1.0469e-08,
        1.0469e-08], dtype=torch.float64)
{'onehot': tensor([[1., 0.],
        [0., 1.],
        [1., 0.],
        [0., 1.],
        [0., 1.],
        [0., 1.],
        [0., 1.],
        [0., 1.],
        [1., 0.],
        [1., 0.],
        [1., 0.],
        [1., 0.],
        [0., 1.],
        [0., 1.],
        [1., 0.],
        [1., 0.],
        [0., 1.],
        [0., 1.],
        [1., 0.],
        [0., 1.],
        [0., 1.],
        [0., 1.],
        [0., 1.],
        [0., 1.],
        [1., 0.],
        [1., 0.],
        [0., 1.],
        [0., 1.],
        [0., 1.],
        [1., 0.],
        [0., 1.],
        [0., 1.]], device='cuda:0', dtype=torch.float64), 'spins': tensor([-1.,  1., -1.,  1.,  1.,  1.,  1.,  1., -1., -1., -1., -1.,  1.,  1.,
        -1., -1.,  1.,  1., -1.,  1.,  1.,  1.,  1.,  1., -1., -1.,  1.,  1.,
         1., -1.,  1.,  1.], device='cuda:0', dtype=torch.float64), 'energy': 1.0468688582676577e-08}
torch.Size([128, 32, 2])
torch.Size([128, 32])
torch.Size([128])
torch.Size([2640])
tensor([1.4340e-04, 1.8462e-05, 1.8462e-05,  ..., 1.6141e-07, 1.6141e-07,
        1.6141e-07], dtype=torch.float64)
{'onehot': tensor([[0., 1.],
        [0., 1.],
        [1., 0.],
        [0., 1.],
        [0., 1.],
        [1., 0.],
        [0., 1.],
        [0., 1.],
        [1., 0.],
        [1., 0.],
        [0., 1.],
        [1., 0.],
        [1., 0.],
        [1., 0.],
        [0., 1.],
        [1., 0.],
        [1., 0.],
        [1., 0.],
        [0., 1.],
        [1., 0.],
        [1., 0.],
        [0., 1.],
        [0., 1.],
        [0., 1.],
        [0., 1.],
        [0., 1.],
        [1., 0.],
        [0., 1.],
        [1., 0.],
        [1., 0.],
        [0., 1.],
        [1., 0.]], device='cuda:0', dtype=torch.float64), 'spins': tensor([ 1.,  1., -1.,  1.,  1., -1.,  1.,  1., -1., -1.,  1., -1., -1., -1.,
         1., -1., -1., -1.,  1., -1., -1.,  1.,  1.,  1.,  1.,  1., -1.,  1.,
        -1., -1.,  1., -1.], device='cuda:0', dtype=torch.float64), 'energy': 1.614103573022163e-07}
torch.Size([128, 32, 2])
torch.Size([128, 32])
torch.Size([128])
torch.Size([3280])
tensor([1.4340e-04, 1.8462e-05, 1.8462e-05,  ..., 1.6141e-07, 1.6141e-07,
        1.6141e-07], dtype=torch.float64)
{'onehot': tensor([[0., 1.],
        [0., 1.],
        [1., 0.],
        [0., 1.],
        [0., 1.],
        [1., 0.],
        [0., 1.],
        [0., 1.],
        [1., 0.],
        [1., 0.],
        [0., 1.],
        [1., 0.],
        [1., 0.],
        [1., 0.],
        [0., 1.],
        [1., 0.],
        [1., 0.],
        [1., 0.],
        [0., 1.],
        [1., 0.],
        [1., 0.],
        [0., 1.],
        [0., 1.],
        [0., 1.],
        [0., 1.],
        [0., 1.],
        [1., 0.],
        [0., 1.],
        [1., 0.],
        [1., 0.],
        [0., 1.],
        [1., 0.]], device='cuda:0', dtype=torch.float64), 'spins': tensor([ 1.,  1., -1.,  1.,  1., -1.,  1.,  1., -1., -1.,  1., -1., -1., -1.,
         1., -1., -1., -1.,  1., -1., -1.,  1.,  1.,  1.,  1.,  1., -1.,  1.,
        -1., -1.,  1., -1.], device='cuda:0', dtype=torch.float64), 'energy': 1.614103573022163e-07}
torch.Size([128, 32, 2])
torch.Size([128, 32])
torch.Size([128])
torch.Size([4560])
tensor([1.4340e-04, 1.8462e-05, 1.8462e-05,  ..., 1.2680e-08, 1.2680e-08,
        1.2680e-08], dtype=torch.float64)
{'onehot': tensor([[0., 1.],
        [1., 0.],
        [1., 0.],
        [0., 1.],
        [0., 1.],
        [0., 1.],
        [0., 1.],
        [0., 1.],
        [0., 1.],
        [0., 1.],
        [0., 1.],
        [1., 0.],
        [1., 0.],
        [1., 0.],
        [0., 1.],
        [0., 1.],
        [1., 0.],
        [0., 1.],
        [0., 1.],
        [1., 0.],
        [0., 1.],
        [1., 0.],
        [0., 1.],
        [1., 0.],
        [1., 0.],
        [0., 1.],
        [1., 0.],
        [0., 1.],
        [0., 1.],
        [0., 1.],
        [1., 0.],
        [0., 1.]], device='cuda:0', dtype=torch.float64), 'spins': tensor([ 1., -1., -1.,  1.,  1.,  1.,  1.,  1.,  1.,  1.,  1., -1., -1., -1.,
         1.,  1., -1.,  1.,  1., -1.,  1., -1.,  1., -1., -1.,  1., -1.,  1.,
         1.,  1., -1.,  1.], device='cuda:0', dtype=torch.float64), 'energy': 1.2680435590439743e-08}
torch.Size([128, 32, 2])
torch.Size([128, 32])
torch.Size([128])
torch.Size([7120])
tensor([1.4340e-04, 1.8462e-05, 1.8462e-05,  ..., 3.0510e-08, 3.0510e-08,
        3.0510e-08], dtype=torch.float64)
{'onehot': tensor([[0., 1.],
        [1., 0.],
        [1., 0.],
        [0., 1.],
        [0., 1.],
        [0., 1.],
        [0., 1.],
        [0., 1.],
        [0., 1.],
        [0., 1.],
        [1., 0.],
        [0., 1.],
        [0., 1.],
        [1., 0.],
        [1., 0.],
        [1., 0.],
        [0., 1.],
        [0., 1.],
        [0., 1.],
        [1., 0.],
        [0., 1.],
        [0., 1.],
        [0., 1.],
        [0., 1.],
        [1., 0.],
        [0., 1.],
        [0., 1.],
        [1., 0.],
        [0., 1.],
        [0., 1.],
        [0., 1.],
        [0., 1.]], device='cuda:0', dtype=torch.float64), 'spins': tensor([ 1., -1., -1.,  1.,  1.,  1.,  1.,  1.,  1.,  1., -1.,  1.,  1., -1.,
        -1., -1.,  1.,  1.,  1., -1.,  1.,  1.,  1.,  1., -1.,  1.,  1., -1.,
         1.,  1.,  1.,  1.], device='cuda:0', dtype=torch.float64), 'energy': 3.050999430875834e-08}
torch.Size([128, 32, 2])
torch.Size([128, 32])
torch.Size([128])
torch.Size([12240])
tensor([1.4340e-04, 1.8462e-05, 1.8462e-05,  ..., 5.3756e-09, 5.3756e-09,
        5.3756e-09], dtype=torch.float64)
{'onehot': tensor([[1., 0.],
        [1., 0.],
        [0., 1.],
        [0., 1.],
        [1., 0.],
        [0., 1.],
        [1., 0.],
        [1., 0.],
        [0., 1.],
        [1., 0.],
        [1., 0.],
        [0., 1.],
        [1., 0.],
        [0., 1.],
        [1., 0.],
        [0., 1.],
        [1., 0.],
        [0., 1.],
        [1., 0.],
        [1., 0.],
        [0., 1.],
        [1., 0.],
        [0., 1.],
        [0., 1.],
        [1., 0.],
        [0., 1.],
        [1., 0.],
        [0., 1.],
        [0., 1.],
        [0., 1.],
        [1., 0.],
        [0., 1.]], device='cuda:0', dtype=torch.float64), 'spins': tensor([-1., -1.,  1.,  1., -1.,  1., -1., -1.,  1., -1., -1.,  1., -1.,  1.,
        -1.,  1., -1.,  1., -1., -1.,  1., -1.,  1.,  1., -1.,  1., -1.,  1.,
         1.,  1., -1.,  1.], device='cuda:0', dtype=torch.float64), 'energy': 5.3756388229686536e-09}
