ng31003
==== Mon 15 Sep 2025 07:01:57 AM EDT | job 49717207 | node ng31003 ====
model= instance= sa_anneal=
SLURM_JOB_GPUS=3
CUDA_VISIBLE_DEVICES=0
0, GPU-6bd03b38-6a82-95d4-76d8-d4cd082084a5, NVIDIA A100-SXM4-40GB
torch.Size([128, 32, 2])
torch.Size([128, 32])
torch.Size([128])
torch.Size([2080])
tensor([0.2255, 0.1312, 0.1312,  ..., 0.0211, 0.0211, 0.0211],
       dtype=torch.float64)
{'onehot': tensor([[1., 0.],
        [0., 1.],
        [0., 1.],
        [1., 0.],
        [1., 0.],
        [0., 1.],
        [1., 0.],
        [0., 1.],
        [1., 0.],
        [0., 1.],
        [0., 1.],
        [1., 0.],
        [1., 0.],
        [1., 0.],
        [0., 1.],
        [1., 0.],
        [1., 0.],
        [1., 0.],
        [1., 0.],
        [0., 1.],
        [0., 1.],
        [1., 0.],
        [1., 0.],
        [1., 0.],
        [1., 0.],
        [0., 1.],
        [0., 1.],
        [0., 1.],
        [1., 0.],
        [1., 0.],
        [1., 0.],
        [0., 1.]], device='cuda:0', dtype=torch.float64), 'spins': tensor([-1.,  1.,  1., -1., -1.,  1., -1.,  1., -1.,  1.,  1., -1., -1., -1.,
         1., -1., -1., -1., -1.,  1.,  1., -1., -1., -1., -1.,  1.,  1.,  1.,
        -1., -1., -1.,  1.], device='cuda:0', dtype=torch.float64), 'energy': 0.021131007268013313}
torch.Size([128, 32, 2])
torch.Size([128, 32])
torch.Size([128])
torch.Size([2160])
tensor([0.2255, 0.1312, 0.1312,  ..., 0.0211, 0.0211, 0.0211],
       dtype=torch.float64)
{'onehot': tensor([[1., 0.],
        [0., 1.],
        [0., 1.],
        [1., 0.],
        [1., 0.],
        [0., 1.],
        [1., 0.],
        [0., 1.],
        [1., 0.],
        [0., 1.],
        [0., 1.],
        [1., 0.],
        [1., 0.],
        [1., 0.],
        [0., 1.],
        [1., 0.],
        [1., 0.],
        [1., 0.],
        [1., 0.],
        [0., 1.],
        [0., 1.],
        [1., 0.],
        [1., 0.],
        [1., 0.],
        [1., 0.],
        [0., 1.],
        [0., 1.],
        [0., 1.],
        [1., 0.],
        [1., 0.],
        [1., 0.],
        [0., 1.]], device='cuda:0', dtype=torch.float64), 'spins': tensor([-1.,  1.,  1., -1., -1.,  1., -1.,  1., -1.,  1.,  1., -1., -1., -1.,
         1., -1., -1., -1., -1.,  1.,  1., -1., -1., -1., -1.,  1.,  1.,  1.,
        -1., -1., -1.,  1.], device='cuda:0', dtype=torch.float64), 'energy': 0.021131007268013313}
torch.Size([128, 32, 2])
torch.Size([128, 32])
torch.Size([128])
torch.Size([2320])
tensor([0.2255, 0.1312, 0.1312,  ..., 0.0133, 0.0133, 0.0133],
       dtype=torch.float64)
{'onehot': tensor([[1., 0.],
        [1., 0.],
        [1., 0.],
        [1., 0.],
        [0., 1.],
        [0., 1.],
        [1., 0.],
        [0., 1.],
        [1., 0.],
        [1., 0.],
        [1., 0.],
        [1., 0.],
        [1., 0.],
        [0., 1.],
        [0., 1.],
        [1., 0.],
        [1., 0.],
        [0., 1.],
        [0., 1.],
        [0., 1.],
        [1., 0.],
        [1., 0.],
        [1., 0.],
        [1., 0.],
        [1., 0.],
        [1., 0.],
        [1., 0.],
        [0., 1.],
        [1., 0.],
        [0., 1.],
        [0., 1.],
        [1., 0.]], device='cuda:0', dtype=torch.float64), 'spins': tensor([-1., -1., -1., -1.,  1.,  1., -1.,  1., -1., -1., -1., -1., -1.,  1.,
         1., -1., -1.,  1.,  1.,  1., -1., -1., -1., -1., -1., -1., -1.,  1.,
        -1.,  1.,  1., -1.], device='cuda:0', dtype=torch.float64), 'energy': 0.013277657638591567}
torch.Size([128, 32, 2])
torch.Size([128, 32])
torch.Size([128])
torch.Size([2640])
tensor([0.2255, 0.1312, 0.1312,  ..., 0.0112, 0.0112, 0.0112],
       dtype=torch.float64)
{'onehot': tensor([[0., 1.],
        [1., 0.],
        [1., 0.],
        [0., 1.],
        [0., 1.],
        [1., 0.],
        [0., 1.],
        [0., 1.],
        [0., 1.],
        [0., 1.],
        [0., 1.],
        [0., 1.],
        [0., 1.],
        [1., 0.],
        [0., 1.],
        [0., 1.],
        [1., 0.],
        [1., 0.],
        [0., 1.],
        [1., 0.],
        [1., 0.],
        [1., 0.],
        [0., 1.],
        [1., 0.],
        [1., 0.],
        [1., 0.],
        [0., 1.],
        [1., 0.],
        [1., 0.],
        [1., 0.],
        [0., 1.],
        [1., 0.]], device='cuda:0', dtype=torch.float64), 'spins': tensor([ 1., -1., -1.,  1.,  1., -1.,  1.,  1.,  1.,  1.,  1.,  1.,  1., -1.,
         1.,  1., -1., -1.,  1., -1., -1., -1.,  1., -1., -1., -1.,  1., -1.,
        -1., -1.,  1., -1.], device='cuda:0', dtype=torch.float64), 'energy': 0.011234681823507842}
torch.Size([128, 32, 2])
torch.Size([128, 32])
torch.Size([128])
torch.Size([3280])
tensor([0.2255, 0.1312, 0.1312,  ..., 0.0133, 0.0133, 0.0133],
       dtype=torch.float64)
{'onehot': tensor([[1., 0.],
        [1., 0.],
        [1., 0.],
        [1., 0.],
        [0., 1.],
        [0., 1.],
        [1., 0.],
        [0., 1.],
        [1., 0.],
        [1., 0.],
        [1., 0.],
        [1., 0.],
        [1., 0.],
        [0., 1.],
        [0., 1.],
        [1., 0.],
        [1., 0.],
        [0., 1.],
        [0., 1.],
        [0., 1.],
        [1., 0.],
        [1., 0.],
        [1., 0.],
        [1., 0.],
        [1., 0.],
        [1., 0.],
        [1., 0.],
        [0., 1.],
        [1., 0.],
        [0., 1.],
        [0., 1.],
        [1., 0.]], device='cuda:0', dtype=torch.float64), 'spins': tensor([-1., -1., -1., -1.,  1.,  1., -1.,  1., -1., -1., -1., -1., -1.,  1.,
         1., -1., -1.,  1.,  1.,  1., -1., -1., -1., -1., -1., -1., -1.,  1.,
        -1.,  1.,  1., -1.], device='cuda:0', dtype=torch.float64), 'energy': 0.013277657638591567}
torch.Size([128, 32, 2])
torch.Size([128, 32])
torch.Size([128])
torch.Size([4560])
tensor([0.2255, 0.1312, 0.1312,  ..., 0.0111, 0.0111, 0.0111],
       dtype=torch.float64)
{'onehot': tensor([[0., 1.],
        [0., 1.],
        [0., 1.],
        [0., 1.],
        [1., 0.],
        [0., 1.],
        [1., 0.],
        [0., 1.],
        [0., 1.],
        [1., 0.],
        [1., 0.],
        [1., 0.],
        [0., 1.],
        [0., 1.],
        [1., 0.],
        [1., 0.],
        [1., 0.],
        [0., 1.],
        [1., 0.],
        [0., 1.],
        [1., 0.],
        [1., 0.],
        [0., 1.],
        [1., 0.],
        [1., 0.],
        [1., 0.],
        [1., 0.],
        [1., 0.],
        [0., 1.],
        [1., 0.],
        [0., 1.],
        [1., 0.]], device='cuda:0', dtype=torch.float64), 'spins': tensor([ 1.,  1.,  1.,  1., -1.,  1., -1.,  1.,  1., -1., -1., -1.,  1.,  1.,
        -1., -1., -1.,  1., -1.,  1., -1., -1.,  1., -1., -1., -1., -1., -1.,
         1., -1.,  1., -1.], device='cuda:0', dtype=torch.float64), 'energy': 0.01113585069833789}
torch.Size([128, 32, 2])
torch.Size([128, 32])
torch.Size([128])
torch.Size([7120])
tensor([0.2255, 0.1312, 0.1312,  ..., 0.0111, 0.0111, 0.0111],
       dtype=torch.float64)
{'onehot': tensor([[0., 1.],
        [0., 1.],
        [0., 1.],
        [0., 1.],
        [1., 0.],
        [0., 1.],
        [1., 0.],
        [0., 1.],
        [0., 1.],
        [1., 0.],
        [1., 0.],
        [1., 0.],
        [0., 1.],
        [0., 1.],
        [1., 0.],
        [1., 0.],
        [1., 0.],
        [0., 1.],
        [1., 0.],
        [0., 1.],
        [1., 0.],
        [1., 0.],
        [0., 1.],
        [1., 0.],
        [1., 0.],
        [1., 0.],
        [1., 0.],
        [1., 0.],
        [0., 1.],
        [1., 0.],
        [0., 1.],
        [1., 0.]], device='cuda:0', dtype=torch.float64), 'spins': tensor([ 1.,  1.,  1.,  1., -1.,  1., -1.,  1.,  1., -1., -1., -1.,  1.,  1.,
        -1., -1., -1.,  1., -1.,  1., -1., -1.,  1., -1., -1., -1., -1., -1.,
         1., -1.,  1., -1.], device='cuda:0', dtype=torch.float64), 'energy': 0.01113585069833789}
torch.Size([128, 32, 2])
torch.Size([128, 32])
torch.Size([128])
torch.Size([12240])
tensor([0.2255, 0.1312, 0.1312,  ..., 0.0000, 0.0000, 0.0000],
       dtype=torch.float64)
{'onehot': tensor([[1., 0.],
        [1., 0.],
        [1., 0.],
        [1., 0.],
        [1., 0.],
        [1., 0.],
        [1., 0.],
        [1., 0.],
        [1., 0.],
        [1., 0.],
        [1., 0.],
        [1., 0.],
        [1., 0.],
        [1., 0.],
        [1., 0.],
        [1., 0.],
        [1., 0.],
        [1., 0.],
        [1., 0.],
        [1., 0.],
        [1., 0.],
        [1., 0.],
        [1., 0.],
        [1., 0.],
        [1., 0.],
        [1., 0.],
        [1., 0.],
        [1., 0.],
        [1., 0.],
        [1., 0.],
        [1., 0.],
        [1., 0.]], device='cuda:0', dtype=torch.float64), 'spins': tensor([-1., -1., -1., -1., -1., -1., -1., -1., -1., -1., -1., -1., -1., -1.,
        -1., -1., -1., -1., -1., -1., -1., -1., -1., -1., -1., -1., -1., -1.,
        -1., -1., -1., -1.], device='cuda:0', dtype=torch.float64), 'energy': 0.0}
