ng10711
==== Sat 13 Sep 2025 11:04:38 AM EDT | job 49639838 | node ng10711 ====
model= instance= sa_anneal=
SLURM_JOB_GPUS=1
CUDA_VISIBLE_DEVICES=0
0, GPU-14b4933b-dd2f-5031-84ff-b8160de01ed8, NVIDIA A100-SXM4-40GB
torch.Size([128, 32, 2])
torch.Size([128, 32])
torch.Size([128])
torch.Size([2080])
tensor([-3.7341, -3.8813, -3.8813,  ..., -3.8994, -3.8994, -3.8994],
       dtype=torch.float64)
{'onehot': tensor([[1., 0.],
        [1., 0.],
        [1., 0.],
        [1., 0.],
        [1., 0.],
        [1., 0.],
        [1., 0.],
        [1., 0.],
        [0., 1.],
        [1., 0.],
        [1., 0.],
        [0., 1.],
        [1., 0.],
        [1., 0.],
        [0., 1.],
        [1., 0.],
        [1., 0.],
        [1., 0.],
        [1., 0.],
        [1., 0.],
        [1., 0.],
        [0., 1.],
        [1., 0.],
        [1., 0.],
        [0., 1.],
        [1., 0.],
        [0., 1.],
        [1., 0.],
        [0., 1.],
        [1., 0.],
        [1., 0.],
        [1., 0.]], device='cuda:0', dtype=torch.float64), 'spins': tensor([-1., -1., -1., -1., -1., -1., -1., -1.,  1., -1., -1.,  1., -1., -1.,
         1., -1., -1., -1., -1., -1., -1.,  1., -1., -1.,  1., -1.,  1., -1.,
         1., -1., -1., -1.], device='cuda:0', dtype=torch.float64), 'energy': -3.8994455645191817}
torch.Size([128, 32, 2])
torch.Size([128, 32])
torch.Size([128])
torch.Size([2160])
tensor([-3.7341, -3.8813, -3.8813,  ..., -3.8994, -3.8994, -3.8994],
       dtype=torch.float64)
{'onehot': tensor([[1., 0.],
        [1., 0.],
        [1., 0.],
        [1., 0.],
        [1., 0.],
        [1., 0.],
        [1., 0.],
        [1., 0.],
        [0., 1.],
        [1., 0.],
        [1., 0.],
        [0., 1.],
        [1., 0.],
        [1., 0.],
        [0., 1.],
        [1., 0.],
        [1., 0.],
        [1., 0.],
        [1., 0.],
        [1., 0.],
        [1., 0.],
        [0., 1.],
        [1., 0.],
        [1., 0.],
        [0., 1.],
        [1., 0.],
        [0., 1.],
        [1., 0.],
        [0., 1.],
        [1., 0.],
        [1., 0.],
        [1., 0.]], device='cuda:0', dtype=torch.float64), 'spins': tensor([-1., -1., -1., -1., -1., -1., -1., -1.,  1., -1., -1.,  1., -1., -1.,
         1., -1., -1., -1., -1., -1., -1.,  1., -1., -1.,  1., -1.,  1., -1.,
         1., -1., -1., -1.], device='cuda:0', dtype=torch.float64), 'energy': -3.8994455645191817}
torch.Size([128, 32, 2])
torch.Size([128, 32])
torch.Size([128])
torch.Size([2320])
tensor([-3.7341, -3.8813, -3.8813,  ..., -3.8994, -3.8994, -3.8994],
       dtype=torch.float64)
{'onehot': tensor([[1., 0.],
        [1., 0.],
        [1., 0.],
        [1., 0.],
        [1., 0.],
        [1., 0.],
        [1., 0.],
        [1., 0.],
        [0., 1.],
        [1., 0.],
        [1., 0.],
        [0., 1.],
        [1., 0.],
        [1., 0.],
        [0., 1.],
        [1., 0.],
        [1., 0.],
        [1., 0.],
        [1., 0.],
        [1., 0.],
        [1., 0.],
        [0., 1.],
        [1., 0.],
        [1., 0.],
        [0., 1.],
        [1., 0.],
        [0., 1.],
        [1., 0.],
        [0., 1.],
        [1., 0.],
        [1., 0.],
        [1., 0.]], device='cuda:0', dtype=torch.float64), 'spins': tensor([-1., -1., -1., -1., -1., -1., -1., -1.,  1., -1., -1.,  1., -1., -1.,
         1., -1., -1., -1., -1., -1., -1.,  1., -1., -1.,  1., -1.,  1., -1.,
         1., -1., -1., -1.], device='cuda:0', dtype=torch.float64), 'energy': -3.8994455645191817}
torch.Size([128, 32, 2])
torch.Size([128, 32])
torch.Size([128])
torch.Size([2640])
tensor([-3.7341, -3.8813, -3.8813,  ..., -3.8994, -3.8994, -3.8994],
       dtype=torch.float64)
{'onehot': tensor([[0., 1.],
        [0., 1.],
        [0., 1.],
        [0., 1.],
        [0., 1.],
        [0., 1.],
        [0., 1.],
        [0., 1.],
        [0., 1.],
        [0., 1.],
        [0., 1.],
        [0., 1.],
        [0., 1.],
        [0., 1.],
        [1., 0.],
        [1., 0.],
        [1., 0.],
        [0., 1.],
        [1., 0.],
        [0., 1.],
        [0., 1.],
        [0., 1.],
        [1., 0.],
        [1., 0.],
        [0., 1.],
        [0., 1.],
        [0., 1.],
        [0., 1.],
        [0., 1.],
        [0., 1.],
        [0., 1.],
        [1., 0.]], device='cuda:0', dtype=torch.float64), 'spins': tensor([ 1.,  1.,  1.,  1.,  1.,  1.,  1.,  1.,  1.,  1.,  1.,  1.,  1.,  1.,
        -1., -1., -1.,  1., -1.,  1.,  1.,  1., -1., -1.,  1.,  1.,  1.,  1.,
         1.,  1.,  1., -1.], device='cuda:0', dtype=torch.float64), 'energy': -3.899445564520275}
torch.Size([128, 32, 2])
torch.Size([128, 32])
torch.Size([128])
torch.Size([3280])
tensor([-3.7341, -3.8813, -3.8813,  ..., -4.0111, -4.0111, -4.0111],
       dtype=torch.float64)
{'onehot': tensor([[1., 0.],
        [1., 0.],
        [1., 0.],
        [1., 0.],
        [1., 0.],
        [0., 1.],
        [1., 0.],
        [1., 0.],
        [1., 0.],
        [1., 0.],
        [1., 0.],
        [1., 0.],
        [1., 0.],
        [1., 0.],
        [1., 0.],
        [1., 0.],
        [1., 0.],
        [1., 0.],
        [1., 0.],
        [1., 0.],
        [1., 0.],
        [1., 0.],
        [1., 0.],
        [1., 0.],
        [1., 0.],
        [1., 0.],
        [1., 0.],
        [0., 1.],
        [1., 0.],
        [1., 0.],
        [1., 0.],
        [1., 0.]], device='cuda:0', dtype=torch.float64), 'spins': tensor([-1., -1., -1., -1., -1.,  1., -1., -1., -1., -1., -1., -1., -1., -1.,
        -1., -1., -1., -1., -1., -1., -1., -1., -1., -1., -1., -1., -1.,  1.,
        -1., -1., -1., -1.], device='cuda:0', dtype=torch.float64), 'energy': -4.011088709667529}
torch.Size([128, 32, 2])
torch.Size([128, 32])
torch.Size([128])
torch.Size([4560])
tensor([-3.7341, -3.8813, -3.8813,  ..., -3.8994, -3.8994, -3.8994],
       dtype=torch.float64)
{'onehot': tensor([[1., 0.],
        [1., 0.],
        [1., 0.],
        [1., 0.],
        [1., 0.],
        [1., 0.],
        [1., 0.],
        [1., 0.],
        [1., 0.],
        [1., 0.],
        [1., 0.],
        [1., 0.],
        [1., 0.],
        [1., 0.],
        [0., 1.],
        [0., 1.],
        [1., 0.],
        [1., 0.],
        [1., 0.],
        [0., 1.],
        [0., 1.],
        [1., 0.],
        [1., 0.],
        [0., 1.],
        [0., 1.],
        [1., 0.],
        [0., 1.],
        [1., 0.],
        [1., 0.],
        [1., 0.],
        [1., 0.],
        [1., 0.]], device='cuda:0', dtype=torch.float64), 'spins': tensor([-1., -1., -1., -1., -1., -1., -1., -1., -1., -1., -1., -1., -1., -1.,
         1.,  1., -1., -1., -1.,  1.,  1., -1., -1.,  1.,  1., -1.,  1., -1.,
        -1., -1., -1., -1.], device='cuda:0', dtype=torch.float64), 'energy': -3.899445564521755}
torch.Size([128, 32, 2])
torch.Size([128, 32])
torch.Size([128])
torch.Size([7120])
tensor([-3.7341, -3.8813, -3.8813,  ..., -4.0504, -4.0504, -4.0504],
       dtype=torch.float64)
{'onehot': tensor([[0., 1.],
        [0., 1.],
        [0., 1.],
        [0., 1.],
        [0., 1.],
        [0., 1.],
        [0., 1.],
        [0., 1.],
        [0., 1.],
        [0., 1.],
        [0., 1.],
        [0., 1.],
        [0., 1.],
        [0., 1.],
        [0., 1.],
        [0., 1.],
        [0., 1.],
        [0., 1.],
        [0., 1.],
        [0., 1.],
        [0., 1.],
        [0., 1.],
        [0., 1.],
        [0., 1.],
        [0., 1.],
        [0., 1.],
        [0., 1.],
        [0., 1.],
        [0., 1.],
        [0., 1.],
        [0., 1.],
        [0., 1.]], device='cuda:0', dtype=torch.float64), 'spins': tensor([1., 1., 1., 1., 1., 1., 1., 1., 1., 1., 1., 1., 1., 1., 1., 1., 1., 1.,
        1., 1., 1., 1., 1., 1., 1., 1., 1., 1., 1., 1., 1., 1.],
       device='cuda:0', dtype=torch.float64), 'energy': -4.050403225796023}
torch.Size([128, 32, 2])
torch.Size([128, 32])
torch.Size([128])
torch.Size([12240])
tensor([-3.7341, -3.8813, -3.8813,  ..., -3.8994, -3.8994, -3.8994],
       dtype=torch.float64)
{'onehot': tensor([[1., 0.],
        [0., 1.],
        [1., 0.],
        [0., 1.],
        [1., 0.],
        [1., 0.],
        [1., 0.],
        [1., 0.],
        [1., 0.],
        [1., 0.],
        [1., 0.],
        [1., 0.],
        [1., 0.],
        [1., 0.],
        [0., 1.],
        [0., 1.],
        [1., 0.],
        [1., 0.],
        [1., 0.],
        [1., 0.],
        [1., 0.],
        [0., 1.],
        [0., 1.],
        [1., 0.],
        [0., 1.],
        [1., 0.],
        [1., 0.],
        [1., 0.],
        [1., 0.],
        [1., 0.],
        [1., 0.],
        [1., 0.]], device='cuda:0', dtype=torch.float64), 'spins': tensor([-1.,  1., -1.,  1., -1., -1., -1., -1., -1., -1., -1., -1., -1., -1.,
         1.,  1., -1., -1., -1., -1., -1.,  1.,  1., -1.,  1., -1., -1., -1.,
        -1., -1., -1., -1.], device='cuda:0', dtype=torch.float64), 'energy': -3.899445564523661}
