ng31303
==== Mon 15 Sep 2025 09:23:56 AM EDT | job 49721587 | node ng31303 ====
model= instance= sa_anneal=
SLURM_JOB_GPUS=1
CUDA_VISIBLE_DEVICES=0
0, GPU-1a287f03-a0ae-a34e-0169-62ebbbd530c8, NVIDIA A100-SXM4-40GB
torch.Size([128, 32, 2])
torch.Size([128, 32])
torch.Size([128])
torch.Size([2080])
tensor([1.4663e-06, 1.4663e-06, 1.4663e-06,  ..., 7.7098e-08, 7.7098e-08,
        7.7098e-08], dtype=torch.float64)
{'onehot': tensor([[0., 1.],
        [0., 1.],
        [1., 0.],
        [1., 0.],
        [0., 1.],
        [1., 0.],
        [1., 0.],
        [1., 0.],
        [1., 0.],
        [0., 1.],
        [0., 1.],
        [1., 0.],
        [0., 1.],
        [1., 0.],
        [1., 0.],
        [1., 0.],
        [0., 1.],
        [1., 0.],
        [0., 1.],
        [0., 1.],
        [1., 0.],
        [1., 0.],
        [0., 1.],
        [1., 0.],
        [0., 1.],
        [0., 1.],
        [1., 0.],
        [1., 0.],
        [1., 0.],
        [1., 0.],
        [1., 0.],
        [1., 0.]], device='cuda:0', dtype=torch.float64), 'spins': tensor([ 1.,  1., -1., -1.,  1., -1., -1., -1., -1.,  1.,  1., -1.,  1., -1.,
        -1., -1.,  1., -1.,  1.,  1., -1., -1.,  1., -1.,  1.,  1., -1., -1.,
        -1., -1., -1., -1.], device='cuda:0', dtype=torch.float64), 'energy': 7.709814164869044e-08}
torch.Size([128, 32, 2])
torch.Size([128, 32])
torch.Size([128])
torch.Size([2160])
tensor([1.4663e-06, 1.4663e-06, 1.4663e-06,  ..., 7.7098e-08, 7.7098e-08,
        7.7098e-08], dtype=torch.float64)
{'onehot': tensor([[0., 1.],
        [0., 1.],
        [1., 0.],
        [1., 0.],
        [0., 1.],
        [1., 0.],
        [1., 0.],
        [1., 0.],
        [1., 0.],
        [0., 1.],
        [0., 1.],
        [1., 0.],
        [0., 1.],
        [1., 0.],
        [1., 0.],
        [1., 0.],
        [0., 1.],
        [1., 0.],
        [0., 1.],
        [0., 1.],
        [1., 0.],
        [1., 0.],
        [0., 1.],
        [1., 0.],
        [0., 1.],
        [0., 1.],
        [1., 0.],
        [1., 0.],
        [1., 0.],
        [1., 0.],
        [1., 0.],
        [1., 0.]], device='cuda:0', dtype=torch.float64), 'spins': tensor([ 1.,  1., -1., -1.,  1., -1., -1., -1., -1.,  1.,  1., -1.,  1., -1.,
        -1., -1.,  1., -1.,  1.,  1., -1., -1.,  1., -1.,  1.,  1., -1., -1.,
        -1., -1., -1., -1.], device='cuda:0', dtype=torch.float64), 'energy': 7.709814164869044e-08}
torch.Size([128, 32, 2])
torch.Size([128, 32])
torch.Size([128])
torch.Size([2320])
tensor([1.4663e-06, 1.4663e-06, 1.4663e-06,  ..., 7.7098e-08, 7.7098e-08,
        7.7098e-08], dtype=torch.float64)
{'onehot': tensor([[0., 1.],
        [0., 1.],
        [1., 0.],
        [1., 0.],
        [0., 1.],
        [1., 0.],
        [1., 0.],
        [1., 0.],
        [1., 0.],
        [0., 1.],
        [0., 1.],
        [1., 0.],
        [0., 1.],
        [1., 0.],
        [1., 0.],
        [1., 0.],
        [0., 1.],
        [1., 0.],
        [0., 1.],
        [0., 1.],
        [1., 0.],
        [1., 0.],
        [0., 1.],
        [1., 0.],
        [0., 1.],
        [0., 1.],
        [1., 0.],
        [1., 0.],
        [1., 0.],
        [1., 0.],
        [1., 0.],
        [1., 0.]], device='cuda:0', dtype=torch.float64), 'spins': tensor([ 1.,  1., -1., -1.,  1., -1., -1., -1., -1.,  1.,  1., -1.,  1., -1.,
        -1., -1.,  1., -1.,  1.,  1., -1., -1.,  1., -1.,  1.,  1., -1., -1.,
        -1., -1., -1., -1.], device='cuda:0', dtype=torch.float64), 'energy': 7.709814164869044e-08}
torch.Size([128, 32, 2])
torch.Size([128, 32])
torch.Size([128])
torch.Size([2640])
tensor([1.4663e-06, 1.4663e-06, 1.4663e-06,  ..., 5.8515e-08, 5.8515e-08,
        5.8515e-08], dtype=torch.float64)
{'onehot': tensor([[0., 1.],
        [1., 0.],
        [1., 0.],
        [1., 0.],
        [1., 0.],
        [0., 1.],
        [0., 1.],
        [1., 0.],
        [1., 0.],
        [0., 1.],
        [1., 0.],
        [1., 0.],
        [1., 0.],
        [0., 1.],
        [0., 1.],
        [0., 1.],
        [0., 1.],
        [1., 0.],
        [0., 1.],
        [0., 1.],
        [1., 0.],
        [1., 0.],
        [1., 0.],
        [1., 0.],
        [0., 1.],
        [0., 1.],
        [0., 1.],
        [1., 0.],
        [0., 1.],
        [0., 1.],
        [1., 0.],
        [1., 0.]], device='cuda:0', dtype=torch.float64), 'spins': tensor([ 1., -1., -1., -1., -1.,  1.,  1., -1., -1.,  1., -1., -1., -1.,  1.,
         1.,  1.,  1., -1.,  1.,  1., -1., -1., -1., -1.,  1.,  1.,  1., -1.,
         1.,  1., -1., -1.], device='cuda:0', dtype=torch.float64), 'energy': 5.8515460477082115e-08}
torch.Size([128, 32, 2])
torch.Size([128, 32])
torch.Size([128])
torch.Size([3280])
tensor([1.4663e-06, 1.4663e-06, 1.4663e-06,  ..., 5.3208e-09, 5.3208e-09,
        5.3208e-09], dtype=torch.float64)
{'onehot': tensor([[1., 0.],
        [1., 0.],
        [0., 1.],
        [0., 1.],
        [1., 0.],
        [0., 1.],
        [0., 1.],
        [1., 0.],
        [0., 1.],
        [0., 1.],
        [0., 1.],
        [1., 0.],
        [1., 0.],
        [0., 1.],
        [0., 1.],
        [0., 1.],
        [1., 0.],
        [1., 0.],
        [0., 1.],
        [0., 1.],
        [1., 0.],
        [1., 0.],
        [0., 1.],
        [0., 1.],
        [0., 1.],
        [0., 1.],
        [0., 1.],
        [0., 1.],
        [0., 1.],
        [1., 0.],
        [1., 0.],
        [0., 1.]], device='cuda:0', dtype=torch.float64), 'spins': tensor([-1., -1.,  1.,  1., -1.,  1.,  1., -1.,  1.,  1.,  1., -1., -1.,  1.,
         1.,  1., -1., -1.,  1.,  1., -1., -1.,  1.,  1.,  1.,  1.,  1.,  1.,
         1., -1., -1.,  1.], device='cuda:0', dtype=torch.float64), 'energy': 5.3208126793435895e-09}
torch.Size([128, 32, 2])
torch.Size([128, 32])
torch.Size([128])
torch.Size([4560])
tensor([1.4663e-06, 1.4663e-06, 1.4663e-06,  ..., 3.5603e-08, 3.5603e-08,
        3.5603e-08], dtype=torch.float64)
{'onehot': tensor([[0., 1.],
        [1., 0.],
        [0., 1.],
        [1., 0.],
        [0., 1.],
        [1., 0.],
        [0., 1.],
        [1., 0.],
        [0., 1.],
        [1., 0.],
        [1., 0.],
        [0., 1.],
        [0., 1.],
        [0., 1.],
        [1., 0.],
        [1., 0.],
        [1., 0.],
        [1., 0.],
        [1., 0.],
        [1., 0.],
        [0., 1.],
        [0., 1.],
        [1., 0.],
        [0., 1.],
        [0., 1.],
        [1., 0.],
        [0., 1.],
        [1., 0.],
        [1., 0.],
        [1., 0.],
        [0., 1.],
        [0., 1.]], device='cuda:0', dtype=torch.float64), 'spins': tensor([ 1., -1.,  1., -1.,  1., -1.,  1., -1.,  1., -1., -1.,  1.,  1.,  1.,
        -1., -1., -1., -1., -1., -1.,  1.,  1., -1.,  1.,  1., -1.,  1., -1.,
        -1., -1.,  1.,  1.], device='cuda:0', dtype=torch.float64), 'energy': 3.5602556014424636e-08}
torch.Size([128, 32, 2])
torch.Size([128, 32])
torch.Size([128])
torch.Size([7120])
tensor([1.4663e-06, 1.4663e-06, 1.4663e-06,  ..., 1.5201e-09, 1.5201e-09,
        1.5201e-09], dtype=torch.float64)
{'onehot': tensor([[1., 0.],
        [0., 1.],
        [0., 1.],
        [0., 1.],
        [1., 0.],
        [0., 1.],
        [0., 1.],
        [1., 0.],
        [1., 0.],
        [0., 1.],
        [0., 1.],
        [0., 1.],
        [1., 0.],
        [1., 0.],
        [1., 0.],
        [0., 1.],
        [0., 1.],
        [1., 0.],
        [1., 0.],
        [1., 0.],
        [0., 1.],
        [0., 1.],
        [0., 1.],
        [0., 1.],
        [1., 0.],
        [1., 0.],
        [1., 0.],
        [1., 0.],
        [0., 1.],
        [0., 1.],
        [1., 0.],
        [1., 0.]], device='cuda:0', dtype=torch.float64), 'spins': tensor([-1.,  1.,  1.,  1., -1.,  1.,  1., -1., -1.,  1.,  1.,  1., -1., -1.,
        -1.,  1.,  1., -1., -1., -1.,  1.,  1.,  1.,  1., -1., -1., -1., -1.,
         1.,  1., -1., -1.], device='cuda:0', dtype=torch.float64), 'energy': 1.5200871672504945e-09}
torch.Size([128, 32, 2])
torch.Size([128, 32])
torch.Size([128])
torch.Size([12240])
tensor([1.4663e-06, 1.4663e-06, 1.4663e-06,  ..., 1.8541e-08, 1.8541e-08,
        1.8541e-08], dtype=torch.float64)
{'onehot': tensor([[0., 1.],
        [1., 0.],
        [1., 0.],
        [0., 1.],
        [1., 0.],
        [0., 1.],
        [1., 0.],
        [1., 0.],
        [0., 1.],
        [1., 0.],
        [0., 1.],
        [0., 1.],
        [0., 1.],
        [1., 0.],
        [0., 1.],
        [0., 1.],
        [0., 1.],
        [0., 1.],
        [0., 1.],
        [1., 0.],
        [1., 0.],
        [1., 0.],
        [1., 0.],
        [0., 1.],
        [1., 0.],
        [0., 1.],
        [0., 1.],
        [1., 0.],
        [0., 1.],
        [1., 0.],
        [1., 0.],
        [1., 0.]], device='cuda:0', dtype=torch.float64), 'spins': tensor([ 1., -1., -1.,  1., -1.,  1., -1., -1.,  1., -1.,  1.,  1.,  1., -1.,
         1.,  1.,  1.,  1.,  1., -1., -1., -1., -1.,  1., -1.,  1.,  1., -1.,
         1., -1., -1., -1.], device='cuda:0', dtype=torch.float64), 'energy': 1.8541076118872013e-08}
