ng10902
==== Sat 13 Sep 2025 06:44:04 AM EDT | job 49637222 | node ng10902 ====
model= instance= sa_anneal=
SLURM_JOB_GPUS=0
CUDA_VISIBLE_DEVICES=0
0, GPU-975b1062-9056-0fde-4429-65724d4f4ead, NVIDIA A100-SXM4-40GB
torch.Size([128, 32, 2])
torch.Size([128, 32])
torch.Size([128])
torch.Size([2080])
tensor([-1.9380, -1.9380, -1.9380,  ..., -1.9743, -1.9743, -1.9743],
       dtype=torch.float64)
{'onehot': tensor([[0., 1.],
        [0., 1.],
        [0., 1.],
        [1., 0.],
        [0., 1.],
        [0., 1.],
        [1., 0.],
        [0., 1.],
        [0., 1.],
        [0., 1.],
        [0., 1.],
        [0., 1.],
        [0., 1.],
        [0., 1.],
        [1., 0.],
        [0., 1.],
        [0., 1.],
        [0., 1.],
        [0., 1.],
        [0., 1.],
        [0., 1.],
        [0., 1.],
        [0., 1.],
        [1., 0.],
        [0., 1.],
        [0., 1.],
        [0., 1.],
        [0., 1.],
        [1., 0.],
        [0., 1.],
        [0., 1.],
        [0., 1.]], device='cuda:0', dtype=torch.float64), 'spins': tensor([ 1.,  1.,  1., -1.,  1.,  1., -1.,  1.,  1.,  1.,  1.,  1.,  1.,  1.,
        -1.,  1.,  1.,  1.,  1.,  1.,  1.,  1.,  1., -1.,  1.,  1.,  1.,  1.,
        -1.,  1.,  1.,  1.], device='cuda:0', dtype=torch.float64), 'energy': -1.9742943548435863}
torch.Size([128, 32, 2])
torch.Size([128, 32])
torch.Size([128])
torch.Size([2160])
tensor([-1.9380, -1.9380, -1.9380,  ..., -1.9743, -1.9743, -1.9743],
       dtype=torch.float64)
{'onehot': tensor([[0., 1.],
        [0., 1.],
        [0., 1.],
        [1., 0.],
        [0., 1.],
        [0., 1.],
        [1., 0.],
        [0., 1.],
        [0., 1.],
        [0., 1.],
        [0., 1.],
        [0., 1.],
        [0., 1.],
        [0., 1.],
        [1., 0.],
        [0., 1.],
        [0., 1.],
        [0., 1.],
        [0., 1.],
        [0., 1.],
        [0., 1.],
        [0., 1.],
        [0., 1.],
        [1., 0.],
        [0., 1.],
        [0., 1.],
        [0., 1.],
        [0., 1.],
        [1., 0.],
        [0., 1.],
        [0., 1.],
        [0., 1.]], device='cuda:0', dtype=torch.float64), 'spins': tensor([ 1.,  1.,  1., -1.,  1.,  1., -1.,  1.,  1.,  1.,  1.,  1.,  1.,  1.,
        -1.,  1.,  1.,  1.,  1.,  1.,  1.,  1.,  1., -1.,  1.,  1.,  1.,  1.,
        -1.,  1.,  1.,  1.], device='cuda:0', dtype=torch.float64), 'energy': -1.9742943548435863}
torch.Size([128, 32, 2])
torch.Size([128, 32])
torch.Size([128])
torch.Size([2320])
tensor([-1.9380, -1.9380, -1.9380,  ..., -1.9743, -1.9743, -1.9743],
       dtype=torch.float64)
{'onehot': tensor([[1., 0.],
        [0., 1.],
        [0., 1.],
        [0., 1.],
        [0., 1.],
        [0., 1.],
        [0., 1.],
        [0., 1.],
        [0., 1.],
        [0., 1.],
        [0., 1.],
        [1., 0.],
        [0., 1.],
        [0., 1.],
        [0., 1.],
        [0., 1.],
        [0., 1.],
        [0., 1.],
        [0., 1.],
        [0., 1.],
        [0., 1.],
        [0., 1.],
        [0., 1.],
        [0., 1.],
        [1., 0.],
        [0., 1.],
        [0., 1.],
        [1., 0.],
        [0., 1.],
        [0., 1.],
        [1., 0.],
        [0., 1.]], device='cuda:0', dtype=torch.float64), 'spins': tensor([-1.,  1.,  1.,  1.,  1.,  1.,  1.,  1.,  1.,  1.,  1., -1.,  1.,  1.,
         1.,  1.,  1.,  1.,  1.,  1.,  1.,  1.,  1.,  1., -1.,  1.,  1., -1.,
         1.,  1., -1.,  1.], device='cuda:0', dtype=torch.float64), 'energy': -1.9742943548469503}
torch.Size([128, 32, 2])
torch.Size([128, 32])
torch.Size([128])
torch.Size([2640])
tensor([-1.9380, -1.9380, -1.9380,  ..., -1.9743, -1.9743, -1.9743],
       dtype=torch.float64)
{'onehot': tensor([[0., 1.],
        [0., 1.],
        [0., 1.],
        [1., 0.],
        [0., 1.],
        [0., 1.],
        [1., 0.],
        [0., 1.],
        [0., 1.],
        [0., 1.],
        [0., 1.],
        [0., 1.],
        [0., 1.],
        [0., 1.],
        [1., 0.],
        [0., 1.],
        [0., 1.],
        [0., 1.],
        [0., 1.],
        [0., 1.],
        [0., 1.],
        [0., 1.],
        [0., 1.],
        [1., 0.],
        [0., 1.],
        [0., 1.],
        [0., 1.],
        [0., 1.],
        [1., 0.],
        [0., 1.],
        [0., 1.],
        [0., 1.]], device='cuda:0', dtype=torch.float64), 'spins': tensor([ 1.,  1.,  1., -1.,  1.,  1., -1.,  1.,  1.,  1.,  1.,  1.,  1.,  1.,
        -1.,  1.,  1.,  1.,  1.,  1.,  1.,  1.,  1., -1.,  1.,  1.,  1.,  1.,
        -1.,  1.,  1.,  1.], device='cuda:0', dtype=torch.float64), 'energy': -1.9742943548435863}
torch.Size([128, 32, 2])
torch.Size([128, 32])
torch.Size([128])
torch.Size([3280])
tensor([-1.9380, -1.9380, -1.9380,  ..., -1.9743, -1.9743, -1.9743],
       dtype=torch.float64)
{'onehot': tensor([[1., 0.],
        [0., 1.],
        [0., 1.],
        [0., 1.],
        [0., 1.],
        [0., 1.],
        [0., 1.],
        [0., 1.],
        [0., 1.],
        [0., 1.],
        [0., 1.],
        [1., 0.],
        [0., 1.],
        [0., 1.],
        [1., 0.],
        [0., 1.],
        [0., 1.],
        [0., 1.],
        [0., 1.],
        [0., 1.],
        [0., 1.],
        [0., 1.],
        [0., 1.],
        [0., 1.],
        [1., 0.],
        [0., 1.],
        [0., 1.],
        [0., 1.],
        [0., 1.],
        [1., 0.],
        [0., 1.],
        [0., 1.]], device='cuda:0', dtype=torch.float64), 'spins': tensor([-1.,  1.,  1.,  1.,  1.,  1.,  1.,  1.,  1.,  1.,  1., -1.,  1.,  1.,
        -1.,  1.,  1.,  1.,  1.,  1.,  1.,  1.,  1.,  1., -1.,  1.,  1.,  1.,
         1., -1.,  1.,  1.], device='cuda:0', dtype=torch.float64), 'energy': -1.97429435484611}
torch.Size([128, 32, 2])
torch.Size([128, 32])
torch.Size([128])
torch.Size([4560])
tensor([-1.9380, -1.9380, -1.9380,  ..., -1.9743, -1.9743, -1.9743],
       dtype=torch.float64)
{'onehot': tensor([[0., 1.],
        [1., 0.],
        [0., 1.],
        [0., 1.],
        [0., 1.],
        [0., 1.],
        [0., 1.],
        [0., 1.],
        [0., 1.],
        [0., 1.],
        [0., 1.],
        [0., 1.],
        [0., 1.],
        [0., 1.],
        [1., 0.],
        [0., 1.],
        [0., 1.],
        [0., 1.],
        [0., 1.],
        [0., 1.],
        [0., 1.],
        [0., 1.],
        [0., 1.],
        [0., 1.],
        [0., 1.],
        [0., 1.],
        [0., 1.],
        [1., 0.],
        [0., 1.],
        [1., 0.],
        [1., 0.],
        [0., 1.]], device='cuda:0', dtype=torch.float64), 'spins': tensor([ 1., -1.,  1.,  1.,  1.,  1.,  1.,  1.,  1.,  1.,  1.,  1.,  1.,  1.,
        -1.,  1.,  1.,  1.,  1.,  1.,  1.,  1.,  1.,  1.,  1.,  1.,  1., -1.,
         1., -1., -1.,  1.], device='cuda:0', dtype=torch.float64), 'energy': -1.97429435484611}
torch.Size([128, 32, 2])
torch.Size([128, 32])
torch.Size([128])
torch.Size([7120])
tensor([-1.9380, -1.9380, -1.9380,  ..., -1.9743, -1.9743, -1.9743],
       dtype=torch.float64)
{'onehot': tensor([[1., 0.],
        [0., 1.],
        [0., 1.],
        [0., 1.],
        [0., 1.],
        [0., 1.],
        [0., 1.],
        [0., 1.],
        [0., 1.],
        [0., 1.],
        [0., 1.],
        [1., 0.],
        [0., 1.],
        [0., 1.],
        [1., 0.],
        [0., 1.],
        [0., 1.],
        [0., 1.],
        [0., 1.],
        [0., 1.],
        [0., 1.],
        [0., 1.],
        [0., 1.],
        [0., 1.],
        [0., 1.],
        [0., 1.],
        [0., 1.],
        [0., 1.],
        [0., 1.],
        [1., 0.],
        [1., 0.],
        [0., 1.]], device='cuda:0', dtype=torch.float64), 'spins': tensor([-1.,  1.,  1.,  1.,  1.,  1.,  1.,  1.,  1.,  1.,  1., -1.,  1.,  1.,
        -1.,  1.,  1.,  1.,  1.,  1.,  1.,  1.,  1.,  1.,  1.,  1.,  1.,  1.,
         1., -1., -1.,  1.], device='cuda:0', dtype=torch.float64), 'energy': -1.9742943548461103}
torch.Size([128, 32, 2])
torch.Size([128, 32])
torch.Size([128])
torch.Size([12240])
tensor([-1.9380, -1.9380, -1.9380,  ..., -1.9743, -1.9743, -1.9743],
       dtype=torch.float64)
{'onehot': tensor([[0., 1.],
        [0., 1.],
        [0., 1.],
        [0., 1.],
        [0., 1.],
        [0., 1.],
        [0., 1.],
        [0., 1.],
        [0., 1.],
        [0., 1.],
        [0., 1.],
        [1., 0.],
        [0., 1.],
        [1., 0.],
        [0., 1.],
        [0., 1.],
        [0., 1.],
        [0., 1.],
        [0., 1.],
        [0., 1.],
        [0., 1.],
        [0., 1.],
        [0., 1.],
        [0., 1.],
        [1., 0.],
        [0., 1.],
        [0., 1.],
        [1., 0.],
        [0., 1.],
        [0., 1.],
        [1., 0.],
        [0., 1.]], device='cuda:0', dtype=torch.float64), 'spins': tensor([ 1.,  1.,  1.,  1.,  1.,  1.,  1.,  1.,  1.,  1.,  1., -1.,  1., -1.,
         1.,  1.,  1.,  1.,  1.,  1.,  1.,  1.,  1.,  1., -1.,  1.,  1., -1.,
         1.,  1., -1.,  1.], device='cuda:0', dtype=torch.float64), 'energy': -1.9742943548469503}
