ng31203
==== Mon 15 Sep 2025 08:55:55 AM EDT | job 49720749 | node ng31203 ====
model= instance= sa_anneal=
SLURM_JOB_GPUS=0
CUDA_VISIBLE_DEVICES=0
0, GPU-6f79ebae-382f-dad7-727b-b47c898ec2ef, NVIDIA A100-SXM4-40GB
torch.Size([128, 32, 2])
torch.Size([128, 32])
torch.Size([128])
torch.Size([2080])
tensor([0.0034, 0.0034, 0.0034,  ..., 0.0001, 0.0001, 0.0001],
       dtype=torch.float64)
{'onehot': tensor([[1., 0.],
        [1., 0.],
        [0., 1.],
        [0., 1.],
        [0., 1.],
        [0., 1.],
        [1., 0.],
        [1., 0.],
        [1., 0.],
        [1., 0.],
        [1., 0.],
        [1., 0.],
        [1., 0.],
        [0., 1.],
        [0., 1.],
        [1., 0.],
        [1., 0.],
        [0., 1.],
        [0., 1.],
        [0., 1.],
        [0., 1.],
        [1., 0.],
        [1., 0.],
        [0., 1.],
        [1., 0.],
        [0., 1.],
        [1., 0.],
        [0., 1.],
        [1., 0.],
        [0., 1.],
        [0., 1.],
        [1., 0.]], device='cuda:0', dtype=torch.float64), 'spins': tensor([-1., -1.,  1.,  1.,  1.,  1., -1., -1., -1., -1., -1., -1., -1.,  1.,
         1., -1., -1.,  1.,  1.,  1.,  1., -1., -1.,  1., -1.,  1., -1.,  1.,
        -1.,  1.,  1., -1.], device='cuda:0', dtype=torch.float64), 'energy': 0.00014990028637917874}
torch.Size([128, 32, 2])
torch.Size([128, 32])
torch.Size([128])
torch.Size([2160])
tensor([0.0034, 0.0034, 0.0034,  ..., 0.0002, 0.0002, 0.0002],
       dtype=torch.float64)
{'onehot': tensor([[1., 0.],
        [0., 1.],
        [1., 0.],
        [0., 1.],
        [1., 0.],
        [1., 0.],
        [1., 0.],
        [0., 1.],
        [0., 1.],
        [1., 0.],
        [0., 1.],
        [1., 0.],
        [0., 1.],
        [1., 0.],
        [0., 1.],
        [0., 1.],
        [0., 1.],
        [0., 1.],
        [1., 0.],
        [1., 0.],
        [1., 0.],
        [0., 1.],
        [1., 0.],
        [1., 0.],
        [1., 0.],
        [0., 1.],
        [0., 1.],
        [1., 0.],
        [1., 0.],
        [0., 1.],
        [1., 0.],
        [0., 1.]], device='cuda:0', dtype=torch.float64), 'spins': tensor([-1.,  1., -1.,  1., -1., -1., -1.,  1.,  1., -1.,  1., -1.,  1., -1.,
         1.,  1.,  1.,  1., -1., -1., -1.,  1., -1., -1., -1.,  1.,  1., -1.,
        -1.,  1., -1.,  1.], device='cuda:0', dtype=torch.float64), 'energy': 0.00019255359588710164}
torch.Size([128, 32, 2])
torch.Size([128, 32])
torch.Size([128])
torch.Size([2320])
tensor([0.0034, 0.0034, 0.0034,  ..., 0.0002, 0.0002, 0.0002],
       dtype=torch.float64)
{'onehot': tensor([[1., 0.],
        [0., 1.],
        [1., 0.],
        [0., 1.],
        [1., 0.],
        [1., 0.],
        [1., 0.],
        [0., 1.],
        [0., 1.],
        [1., 0.],
        [0., 1.],
        [1., 0.],
        [0., 1.],
        [1., 0.],
        [0., 1.],
        [0., 1.],
        [0., 1.],
        [0., 1.],
        [1., 0.],
        [1., 0.],
        [1., 0.],
        [0., 1.],
        [1., 0.],
        [1., 0.],
        [1., 0.],
        [0., 1.],
        [0., 1.],
        [1., 0.],
        [1., 0.],
        [0., 1.],
        [1., 0.],
        [0., 1.]], device='cuda:0', dtype=torch.float64), 'spins': tensor([-1.,  1., -1.,  1., -1., -1., -1.,  1.,  1., -1.,  1., -1.,  1., -1.,
         1.,  1.,  1.,  1., -1., -1., -1.,  1., -1., -1., -1.,  1.,  1., -1.,
        -1.,  1., -1.,  1.], device='cuda:0', dtype=torch.float64), 'energy': 0.00019255359588710164}
torch.Size([128, 32, 2])
torch.Size([128, 32])
torch.Size([128])
torch.Size([2640])
tensor([0.0034, 0.0034, 0.0034,  ..., 0.0002, 0.0002, 0.0002],
       dtype=torch.float64)
{'onehot': tensor([[1., 0.],
        [1., 0.],
        [1., 0.],
        [0., 1.],
        [1., 0.],
        [1., 0.],
        [1., 0.],
        [1., 0.],
        [0., 1.],
        [1., 0.],
        [1., 0.],
        [0., 1.],
        [0., 1.],
        [1., 0.],
        [0., 1.],
        [1., 0.],
        [0., 1.],
        [1., 0.],
        [0., 1.],
        [1., 0.],
        [1., 0.],
        [0., 1.],
        [1., 0.],
        [0., 1.],
        [1., 0.],
        [1., 0.],
        [1., 0.],
        [0., 1.],
        [0., 1.],
        [0., 1.],
        [1., 0.],
        [0., 1.]], device='cuda:0', dtype=torch.float64), 'spins': tensor([-1., -1., -1.,  1., -1., -1., -1., -1.,  1., -1., -1.,  1.,  1., -1.,
         1., -1.,  1., -1.,  1., -1., -1.,  1., -1.,  1., -1., -1., -1.,  1.,
         1.,  1., -1.,  1.], device='cuda:0', dtype=torch.float64), 'energy': 0.0001780362610521724}
torch.Size([128, 32, 2])
torch.Size([128, 32])
torch.Size([128])
torch.Size([3280])
tensor([0.0034, 0.0034, 0.0034,  ..., 0.0002, 0.0002, 0.0002],
       dtype=torch.float64)
{'onehot': tensor([[1., 0.],
        [0., 1.],
        [1., 0.],
        [0., 1.],
        [1., 0.],
        [1., 0.],
        [1., 0.],
        [0., 1.],
        [0., 1.],
        [1., 0.],
        [0., 1.],
        [1., 0.],
        [0., 1.],
        [1., 0.],
        [0., 1.],
        [0., 1.],
        [0., 1.],
        [0., 1.],
        [1., 0.],
        [1., 0.],
        [1., 0.],
        [0., 1.],
        [1., 0.],
        [1., 0.],
        [1., 0.],
        [0., 1.],
        [0., 1.],
        [1., 0.],
        [1., 0.],
        [0., 1.],
        [1., 0.],
        [0., 1.]], device='cuda:0', dtype=torch.float64), 'spins': tensor([-1.,  1., -1.,  1., -1., -1., -1.,  1.,  1., -1.,  1., -1.,  1., -1.,
         1.,  1.,  1.,  1., -1., -1., -1.,  1., -1., -1., -1.,  1.,  1., -1.,
        -1.,  1., -1.,  1.], device='cuda:0', dtype=torch.float64), 'energy': 0.00019255359588710164}
torch.Size([128, 32, 2])
torch.Size([128, 32])
torch.Size([128])
torch.Size([4560])
tensor([3.4237e-03, 3.4237e-03, 3.4237e-03,  ..., 8.4823e-05, 8.4823e-05,
        8.4823e-05], dtype=torch.float64)
{'onehot': tensor([[0., 1.],
        [1., 0.],
        [0., 1.],
        [1., 0.],
        [0., 1.],
        [0., 1.],
        [1., 0.],
        [1., 0.],
        [0., 1.],
        [0., 1.],
        [0., 1.],
        [1., 0.],
        [1., 0.],
        [1., 0.],
        [0., 1.],
        [0., 1.],
        [0., 1.],
        [0., 1.],
        [0., 1.],
        [0., 1.],
        [1., 0.],
        [0., 1.],
        [1., 0.],
        [0., 1.],
        [1., 0.],
        [1., 0.],
        [0., 1.],
        [0., 1.],
        [0., 1.],
        [0., 1.],
        [0., 1.],
        [0., 1.]], device='cuda:0', dtype=torch.float64), 'spins': tensor([ 1., -1.,  1., -1.,  1.,  1., -1., -1.,  1.,  1.,  1., -1., -1., -1.,
         1.,  1.,  1.,  1.,  1.,  1., -1.,  1., -1.,  1., -1., -1.,  1.,  1.,
         1.,  1.,  1.,  1.], device='cuda:0', dtype=torch.float64), 'energy': 8.482258403530452e-05}
torch.Size([128, 32, 2])
torch.Size([128, 32])
torch.Size([128])
torch.Size([7120])
tensor([3.4237e-03, 3.4237e-03, 3.4237e-03,  ..., 3.8600e-05, 3.8600e-05,
        3.8600e-05], dtype=torch.float64)
{'onehot': tensor([[1., 0.],
        [0., 1.],
        [0., 1.],
        [1., 0.],
        [0., 1.],
        [0., 1.],
        [1., 0.],
        [0., 1.],
        [0., 1.],
        [1., 0.],
        [1., 0.],
        [1., 0.],
        [1., 0.],
        [1., 0.],
        [0., 1.],
        [0., 1.],
        [0., 1.],
        [1., 0.],
        [1., 0.],
        [0., 1.],
        [0., 1.],
        [0., 1.],
        [1., 0.],
        [0., 1.],
        [1., 0.],
        [0., 1.],
        [1., 0.],
        [0., 1.],
        [0., 1.],
        [0., 1.],
        [1., 0.],
        [1., 0.]], device='cuda:0', dtype=torch.float64), 'spins': tensor([-1.,  1.,  1., -1.,  1.,  1., -1.,  1.,  1., -1., -1., -1., -1., -1.,
         1.,  1.,  1., -1., -1.,  1.,  1.,  1., -1.,  1., -1.,  1., -1.,  1.,
         1.,  1., -1., -1.], device='cuda:0', dtype=torch.float64), 'energy': 3.8599547333983963e-05}
torch.Size([128, 32, 2])
torch.Size([128, 32])
torch.Size([128])
torch.Size([12240])
tensor([3.4237e-03, 3.4237e-03, 3.4237e-03,  ..., 6.6338e-05, 6.6338e-05,
        6.6338e-05], dtype=torch.float64)
{'onehot': tensor([[1., 0.],
        [0., 1.],
        [0., 1.],
        [1., 0.],
        [1., 0.],
        [1., 0.],
        [1., 0.],
        [0., 1.],
        [0., 1.],
        [0., 1.],
        [0., 1.],
        [1., 0.],
        [0., 1.],
        [0., 1.],
        [0., 1.],
        [0., 1.],
        [0., 1.],
        [0., 1.],
        [1., 0.],
        [1., 0.],
        [1., 0.],
        [1., 0.],
        [0., 1.],
        [1., 0.],
        [1., 0.],
        [0., 1.],
        [0., 1.],
        [0., 1.],
        [1., 0.],
        [0., 1.],
        [1., 0.],
        [1., 0.]], device='cuda:0', dtype=torch.float64), 'spins': tensor([-1.,  1.,  1., -1., -1., -1., -1.,  1.,  1.,  1.,  1., -1.,  1.,  1.,
         1.,  1.,  1.,  1., -1., -1., -1., -1.,  1., -1., -1.,  1.,  1.,  1.,
        -1.,  1., -1., -1.], device='cuda:0', dtype=torch.float64), 'energy': 6.633755037199762e-05}
