ng31401
==== Sat 13 Sep 2025 05:00:50 AM EDT | job 49635561 | node ng31401 ====
model= instance= sa_anneal=
SLURM_JOB_GPUS=3
CUDA_VISIBLE_DEVICES=0
0, GPU-6318b029-9e0b-7048-93f2-7f0ece9db115, NVIDIA A100-SXM4-40GB
torch.Size([128, 32, 2])
torch.Size([128, 32])
torch.Size([128])
torch.Size([2080])
tensor([-0.9204, -0.9241, -0.9241,  ..., -0.9241, -0.9241, -0.9241],
       dtype=torch.float64)
{'onehot': tensor([[0., 1.],
        [1., 0.],
        [0., 1.],
        [1., 0.],
        [1., 0.],
        [0., 1.],
        [1., 0.],
        [0., 1.],
        [0., 1.],
        [0., 1.],
        [0., 1.],
        [0., 1.],
        [0., 1.],
        [0., 1.],
        [0., 1.],
        [0., 1.],
        [0., 1.],
        [1., 0.],
        [0., 1.],
        [0., 1.],
        [0., 1.],
        [1., 0.],
        [0., 1.],
        [0., 1.],
        [0., 1.],
        [0., 1.],
        [0., 1.],
        [1., 0.],
        [0., 1.],
        [0., 1.],
        [0., 1.],
        [0., 1.]], device='cuda:0', dtype=torch.float64), 'spins': tensor([ 1., -1.,  1., -1., -1.,  1., -1.,  1.,  1.,  1.,  1.,  1.,  1.,  1.,
         1.,  1.,  1., -1.,  1.,  1.,  1., -1.,  1.,  1.,  1.,  1.,  1., -1.,
         1.,  1.,  1.,  1.], device='cuda:0', dtype=torch.float64), 'energy': -0.9241431451630002}
torch.Size([128, 32, 2])
torch.Size([128, 32])
torch.Size([128])
torch.Size([2160])
tensor([-0.9204, -0.9241, -0.9241,  ..., -0.9241, -0.9241, -0.9241],
       dtype=torch.float64)
{'onehot': tensor([[0., 1.],
        [1., 0.],
        [0., 1.],
        [1., 0.],
        [1., 0.],
        [0., 1.],
        [1., 0.],
        [0., 1.],
        [0., 1.],
        [0., 1.],
        [0., 1.],
        [0., 1.],
        [0., 1.],
        [0., 1.],
        [0., 1.],
        [0., 1.],
        [0., 1.],
        [1., 0.],
        [0., 1.],
        [0., 1.],
        [0., 1.],
        [1., 0.],
        [0., 1.],
        [0., 1.],
        [0., 1.],
        [0., 1.],
        [0., 1.],
        [1., 0.],
        [0., 1.],
        [0., 1.],
        [0., 1.],
        [0., 1.]], device='cuda:0', dtype=torch.float64), 'spins': tensor([ 1., -1.,  1., -1., -1.,  1., -1.,  1.,  1.,  1.,  1.,  1.,  1.,  1.,
         1.,  1.,  1., -1.,  1.,  1.,  1., -1.,  1.,  1.,  1.,  1.,  1., -1.,
         1.,  1.,  1.,  1.], device='cuda:0', dtype=torch.float64), 'energy': -0.9241431451630002}
torch.Size([128, 32, 2])
torch.Size([128, 32])
torch.Size([128])
torch.Size([2320])
tensor([-0.9204, -0.9241, -0.9241,  ..., -0.9241, -0.9241, -0.9241],
       dtype=torch.float64)
{'onehot': tensor([[0., 1.],
        [1., 0.],
        [0., 1.],
        [1., 0.],
        [1., 0.],
        [0., 1.],
        [1., 0.],
        [0., 1.],
        [0., 1.],
        [0., 1.],
        [0., 1.],
        [0., 1.],
        [0., 1.],
        [0., 1.],
        [0., 1.],
        [0., 1.],
        [0., 1.],
        [1., 0.],
        [0., 1.],
        [0., 1.],
        [0., 1.],
        [1., 0.],
        [0., 1.],
        [0., 1.],
        [0., 1.],
        [0., 1.],
        [0., 1.],
        [1., 0.],
        [0., 1.],
        [0., 1.],
        [0., 1.],
        [0., 1.]], device='cuda:0', dtype=torch.float64), 'spins': tensor([ 1., -1.,  1., -1., -1.,  1., -1.,  1.,  1.,  1.,  1.,  1.,  1.,  1.,
         1.,  1.,  1., -1.,  1.,  1.,  1., -1.,  1.,  1.,  1.,  1.,  1., -1.,
         1.,  1.,  1.,  1.], device='cuda:0', dtype=torch.float64), 'energy': -0.9241431451630002}
torch.Size([128, 32, 2])
torch.Size([128, 32])
torch.Size([128])
torch.Size([2640])
tensor([-0.9204, -0.9241, -0.9241,  ..., -0.9241, -0.9241, -0.9241],
       dtype=torch.float64)
{'onehot': tensor([[1., 0.],
        [0., 1.],
        [0., 1.],
        [0., 1.],
        [0., 1.],
        [0., 1.],
        [0., 1.],
        [0., 1.],
        [1., 0.],
        [0., 1.],
        [0., 1.],
        [0., 1.],
        [0., 1.],
        [0., 1.],
        [0., 1.],
        [0., 1.],
        [0., 1.],
        [0., 1.],
        [0., 1.],
        [0., 1.],
        [0., 1.],
        [1., 0.],
        [0., 1.],
        [1., 0.],
        [0., 1.],
        [1., 0.],
        [0., 1.],
        [1., 0.],
        [1., 0.],
        [0., 1.],
        [0., 1.],
        [0., 1.]], device='cuda:0', dtype=torch.float64), 'spins': tensor([-1.,  1.,  1.,  1.,  1.,  1.,  1.,  1., -1.,  1.,  1.,  1.,  1.,  1.,
         1.,  1.,  1.,  1.,  1.,  1.,  1., -1.,  1., -1.,  1., -1.,  1., -1.,
        -1.,  1.,  1.,  1.], device='cuda:0', dtype=torch.float64), 'energy': -0.9241431451630004}
torch.Size([128, 32, 2])
torch.Size([128, 32])
torch.Size([128])
torch.Size([3280])
tensor([-0.9204, -0.9241, -0.9241,  ..., -0.9241, -0.9241, -0.9241],
       dtype=torch.float64)
{'onehot': tensor([[0., 1.],
        [1., 0.],
        [1., 0.],
        [1., 0.],
        [1., 0.],
        [1., 0.],
        [0., 1.],
        [0., 1.],
        [0., 1.],
        [1., 0.],
        [1., 0.],
        [1., 0.],
        [1., 0.],
        [0., 1.],
        [1., 0.],
        [1., 0.],
        [1., 0.],
        [1., 0.],
        [1., 0.],
        [1., 0.],
        [0., 1.],
        [1., 0.],
        [1., 0.],
        [1., 0.],
        [1., 0.],
        [0., 1.],
        [1., 0.],
        [1., 0.],
        [1., 0.],
        [1., 0.],
        [1., 0.],
        [1., 0.]], device='cuda:0', dtype=torch.float64), 'spins': tensor([ 1., -1., -1., -1., -1., -1.,  1.,  1.,  1., -1., -1., -1., -1.,  1.,
        -1., -1., -1., -1., -1., -1.,  1., -1., -1., -1., -1.,  1., -1., -1.,
        -1., -1., -1., -1.], device='cuda:0', dtype=torch.float64), 'energy': -0.9241431451630003}
torch.Size([128, 32, 2])
torch.Size([128, 32])
torch.Size([128])
torch.Size([4560])
tensor([-0.9204, -0.9241, -0.9241,  ..., -0.9241, -0.9241, -0.9241],
       dtype=torch.float64)
{'onehot': tensor([[0., 1.],
        [0., 1.],
        [0., 1.],
        [0., 1.],
        [0., 1.],
        [1., 0.],
        [1., 0.],
        [0., 1.],
        [0., 1.],
        [0., 1.],
        [0., 1.],
        [0., 1.],
        [0., 1.],
        [0., 1.],
        [0., 1.],
        [0., 1.],
        [0., 1.],
        [0., 1.],
        [0., 1.],
        [0., 1.],
        [0., 1.],
        [1., 0.],
        [0., 1.],
        [1., 0.],
        [0., 1.],
        [0., 1.],
        [0., 1.],
        [1., 0.],
        [0., 1.],
        [0., 1.],
        [1., 0.],
        [1., 0.]], device='cuda:0', dtype=torch.float64), 'spins': tensor([ 1.,  1.,  1.,  1.,  1., -1., -1.,  1.,  1.,  1.,  1.,  1.,  1.,  1.,
         1.,  1.,  1.,  1.,  1.,  1.,  1., -1.,  1., -1.,  1.,  1.,  1., -1.,
         1.,  1., -1., -1.], device='cuda:0', dtype=torch.float64), 'energy': -0.9241431451630003}
torch.Size([128, 32, 2])
torch.Size([128, 32])
torch.Size([128])
torch.Size([7120])
tensor([-0.9204, -0.9241, -0.9241,  ..., -0.9241, -0.9241, -0.9241],
       dtype=torch.float64)
{'onehot': tensor([[0., 1.],
        [1., 0.],
        [1., 0.],
        [1., 0.],
        [1., 0.],
        [0., 1.],
        [0., 1.],
        [1., 0.],
        [1., 0.],
        [1., 0.],
        [1., 0.],
        [1., 0.],
        [1., 0.],
        [0., 1.],
        [1., 0.],
        [1., 0.],
        [1., 0.],
        [1., 0.],
        [1., 0.],
        [1., 0.],
        [1., 0.],
        [1., 0.],
        [1., 0.],
        [0., 1.],
        [1., 0.],
        [0., 1.],
        [1., 0.],
        [1., 0.],
        [1., 0.],
        [1., 0.],
        [0., 1.],
        [1., 0.]], device='cuda:0', dtype=torch.float64), 'spins': tensor([ 1., -1., -1., -1., -1.,  1.,  1., -1., -1., -1., -1., -1., -1.,  1.,
        -1., -1., -1., -1., -1., -1., -1., -1., -1.,  1., -1.,  1., -1., -1.,
        -1., -1.,  1., -1.], device='cuda:0', dtype=torch.float64), 'energy': -0.9241431451630004}
torch.Size([128, 32, 2])
torch.Size([128, 32])
torch.Size([128])
torch.Size([12240])
tensor([-0.9204, -0.9241, -0.9241,  ..., -0.9241, -0.9241, -0.9241],
       dtype=torch.float64)
{'onehot': tensor([[0., 1.],
        [1., 0.],
        [1., 0.],
        [0., 1.],
        [0., 1.],
        [0., 1.],
        [0., 1.],
        [1., 0.],
        [1., 0.],
        [1., 0.],
        [1., 0.],
        [1., 0.],
        [1., 0.],
        [1., 0.],
        [1., 0.],
        [1., 0.],
        [1., 0.],
        [1., 0.],
        [1., 0.],
        [1., 0.],
        [1., 0.],
        [1., 0.],
        [1., 0.],
        [0., 1.],
        [1., 0.],
        [0., 1.],
        [1., 0.],
        [1., 0.],
        [1., 0.],
        [1., 0.],
        [1., 0.],
        [1., 0.]], device='cuda:0', dtype=torch.float64), 'spins': tensor([ 1., -1., -1.,  1.,  1.,  1.,  1., -1., -1., -1., -1., -1., -1., -1.,
        -1., -1., -1., -1., -1., -1., -1., -1., -1.,  1., -1.,  1., -1., -1.,
        -1., -1., -1., -1.], device='cuda:0', dtype=torch.float64), 'energy': -0.9241431451630004}
