ng10101
==== Mon 15 Sep 2025 10:04:01 AM EDT | job 49723433 | node ng10101 ====
model= instance= sa_anneal=
SLURM_JOB_GPUS=0
CUDA_VISIBLE_DEVICES=0
0, GPU-e624e168-50bf-dbd2-e4af-9c80d240c45e, NVIDIA A100-SXM4-40GB
torch.Size([128, 32, 2])
torch.Size([128, 32])
torch.Size([128])
torch.Size([2080])
tensor([6.2243e-06, 6.2243e-06, 6.2243e-06,  ..., 8.8977e-08, 8.8977e-08,
        8.8977e-08], dtype=torch.float64)
{'onehot': tensor([[1., 0.],
        [0., 1.],
        [0., 1.],
        [0., 1.],
        [1., 0.],
        [0., 1.],
        [0., 1.],
        [1., 0.],
        [1., 0.],
        [1., 0.],
        [1., 0.],
        [1., 0.],
        [1., 0.],
        [0., 1.],
        [0., 1.],
        [0., 1.],
        [1., 0.],
        [0., 1.],
        [1., 0.],
        [1., 0.],
        [1., 0.],
        [1., 0.],
        [0., 1.],
        [1., 0.],
        [1., 0.],
        [1., 0.],
        [0., 1.],
        [1., 0.],
        [0., 1.],
        [0., 1.],
        [1., 0.],
        [1., 0.]], device='cuda:0', dtype=torch.float64), 'spins': tensor([-1.,  1.,  1.,  1., -1.,  1.,  1., -1., -1., -1., -1., -1., -1.,  1.,
         1.,  1., -1.,  1., -1., -1., -1., -1.,  1., -1., -1., -1.,  1., -1.,
         1.,  1., -1., -1.], device='cuda:0', dtype=torch.float64), 'energy': 8.897669157015287e-08}
torch.Size([128, 32, 2])
torch.Size([128, 32])
torch.Size([128])
torch.Size([2160])
tensor([6.2243e-06, 6.2243e-06, 6.2243e-06,  ..., 4.3552e-08, 4.3552e-08,
        4.3552e-08], dtype=torch.float64)
{'onehot': tensor([[1., 0.],
        [1., 0.],
        [0., 1.],
        [1., 0.],
        [1., 0.],
        [1., 0.],
        [0., 1.],
        [0., 1.],
        [1., 0.],
        [0., 1.],
        [0., 1.],
        [1., 0.],
        [0., 1.],
        [0., 1.],
        [1., 0.],
        [0., 1.],
        [1., 0.],
        [0., 1.],
        [1., 0.],
        [0., 1.],
        [1., 0.],
        [0., 1.],
        [0., 1.],
        [0., 1.],
        [0., 1.],
        [1., 0.],
        [1., 0.],
        [1., 0.],
        [1., 0.],
        [1., 0.],
        [0., 1.],
        [1., 0.]], device='cuda:0', dtype=torch.float64), 'spins': tensor([-1., -1.,  1., -1., -1., -1.,  1.,  1., -1.,  1.,  1., -1.,  1.,  1.,
        -1.,  1., -1.,  1., -1.,  1., -1.,  1.,  1.,  1.,  1., -1., -1., -1.,
        -1., -1.,  1., -1.], device='cuda:0', dtype=torch.float64), 'energy': 4.3552131456792154e-08}
torch.Size([128, 32, 2])
torch.Size([128, 32])
torch.Size([128])
torch.Size([2320])
tensor([6.2243e-06, 6.2243e-06, 6.2243e-06,  ..., 8.8977e-08, 8.8977e-08,
        8.8977e-08], dtype=torch.float64)
{'onehot': tensor([[1., 0.],
        [0., 1.],
        [0., 1.],
        [0., 1.],
        [1., 0.],
        [0., 1.],
        [0., 1.],
        [1., 0.],
        [1., 0.],
        [1., 0.],
        [1., 0.],
        [1., 0.],
        [1., 0.],
        [0., 1.],
        [0., 1.],
        [0., 1.],
        [1., 0.],
        [0., 1.],
        [1., 0.],
        [1., 0.],
        [1., 0.],
        [1., 0.],
        [0., 1.],
        [1., 0.],
        [1., 0.],
        [1., 0.],
        [0., 1.],
        [1., 0.],
        [0., 1.],
        [0., 1.],
        [1., 0.],
        [1., 0.]], device='cuda:0', dtype=torch.float64), 'spins': tensor([-1.,  1.,  1.,  1., -1.,  1.,  1., -1., -1., -1., -1., -1., -1.,  1.,
         1.,  1., -1.,  1., -1., -1., -1., -1.,  1., -1., -1., -1.,  1., -1.,
         1.,  1., -1., -1.], device='cuda:0', dtype=torch.float64), 'energy': 8.897669157015287e-08}
torch.Size([128, 32, 2])
torch.Size([128, 32])
torch.Size([128])
torch.Size([2640])
tensor([6.2243e-06, 6.2243e-06, 6.2243e-06,  ..., 8.8977e-08, 8.8977e-08,
        8.8977e-08], dtype=torch.float64)
{'onehot': tensor([[1., 0.],
        [0., 1.],
        [0., 1.],
        [0., 1.],
        [1., 0.],
        [0., 1.],
        [0., 1.],
        [1., 0.],
        [1., 0.],
        [1., 0.],
        [1., 0.],
        [1., 0.],
        [1., 0.],
        [0., 1.],
        [0., 1.],
        [0., 1.],
        [1., 0.],
        [0., 1.],
        [1., 0.],
        [1., 0.],
        [1., 0.],
        [1., 0.],
        [0., 1.],
        [1., 0.],
        [1., 0.],
        [1., 0.],
        [0., 1.],
        [1., 0.],
        [0., 1.],
        [0., 1.],
        [1., 0.],
        [1., 0.]], device='cuda:0', dtype=torch.float64), 'spins': tensor([-1.,  1.,  1.,  1., -1.,  1.,  1., -1., -1., -1., -1., -1., -1.,  1.,
         1.,  1., -1.,  1., -1., -1., -1., -1.,  1., -1., -1., -1.,  1., -1.,
         1.,  1., -1., -1.], device='cuda:0', dtype=torch.float64), 'energy': 8.897669157015287e-08}
torch.Size([128, 32, 2])
torch.Size([128, 32])
torch.Size([128])
torch.Size([3280])
tensor([6.2243e-06, 6.2243e-06, 6.2243e-06,  ..., 8.8977e-08, 8.8977e-08,
        8.8977e-08], dtype=torch.float64)
{'onehot': tensor([[1., 0.],
        [0., 1.],
        [0., 1.],
        [0., 1.],
        [1., 0.],
        [0., 1.],
        [0., 1.],
        [1., 0.],
        [1., 0.],
        [1., 0.],
        [1., 0.],
        [1., 0.],
        [1., 0.],
        [0., 1.],
        [0., 1.],
        [0., 1.],
        [1., 0.],
        [0., 1.],
        [1., 0.],
        [1., 0.],
        [1., 0.],
        [1., 0.],
        [0., 1.],
        [1., 0.],
        [1., 0.],
        [1., 0.],
        [0., 1.],
        [1., 0.],
        [0., 1.],
        [0., 1.],
        [1., 0.],
        [1., 0.]], device='cuda:0', dtype=torch.float64), 'spins': tensor([-1.,  1.,  1.,  1., -1.,  1.,  1., -1., -1., -1., -1., -1., -1.,  1.,
         1.,  1., -1.,  1., -1., -1., -1., -1.,  1., -1., -1., -1.,  1., -1.,
         1.,  1., -1., -1.], device='cuda:0', dtype=torch.float64), 'energy': 8.897669157015287e-08}
torch.Size([128, 32, 2])
torch.Size([128, 32])
torch.Size([128])
torch.Size([4560])
tensor([6.2243e-06, 6.2243e-06, 6.2243e-06,  ..., 2.4966e-08, 2.4966e-08,
        2.4966e-08], dtype=torch.float64)
{'onehot': tensor([[0., 1.],
        [0., 1.],
        [0., 1.],
        [0., 1.],
        [1., 0.],
        [0., 1.],
        [1., 0.],
        [0., 1.],
        [1., 0.],
        [0., 1.],
        [1., 0.],
        [1., 0.],
        [0., 1.],
        [0., 1.],
        [1., 0.],
        [1., 0.],
        [0., 1.],
        [1., 0.],
        [1., 0.],
        [0., 1.],
        [0., 1.],
        [0., 1.],
        [0., 1.],
        [0., 1.],
        [0., 1.],
        [0., 1.],
        [1., 0.],
        [0., 1.],
        [1., 0.],
        [0., 1.],
        [0., 1.],
        [0., 1.]], device='cuda:0', dtype=torch.float64), 'spins': tensor([ 1.,  1.,  1.,  1., -1.,  1., -1.,  1., -1.,  1., -1., -1.,  1.,  1.,
        -1., -1.,  1., -1., -1.,  1.,  1.,  1.,  1.,  1.,  1.,  1., -1.,  1.,
        -1.,  1.,  1.,  1.], device='cuda:0', dtype=torch.float64), 'energy': 2.496635409521275e-08}
torch.Size([128, 32, 2])
torch.Size([128, 32])
torch.Size([128])
torch.Size([7120])
tensor([6.2243e-06, 6.2243e-06, 6.2243e-06,  ..., 4.2910e-10, 4.2910e-10,
        4.2910e-10], dtype=torch.float64)
{'onehot': tensor([[1., 0.],
        [1., 0.],
        [1., 0.],
        [1., 0.],
        [1., 0.],
        [1., 0.],
        [0., 1.],
        [0., 1.],
        [1., 0.],
        [0., 1.],
        [0., 1.],
        [0., 1.],
        [0., 1.],
        [1., 0.],
        [1., 0.],
        [0., 1.],
        [1., 0.],
        [1., 0.],
        [1., 0.],
        [1., 0.],
        [1., 0.],
        [0., 1.],
        [1., 0.],
        [1., 0.],
        [0., 1.],
        [1., 0.],
        [1., 0.],
        [0., 1.],
        [0., 1.],
        [0., 1.],
        [1., 0.],
        [0., 1.]], device='cuda:0', dtype=torch.float64), 'spins': tensor([-1., -1., -1., -1., -1., -1.,  1.,  1., -1.,  1.,  1.,  1.,  1., -1.,
        -1.,  1., -1., -1., -1., -1., -1.,  1., -1., -1.,  1., -1., -1.,  1.,
         1.,  1., -1.,  1.], device='cuda:0', dtype=torch.float64), 'energy': 4.29101199017623e-10}
torch.Size([128, 32, 2])
torch.Size([128, 32])
torch.Size([128])
torch.Size([12240])
tensor([6.2243e-06, 6.2243e-06, 6.2243e-06,  ..., 4.4774e-09, 4.4774e-09,
        4.4774e-09], dtype=torch.float64)
{'onehot': tensor([[1., 0.],
        [0., 1.],
        [1., 0.],
        [1., 0.],
        [0., 1.],
        [0., 1.],
        [0., 1.],
        [0., 1.],
        [0., 1.],
        [0., 1.],
        [0., 1.],
        [1., 0.],
        [1., 0.],
        [0., 1.],
        [1., 0.],
        [1., 0.],
        [0., 1.],
        [1., 0.],
        [0., 1.],
        [1., 0.],
        [1., 0.],
        [0., 1.],
        [0., 1.],
        [1., 0.],
        [1., 0.],
        [0., 1.],
        [1., 0.],
        [0., 1.],
        [0., 1.],
        [0., 1.],
        [1., 0.],
        [0., 1.]], device='cuda:0', dtype=torch.float64), 'spins': tensor([-1.,  1., -1., -1.,  1.,  1.,  1.,  1.,  1.,  1.,  1., -1., -1.,  1.,
        -1., -1.,  1., -1.,  1., -1., -1.,  1.,  1., -1., -1.,  1., -1.,  1.,
         1.,  1., -1.,  1.], device='cuda:0', dtype=torch.float64), 'energy': 4.4774282059734105e-09}
