ng10903
==== Sat 13 Sep 2025 06:16:41 AM EDT | job 49636561 | node ng10903 ====
model= instance= sa_anneal=
SLURM_JOB_GPUS=0
CUDA_VISIBLE_DEVICES=0
0, GPU-d0683127-1345-064c-859d-132ab0697c63, NVIDIA A100-SXM4-40GB
torch.Size([128, 32, 2])
torch.Size([128, 32])
torch.Size([128])
torch.Size([2080])
tensor([-0.9677, -0.9677, -0.9677,  ..., -0.9677, -0.9677, -0.9677],
       dtype=torch.float64)
{'onehot': tensor([[1., 0.],
        [0., 1.],
        [0., 1.],
        [1., 0.],
        [1., 0.],
        [0., 1.],
        [1., 0.],
        [0., 1.],
        [0., 1.],
        [0., 1.],
        [1., 0.],
        [1., 0.],
        [0., 1.],
        [1., 0.],
        [0., 1.],
        [1., 0.],
        [1., 0.],
        [1., 0.],
        [0., 1.],
        [0., 1.],
        [1., 0.],
        [0., 1.],
        [0., 1.],
        [1., 0.],
        [1., 0.],
        [1., 0.],
        [1., 0.],
        [1., 0.],
        [0., 1.],
        [0., 1.],
        [0., 1.],
        [0., 1.]], device='cuda:0', dtype=torch.float64), 'spins': tensor([-1.,  1.,  1., -1., -1.,  1., -1.,  1.,  1.,  1., -1., -1.,  1., -1.,
         1., -1., -1., -1.,  1.,  1., -1.,  1.,  1., -1., -1., -1., -1., -1.,
         1.,  1.,  1.,  1.], device='cuda:0', dtype=torch.float64), 'energy': -0.9677419354840009}
torch.Size([128, 32, 2])
torch.Size([128, 32])
torch.Size([128])
torch.Size([2160])
tensor([-0.9677, -0.9677, -0.9677,  ..., -0.9677, -0.9677, -0.9677],
       dtype=torch.float64)
{'onehot': tensor([[1., 0.],
        [0., 1.],
        [0., 1.],
        [1., 0.],
        [1., 0.],
        [0., 1.],
        [1., 0.],
        [0., 1.],
        [0., 1.],
        [0., 1.],
        [1., 0.],
        [1., 0.],
        [0., 1.],
        [1., 0.],
        [0., 1.],
        [1., 0.],
        [1., 0.],
        [1., 0.],
        [0., 1.],
        [0., 1.],
        [1., 0.],
        [0., 1.],
        [0., 1.],
        [1., 0.],
        [1., 0.],
        [1., 0.],
        [1., 0.],
        [1., 0.],
        [0., 1.],
        [0., 1.],
        [0., 1.],
        [0., 1.]], device='cuda:0', dtype=torch.float64), 'spins': tensor([-1.,  1.,  1., -1., -1.,  1., -1.,  1.,  1.,  1., -1., -1.,  1., -1.,
         1., -1., -1., -1.,  1.,  1., -1.,  1.,  1., -1., -1., -1., -1., -1.,
         1.,  1.,  1.,  1.], device='cuda:0', dtype=torch.float64), 'energy': -0.9677419354840009}
torch.Size([128, 32, 2])
torch.Size([128, 32])
torch.Size([128])
torch.Size([2320])
tensor([-0.9677, -0.9677, -0.9677,  ..., -0.9677, -0.9677, -0.9677],
       dtype=torch.float64)
{'onehot': tensor([[1., 0.],
        [0., 1.],
        [0., 1.],
        [1., 0.],
        [1., 0.],
        [0., 1.],
        [1., 0.],
        [0., 1.],
        [0., 1.],
        [0., 1.],
        [1., 0.],
        [1., 0.],
        [0., 1.],
        [1., 0.],
        [0., 1.],
        [1., 0.],
        [1., 0.],
        [1., 0.],
        [0., 1.],
        [0., 1.],
        [1., 0.],
        [0., 1.],
        [0., 1.],
        [1., 0.],
        [1., 0.],
        [1., 0.],
        [1., 0.],
        [1., 0.],
        [0., 1.],
        [0., 1.],
        [0., 1.],
        [0., 1.]], device='cuda:0', dtype=torch.float64), 'spins': tensor([-1.,  1.,  1., -1., -1.,  1., -1.,  1.,  1.,  1., -1., -1.,  1., -1.,
         1., -1., -1., -1.,  1.,  1., -1.,  1.,  1., -1., -1., -1., -1., -1.,
         1.,  1.,  1.,  1.], device='cuda:0', dtype=torch.float64), 'energy': -0.9677419354840009}
torch.Size([128, 32, 2])
torch.Size([128, 32])
torch.Size([128])
torch.Size([2640])
tensor([-0.9677, -0.9677, -0.9677,  ..., -0.9677, -0.9677, -0.9677],
       dtype=torch.float64)
{'onehot': tensor([[1., 0.],
        [0., 1.],
        [0., 1.],
        [1., 0.],
        [1., 0.],
        [0., 1.],
        [1., 0.],
        [0., 1.],
        [0., 1.],
        [0., 1.],
        [1., 0.],
        [1., 0.],
        [0., 1.],
        [1., 0.],
        [0., 1.],
        [1., 0.],
        [1., 0.],
        [1., 0.],
        [0., 1.],
        [0., 1.],
        [1., 0.],
        [0., 1.],
        [0., 1.],
        [1., 0.],
        [1., 0.],
        [1., 0.],
        [1., 0.],
        [1., 0.],
        [0., 1.],
        [0., 1.],
        [0., 1.],
        [0., 1.]], device='cuda:0', dtype=torch.float64), 'spins': tensor([-1.,  1.,  1., -1., -1.,  1., -1.,  1.,  1.,  1., -1., -1.,  1., -1.,
         1., -1., -1., -1.,  1.,  1., -1.,  1.,  1., -1., -1., -1., -1., -1.,
         1.,  1.,  1.,  1.], device='cuda:0', dtype=torch.float64), 'energy': -0.9677419354840009}
torch.Size([128, 32, 2])
torch.Size([128, 32])
torch.Size([128])
torch.Size([3280])
tensor([-0.9677, -0.9677, -0.9677,  ..., -0.9677, -0.9677, -0.9677],
       dtype=torch.float64)
{'onehot': tensor([[1., 0.],
        [0., 1.],
        [0., 1.],
        [1., 0.],
        [1., 0.],
        [0., 1.],
        [1., 0.],
        [0., 1.],
        [0., 1.],
        [0., 1.],
        [1., 0.],
        [1., 0.],
        [0., 1.],
        [1., 0.],
        [0., 1.],
        [1., 0.],
        [1., 0.],
        [1., 0.],
        [0., 1.],
        [0., 1.],
        [1., 0.],
        [0., 1.],
        [0., 1.],
        [1., 0.],
        [1., 0.],
        [1., 0.],
        [1., 0.],
        [1., 0.],
        [0., 1.],
        [0., 1.],
        [0., 1.],
        [0., 1.]], device='cuda:0', dtype=torch.float64), 'spins': tensor([-1.,  1.,  1., -1., -1.,  1., -1.,  1.,  1.,  1., -1., -1.,  1., -1.,
         1., -1., -1., -1.,  1.,  1., -1.,  1.,  1., -1., -1., -1., -1., -1.,
         1.,  1.,  1.,  1.], device='cuda:0', dtype=torch.float64), 'energy': -0.9677419354840009}
torch.Size([128, 32, 2])
torch.Size([128, 32])
torch.Size([128])
torch.Size([4560])
tensor([-0.9677, -0.9677, -0.9677,  ..., -0.9677, -0.9677, -0.9677],
       dtype=torch.float64)
{'onehot': tensor([[1., 0.],
        [0., 1.],
        [0., 1.],
        [1., 0.],
        [1., 0.],
        [0., 1.],
        [1., 0.],
        [0., 1.],
        [0., 1.],
        [0., 1.],
        [1., 0.],
        [1., 0.],
        [0., 1.],
        [1., 0.],
        [0., 1.],
        [1., 0.],
        [1., 0.],
        [1., 0.],
        [0., 1.],
        [0., 1.],
        [1., 0.],
        [0., 1.],
        [0., 1.],
        [1., 0.],
        [1., 0.],
        [1., 0.],
        [1., 0.],
        [1., 0.],
        [0., 1.],
        [0., 1.],
        [0., 1.],
        [0., 1.]], device='cuda:0', dtype=torch.float64), 'spins': tensor([-1.,  1.,  1., -1., -1.,  1., -1.,  1.,  1.,  1., -1., -1.,  1., -1.,
         1., -1., -1., -1.,  1.,  1., -1.,  1.,  1., -1., -1., -1., -1., -1.,
         1.,  1.,  1.,  1.], device='cuda:0', dtype=torch.float64), 'energy': -0.9677419354840009}
torch.Size([128, 32, 2])
torch.Size([128, 32])
torch.Size([128])
torch.Size([7120])
tensor([-0.9677, -0.9677, -0.9677,  ..., -0.9677, -0.9677, -0.9677],
       dtype=torch.float64)
{'onehot': tensor([[1., 0.],
        [0., 1.],
        [0., 1.],
        [1., 0.],
        [1., 0.],
        [0., 1.],
        [1., 0.],
        [0., 1.],
        [0., 1.],
        [0., 1.],
        [1., 0.],
        [1., 0.],
        [0., 1.],
        [1., 0.],
        [0., 1.],
        [1., 0.],
        [1., 0.],
        [1., 0.],
        [0., 1.],
        [0., 1.],
        [1., 0.],
        [0., 1.],
        [0., 1.],
        [1., 0.],
        [1., 0.],
        [1., 0.],
        [1., 0.],
        [1., 0.],
        [0., 1.],
        [0., 1.],
        [0., 1.],
        [0., 1.]], device='cuda:0', dtype=torch.float64), 'spins': tensor([-1.,  1.,  1., -1., -1.,  1., -1.,  1.,  1.,  1., -1., -1.,  1., -1.,
         1., -1., -1., -1.,  1.,  1., -1.,  1.,  1., -1., -1., -1., -1., -1.,
         1.,  1.,  1.,  1.], device='cuda:0', dtype=torch.float64), 'energy': -0.9677419354840009}
torch.Size([128, 32, 2])
torch.Size([128, 32])
torch.Size([128])
torch.Size([12240])
tensor([-0.9677, -0.9677, -0.9677,  ..., -0.9677, -0.9677, -0.9677],
       dtype=torch.float64)
{'onehot': tensor([[1., 0.],
        [0., 1.],
        [0., 1.],
        [1., 0.],
        [1., 0.],
        [0., 1.],
        [1., 0.],
        [0., 1.],
        [0., 1.],
        [0., 1.],
        [1., 0.],
        [1., 0.],
        [0., 1.],
        [1., 0.],
        [0., 1.],
        [1., 0.],
        [1., 0.],
        [1., 0.],
        [0., 1.],
        [0., 1.],
        [1., 0.],
        [0., 1.],
        [0., 1.],
        [1., 0.],
        [1., 0.],
        [1., 0.],
        [1., 0.],
        [1., 0.],
        [0., 1.],
        [0., 1.],
        [0., 1.],
        [0., 1.]], device='cuda:0', dtype=torch.float64), 'spins': tensor([-1.,  1.,  1., -1., -1.,  1., -1.,  1.,  1.,  1., -1., -1.,  1., -1.,
         1., -1., -1., -1.,  1.,  1., -1.,  1.,  1., -1., -1., -1., -1., -1.,
         1.,  1.,  1.,  1.], device='cuda:0', dtype=torch.float64), 'energy': -0.9677419354840009}
