ng10302
==== Mon 15 Sep 2025 08:23:26 AM EDT | job 49719709 | node ng10302 ====
model= instance= sa_anneal=
SLURM_JOB_GPUS=3
CUDA_VISIBLE_DEVICES=0
0, GPU-fb2bb278-215f-da14-ee26-b56e1fb0c467, NVIDIA A100-SXM4-40GB
torch.Size([128, 32, 2])
torch.Size([128, 32])
torch.Size([128])
torch.Size([2080])
tensor([0.0140, 0.0140, 0.0140,  ..., 0.0004, 0.0004, 0.0004],
       dtype=torch.float64)
{'onehot': tensor([[1., 0.],
        [1., 0.],
        [0., 1.],
        [0., 1.],
        [0., 1.],
        [1., 0.],
        [1., 0.],
        [1., 0.],
        [1., 0.],
        [1., 0.],
        [0., 1.],
        [1., 0.],
        [0., 1.],
        [0., 1.],
        [1., 0.],
        [1., 0.],
        [1., 0.],
        [1., 0.],
        [1., 0.],
        [1., 0.],
        [1., 0.],
        [1., 0.],
        [1., 0.],
        [0., 1.],
        [0., 1.],
        [0., 1.],
        [1., 0.],
        [0., 1.],
        [0., 1.],
        [1., 0.],
        [0., 1.],
        [1., 0.]], device='cuda:0', dtype=torch.float64), 'spins': tensor([-1., -1.,  1.,  1.,  1., -1., -1., -1., -1., -1.,  1., -1.,  1.,  1.,
        -1., -1., -1., -1., -1., -1., -1., -1., -1.,  1.,  1.,  1., -1.,  1.,
         1., -1.,  1., -1.], device='cuda:0', dtype=torch.float64), 'energy': 0.0003906217039892912}
torch.Size([128, 32, 2])
torch.Size([128, 32])
torch.Size([128])
torch.Size([2160])
tensor([0.0140, 0.0140, 0.0140,  ..., 0.0004, 0.0004, 0.0004],
       dtype=torch.float64)
{'onehot': tensor([[1., 0.],
        [1., 0.],
        [0., 1.],
        [0., 1.],
        [0., 1.],
        [1., 0.],
        [1., 0.],
        [1., 0.],
        [1., 0.],
        [1., 0.],
        [0., 1.],
        [1., 0.],
        [0., 1.],
        [0., 1.],
        [1., 0.],
        [1., 0.],
        [1., 0.],
        [1., 0.],
        [1., 0.],
        [1., 0.],
        [1., 0.],
        [1., 0.],
        [1., 0.],
        [0., 1.],
        [0., 1.],
        [0., 1.],
        [1., 0.],
        [0., 1.],
        [0., 1.],
        [1., 0.],
        [0., 1.],
        [1., 0.]], device='cuda:0', dtype=torch.float64), 'spins': tensor([-1., -1.,  1.,  1.,  1., -1., -1., -1., -1., -1.,  1., -1.,  1.,  1.,
        -1., -1., -1., -1., -1., -1., -1., -1., -1.,  1.,  1.,  1., -1.,  1.,
         1., -1.,  1., -1.], device='cuda:0', dtype=torch.float64), 'energy': 0.0003906217039892912}
torch.Size([128, 32, 2])
torch.Size([128, 32])
torch.Size([128])
torch.Size([2320])
tensor([0.0140, 0.0140, 0.0140,  ..., 0.0004, 0.0004, 0.0004],
       dtype=torch.float64)
{'onehot': tensor([[1., 0.],
        [1., 0.],
        [0., 1.],
        [0., 1.],
        [0., 1.],
        [1., 0.],
        [1., 0.],
        [1., 0.],
        [1., 0.],
        [1., 0.],
        [0., 1.],
        [1., 0.],
        [0., 1.],
        [0., 1.],
        [1., 0.],
        [1., 0.],
        [1., 0.],
        [1., 0.],
        [1., 0.],
        [1., 0.],
        [1., 0.],
        [1., 0.],
        [1., 0.],
        [0., 1.],
        [0., 1.],
        [0., 1.],
        [1., 0.],
        [0., 1.],
        [0., 1.],
        [1., 0.],
        [0., 1.],
        [1., 0.]], device='cuda:0', dtype=torch.float64), 'spins': tensor([-1., -1.,  1.,  1.,  1., -1., -1., -1., -1., -1.,  1., -1.,  1.,  1.,
        -1., -1., -1., -1., -1., -1., -1., -1., -1.,  1.,  1.,  1., -1.,  1.,
         1., -1.,  1., -1.], device='cuda:0', dtype=torch.float64), 'energy': 0.0003906217039892912}
torch.Size([128, 32, 2])
torch.Size([128, 32])
torch.Size([128])
torch.Size([2640])
tensor([0.0140, 0.0140, 0.0140,  ..., 0.0004, 0.0004, 0.0004],
       dtype=torch.float64)
{'onehot': tensor([[1., 0.],
        [1., 0.],
        [0., 1.],
        [0., 1.],
        [0., 1.],
        [1., 0.],
        [1., 0.],
        [1., 0.],
        [1., 0.],
        [1., 0.],
        [0., 1.],
        [1., 0.],
        [0., 1.],
        [0., 1.],
        [1., 0.],
        [1., 0.],
        [1., 0.],
        [1., 0.],
        [1., 0.],
        [1., 0.],
        [1., 0.],
        [1., 0.],
        [1., 0.],
        [0., 1.],
        [0., 1.],
        [0., 1.],
        [1., 0.],
        [0., 1.],
        [0., 1.],
        [1., 0.],
        [0., 1.],
        [1., 0.]], device='cuda:0', dtype=torch.float64), 'spins': tensor([-1., -1.,  1.,  1.,  1., -1., -1., -1., -1., -1.,  1., -1.,  1.,  1.,
        -1., -1., -1., -1., -1., -1., -1., -1., -1.,  1.,  1.,  1., -1.,  1.,
         1., -1.,  1., -1.], device='cuda:0', dtype=torch.float64), 'energy': 0.0003906217039892912}
torch.Size([128, 32, 2])
torch.Size([128, 32])
torch.Size([128])
torch.Size([3280])
tensor([0.0140, 0.0140, 0.0140,  ..., 0.0002, 0.0002, 0.0002],
       dtype=torch.float64)
{'onehot': tensor([[1., 0.],
        [0., 1.],
        [0., 1.],
        [1., 0.],
        [0., 1.],
        [1., 0.],
        [0., 1.],
        [0., 1.],
        [1., 0.],
        [1., 0.],
        [1., 0.],
        [0., 1.],
        [1., 0.],
        [0., 1.],
        [0., 1.],
        [0., 1.],
        [0., 1.],
        [0., 1.],
        [0., 1.],
        [1., 0.],
        [1., 0.],
        [0., 1.],
        [0., 1.],
        [0., 1.],
        [1., 0.],
        [1., 0.],
        [0., 1.],
        [1., 0.],
        [1., 0.],
        [1., 0.],
        [1., 0.],
        [1., 0.]], device='cuda:0', dtype=torch.float64), 'spins': tensor([-1.,  1.,  1., -1.,  1., -1.,  1.,  1., -1., -1., -1.,  1., -1.,  1.,
         1.,  1.,  1.,  1.,  1., -1., -1.,  1.,  1.,  1., -1., -1.,  1., -1.,
        -1., -1., -1., -1.], device='cuda:0', dtype=torch.float64), 'energy': 0.0001590653480847415}
torch.Size([128, 32, 2])
torch.Size([128, 32])
torch.Size([128])
torch.Size([4560])
tensor([0.0140, 0.0140, 0.0140,  ..., 0.0002, 0.0002, 0.0002],
       dtype=torch.float64)
{'onehot': tensor([[0., 1.],
        [0., 1.],
        [0., 1.],
        [1., 0.],
        [1., 0.],
        [0., 1.],
        [1., 0.],
        [0., 1.],
        [0., 1.],
        [0., 1.],
        [0., 1.],
        [1., 0.],
        [1., 0.],
        [0., 1.],
        [1., 0.],
        [1., 0.],
        [1., 0.],
        [1., 0.],
        [0., 1.],
        [0., 1.],
        [0., 1.],
        [0., 1.],
        [0., 1.],
        [1., 0.],
        [0., 1.],
        [0., 1.],
        [0., 1.],
        [1., 0.],
        [0., 1.],
        [0., 1.],
        [0., 1.],
        [0., 1.]], device='cuda:0', dtype=torch.float64), 'spins': tensor([ 1.,  1.,  1., -1., -1.,  1., -1.,  1.,  1.,  1.,  1., -1., -1.,  1.,
        -1., -1., -1., -1.,  1.,  1.,  1.,  1.,  1., -1.,  1.,  1.,  1., -1.,
         1.,  1.,  1.,  1.], device='cuda:0', dtype=torch.float64), 'energy': 0.00016119578441964322}
torch.Size([128, 32, 2])
torch.Size([128, 32])
torch.Size([128])
torch.Size([7120])
tensor([0.0140, 0.0140, 0.0140,  ..., 0.0002, 0.0002, 0.0002],
       dtype=torch.float64)
{'onehot': tensor([[1., 0.],
        [1., 0.],
        [0., 1.],
        [0., 1.],
        [0., 1.],
        [0., 1.],
        [1., 0.],
        [1., 0.],
        [1., 0.],
        [0., 1.],
        [0., 1.],
        [0., 1.],
        [0., 1.],
        [1., 0.],
        [0., 1.],
        [1., 0.],
        [0., 1.],
        [0., 1.],
        [0., 1.],
        [0., 1.],
        [1., 0.],
        [1., 0.],
        [1., 0.],
        [1., 0.],
        [1., 0.],
        [1., 0.],
        [0., 1.],
        [0., 1.],
        [1., 0.],
        [1., 0.],
        [1., 0.],
        [0., 1.]], device='cuda:0', dtype=torch.float64), 'spins': tensor([-1., -1.,  1.,  1.,  1.,  1., -1., -1., -1.,  1.,  1.,  1.,  1., -1.,
         1., -1.,  1.,  1.,  1.,  1., -1., -1., -1., -1., -1., -1.,  1.,  1.,
        -1., -1., -1.,  1.], device='cuda:0', dtype=torch.float64), 'energy': 0.00016415191703900156}
torch.Size([128, 32, 2])
torch.Size([128, 32])
torch.Size([128])
torch.Size([12240])
tensor([0.0140, 0.0140, 0.0140,  ..., 0.0001, 0.0001, 0.0001],
       dtype=torch.float64)
{'onehot': tensor([[1., 0.],
        [0., 1.],
        [0., 1.],
        [1., 0.],
        [0., 1.],
        [1., 0.],
        [0., 1.],
        [1., 0.],
        [1., 0.],
        [1., 0.],
        [1., 0.],
        [1., 0.],
        [1., 0.],
        [0., 1.],
        [0., 1.],
        [0., 1.],
        [0., 1.],
        [1., 0.],
        [0., 1.],
        [0., 1.],
        [0., 1.],
        [0., 1.],
        [0., 1.],
        [0., 1.],
        [1., 0.],
        [1., 0.],
        [1., 0.],
        [1., 0.],
        [1., 0.],
        [0., 1.],
        [1., 0.],
        [0., 1.]], device='cuda:0', dtype=torch.float64), 'spins': tensor([-1.,  1.,  1., -1.,  1., -1.,  1., -1., -1., -1., -1., -1., -1.,  1.,
         1.,  1.,  1., -1.,  1.,  1.,  1.,  1.,  1.,  1., -1., -1., -1., -1.,
        -1.,  1., -1.,  1.], device='cuda:0', dtype=torch.float64), 'energy': 0.00011841678239532527}
