ng10103
==== Mon 15 Sep 2025 08:39:26 AM EDT | job 49720621 | node ng10103 ====
model= instance= sa_anneal=
SLURM_JOB_GPUS=0
CUDA_VISIBLE_DEVICES=0
0, GPU-3c2f9031-a8cc-6e4b-ba6e-56dd6b4aead7, NVIDIA A100-SXM4-40GB
torch.Size([128, 32, 2])
torch.Size([128, 32])
torch.Size([128])
torch.Size([2080])
tensor([0.0157, 0.0027, 0.0027,  ..., 0.0003, 0.0003, 0.0003],
       dtype=torch.float64)
{'onehot': tensor([[1., 0.],
        [0., 1.],
        [1., 0.],
        [1., 0.],
        [0., 1.],
        [0., 1.],
        [0., 1.],
        [0., 1.],
        [0., 1.],
        [0., 1.],
        [0., 1.],
        [0., 1.],
        [0., 1.],
        [0., 1.],
        [0., 1.],
        [1., 0.],
        [1., 0.],
        [1., 0.],
        [0., 1.],
        [1., 0.],
        [0., 1.],
        [1., 0.],
        [1., 0.],
        [0., 1.],
        [0., 1.],
        [1., 0.],
        [1., 0.],
        [1., 0.],
        [1., 0.],
        [0., 1.],
        [0., 1.],
        [1., 0.]], device='cuda:0', dtype=torch.float64), 'spins': tensor([-1.,  1., -1., -1.,  1.,  1.,  1.,  1.,  1.,  1.,  1.,  1.,  1.,  1.,
         1., -1., -1., -1.,  1., -1.,  1., -1., -1.,  1.,  1., -1., -1., -1.,
        -1.,  1.,  1., -1.], device='cuda:0', dtype=torch.float64), 'energy': 0.0002851874850104963}
torch.Size([128, 32, 2])
torch.Size([128, 32])
torch.Size([128])
torch.Size([2160])
tensor([0.0157, 0.0027, 0.0027,  ..., 0.0003, 0.0003, 0.0003],
       dtype=torch.float64)
{'onehot': tensor([[1., 0.],
        [0., 1.],
        [1., 0.],
        [1., 0.],
        [0., 1.],
        [0., 1.],
        [0., 1.],
        [0., 1.],
        [0., 1.],
        [0., 1.],
        [0., 1.],
        [0., 1.],
        [0., 1.],
        [0., 1.],
        [0., 1.],
        [1., 0.],
        [1., 0.],
        [1., 0.],
        [0., 1.],
        [1., 0.],
        [0., 1.],
        [1., 0.],
        [1., 0.],
        [0., 1.],
        [0., 1.],
        [1., 0.],
        [1., 0.],
        [1., 0.],
        [1., 0.],
        [0., 1.],
        [0., 1.],
        [1., 0.]], device='cuda:0', dtype=torch.float64), 'spins': tensor([-1.,  1., -1., -1.,  1.,  1.,  1.,  1.,  1.,  1.,  1.,  1.,  1.,  1.,
         1., -1., -1., -1.,  1., -1.,  1., -1., -1.,  1.,  1., -1., -1., -1.,
        -1.,  1.,  1., -1.], device='cuda:0', dtype=torch.float64), 'energy': 0.0002851874850104963}
torch.Size([128, 32, 2])
torch.Size([128, 32])
torch.Size([128])
torch.Size([2320])
tensor([0.0157, 0.0027, 0.0027,  ..., 0.0003, 0.0003, 0.0003],
       dtype=torch.float64)
{'onehot': tensor([[1., 0.],
        [0., 1.],
        [1., 0.],
        [1., 0.],
        [0., 1.],
        [0., 1.],
        [0., 1.],
        [0., 1.],
        [0., 1.],
        [0., 1.],
        [0., 1.],
        [0., 1.],
        [0., 1.],
        [0., 1.],
        [0., 1.],
        [1., 0.],
        [1., 0.],
        [1., 0.],
        [0., 1.],
        [1., 0.],
        [0., 1.],
        [1., 0.],
        [1., 0.],
        [0., 1.],
        [0., 1.],
        [1., 0.],
        [1., 0.],
        [1., 0.],
        [1., 0.],
        [0., 1.],
        [0., 1.],
        [1., 0.]], device='cuda:0', dtype=torch.float64), 'spins': tensor([-1.,  1., -1., -1.,  1.,  1.,  1.,  1.,  1.,  1.,  1.,  1.,  1.,  1.,
         1., -1., -1., -1.,  1., -1.,  1., -1., -1.,  1.,  1., -1., -1., -1.,
        -1.,  1.,  1., -1.], device='cuda:0', dtype=torch.float64), 'energy': 0.0002851874850104963}
torch.Size([128, 32, 2])
torch.Size([128, 32])
torch.Size([128])
torch.Size([2640])
tensor([0.0157, 0.0027, 0.0027,  ..., 0.0001, 0.0001, 0.0001],
       dtype=torch.float64)
{'onehot': tensor([[1., 0.],
        [1., 0.],
        [1., 0.],
        [0., 1.],
        [1., 0.],
        [0., 1.],
        [1., 0.],
        [1., 0.],
        [1., 0.],
        [1., 0.],
        [0., 1.],
        [1., 0.],
        [0., 1.],
        [0., 1.],
        [1., 0.],
        [1., 0.],
        [1., 0.],
        [0., 1.],
        [0., 1.],
        [0., 1.],
        [1., 0.],
        [1., 0.],
        [0., 1.],
        [1., 0.],
        [1., 0.],
        [0., 1.],
        [1., 0.],
        [1., 0.],
        [1., 0.],
        [0., 1.],
        [0., 1.],
        [1., 0.]], device='cuda:0', dtype=torch.float64), 'spins': tensor([-1., -1., -1.,  1., -1.,  1., -1., -1., -1., -1.,  1., -1.,  1.,  1.,
        -1., -1., -1.,  1.,  1.,  1., -1., -1.,  1., -1., -1.,  1., -1., -1.,
        -1.,  1.,  1., -1.], device='cuda:0', dtype=torch.float64), 'energy': 0.00012473885536579132}
torch.Size([128, 32, 2])
torch.Size([128, 32])
torch.Size([128])
torch.Size([3280])
tensor([0.0157, 0.0027, 0.0027,  ..., 0.0001, 0.0001, 0.0001],
       dtype=torch.float64)
{'onehot': tensor([[0., 1.],
        [0., 1.],
        [1., 0.],
        [1., 0.],
        [1., 0.],
        [0., 1.],
        [0., 1.],
        [0., 1.],
        [0., 1.],
        [0., 1.],
        [0., 1.],
        [1., 0.],
        [1., 0.],
        [0., 1.],
        [0., 1.],
        [1., 0.],
        [1., 0.],
        [0., 1.],
        [1., 0.],
        [1., 0.],
        [0., 1.],
        [1., 0.],
        [0., 1.],
        [1., 0.],
        [0., 1.],
        [0., 1.],
        [0., 1.],
        [0., 1.],
        [0., 1.],
        [0., 1.],
        [1., 0.],
        [1., 0.]], device='cuda:0', dtype=torch.float64), 'spins': tensor([ 1.,  1., -1., -1., -1.,  1.,  1.,  1.,  1.,  1.,  1., -1., -1.,  1.,
         1., -1., -1.,  1., -1., -1.,  1., -1.,  1., -1.,  1.,  1.,  1.,  1.,
         1.,  1., -1., -1.], device='cuda:0', dtype=torch.float64), 'energy': 0.00014748879723880393}
torch.Size([128, 32, 2])
torch.Size([128, 32])
torch.Size([128])
torch.Size([4560])
tensor([0.0157, 0.0027, 0.0027,  ..., 0.0002, 0.0002, 0.0002],
       dtype=torch.float64)
{'onehot': tensor([[0., 1.],
        [0., 1.],
        [0., 1.],
        [1., 0.],
        [0., 1.],
        [0., 1.],
        [0., 1.],
        [1., 0.],
        [0., 1.],
        [1., 0.],
        [1., 0.],
        [0., 1.],
        [0., 1.],
        [0., 1.],
        [0., 1.],
        [0., 1.],
        [1., 0.],
        [1., 0.],
        [1., 0.],
        [1., 0.],
        [0., 1.],
        [1., 0.],
        [0., 1.],
        [0., 1.],
        [0., 1.],
        [1., 0.],
        [1., 0.],
        [1., 0.],
        [1., 0.],
        [1., 0.],
        [1., 0.],
        [1., 0.]], device='cuda:0', dtype=torch.float64), 'spins': tensor([ 1.,  1.,  1., -1.,  1.,  1.,  1., -1.,  1., -1., -1.,  1.,  1.,  1.,
         1.,  1., -1., -1., -1., -1.,  1., -1.,  1.,  1.,  1., -1., -1., -1.,
        -1., -1., -1., -1.], device='cuda:0', dtype=torch.float64), 'energy': 0.0001720243051002157}
torch.Size([128, 32, 2])
torch.Size([128, 32])
torch.Size([128])
torch.Size([7120])
tensor([0.0157, 0.0027, 0.0027,  ..., 0.0002, 0.0002, 0.0002],
       dtype=torch.float64)
{'onehot': tensor([[1., 0.],
        [1., 0.],
        [1., 0.],
        [0., 1.],
        [0., 1.],
        [1., 0.],
        [1., 0.],
        [0., 1.],
        [1., 0.],
        [0., 1.],
        [0., 1.],
        [1., 0.],
        [0., 1.],
        [0., 1.],
        [0., 1.],
        [1., 0.],
        [0., 1.],
        [1., 0.],
        [0., 1.],
        [1., 0.],
        [0., 1.],
        [1., 0.],
        [1., 0.],
        [1., 0.],
        [1., 0.],
        [1., 0.],
        [1., 0.],
        [0., 1.],
        [1., 0.],
        [0., 1.],
        [0., 1.],
        [0., 1.]], device='cuda:0', dtype=torch.float64), 'spins': tensor([-1., -1., -1.,  1.,  1., -1., -1.,  1., -1.,  1.,  1., -1.,  1.,  1.,
         1., -1.,  1., -1.,  1., -1.,  1., -1., -1., -1., -1., -1., -1.,  1.,
        -1.,  1.,  1.,  1.], device='cuda:0', dtype=torch.float64), 'energy': 0.00015817948164276174}
torch.Size([128, 32, 2])
torch.Size([128, 32])
torch.Size([128])
torch.Size([12240])
tensor([1.5671e-02, 2.7059e-03, 2.7059e-03,  ..., 5.8607e-05, 5.8607e-05,
        5.8607e-05], dtype=torch.float64)
{'onehot': tensor([[1., 0.],
        [1., 0.],
        [1., 0.],
        [0., 1.],
        [1., 0.],
        [1., 0.],
        [0., 1.],
        [1., 0.],
        [0., 1.],
        [1., 0.],
        [0., 1.],
        [1., 0.],
        [0., 1.],
        [0., 1.],
        [0., 1.],
        [1., 0.],
        [0., 1.],
        [0., 1.],
        [0., 1.],
        [1., 0.],
        [0., 1.],
        [0., 1.],
        [1., 0.],
        [0., 1.],
        [1., 0.],
        [1., 0.],
        [1., 0.],
        [0., 1.],
        [1., 0.],
        [0., 1.],
        [1., 0.],
        [0., 1.]], device='cuda:0', dtype=torch.float64), 'spins': tensor([-1., -1., -1.,  1., -1., -1.,  1., -1.,  1., -1.,  1., -1.,  1.,  1.,
         1., -1.,  1.,  1.,  1., -1.,  1.,  1., -1.,  1., -1., -1., -1.,  1.,
        -1.,  1., -1.,  1.], device='cuda:0', dtype=torch.float64), 'energy': 5.860684084879608e-05}
