ng10502
==== Sat 13 Sep 2025 06:55:31 AM EDT | job 49637235 | node ng10502 ====
model= instance= sa_anneal=
SLURM_JOB_GPUS=3
CUDA_VISIBLE_DEVICES=0
0, GPU-07b62792-75e3-3d46-977e-669598bcb688, NVIDIA A100-SXM4-40GB
torch.Size([128, 32, 2])
torch.Size([128, 32])
torch.Size([128])
torch.Size([2080])
tensor([-1.9103, -1.9103, -1.9103,  ..., -1.9103, -1.9103, -1.9103],
       dtype=torch.float64)
{'onehot': tensor([[0., 1.],
        [0., 1.],
        [1., 0.],
        [1., 0.],
        [1., 0.],
        [1., 0.],
        [0., 1.],
        [0., 1.],
        [0., 1.],
        [1., 0.],
        [1., 0.],
        [0., 1.],
        [1., 0.],
        [1., 0.],
        [0., 1.],
        [1., 0.],
        [0., 1.],
        [0., 1.],
        [1., 0.],
        [0., 1.],
        [0., 1.],
        [0., 1.],
        [0., 1.],
        [1., 0.],
        [0., 1.],
        [0., 1.],
        [1., 0.],
        [1., 0.],
        [1., 0.],
        [0., 1.],
        [1., 0.],
        [0., 1.]], device='cuda:0', dtype=torch.float64), 'spins': tensor([ 1.,  1., -1., -1., -1., -1.,  1.,  1.,  1., -1., -1.,  1., -1., -1.,
         1., -1.,  1.,  1., -1.,  1.,  1.,  1.,  1., -1.,  1.,  1., -1., -1.,
        -1.,  1., -1.,  1.], device='cuda:0', dtype=torch.float64), 'energy': -1.91028225807298}
torch.Size([128, 32, 2])
torch.Size([128, 32])
torch.Size([128])
torch.Size([2160])
tensor([-1.9103, -1.9103, -1.9103,  ..., -1.9103, -1.9103, -1.9103],
       dtype=torch.float64)
{'onehot': tensor([[0., 1.],
        [0., 1.],
        [1., 0.],
        [1., 0.],
        [1., 0.],
        [1., 0.],
        [0., 1.],
        [0., 1.],
        [0., 1.],
        [1., 0.],
        [1., 0.],
        [0., 1.],
        [1., 0.],
        [1., 0.],
        [0., 1.],
        [1., 0.],
        [0., 1.],
        [0., 1.],
        [1., 0.],
        [0., 1.],
        [0., 1.],
        [0., 1.],
        [0., 1.],
        [1., 0.],
        [0., 1.],
        [0., 1.],
        [1., 0.],
        [1., 0.],
        [1., 0.],
        [0., 1.],
        [1., 0.],
        [0., 1.]], device='cuda:0', dtype=torch.float64), 'spins': tensor([ 1.,  1., -1., -1., -1., -1.,  1.,  1.,  1., -1., -1.,  1., -1., -1.,
         1., -1.,  1.,  1., -1.,  1.,  1.,  1.,  1., -1.,  1.,  1., -1., -1.,
        -1.,  1., -1.,  1.], device='cuda:0', dtype=torch.float64), 'energy': -1.91028225807298}
torch.Size([128, 32, 2])
torch.Size([128, 32])
torch.Size([128])
torch.Size([2320])
tensor([-1.9103, -1.9103, -1.9103,  ..., -1.9103, -1.9103, -1.9103],
       dtype=torch.float64)
{'onehot': tensor([[0., 1.],
        [0., 1.],
        [1., 0.],
        [1., 0.],
        [1., 0.],
        [1., 0.],
        [1., 0.],
        [0., 1.],
        [0., 1.],
        [1., 0.],
        [1., 0.],
        [1., 0.],
        [0., 1.],
        [0., 1.],
        [0., 1.],
        [0., 1.],
        [0., 1.],
        [0., 1.],
        [1., 0.],
        [0., 1.],
        [1., 0.],
        [1., 0.],
        [0., 1.],
        [1., 0.],
        [0., 1.],
        [0., 1.],
        [1., 0.],
        [1., 0.],
        [1., 0.],
        [0., 1.],
        [0., 1.],
        [0., 1.]], device='cuda:0', dtype=torch.float64), 'spins': tensor([ 1.,  1., -1., -1., -1., -1., -1.,  1.,  1., -1., -1., -1.,  1.,  1.,
         1.,  1.,  1.,  1., -1.,  1., -1., -1.,  1., -1.,  1.,  1., -1., -1.,
        -1.,  1.,  1.,  1.], device='cuda:0', dtype=torch.float64), 'energy': -1.9102822580729801}
torch.Size([128, 32, 2])
torch.Size([128, 32])
torch.Size([128])
torch.Size([2640])
tensor([-1.9103, -1.9103, -1.9103,  ..., -1.9103, -1.9103, -1.9103],
       dtype=torch.float64)
{'onehot': tensor([[0., 1.],
        [0., 1.],
        [1., 0.],
        [1., 0.],
        [1., 0.],
        [1., 0.],
        [0., 1.],
        [0., 1.],
        [0., 1.],
        [1., 0.],
        [1., 0.],
        [0., 1.],
        [1., 0.],
        [1., 0.],
        [0., 1.],
        [1., 0.],
        [0., 1.],
        [0., 1.],
        [1., 0.],
        [0., 1.],
        [0., 1.],
        [0., 1.],
        [0., 1.],
        [1., 0.],
        [0., 1.],
        [0., 1.],
        [1., 0.],
        [1., 0.],
        [1., 0.],
        [0., 1.],
        [1., 0.],
        [0., 1.]], device='cuda:0', dtype=torch.float64), 'spins': tensor([ 1.,  1., -1., -1., -1., -1.,  1.,  1.,  1., -1., -1.,  1., -1., -1.,
         1., -1.,  1.,  1., -1.,  1.,  1.,  1.,  1., -1.,  1.,  1., -1., -1.,
        -1.,  1., -1.,  1.], device='cuda:0', dtype=torch.float64), 'energy': -1.91028225807298}
torch.Size([128, 32, 2])
torch.Size([128, 32])
torch.Size([128])
torch.Size([3280])
tensor([-1.9103, -1.9103, -1.9103,  ..., -1.9103, -1.9103, -1.9103],
       dtype=torch.float64)
{'onehot': tensor([[0., 1.],
        [0., 1.],
        [1., 0.],
        [1., 0.],
        [1., 0.],
        [1., 0.],
        [0., 1.],
        [0., 1.],
        [0., 1.],
        [1., 0.],
        [1., 0.],
        [0., 1.],
        [1., 0.],
        [1., 0.],
        [0., 1.],
        [1., 0.],
        [0., 1.],
        [0., 1.],
        [1., 0.],
        [0., 1.],
        [0., 1.],
        [0., 1.],
        [0., 1.],
        [1., 0.],
        [0., 1.],
        [0., 1.],
        [1., 0.],
        [1., 0.],
        [1., 0.],
        [0., 1.],
        [1., 0.],
        [0., 1.]], device='cuda:0', dtype=torch.float64), 'spins': tensor([ 1.,  1., -1., -1., -1., -1.,  1.,  1.,  1., -1., -1.,  1., -1., -1.,
         1., -1.,  1.,  1., -1.,  1.,  1.,  1.,  1., -1.,  1.,  1., -1., -1.,
        -1.,  1., -1.,  1.], device='cuda:0', dtype=torch.float64), 'energy': -1.91028225807298}
torch.Size([128, 32, 2])
torch.Size([128, 32])
torch.Size([128])
torch.Size([4560])
tensor([-1.9103, -1.9103, -1.9103,  ..., -1.9103, -1.9103, -1.9103],
       dtype=torch.float64)
{'onehot': tensor([[0., 1.],
        [0., 1.],
        [1., 0.],
        [1., 0.],
        [1., 0.],
        [1., 0.],
        [0., 1.],
        [0., 1.],
        [0., 1.],
        [1., 0.],
        [1., 0.],
        [0., 1.],
        [1., 0.],
        [1., 0.],
        [0., 1.],
        [1., 0.],
        [0., 1.],
        [0., 1.],
        [1., 0.],
        [0., 1.],
        [0., 1.],
        [0., 1.],
        [0., 1.],
        [1., 0.],
        [0., 1.],
        [0., 1.],
        [1., 0.],
        [1., 0.],
        [1., 0.],
        [0., 1.],
        [1., 0.],
        [0., 1.]], device='cuda:0', dtype=torch.float64), 'spins': tensor([ 1.,  1., -1., -1., -1., -1.,  1.,  1.,  1., -1., -1.,  1., -1., -1.,
         1., -1.,  1.,  1., -1.,  1.,  1.,  1.,  1., -1.,  1.,  1., -1., -1.,
        -1.,  1., -1.,  1.], device='cuda:0', dtype=torch.float64), 'energy': -1.91028225807298}
torch.Size([128, 32, 2])
torch.Size([128, 32])
torch.Size([128])
torch.Size([7120])
tensor([-1.9103, -1.9103, -1.9103,  ..., -1.9103, -1.9103, -1.9103],
       dtype=torch.float64)
{'onehot': tensor([[1., 0.],
        [0., 1.],
        [1., 0.],
        [1., 0.],
        [1., 0.],
        [1., 0.],
        [0., 1.],
        [0., 1.],
        [0., 1.],
        [1., 0.],
        [0., 1.],
        [0., 1.],
        [0., 1.],
        [0., 1.],
        [0., 1.],
        [1., 0.],
        [0., 1.],
        [1., 0.],
        [1., 0.],
        [0., 1.],
        [1., 0.],
        [1., 0.],
        [0., 1.],
        [1., 0.],
        [0., 1.],
        [0., 1.],
        [1., 0.],
        [1., 0.],
        [1., 0.],
        [0., 1.],
        [0., 1.],
        [0., 1.]], device='cuda:0', dtype=torch.float64), 'spins': tensor([-1.,  1., -1., -1., -1., -1.,  1.,  1.,  1., -1.,  1.,  1.,  1.,  1.,
         1., -1.,  1., -1., -1.,  1., -1., -1.,  1., -1.,  1.,  1., -1., -1.,
        -1.,  1.,  1.,  1.], device='cuda:0', dtype=torch.float64), 'energy': -1.9102822580729808}
torch.Size([128, 32, 2])
torch.Size([128, 32])
torch.Size([128])
torch.Size([12240])
tensor([-1.9103, -1.9103, -1.9103,  ..., -1.9103, -1.9103, -1.9103],
       dtype=torch.float64)
{'onehot': tensor([[0., 1.],
        [1., 0.],
        [0., 1.],
        [0., 1.],
        [0., 1.],
        [0., 1.],
        [0., 1.],
        [1., 0.],
        [1., 0.],
        [0., 1.],
        [1., 0.],
        [1., 0.],
        [1., 0.],
        [1., 0.],
        [1., 0.],
        [0., 1.],
        [1., 0.],
        [0., 1.],
        [0., 1.],
        [1., 0.],
        [0., 1.],
        [0., 1.],
        [1., 0.],
        [0., 1.],
        [1., 0.],
        [1., 0.],
        [0., 1.],
        [0., 1.],
        [1., 0.],
        [1., 0.],
        [1., 0.],
        [1., 0.]], device='cuda:0', dtype=torch.float64), 'spins': tensor([ 1., -1.,  1.,  1.,  1.,  1.,  1., -1., -1.,  1., -1., -1., -1., -1.,
        -1.,  1., -1.,  1.,  1., -1.,  1.,  1., -1.,  1., -1., -1.,  1.,  1.,
        -1., -1., -1., -1.], device='cuda:0', dtype=torch.float64), 'energy': -1.9102822580729804}
