ng10201
==== Sat 13 Sep 2025 05:56:24 AM EDT | job 49636210 | node ng10201 ====
model= instance= sa_anneal=
SLURM_JOB_GPUS=1
CUDA_VISIBLE_DEVICES=0
0, GPU-f9999106-61a2-a97a-cdeb-0c79e0f5d967, NVIDIA A100-SXM4-40GB
torch.Size([128, 32, 2])
torch.Size([128, 32])
torch.Size([128])
torch.Size([2080])
tensor([-0.9733, -0.9733, -0.9733,  ..., -0.9733, -0.9733, -0.9733],
       dtype=torch.float64)
{'onehot': tensor([[1., 0.],
        [1., 0.],
        [1., 0.],
        [1., 0.],
        [0., 1.],
        [1., 0.],
        [0., 1.],
        [0., 1.],
        [1., 0.],
        [0., 1.],
        [0., 1.],
        [1., 0.],
        [0., 1.],
        [1., 0.],
        [0., 1.],
        [0., 1.],
        [0., 1.],
        [0., 1.],
        [1., 0.],
        [1., 0.],
        [0., 1.],
        [1., 0.],
        [0., 1.],
        [0., 1.],
        [1., 0.],
        [0., 1.],
        [1., 0.],
        [1., 0.],
        [0., 1.],
        [1., 0.],
        [1., 0.],
        [1., 0.]], device='cuda:0', dtype=torch.float64), 'spins': tensor([-1., -1., -1., -1.,  1., -1.,  1.,  1., -1.,  1.,  1., -1.,  1., -1.,
         1.,  1.,  1.,  1., -1., -1.,  1., -1.,  1.,  1., -1.,  1., -1., -1.,
         1., -1., -1., -1.], device='cuda:0', dtype=torch.float64), 'energy': -0.9732862903225004}
torch.Size([128, 32, 2])
torch.Size([128, 32])
torch.Size([128])
torch.Size([2160])
tensor([-0.9733, -0.9733, -0.9733,  ..., -0.9733, -0.9733, -0.9733],
       dtype=torch.float64)
{'onehot': tensor([[1., 0.],
        [1., 0.],
        [1., 0.],
        [1., 0.],
        [0., 1.],
        [1., 0.],
        [0., 1.],
        [0., 1.],
        [1., 0.],
        [0., 1.],
        [0., 1.],
        [1., 0.],
        [0., 1.],
        [1., 0.],
        [0., 1.],
        [0., 1.],
        [0., 1.],
        [0., 1.],
        [1., 0.],
        [1., 0.],
        [0., 1.],
        [1., 0.],
        [0., 1.],
        [0., 1.],
        [1., 0.],
        [0., 1.],
        [1., 0.],
        [1., 0.],
        [0., 1.],
        [1., 0.],
        [1., 0.],
        [1., 0.]], device='cuda:0', dtype=torch.float64), 'spins': tensor([-1., -1., -1., -1.,  1., -1.,  1.,  1., -1.,  1.,  1., -1.,  1., -1.,
         1.,  1.,  1.,  1., -1., -1.,  1., -1.,  1.,  1., -1.,  1., -1., -1.,
         1., -1., -1., -1.], device='cuda:0', dtype=torch.float64), 'energy': -0.9732862903225004}
torch.Size([128, 32, 2])
torch.Size([128, 32])
torch.Size([128])
torch.Size([2320])
tensor([-0.9733, -0.9733, -0.9733,  ..., -0.9733, -0.9733, -0.9733],
       dtype=torch.float64)
{'onehot': tensor([[1., 0.],
        [1., 0.],
        [1., 0.],
        [1., 0.],
        [0., 1.],
        [1., 0.],
        [0., 1.],
        [0., 1.],
        [1., 0.],
        [0., 1.],
        [0., 1.],
        [1., 0.],
        [0., 1.],
        [1., 0.],
        [0., 1.],
        [0., 1.],
        [0., 1.],
        [0., 1.],
        [1., 0.],
        [1., 0.],
        [0., 1.],
        [1., 0.],
        [0., 1.],
        [0., 1.],
        [1., 0.],
        [0., 1.],
        [1., 0.],
        [1., 0.],
        [0., 1.],
        [1., 0.],
        [1., 0.],
        [1., 0.]], device='cuda:0', dtype=torch.float64), 'spins': tensor([-1., -1., -1., -1.,  1., -1.,  1.,  1., -1.,  1.,  1., -1.,  1., -1.,
         1.,  1.,  1.,  1., -1., -1.,  1., -1.,  1.,  1., -1.,  1., -1., -1.,
         1., -1., -1., -1.], device='cuda:0', dtype=torch.float64), 'energy': -0.9732862903225004}
torch.Size([128, 32, 2])
torch.Size([128, 32])
torch.Size([128])
torch.Size([2640])
tensor([-0.9733, -0.9733, -0.9733,  ..., -0.9733, -0.9733, -0.9733],
       dtype=torch.float64)
{'onehot': tensor([[1., 0.],
        [1., 0.],
        [1., 0.],
        [1., 0.],
        [0., 1.],
        [1., 0.],
        [0., 1.],
        [0., 1.],
        [1., 0.],
        [0., 1.],
        [0., 1.],
        [1., 0.],
        [0., 1.],
        [1., 0.],
        [0., 1.],
        [0., 1.],
        [0., 1.],
        [0., 1.],
        [1., 0.],
        [1., 0.],
        [0., 1.],
        [1., 0.],
        [0., 1.],
        [0., 1.],
        [1., 0.],
        [0., 1.],
        [1., 0.],
        [1., 0.],
        [0., 1.],
        [1., 0.],
        [1., 0.],
        [1., 0.]], device='cuda:0', dtype=torch.float64), 'spins': tensor([-1., -1., -1., -1.,  1., -1.,  1.,  1., -1.,  1.,  1., -1.,  1., -1.,
         1.,  1.,  1.,  1., -1., -1.,  1., -1.,  1.,  1., -1.,  1., -1., -1.,
         1., -1., -1., -1.], device='cuda:0', dtype=torch.float64), 'energy': -0.9732862903225004}
torch.Size([128, 32, 2])
torch.Size([128, 32])
torch.Size([128])
torch.Size([3280])
tensor([-0.9733, -0.9733, -0.9733,  ..., -0.9733, -0.9733, -0.9733],
       dtype=torch.float64)
{'onehot': tensor([[1., 0.],
        [1., 0.],
        [1., 0.],
        [1., 0.],
        [0., 1.],
        [1., 0.],
        [0., 1.],
        [0., 1.],
        [1., 0.],
        [0., 1.],
        [0., 1.],
        [1., 0.],
        [0., 1.],
        [1., 0.],
        [0., 1.],
        [0., 1.],
        [0., 1.],
        [0., 1.],
        [1., 0.],
        [1., 0.],
        [0., 1.],
        [1., 0.],
        [0., 1.],
        [0., 1.],
        [1., 0.],
        [0., 1.],
        [1., 0.],
        [1., 0.],
        [0., 1.],
        [1., 0.],
        [1., 0.],
        [1., 0.]], device='cuda:0', dtype=torch.float64), 'spins': tensor([-1., -1., -1., -1.,  1., -1.,  1.,  1., -1.,  1.,  1., -1.,  1., -1.,
         1.,  1.,  1.,  1., -1., -1.,  1., -1.,  1.,  1., -1.,  1., -1., -1.,
         1., -1., -1., -1.], device='cuda:0', dtype=torch.float64), 'energy': -0.9732862903225004}
torch.Size([128, 32, 2])
torch.Size([128, 32])
torch.Size([128])
torch.Size([4560])
tensor([-0.9733, -0.9733, -0.9733,  ..., -0.9733, -0.9733, -0.9733],
       dtype=torch.float64)
{'onehot': tensor([[1., 0.],
        [1., 0.],
        [1., 0.],
        [1., 0.],
        [0., 1.],
        [1., 0.],
        [0., 1.],
        [0., 1.],
        [1., 0.],
        [0., 1.],
        [0., 1.],
        [1., 0.],
        [0., 1.],
        [1., 0.],
        [0., 1.],
        [0., 1.],
        [0., 1.],
        [0., 1.],
        [1., 0.],
        [1., 0.],
        [0., 1.],
        [1., 0.],
        [0., 1.],
        [0., 1.],
        [1., 0.],
        [0., 1.],
        [1., 0.],
        [1., 0.],
        [0., 1.],
        [1., 0.],
        [1., 0.],
        [1., 0.]], device='cuda:0', dtype=torch.float64), 'spins': tensor([-1., -1., -1., -1.,  1., -1.,  1.,  1., -1.,  1.,  1., -1.,  1., -1.,
         1.,  1.,  1.,  1., -1., -1.,  1., -1.,  1.,  1., -1.,  1., -1., -1.,
         1., -1., -1., -1.], device='cuda:0', dtype=torch.float64), 'energy': -0.9732862903225004}
torch.Size([128, 32, 2])
torch.Size([128, 32])
torch.Size([128])
torch.Size([7120])
tensor([-0.9733, -0.9733, -0.9733,  ..., -0.9733, -0.9733, -0.9733],
       dtype=torch.float64)
{'onehot': tensor([[1., 0.],
        [1., 0.],
        [1., 0.],
        [1., 0.],
        [0., 1.],
        [1., 0.],
        [0., 1.],
        [0., 1.],
        [1., 0.],
        [0., 1.],
        [0., 1.],
        [1., 0.],
        [0., 1.],
        [1., 0.],
        [0., 1.],
        [0., 1.],
        [0., 1.],
        [0., 1.],
        [1., 0.],
        [1., 0.],
        [0., 1.],
        [1., 0.],
        [0., 1.],
        [0., 1.],
        [1., 0.],
        [0., 1.],
        [1., 0.],
        [1., 0.],
        [0., 1.],
        [1., 0.],
        [1., 0.],
        [1., 0.]], device='cuda:0', dtype=torch.float64), 'spins': tensor([-1., -1., -1., -1.,  1., -1.,  1.,  1., -1.,  1.,  1., -1.,  1., -1.,
         1.,  1.,  1.,  1., -1., -1.,  1., -1.,  1.,  1., -1.,  1., -1., -1.,
         1., -1., -1., -1.], device='cuda:0', dtype=torch.float64), 'energy': -0.9732862903225004}
torch.Size([128, 32, 2])
torch.Size([128, 32])
torch.Size([128])
torch.Size([12240])
tensor([-0.9733, -0.9733, -0.9733,  ..., -0.9733, -0.9733, -0.9733],
       dtype=torch.float64)
{'onehot': tensor([[1., 0.],
        [0., 1.],
        [1., 0.],
        [0., 1.],
        [1., 0.],
        [0., 1.],
        [0., 1.],
        [1., 0.],
        [0., 1.],
        [1., 0.],
        [0., 1.],
        [0., 1.],
        [0., 1.],
        [0., 1.],
        [0., 1.],
        [0., 1.],
        [1., 0.],
        [1., 0.],
        [0., 1.],
        [1., 0.],
        [0., 1.],
        [0., 1.],
        [1., 0.],
        [0., 1.],
        [1., 0.],
        [0., 1.],
        [1., 0.],
        [1., 0.],
        [1., 0.],
        [1., 0.],
        [1., 0.],
        [0., 1.]], device='cuda:0', dtype=torch.float64), 'spins': tensor([-1.,  1., -1.,  1., -1.,  1.,  1., -1.,  1., -1.,  1.,  1.,  1.,  1.,
         1.,  1., -1., -1.,  1., -1.,  1.,  1., -1.,  1., -1.,  1., -1., -1.,
        -1., -1., -1.,  1.], device='cuda:0', dtype=torch.float64), 'energy': -0.9732862903225005}
