ng10605
==== Sat 13 Sep 2025 02:18:08 PM EDT | job 49641053 | node ng10605 ====
model= instance= sa_anneal=
SLURM_JOB_GPUS=2
CUDA_VISIBLE_DEVICES=0
0, GPU-c62e4bec-ac4c-cad9-d6f5-162361c0d68e, NVIDIA A100-SXM4-40GB
torch.Size([128, 32, 2])
torch.Size([128, 32])
torch.Size([128])
torch.Size([2080])
tensor([-3.8180, -3.8992, -3.8992,  ..., -3.9713, -3.9713, -3.9713],
       dtype=torch.float64)
{'onehot': tensor([[0., 1.],
        [0., 1.],
        [0., 1.],
        [0., 1.],
        [0., 1.],
        [0., 1.],
        [1., 0.],
        [0., 1.],
        [1., 0.],
        [1., 0.],
        [0., 1.],
        [0., 1.],
        [0., 1.],
        [0., 1.],
        [0., 1.],
        [0., 1.],
        [0., 1.],
        [0., 1.],
        [1., 0.],
        [1., 0.],
        [1., 0.],
        [1., 0.],
        [0., 1.],
        [1., 0.],
        [1., 0.],
        [0., 1.],
        [0., 1.],
        [1., 0.],
        [0., 1.],
        [0., 1.],
        [1., 0.],
        [0., 1.]], device='cuda:0', dtype=torch.float64), 'spins': tensor([ 1.,  1.,  1.,  1.,  1.,  1., -1.,  1., -1., -1.,  1.,  1.,  1.,  1.,
         1.,  1.,  1.,  1., -1., -1., -1., -1.,  1., -1., -1.,  1.,  1., -1.,
         1.,  1., -1.,  1.], device='cuda:0', dtype=torch.float64), 'energy': -3.97127016129834}
torch.Size([128, 32, 2])
torch.Size([128, 32])
torch.Size([128])
torch.Size([2160])
tensor([-3.8180, -3.8992, -3.8992,  ..., -3.9713, -3.9713, -3.9713],
       dtype=torch.float64)
{'onehot': tensor([[0., 1.],
        [0., 1.],
        [0., 1.],
        [0., 1.],
        [0., 1.],
        [0., 1.],
        [1., 0.],
        [0., 1.],
        [1., 0.],
        [1., 0.],
        [0., 1.],
        [0., 1.],
        [0., 1.],
        [0., 1.],
        [0., 1.],
        [0., 1.],
        [0., 1.],
        [0., 1.],
        [1., 0.],
        [1., 0.],
        [1., 0.],
        [1., 0.],
        [0., 1.],
        [1., 0.],
        [1., 0.],
        [0., 1.],
        [0., 1.],
        [1., 0.],
        [0., 1.],
        [0., 1.],
        [1., 0.],
        [0., 1.]], device='cuda:0', dtype=torch.float64), 'spins': tensor([ 1.,  1.,  1.,  1.,  1.,  1., -1.,  1., -1., -1.,  1.,  1.,  1.,  1.,
         1.,  1.,  1.,  1., -1., -1., -1., -1.,  1., -1., -1.,  1.,  1., -1.,
         1.,  1., -1.,  1.], device='cuda:0', dtype=torch.float64), 'energy': -3.97127016129834}
torch.Size([128, 32, 2])
torch.Size([128, 32])
torch.Size([128])
torch.Size([2320])
tensor([-3.8180, -3.8992, -3.8992,  ..., -3.9713, -3.9713, -3.9713],
       dtype=torch.float64)
{'onehot': tensor([[0., 1.],
        [0., 1.],
        [0., 1.],
        [0., 1.],
        [0., 1.],
        [0., 1.],
        [1., 0.],
        [0., 1.],
        [1., 0.],
        [1., 0.],
        [0., 1.],
        [0., 1.],
        [0., 1.],
        [0., 1.],
        [0., 1.],
        [0., 1.],
        [0., 1.],
        [0., 1.],
        [1., 0.],
        [1., 0.],
        [1., 0.],
        [1., 0.],
        [0., 1.],
        [1., 0.],
        [1., 0.],
        [0., 1.],
        [0., 1.],
        [1., 0.],
        [0., 1.],
        [0., 1.],
        [1., 0.],
        [0., 1.]], device='cuda:0', dtype=torch.float64), 'spins': tensor([ 1.,  1.,  1.,  1.,  1.,  1., -1.,  1., -1., -1.,  1.,  1.,  1.,  1.,
         1.,  1.,  1.,  1., -1., -1., -1., -1.,  1., -1., -1.,  1.,  1., -1.,
         1.,  1., -1.,  1.], device='cuda:0', dtype=torch.float64), 'energy': -3.97127016129834}
torch.Size([128, 32, 2])
torch.Size([128, 32])
torch.Size([128])
torch.Size([2640])
tensor([-3.8180, -3.8992, -3.8992,  ..., -3.9713, -3.9713, -3.9713],
       dtype=torch.float64)
{'onehot': tensor([[0., 1.],
        [0., 1.],
        [0., 1.],
        [0., 1.],
        [0., 1.],
        [0., 1.],
        [1., 0.],
        [0., 1.],
        [1., 0.],
        [1., 0.],
        [0., 1.],
        [0., 1.],
        [0., 1.],
        [0., 1.],
        [0., 1.],
        [0., 1.],
        [0., 1.],
        [0., 1.],
        [1., 0.],
        [1., 0.],
        [1., 0.],
        [1., 0.],
        [0., 1.],
        [1., 0.],
        [1., 0.],
        [0., 1.],
        [0., 1.],
        [1., 0.],
        [0., 1.],
        [0., 1.],
        [1., 0.],
        [0., 1.]], device='cuda:0', dtype=torch.float64), 'spins': tensor([ 1.,  1.,  1.,  1.,  1.,  1., -1.,  1., -1., -1.,  1.,  1.,  1.,  1.,
         1.,  1.,  1.,  1., -1., -1., -1., -1.,  1., -1., -1.,  1.,  1., -1.,
         1.,  1., -1.,  1.], device='cuda:0', dtype=torch.float64), 'energy': -3.97127016129834}
torch.Size([128, 32, 2])
torch.Size([128, 32])
torch.Size([128])
torch.Size([3280])
tensor([-3.8180, -3.8992, -3.8992,  ..., -3.9713, -3.9713, -3.9713],
       dtype=torch.float64)
{'onehot': tensor([[0., 1.],
        [1., 0.],
        [0., 1.],
        [0., 1.],
        [1., 0.],
        [1., 0.],
        [0., 1.],
        [0., 1.],
        [1., 0.],
        [1., 0.],
        [1., 0.],
        [1., 0.],
        [1., 0.],
        [0., 1.],
        [0., 1.],
        [1., 0.],
        [0., 1.],
        [1., 0.],
        [1., 0.],
        [1., 0.],
        [1., 0.],
        [1., 0.],
        [1., 0.],
        [1., 0.],
        [1., 0.],
        [0., 1.],
        [1., 0.],
        [1., 0.],
        [0., 1.],
        [1., 0.],
        [0., 1.],
        [1., 0.]], device='cuda:0', dtype=torch.float64), 'spins': tensor([ 1., -1.,  1.,  1., -1., -1.,  1.,  1., -1., -1., -1., -1., -1.,  1.,
         1., -1.,  1., -1., -1., -1., -1., -1., -1., -1., -1.,  1., -1., -1.,
         1., -1.,  1., -1.], device='cuda:0', dtype=torch.float64), 'energy': -3.9712701612992998}
torch.Size([128, 32, 2])
torch.Size([128, 32])
torch.Size([128])
torch.Size([4560])
tensor([-3.8180, -3.8992, -3.8992,  ..., -3.9778, -3.9778, -3.9778],
       dtype=torch.float64)
{'onehot': tensor([[1., 0.],
        [1., 0.],
        [1., 0.],
        [1., 0.],
        [1., 0.],
        [1., 0.],
        [1., 0.],
        [1., 0.],
        [1., 0.],
        [1., 0.],
        [1., 0.],
        [1., 0.],
        [1., 0.],
        [1., 0.],
        [0., 1.],
        [1., 0.],
        [1., 0.],
        [1., 0.],
        [1., 0.],
        [1., 0.],
        [1., 0.],
        [1., 0.],
        [1., 0.],
        [1., 0.],
        [1., 0.],
        [1., 0.],
        [1., 0.],
        [1., 0.],
        [1., 0.],
        [1., 0.],
        [0., 1.],
        [1., 0.]], device='cuda:0', dtype=torch.float64), 'spins': tensor([-1., -1., -1., -1., -1., -1., -1., -1., -1., -1., -1., -1., -1., -1.,
         1., -1., -1., -1., -1., -1., -1., -1., -1., -1., -1., -1., -1., -1.,
        -1., -1.,  1., -1.], device='cuda:0', dtype=torch.float64), 'energy': -3.9778225806512397}
torch.Size([128, 32, 2])
torch.Size([128, 32])
torch.Size([128])
torch.Size([7120])
tensor([-3.8180, -3.8992, -3.8992,  ..., -3.9713, -3.9713, -3.9713],
       dtype=torch.float64)
{'onehot': tensor([[0., 1.],
        [1., 0.],
        [0., 1.],
        [1., 0.],
        [1., 0.],
        [1., 0.],
        [0., 1.],
        [0., 1.],
        [0., 1.],
        [1., 0.],
        [1., 0.],
        [0., 1.],
        [0., 1.],
        [0., 1.],
        [1., 0.],
        [1., 0.],
        [0., 1.],
        [1., 0.],
        [1., 0.],
        [1., 0.],
        [1., 0.],
        [1., 0.],
        [1., 0.],
        [1., 0.],
        [1., 0.],
        [0., 1.],
        [1., 0.],
        [1., 0.],
        [1., 0.],
        [1., 0.],
        [0., 1.],
        [1., 0.]], device='cuda:0', dtype=torch.float64), 'spins': tensor([ 1., -1.,  1., -1., -1., -1.,  1.,  1.,  1., -1., -1.,  1.,  1.,  1.,
        -1., -1.,  1., -1., -1., -1., -1., -1., -1., -1., -1.,  1., -1., -1.,
        -1., -1.,  1., -1.], device='cuda:0', dtype=torch.float64), 'energy': -3.97127016129878}
torch.Size([128, 32, 2])
torch.Size([128, 32])
torch.Size([128])
torch.Size([12240])
tensor([-3.8180, -3.8992, -3.8992,  ..., -4.0282, -4.0282, -4.0282],
       dtype=torch.float64)
{'onehot': tensor([[1., 0.],
        [1., 0.],
        [1., 0.],
        [1., 0.],
        [1., 0.],
        [1., 0.],
        [1., 0.],
        [1., 0.],
        [1., 0.],
        [1., 0.],
        [1., 0.],
        [1., 0.],
        [1., 0.],
        [1., 0.],
        [1., 0.],
        [1., 0.],
        [1., 0.],
        [1., 0.],
        [1., 0.],
        [1., 0.],
        [1., 0.],
        [1., 0.],
        [1., 0.],
        [1., 0.],
        [1., 0.],
        [1., 0.],
        [1., 0.],
        [1., 0.],
        [1., 0.],
        [1., 0.],
        [1., 0.],
        [1., 0.]], device='cuda:0', dtype=torch.float64), 'spins': tensor([-1., -1., -1., -1., -1., -1., -1., -1., -1., -1., -1., -1., -1., -1.,
        -1., -1., -1., -1., -1., -1., -1., -1., -1., -1., -1., -1., -1., -1.,
        -1., -1., -1., -1.], device='cuda:0', dtype=torch.float64), 'energy': -4.02822580645308}
