ng10104
==== Sun 28 Sep 2025 02:53:41 PM EDT | job 50282735 | node ng10104 ====
model= instance= sa_anneal=
SLURM_JOB_GPUS=2
CUDA_VISIBLE_DEVICES=0
0, GPU-0c1e46b3-910d-ad59-cb0b-ade6f31b2797, NVIDIA A100-SXM4-40GB
=== KL-controlled VCA (IG-2) start ===
[cfg] T0=5  T_min=0.001  delta_kl=1.000e-02  mode=fo+so  inner_steps=10  w_clip=1000000.0  B_est=128  B_train=128
[0000] T=5 -> 4.9658  ΔT=-3.415e-02  (FO=-3.415e-02, SO=-6.184e-01) | E_p: mean=0.877264 min=-15.3561 max=19.4844 | E_π̂=-6.44244  ΔÊ=7.3197  Var_π̂=32.6856  ζ̂=0.052297 | ESS=17.9 (14.0%)  S≈68.4936 -> 69.2837 | F(λ;T): -341.591 -> F(λ;T_next): -343.378 | grad_norm≈14.3
[0001] T=4.9658 -> 4.9368  ΔT=-2.907e-02  (FO=-2.907e-02, SO=-6.395e-01) | E_p: mean=-0.0121413 min=-15.9221 max=17.324 | E_π̂=-8.49431  ΔÊ=8.48217  Var_π̂=29.7409  ζ̂=0.0489081 | ESS=39.9 (31.1%)  S≈69.3002 -> 69.2753 | F(λ;T): -344.146 -> F(λ;T_next): -342.46 | grad_norm≈3.68
[0002] T=4.9368 -> 4.9124  ΔT=-2.440e-02  (FO=-2.440e-02, SO=-5.182e-01) | E_p: mean=-1.16695 min=-20.8702 max=15.1845 | E_π̂=-11.1551  ΔÊ=9.98812  Var_π̂=44.2379  ζ̂=0.0744769 | ESS=17.8 (13.9%)  S≈69.2923 -> 69.3021 | F(λ;T): -343.247 -> F(λ;T_next): -340.03 | grad_norm≈3.46
[0003] T=4.9124 -> 4.8851  ΔT=-2.724e-02  (FO=-2.724e-02, SO=-5.663e-01) | E_p: mean=-0.162333 min=-16.9828 max=18.0568 | E_π̂=-9.02178  ΔÊ=8.85945  Var_π̂=36.3141  ζ̂=0.0623606 | ESS=31.8 (24.9%)  S≈69.313 -> 69.3083 | F(λ;T): -340.654 -> F(λ;T_next): -338.936 | grad_norm≈12.7
[0004] T=4.8851 -> 4.8569  ΔT=-2.822e-02  (FO=-2.822e-02, SO=-5.985e-01) | E_p: mean=0.605981 min=-15.0777 max=17.2473 | E_π̂=-7.8501  ΔÊ=8.45608  Var_π̂=31.8024  ζ̂=0.055841 | ESS=34.3 (26.8%)  S≈69.3107 -> 69.2854 | F(λ;T): -337.986 -> F(λ;T_next): -336.775 | grad_norm≈2.03
[0005] T=4.8569 -> 4.829  ΔT=-2.795e-02  (FO=-2.795e-02, SO=-6.038e-01) | E_p: mean=-0.83549 min=-16.2952 max=18.3544 | E_π̂=-9.27645  ΔÊ=8.44096  Var_π̂=30.5314  ζ̂=0.0548662 | ESS=35.4 (27.6%)  S≈69.3046 -> 69.3062 | F(λ;T): -337.442 -> F(λ;T_next): -334.818 | grad_norm≈17.7
[0006] T=4.829 -> 4.8012  ΔT=-2.774e-02  (FO=-2.774e-02, SO=-5.996e-01) | E_p: mean=0.0153486 min=-16.1402 max=19.5146 | E_π̂=-8.3894  ΔÊ=8.40475  Var_π̂=30.2466  ζ̂=0.0556236 | ESS=33.4 (26.1%)  S≈69.3061 -> 69.3051 | F(λ;T): -334.662 -> F(λ;T_next): -332.603 | grad_norm≈2.07
[0007] T=4.8012 -> 4.7784  ΔT=-2.287e-02  (FO=-2.287e-02, SO=-5.340e-01) | E_p: mean=0.151684 min=-17.1072 max=18.7826 | E_π̂=-9.92745  ΔÊ=10.0791  Var_π̂=37.2632  ζ̂=0.0701251 | ESS=26.9 (21.1%)  S≈69.3026 -> 69.3075 | F(λ;T): -332.585 -> F(λ;T_next): -331.409 | grad_norm≈3.19
[0008] T=4.7784 -> 4.751  ΔT=-2.734e-02  (FO=-2.734e-02, SO=-5.321e-01) | E_p: mean=-0.114689 min=-16.5795 max=19.5842 | E_π̂=-8.4669  ΔÊ=8.35221  Var_π̂=36.8263  ζ̂=0.0706392 | ESS=27.9 (21.8%)  S≈69.2998 -> 69.2939 | F(λ;T): -331.253 -> F(λ;T_next): -329.084 | grad_norm≈5.06
[0009] T=4.751 -> 4.7299  ΔT=-2.115e-02  (FO=-2.115e-02, SO=-4.457e-01) | E_p: mean=-0.651677 min=-19.5244 max=18.3011 | E_π̂=-11.322  ΔÊ=10.6703  Var_π̂=51.3058  ζ̂=0.100698 | ESS=16.5 (12.9%)  S≈69.2879 -> 69.3043 | F(λ;T): -329.839 -> F(λ;T_next): -326.861 | grad_norm≈3.85
[0010] T=4.7299 -> 4.706  ΔT=-2.390e-02  (FO=-2.390e-02, SO=-5.299e-01) | E_p: mean=-0.205905 min=-17.8159 max=17.9657 | E_π̂=-9.56806  ΔÊ=9.36216  Var_π̂=35.649  ζ̂=0.0712286 | ESS=26.8 (21.0%)  S≈69.3133 -> 69.2917 | F(λ;T): -328.048 -> F(λ;T_next): -325.509 | grad_norm≈3.63
[0011] T=4.706 -> 4.6764  ΔT=-2.961e-02  (FO=-2.961e-02, SO=-6.624e-01) | E_p: mean=0.179389 min=-13.6945 max=18.7922 | E_π̂=-7.29958  ΔÊ=7.47897  Var_π̂=22.3576  ζ̂=0.0455859 | ESS=42.7 (33.3%)  S≈69.3 -> 69.2988 | F(λ;T): -325.944 -> F(λ;T_next): -324.975 | grad_norm≈3.31
[0012] T=4.6764 -> 4.6553  ΔT=-2.110e-02  (FO=-2.110e-02, SO=-4.926e-01) | E_p: mean=-0.333707 min=-19.1037 max=15.7754 | E_π̂=-10.7001  ΔÊ=10.3663  Var_π̂=39.4148  ζ̂=0.0824196 | ESS=21.9 (17.1%)  S≈69.3042 -> 69.2825 | F(λ;T): -324.425 -> F(λ;T_next): -321.874 | grad_norm≈3.46
[0013] T=4.6553 -> 4.6279  ΔT=-2.732e-02  (FO=-2.732e-02, SO=-5.498e-01) | E_p: mean=0.364195 min=-16.6269 max=12.6682 | E_π̂=-7.56872  ΔÊ=7.93292  Var_π̂=31.0728  ζ̂=0.0661615 | ESS=30.2 (23.6%)  S≈69.2945 -> 69.2886 | F(λ;T): -322.219 -> F(λ;T_next): -319.96 | grad_norm≈13.2
[0014] T=4.6279 -> 4.602  ΔT=-2.599e-02  (FO=-2.599e-02, SO=-5.946e-01) | E_p: mean=0.403233 min=-15.2973 max=15.1082 | E_π̂=-7.8382  ΔÊ=8.24143  Var_π̂=25.9461  ζ̂=0.0565615 | ESS=34.9 (27.2%)  S≈69.2889 -> 69.3147 | F(λ;T): -320.262 -> F(λ;T_next): -318.801 | grad_norm≈1.81
[0015] T=4.602 -> 4.5815  ΔT=-2.044e-02  (FO=-2.044e-02, SO=-4.691e-01) | E_p: mean=0.804717 min=-17.154 max=16.1958 | E_π̂=-9.55814  ΔÊ=10.3629  Var_π̂=40.7587  ζ̂=0.0908766 | ESS=19.1 (15.0%)  S≈69.288 -> 69.315 | F(λ;T): -318.055 -> F(λ;T_next): -317.99 | grad_norm≈5.9
[0016] T=4.5815 -> 4.5603  ΔT=-2.121e-02  (FO=-2.121e-02, SO=-4.825e-01) | E_p: mean=-0.323724 min=-18.2713 max=19.8373 | E_π̂=-10.2192  ΔÊ=9.89547  Var_π̂=37.8539  ζ̂=0.085916 | ESS=23.3 (18.2%)  S≈69.2812 -> 69.3233 | F(λ;T): -317.737 -> F(λ;T_next): -315.464 | grad_norm≈9.96
[0017] T=4.5603 -> 4.54  ΔT=-2.031e-02  (FO=-2.031e-02, SO=-4.388e-01) | E_p: mean=0.101339 min=-18.7656 max=20.2222 | E_π̂=-10.1396  ΔÊ=10.241  Var_π̂=44.9301  ζ̂=0.103887 | ESS=16.8 (13.1%)  S≈69.2958 -> 69.3394 | F(λ;T): -315.909 -> F(λ;T_next): -314.891 | grad_norm≈4.69
[0018] T=4.54 -> 4.5128  ΔT=-2.721e-02  (FO=-2.721e-02, SO=-5.477e-01) | E_p: mean=0.930356 min=-14.8457 max=13.8925 | E_π̂=-6.64408  ΔÊ=7.57443  Var_π̂=28.3216  ζ̂=0.0666648 | ESS=33.3 (26.0%)  S≈69.307 -> 69.2997 | F(λ;T): -313.723 -> F(λ;T_next): -313.583 | grad_norm≈2.33
[0019] T=4.5128 -> 4.4928  ΔT=-1.998e-02  (FO=-1.998e-02, SO=-5.085e-01) | E_p: mean=0.219933 min=-16.7813 max=18.6161 | E_π̂=-9.97321  ΔÊ=10.1931  Var_π̂=32.0758  ζ̂=0.0773391 | ESS=26.1 (20.4%)  S≈69.3054 -> 69.2801 | F(λ;T): -312.54 -> F(λ;T_next): -312.85 | grad_norm≈5.14
[0020] T=4.4928 -> 4.4695  ΔT=-2.329e-02  (FO=-2.329e-02, SO=-6.101e-01) | E_p: mean=0.50913 min=-13.1216 max=20.8252 | E_π̂=-8.15908  ΔÊ=8.66821  Var_π̂=21.8961  ζ̂=0.05374 | ESS=37.5 (29.3%)  S≈69.2708 -> 69.3022 | F(λ;T): -310.711 -> F(λ;T_next): -309.894 | grad_norm≈9.01
[0021] T=4.4695 -> 4.4483  ΔT=-2.125e-02  (FO=-2.125e-02, SO=-5.589e-01) | E_p: mean=-0.0642364 min=-16.4173 max=17.3479 | E_π̂=-9.46388  ΔÊ=9.39965  Var_π̂=25.5543  ζ̂=0.0640357 | ESS=31.8 (24.8%)  S≈69.2875 -> 69.2904 | F(λ;T): -309.746 -> F(λ;T_next): -309.636 | grad_norm≈8.54
[0022] T=4.4483 -> 4.4314  ΔT=-1.688e-02  (FO=-1.688e-02, SO=-4.386e-01) | E_p: mean=-0.903251 min=-21.0347 max=22.7023 | E_π̂=-12.6225  ΔÊ=11.7192  Var_π̂=40.708  ζ̂=0.103972 | ESS=15.1 (11.8%)  S≈69.3048 -> 69.3141 | F(λ;T): -309.19 -> F(λ;T_next): -308.008 | grad_norm≈4.72
[0023] T=4.4314 -> 4.4057  ΔT=-2.567e-02  (FO=-2.567e-02, SO=-5.600e-01) | E_p: mean=-0.816364 min=-15.271 max=18.405 | E_π̂=-8.46718  ΔÊ=7.65082  Var_π̂=24.5928  ζ̂=0.0637753 | ESS=35.1 (27.4%)  S≈69.3094 -> 69.241 | F(λ;T): -307.953 -> F(λ;T_next): -306.773 | grad_norm≈2.84
[0024] T=4.4057 -> 4.3853  ΔT=-2.044e-02  (FO=-2.044e-02, SO=-4.149e-01) | E_p: mean=-0.350056 min=-19.6256 max=16.1333 | E_π̂=-9.84578  ΔÊ=9.49572  Var_π̂=43.775  ζ̂=0.116188 | ESS=18.8 (14.7%)  S≈69.2924 -> 69.3051 | F(λ;T): -305.633 -> F(λ;T_next): -303.179 | grad_norm≈11.8
[0025] T=4.3853 -> 4.3682  ΔT=-1.710e-02  (FO=-1.710e-02, SO=-3.850e-01) | E_p: mean=0.130731 min=-19.9096 max=15.2467 | E_π̂=-11.1181  ΔÊ=11.2489  Var_π̂=49.8869  ζ̂=0.134896 | ESS=13.8 (10.8%)  S≈69.2874 -> 69.31 | F(λ;T): -303.713 -> F(λ;T_next): -302.76 | grad_norm≈2.51
[0026] T=4.3682 -> 4.3498  ΔT=-1.840e-02  (FO=-1.840e-02, SO=-4.067e-01) | E_p: mean=-1.33809 min=-20.9259 max=16.735 | E_π̂=-11.7102  ΔÊ=10.3722  Var_π̂=44.0303  ζ̂=0.120935 | ESS=17.3 (13.5%)  S≈69.2688 -> 69.3292 | F(λ;T): -303.916 -> F(λ;T_next): -300.482 | grad_norm≈4.52
[0027] T=4.3498 -> 4.3313  ΔT=-1.846e-02  (FO=-1.846e-02, SO=-4.583e-01) | E_p: mean=-0.485349 min=-17.1811 max=17.3404 | E_π̂=-10.7322  ΔÊ=10.2469  Var_π̂=34.0847  ζ̂=0.0952117 | ESS=21.3 (16.6%)  S≈69.3016 -> 69.2969 | F(λ;T): -301.932 -> F(λ;T_next): -299.984 | grad_norm≈2.36
[0028] T=4.3313 -> 4.3112  ΔT=-2.010e-02  (FO=-2.010e-02, SO=-4.229e-01) | E_p: mean=0.39882 min=-18.4454 max=21.3481 | E_π̂=-8.93633  ΔÊ=9.33515  Var_π̂=39.3497  ζ̂=0.111805 | ESS=23.1 (18.0%)  S≈69.3105 -> 69.3197 | F(λ;T): -299.807 -> F(λ;T_next): -298.794 | grad_norm≈2.61
[0029] T=4.3112 -> 4.3014  ΔT=-9.799e-03  (FO=-9.799e-03, SO=-2.664e-01) | E_p: mean=-0.958734 min=-28.523 max=15.2043 | E_π̂=-19.9266  ΔÊ=18.9678  Var_π̂=97.3744  ζ̂=0.281867 | ESS=3.4 (2.7%)  S≈69.2483 -> 69.268 | F(λ;T): -299.504 -> F(λ;T_next): -298.768 | grad_norm≈13.2
[WARN] Low ESS at step 29: ESS=3.4 (2.7% of 128). Consider increasing est_batch_size or relaxing w_clip.
[0030] T=4.3014 -> 4.2824  ΔT=-1.905e-02  (FO=-1.905e-02, SO=-4.019e-01) | E_p: mean=0.146095 min=-17.9791 max=14.1779 | E_π̂=-9.56511  ΔÊ=9.71121  Var_π̂=42.3898  ζ̂=0.123826 | ESS=16.8 (13.1%)  S≈69.2793 -> 69.296 | F(λ;T): -297.853 -> F(λ;T_next): -296.461 | grad_norm≈4.93
[0031] T=4.2824 -> 4.2621  ΔT=-2.025e-02  (FO=-2.025e-02, SO=-4.826e-01) | E_p: mean=0.266133 min=-15.9622 max=23.7689 | E_π̂=-8.79109  ΔÊ=9.05722  Var_π̂=28.8763  ζ̂=0.085863 | ESS=29.3 (22.9%)  S≈69.3058 -> 69.2968 | F(λ;T): -296.527 -> F(λ;T_next): -295.918 | grad_norm≈7.38
[0032] T=4.2621 -> 4.249  ΔT=-1.316e-02  (FO=-1.316e-02, SO=-3.556e-01) | E_p: mean=-0.110959 min=-21.5891 max=17.3089 | E_π̂=-13.9131  ΔÊ=13.8021  Var_π̂=52.182  ζ̂=0.158131 | ESS=6.9 (5.4%)  S≈69.2904 -> 69.2811 | F(λ;T): -295.435 -> F(λ;T_next): -294.754 | grad_norm≈2.52
[WARN] Low ESS at step 32: ESS=6.9 (5.4% of 128). Consider increasing est_batch_size or relaxing w_clip.
[0033] T=4.249 -> 4.2332  ΔT=-1.572e-02  (FO=-1.572e-02, SO=-3.272e-01) | E_p: mean=0.468954 min=-19.7924 max=17.981 | E_π̂=-11.0139  ΔÊ=11.4828  Var_π̂=60.8901  ζ̂=0.186817 | ESS=10.8 (8.4%)  S≈69.3018 -> 69.2778 | F(λ;T): -293.992 -> F(λ;T_next): -292.985 | grad_norm≈8.05
[WARN] Low ESS at step 33: ESS=10.8 (8.4% of 128). Consider increasing est_batch_size or relaxing w_clip.
[0034] T=4.2332 -> 4.2128  ΔT=-2.044e-02  (FO=-2.044e-02, SO=-4.616e-01) | E_p: mean=1.38731 min=-14.6822 max=24.6637 | E_π̂=-7.38117  ΔÊ=8.76848  Var_π̂=30.1475  ζ̂=0.0938775 | ESS=24.8 (19.4%)  S≈69.3008 -> 69.2807 | F(λ;T): -291.98 -> F(λ;T_next): -291.959 | grad_norm≈4.05
[0035] T=4.2128 -> 4.202  ΔT=-1.077e-02  (FO=-1.077e-02, SO=-2.751e-01) | E_p: mean=-1.13924 min=-26.3274 max=9.69349 | E_π̂=-17.6167  ΔÊ=16.4774  Var_π̂=83.2696  ζ̂=0.264365 | ESS=4.2 (3.3%)  S≈69.3156 -> 69.2431 | F(λ;T): -293.152 -> F(λ;T_next): -291.286 | grad_norm≈3.76
[WARN] Low ESS at step 35: ESS=4.2 (3.3% of 128). Consider increasing est_batch_size or relaxing w_clip.
[0036] T=4.202 -> 4.1824  ΔT=-1.959e-02  (FO=-1.959e-02, SO=-4.366e-01) | E_p: mean=0.132259 min=-16.1857 max=19.5662 | E_π̂=-8.87913  ΔÊ=9.01138  Var_π̂=32.7139  ζ̂=0.104929 | ESS=24.4 (19.1%)  S≈69.3293 -> 69.2652 | F(λ;T): -291.191 -> F(λ;T_next): -289.879 | grad_norm≈4.85
[0037] T=4.1824 -> 4.1665  ΔT=-1.592e-02  (FO=-1.592e-02, SO=-3.541e-01) | E_p: mean=-1.1557 min=-21.4509 max=18.2425 | E_π̂=-12.1426  ΔÊ=10.9869  Var_π̂=48.8049  ζ̂=0.159495 | ESS=11.7 (9.2%)  S≈69.3138 -> 69.2894 | F(λ;T): -291.056 -> F(λ;T_next): -289.814 | grad_norm≈8.03
[WARN] Low ESS at step 37: ESS=11.7 (9.2% of 128). Consider increasing est_batch_size or relaxing w_clip.
[0038] T=4.1665 -> 4.1502  ΔT=-1.635e-02  (FO=-1.635e-02, SO=-4.699e-01) | E_p: mean=-0.0581868 min=-16.234 max=14.8808 | E_π̂=-10.6751  ΔÊ=10.617  Var_π̂=27.2988  ζ̂=0.0905841 | ESS=24.9 (19.4%)  S≈69.3322 -> 69.2748 | F(λ;T): -288.932 -> F(λ;T_next): -287.805 | grad_norm≈7.34
[0039] T=4.1502 -> 4.1297  ΔT=-2.050e-02  (FO=-2.050e-02, SO=-5.031e-01) | E_p: mean=0.845042 min=-13.4411 max=21.6945 | E_π̂=-7.55742  ΔÊ=8.40246  Var_π̂=23.4441  ζ̂=0.0790266 | ESS=30.7 (24.0%)  S≈69.3135 -> 69.2655 | F(λ;T): -286.817 -> F(λ;T_next): -286.032 | grad_norm≈5.28
[0040] T=4.1297 -> 4.1112  ΔT=-1.849e-02  (FO=-1.849e-02, SO=-4.486e-01) | E_p: mean=0.221432 min=-16.1544 max=17 | E_π̂=-9.00057  ΔÊ=9.222  Var_π̂=28.9071  ζ̂=0.0993908 | ESS=24.9 (19.4%)  S≈69.3056 -> 69.3035 | F(λ;T): -285.988 -> F(λ;T_next): -284.924 | grad_norm≈3.08
[0041] T=4.1112 -> 4.0965  ΔT=-1.468e-02  (FO=-1.468e-02, SO=-3.584e-01) | E_p: mean=-0.539299 min=-20.8108 max=18.9499 | E_π̂=-12.0547  ΔÊ=11.5154  Var_π̂=44.471  ζ̂=0.155673 | ESS=10.9 (8.5%)  S≈69.3121 -> 69.2928 | F(λ;T): -285.493 -> F(λ;T_next): -284.894 | grad_norm≈6.16
[WARN] Low ESS at step 41: ESS=10.9 (8.5% of 128). Consider increasing est_batch_size or relaxing w_clip.
[0042] T=4.0965 -> 4.0735  ΔT=-2.303e-02  (FO=-2.303e-02, SO=-5.183e-01) | E_p: mean=-0.194894 min=-14.8675 max=17.4197 | E_π̂=-7.48244  ΔÊ=7.28755  Var_π̂=20.9696  ζ̂=0.0744631 | ESS=35.5 (27.8%)  S≈69.2842 -> 69.3293 | F(λ;T): -284.017 -> F(λ;T_next): -283.798 | grad_norm≈11.8
[0043] T=4.0735 -> 4.0626  ΔT=-1.083e-02  (FO=-1.083e-02, SO=-2.841e-01) | E_p: mean=-0.375648 min=-23.7012 max=20.7021 | E_π̂=-15.6931  ΔÊ=15.3175  Var_π̂=68.2455  ζ̂=0.247867 | ESS=4.4 (3.5%)  S≈69.2894 -> 69.2803 | F(λ;T): -282.624 -> F(λ;T_next): -281.167 | grad_norm≈7.18
[WARN] Low ESS at step 43: ESS=4.4 (3.5% of 128). Consider increasing est_batch_size or relaxing w_clip.
[0044] T=4.0626 -> 4.0482  ΔT=-1.443e-02  (FO=-1.443e-02, SO=-4.076e-01) | E_p: mean=-0.921249 min=-19.1228 max=13.9524 | E_π̂=-12.3568  ΔÊ=11.4355  Var_π̂=32.7927  ζ̂=0.120378 | ESS=16.6 (13.0%)  S≈69.3048 -> 69.3163 | F(λ;T): -282.481 -> F(λ;T_next): -280.338 | grad_norm≈5.6
[0045] T=4.0482 -> 4.0425  ΔT=-5.705e-03  (FO=-5.705e-03, SO=-2.974e-01) | E_p: mean=-0.499596 min=-32.0329 max=20.9758 | E_π̂=-29.2261  ΔÊ=28.7265  Var_π̂=60.743  ζ̂=0.226177 | ESS=1.3 (1.0%)  S≈69.3033 -> 69.2927 | F(λ;T): -281.053 -> F(λ;T_next): -279.784 | grad_norm≈3.92
[WARN] Low ESS at step 45: ESS=1.3 (1.0% of 128). Consider increasing est_batch_size or relaxing w_clip.
[0046] T=4.0425 -> 4.0289  ΔT=-1.359e-02  (FO=-1.359e-02, SO=-3.531e-01) | E_p: mean=-0.785896 min=-20.9396 max=14.4344 | E_π̂=-12.81  ΔÊ=12.0241  Var_π̂=42.8292  ζ̂=0.160377 | ESS=13.2 (10.3%)  S≈69.2678 -> 69.2891 | F(λ;T): -280.801 -> F(λ;T_next): -279.765 | grad_norm≈5.57
[0047] T=4.0289 -> 4.0154  ΔT=-1.350e-02  (FO=-1.350e-02, SO=-4.057e-01) | E_p: mean=0.205365 min=-18.4834 max=16.4362 | E_π̂=-11.8193  ΔÊ=12.0247  Var_π̂=32.0188  ζ̂=0.121523 | ESS=14.3 (11.2%)  S≈69.2988 -> 69.3045 | F(λ;T): -278.993 -> F(λ;T_next): -278.4 | grad_norm≈3.78
[0048] T=4.0154 -> 4.0014  ΔT=-1.403e-02  (FO=-1.403e-02, SO=-3.668e-01) | E_p: mean=-0.56738 min=-20.3796 max=14.4232 | E_π̂=-12.0558  ΔÊ=11.4884  Var_π̂=38.652  ζ̂=0.148681 | ESS=15.2 (11.9%)  S≈69.2796 -> 69.3391 | F(λ;T): -278.753 -> F(λ;T_next): -277.28 | grad_norm≈3.29
[0049] T=4.0014 -> 3.9856  ΔT=-1.578e-02  (FO=-1.578e-02, SO=-4.136e-01) | E_p: mean=-0.0271591 min=-16.5375 max=18.9102 | E_π̂=-10.1765  ΔÊ=10.1494  Var_π̂=29.9701  ζ̂=0.11691 | ESS=22.8 (17.8%)  S≈69.2726 -> 69.3291 | F(λ;T): -277.212 -> F(λ;T_next): -277.219 | grad_norm≈8.49
[0050] T=3.9856 -> 3.9703  ΔT=-1.534e-02  (FO=-1.534e-02, SO=-4.368e-01) | E_p: mean=0.0253674 min=-15.2948 max=15.0264 | E_π̂=-10.3308  ΔÊ=10.3562  Var_π̂=26.4463  ζ̂=0.104808 | ESS=19.4 (15.1%)  S≈69.2819 -> 69.2868 | F(λ;T): -276.104 -> F(λ;T_next): -274.83 | grad_norm≈3.57
[0051] T=3.9703 -> 3.9592  ΔT=-1.105e-02  (FO=-1.105e-02, SO=-3.226e-01) | E_p: mean=0.161911 min=-20.7498 max=17.3249 | E_π̂=-14.1028  ΔÊ=14.2648  Var_π̂=47.7487  ζ̂=0.192171 | ESS=6.7 (5.3%)  S≈69.2867 -> 69.2572 | F(λ;T): -274.924 -> F(λ;T_next): -274.6 | grad_norm≈3.53
[WARN] Low ESS at step 51: ESS=6.7 (5.3% of 128). Consider increasing est_batch_size or relaxing w_clip.
[0052] T=3.9592 -> 3.9463  ΔT=-1.286e-02  (FO=-1.286e-02, SO=-3.442e-01) | E_p: mean=0.487101 min=-18.7251 max=17.3665 | E_π̂=-11.6981  ΔÊ=12.1852  Var_π̂=41.4697  ζ̂=0.168771 | ESS=10.9 (8.5%)  S≈69.3235 -> 69.3005 | F(λ;T): -273.979 -> F(λ;T_next): -275.29 | grad_norm≈2.55
[WARN] Low ESS at step 52: ESS=10.9 (8.5% of 128). Consider increasing est_batch_size or relaxing w_clip.
[0053] T=3.9463 -> 3.9288  ΔT=-1.758e-02  (FO=-1.758e-02, SO=-4.251e-01) | E_p: mean=-0.00765182 min=-16.284 max=16.0108 | E_π̂=-8.86572  ΔÊ=8.85806  Var_π̂=26.8458  ζ̂=0.110687 | ESS=24.2 (18.9%)  S≈69.3097 -> 69.2784 | F(λ;T): -273.527 -> F(λ;T_next): -272.47 | grad_norm≈6.16
[0054] T=3.9288 -> 3.9182  ΔT=-1.058e-02  (FO=-1.058e-02, SO=-3.293e-01) | E_p: mean=0.615317 min=-20.6899 max=19.121 | E_π̂=-13.9738  ΔÊ=14.5891  Var_π̂=43.9469  ζ̂=0.184461 | ESS=10.7 (8.4%)  S≈69.2755 -> 69.2652 | F(λ;T): -271.552 -> F(λ;T_next): -271.912 | grad_norm≈2.55
[WARN] Low ESS at step 54: ESS=10.7 (8.4% of 128). Consider increasing est_batch_size or relaxing w_clip.
[0055] T=3.9182 -> 3.8993  ΔT=-1.891e-02  (FO=-1.891e-02, SO=-4.199e-01) | E_p: mean=0.483572 min=-15.5071 max=18.218 | E_π̂=-7.63666  ΔÊ=8.12023  Var_π̂=26.7396  ζ̂=0.113453 | ESS=24.0 (18.7%)  S≈69.2826 -> 69.312 | F(λ;T): -270.978 -> F(λ;T_next): -270.568 | grad_norm≈9.42
[0056] T=3.8993 -> 3.8861  ΔT=-1.320e-02  (FO=-1.320e-02, SO=-4.189e-01) | E_p: mean=0.110473 min=-18.0579 max=18.0607 | E_π̂=-11.4056  ΔÊ=11.5161  Var_π̂=26.3448  ζ̂=0.113962 | ESS=20.3 (15.9%)  S≈69.3234 -> 69.2908 | F(λ;T): -270.201 -> F(λ;T_next): -269.505 | grad_norm≈4.61
[0057] T=3.8861 -> 3.8745  ΔT=-1.156e-02  (FO=-1.156e-02, SO=-3.358e-01) | E_p: mean=0.20763 min=-19.7927 max=15.0432 | E_π̂=-12.8602  ΔÊ=13.0678  Var_π̂=40.4486  ζ̂=0.177362 | ESS=8.1 (6.3%)  S≈69.2385 -> 69.2893 | F(λ;T): -268.858 -> F(λ;T_next): -269.769 | grad_norm≈3.45
[WARN] Low ESS at step 57: ESS=8.1 (6.3% of 128). Consider increasing est_batch_size or relaxing w_clip.
[0058] T=3.8745 -> 3.8597  ΔT=-1.479e-02  (FO=-1.479e-02, SO=-3.887e-01) | E_p: mean=-0.90762 min=-18.8009 max=14.8746 | E_π̂=-11.0586  ΔÊ=10.151  Var_π̂=29.8337  ζ̂=0.132384 | ESS=20.8 (16.3%)  S≈69.2658 -> 69.2452 | F(λ;T): -269.279 -> F(λ;T_next): -267.062 | grad_norm≈3.78
[0059] T=3.8597 -> 3.8473  ΔT=-1.241e-02  (FO=-1.241e-02, SO=-3.041e-01) | E_p: mean=0.198412 min=-20.35 max=22.7467 | E_π̂=-11.8023  ΔÊ=12.0008  Var_π̂=47.9924  ζ̂=0.216245 | ESS=8.9 (6.9%)  S≈69.2427 -> 69.2917 | F(λ;T): -267.059 -> F(λ;T_next): -267.841 | grad_norm≈4.23
[WARN] Low ESS at step 59: ESS=8.9 (6.9% of 128). Consider increasing est_batch_size or relaxing w_clip.
[0060] T=3.8473 -> 3.8386  ΔT=-8.718e-03  (FO=-8.718e-03, SO=-2.851e-01) | E_p: mean=0.176073 min=-24.1134 max=17.8475 | E_π̂=-16.8014  ΔÊ=16.9775  Var_π̂=53.9057  ζ̂=0.246039 | ESS=5.0 (3.9%)  S≈69.2791 -> 69.3319 | F(λ;T): -266.362 -> F(λ;T_next): -265.892 | grad_norm≈5.72
[WARN] Low ESS at step 60: ESS=5.0 (3.9% of 128). Consider increasing est_batch_size or relaxing w_clip.
[0061] T=3.8386 -> 3.8232  ΔT=-1.543e-02  (FO=-1.543e-02, SO=-4.369e-01) | E_p: mean=0.672534 min=-15.1414 max=22.6965 | E_π̂=-8.87442  ΔÊ=9.54695  Var_π̂=22.7499  ζ̂=0.104783 | ESS=26.9 (21.0%)  S≈69.3054 -> 69.2941 | F(λ;T): -265.363 -> F(λ;T_next): -265.055 | grad_norm≈2.23
[0062] T=3.8232 -> 3.8106  ΔT=-1.259e-02  (FO=-1.259e-02, SO=-3.339e-01) | E_p: mean=-0.566971 min=-20.7052 max=18.4684 | E_π̂=-12.1798  ΔÊ=11.6128  Var_π̂=38.3166  ζ̂=0.179348 | ESS=12.3 (9.6%)  S≈69.3081 -> 69.2774 | F(λ;T): -265.543 -> F(λ;T_next): -263.041 | grad_norm≈6.49
[WARN] Low ESS at step 62: ESS=12.3 (9.6% of 128). Consider increasing est_batch_size or relaxing w_clip.
[0063] T=3.8106 -> 3.8002  ΔT=-1.039e-02  (FO=-1.039e-02, SO=-2.807e-01) | E_p: mean=0.33864 min=-21.2865 max=14.1337 | E_π̂=-13.631  ΔÊ=13.9696  Var_π̂=53.52  ζ̂=0.253837 | ESS=5.8 (4.5%)  S≈69.2884 -> 69.2703 | F(λ;T): -263.69 -> F(λ;T_next): -263.727 | grad_norm≈3.35
[WARN] Low ESS at step 63: ESS=5.8 (4.5% of 128). Consider increasing est_batch_size or relaxing w_clip.
[0064] T=3.8002 -> 3.7887  ΔT=-1.149e-02  (FO=-1.149e-02, SO=-3.469e-01) | E_p: mean=-0.384554 min=-18.5643 max=20.284 | E_π̂=-12.9494  ΔÊ=12.5649  Var_π̂=34.6679  ζ̂=0.166231 | ESS=8.5 (6.6%)  S≈69.2939 -> 69.2595 | F(λ;T): -263.714 -> F(λ;T_next): -262.733 | grad_norm≈4.25
[WARN] Low ESS at step 64: ESS=8.5 (6.6% of 128). Consider increasing est_batch_size or relaxing w_clip.
[0065] T=3.7887 -> 3.7808  ΔT=-7.903e-03  (FO=-7.903e-03, SO=-2.623e-01) | E_p: mean=-0.33396 min=-24.6277 max=20.7024 | E_π̂=-18.4967  ΔÊ=18.1627  Var_π̂=59.8734  ζ̂=0.290589 | ESS=3.3 (2.6%)  S≈69.2475 -> 69.2883 | F(λ;T): -262.691 -> F(λ;T_next): -263.109 | grad_norm≈5.8
[WARN] Low ESS at step 65: ESS=3.3 (2.6% of 128). Consider increasing est_batch_size or relaxing w_clip.
[0066] T=3.7808 -> 3.7644  ΔT=-1.639e-02  (FO=-1.639e-02, SO=-4.280e-01) | E_p: mean=-0.469621 min=-15.0151 max=16.9555 | E_π̂=-9.19318  ΔÊ=8.72356  Var_π̂=22.308  ζ̂=0.109178 | ESS=25.6 (20.0%)  S≈69.2529 -> 69.2542 | F(λ;T): -262.3 -> F(λ;T_next): -261.648 | grad_norm≈4.77
[0067] T=3.7644 -> 3.7487  ΔT=-1.567e-02  (FO=-1.567e-02, SO=-4.237e-01) | E_p: mean=-0.157359 min=-14.9216 max=18.38 | E_π̂=-9.20119  ΔÊ=9.04383  Var_π̂=22.3752  ζ̂=0.111426 | ESS=29.2 (22.8%)  S≈69.2912 -> 69.2728 | F(λ;T): -260.997 -> F(λ;T_next): -259.602 | grad_norm≈3.73
[0068] T=3.7487 -> 3.7362  ΔT=-1.252e-02  (FO=-1.252e-02, SO=-3.206e-01) | E_p: mean=0.417928 min=-17.5164 max=17.8999 | E_π̂=-10.8031  ΔÊ=11.221  Var_π̂=38.4355  ζ̂=0.194624 | ESS=11.3 (8.8%)  S≈69.2615 -> 69.2917 | F(λ;T): -259.225 -> F(λ;T_next): -258.846 | grad_norm≈3.11
[WARN] Low ESS at step 68: ESS=11.3 (8.8% of 128). Consider increasing est_batch_size or relaxing w_clip.
[0069] T=3.7362 -> 3.7229  ΔT=-1.334e-02  (FO=-1.334e-02, SO=-4.064e-01) | E_p: mean=-0.404088 min=-15.6909 max=15.4495 | E_π̂=-10.8718  ΔÊ=10.4677  Var_π̂=23.5943  ζ̂=0.121084 | ESS=20.8 (16.2%)  S≈69.2731 -> 69.2793 | F(λ;T): -259.222 -> F(λ;T_next): -258.548 | grad_norm≈5.09
[0070] T=3.7229 -> 3.7083  ΔT=-1.459e-02  (FO=-1.459e-02, SO=-3.714e-01) | E_p: mean=-0.537707 min=-17.2943 max=13.5154 | E_π̂=-10.0391  ΔÊ=9.50139  Var_π̂=27.8452  ζ̂=0.144957 | ESS=18.4 (14.4%)  S≈69.2919 -> 69.3064 | F(λ;T): -258.503 -> F(λ;T_next): -257.271 | grad_norm≈3.18
[0071] T=3.7083 -> 3.6982  ΔT=-1.005e-02  (FO=-1.005e-02, SO=-3.444e-01) | E_p: mean=-0.590849 min=-20.5482 max=18.2783 | E_π̂=-14.2784  ΔÊ=13.6875  Var_π̂=31.8797  ζ̂=0.168586 | ESS=11.9 (9.3%)  S≈69.3187 -> 69.2847 | F(λ;T): -257.644 -> F(λ;T_next): -256.907 | grad_norm≈3.1
[WARN] Low ESS at step 71: ESS=11.9 (9.3% of 128). Consider increasing est_batch_size or relaxing w_clip.
[0072] T=3.6982 -> 3.6894  ΔT=-8.816e-03  (FO=-8.816e-03, SO=-2.926e-01) | E_p: mean=-1.81694 min=-23.6009 max=19.3475 | E_π̂=-17.3312  ΔÊ=15.5143  Var_π̂=43.6852  ζ̂=0.233537 | ESS=5.3 (4.1%)  S≈69.3118 -> 69.2871 | F(λ;T): -258.148 -> F(λ;T_next): -255.133 | grad_norm≈7.65
[WARN] Low ESS at step 72: ESS=5.3 (4.1% of 128). Consider increasing est_batch_size or relaxing w_clip.
[0073] T=3.6894 -> 3.6755  ΔT=-1.390e-02  (FO=-1.390e-02, SO=-3.411e-01) | E_p: mean=-0.788049 min=-18.5887 max=17.5963 | E_π̂=-10.5838  ΔÊ=9.79575  Var_π̂=31.8411  ζ̂=0.171852 | ESS=21.2 (16.6%)  S≈69.277 -> 69.2547 | F(λ;T): -256.38 -> F(λ;T_next): -254.705 | grad_norm≈9.04
[0074] T=3.6755 -> 3.663  ΔT=-1.252e-02  (FO=-1.252e-02, SO=-3.965e-01) | E_p: mean=-1.09998 min=-18.0663 max=18.8587 | E_π̂=-11.8929  ΔÊ=10.793  Var_π̂=23.215  ζ̂=0.127201 | ESS=22.3 (17.4%)  S≈69.2642 -> 69.2516 | F(λ;T): -255.682 -> F(λ;T_next): -255.241 | grad_norm≈6.49
[0075] T=3.663 -> 3.6481  ΔT=-1.496e-02  (FO=-1.496e-02, SO=-4.044e-01) | E_p: mean=-0.940764 min=-16.8435 max=28.3938 | E_π̂=-9.91134  ΔÊ=8.97058  Var_π̂=22.0158  ζ̂=0.122288 | ESS=23.8 (18.6%)  S≈69.3023 -> 69.292 | F(λ;T): -254.796 -> F(λ;T_next): -253.048 | grad_norm≈5.18
[0076] T=3.6481 -> 3.636  ΔT=-1.210e-02  (FO=-1.210e-02, SO=-3.525e-01) | E_p: mean=0.385483 min=-16.7764 max=16.917 | E_π̂=-10.6151  ΔÊ=11.0006  Var_π̂=28.5138  ζ̂=0.160995 | ESS=14.6 (11.4%)  S≈69.3132 -> 69.2814 | F(λ;T): -252.473 -> F(λ;T_next): -252.849 | grad_norm≈3.65
[0077] T=3.636 -> 3.6242  ΔT=-1.174e-02  (FO=-1.174e-02, SO=-3.739e-01) | E_p: mean=0.469189 min=-16.0766 max=17.3466 | E_π̂=-10.7898  ΔÊ=11.259  Var_π̂=25.0055  ζ̂=0.143075 | ESS=16.8 (13.1%)  S≈69.2885 -> 69.291 | F(λ;T): -251.461 -> F(λ;T_next): -251.377 | grad_norm≈3.35
[0078] T=3.6242 -> 3.6135  ΔT=-1.070e-02  (FO=-1.070e-02, SO=-3.444e-01) | E_p: mean=-0.354725 min=-18.3472 max=17.091 | E_π̂=-12.6295  ΔÊ=12.2748  Var_π̂=29.0832  ζ̂=0.168573 | ESS=11.9 (9.3%)  S≈69.2891 -> 69.2992 | F(λ;T): -251.473 -> F(λ;T_next): -249.615 | grad_norm≈3.61
[WARN] Low ESS at step 78: ESS=11.9 (9.3% of 128). Consider increasing est_batch_size or relaxing w_clip.
[0079] T=3.6135 -> 3.5992  ΔT=-1.432e-02  (FO=-1.432e-02, SO=-3.669e-01) | E_p: mean=-0.39284 min=-17.256 max=20.1445 | E_π̂=-9.51056  ΔÊ=9.11772  Var_π̂=25.3269  ζ̂=0.148547 | ESS=20.8 (16.2%)  S≈69.2976 -> 69.31 | F(λ;T): -250.801 -> F(λ;T_next): -250.751 | grad_norm≈5.18
[0080] T=3.5992 -> 3.5871  ΔT=-1.205e-02  (FO=-1.205e-02, SO=-3.738e-01) | E_p: mean=-1.06185 min=-17.4022 max=14.7026 | E_π̂=-11.8086  ΔÊ=10.7467  Var_π̂=24.0151  ζ̂=0.143109 | ESS=18.2 (14.2%)  S≈69.2745 -> 69.2942 | F(λ;T): -250.394 -> F(λ;T_next): -249.688 | grad_norm≈5.99
[0081] T=3.5871 -> 3.5747  ΔT=-1.241e-02  (FO=-1.241e-02, SO=-3.407e-01) | E_p: mean=0.147288 min=-17.7594 max=22.4509 | E_π̂=-10.2172  ΔÊ=10.3645  Var_π̂=28.5284  ζ̂=0.172301 | ESS=18.4 (14.4%)  S≈69.3204 -> 69.3006 | F(λ;T): -248.514 -> F(λ;T_next): -247.445 | grad_norm≈3.23
[0082] T=3.5747 -> 3.563  ΔT=-1.173e-02  (FO=-1.173e-02, SO=-3.249e-01) | E_p: mean=-0.782027 min=-19.817 max=19.2078 | E_π̂=-11.6772  ΔÊ=10.8952  Var_π̂=30.9467  ζ̂=0.189516 | ESS=16.7 (13.0%)  S≈69.3207 -> 69.2265 | F(λ;T): -248.584 -> F(λ;T_next): -246.337 | grad_norm≈2.43
[0083] T=3.563 -> 3.5498  ΔT=-1.319e-02  (FO=-1.319e-02, SO=-3.730e-01) | E_p: mean=-0.449961 min=-15.8196 max=23.0613 | E_π̂=-10.0753  ΔÊ=9.62532  Var_π̂=23.1628  ζ̂=0.143725 | ESS=21.4 (16.7%)  S≈69.2708 -> 69.2548 | F(λ;T): -247.261 -> F(λ;T_next): -247.279 | grad_norm≈2.71
[0084] T=3.5498 -> 3.5399  ΔT=-9.879e-03  (FO=-9.879e-03, SO=-3.404e-01) | E_p: mean=0.20142 min=-17.3072 max=20.1946 | E_π̂=-12.554  ΔÊ=12.7554  Var_π̂=27.3994  ζ̂=0.172554 | ESS=12.4 (9.7%)  S≈69.2744 -> 69.2921 | F(λ;T): -245.709 -> F(λ;T_next): -245.392 | grad_norm≈3.17
[WARN] Low ESS at step 84: ESS=12.4 (9.7% of 128). Consider increasing est_batch_size or relaxing w_clip.
[0085] T=3.5399 -> 3.5274  ΔT=-1.252e-02  (FO=-1.252e-02, SO=-4.052e-01) | E_p: mean=-0.972149 min=-17.3017 max=14.5147 | E_π̂=-10.9782  ΔÊ=10.0061  Var_π̂=19.126  ζ̂=0.1218 | ESS=25.0 (19.5%)  S≈69.3042 -> 69.2715 | F(λ;T): -246.304 -> F(λ;T_next): -245.416 | grad_norm≈4.9
[0086] T=3.5274 -> 3.5181  ΔT=-9.305e-03  (FO=-9.305e-03, SO=-2.908e-01) | E_p: mean=0.124553 min=-20.0121 max=15.5977 | E_π̂=-13.2473  ΔÊ=13.3719  Var_π̂=36.6256  ζ̂=0.236574 | ESS=7.7 (6.0%)  S≈69.2768 -> 69.292 | F(λ;T): -244.242 -> F(λ;T_next): -244.075 | grad_norm≈2.63
[WARN] Low ESS at step 86: ESS=7.7 (6.0% of 128). Consider increasing est_batch_size or relaxing w_clip.
[0087] T=3.5181 -> 3.5056  ΔT=-1.247e-02  (FO=-1.247e-02, SO=-2.934e-01) | E_p: mean=-0.677275 min=-18.3827 max=16.6621 | E_π̂=-10.6033  ΔÊ=9.92598  Var_π̂=35.5824  ζ̂=0.232276 | ESS=11.5 (9.0%)  S≈69.3194 -> 69.3105 | F(λ;T): -244.549 -> F(λ;T_next): -242.794 | grad_norm≈2.47
[WARN] Low ESS at step 87: ESS=11.5 (9.0% of 128). Consider increasing est_batch_size or relaxing w_clip.
[0088] T=3.5056 -> 3.4961  ΔT=-9.566e-03  (FO=-9.566e-03, SO=-2.835e-01) | E_p: mean=-0.883679 min=-20.745 max=13.8296 | E_π̂=-13.7313  ΔÊ=12.8476  Var_π̂=37.5708  ζ̂=0.248764 | ESS=8.1 (6.4%)  S≈69.2953 -> 69.3036 | F(λ;T): -243.807 -> F(λ;T_next): -242.175 | grad_norm≈3.94
[WARN] Low ESS at step 88: ESS=8.1 (6.4% of 128). Consider increasing est_batch_size or relaxing w_clip.
[0089] T=3.4961 -> 3.4868  ΔT=-9.258e-03  (FO=-9.258e-03, SO=-2.966e-01) | E_p: mean=-0.385148 min=-18.9952 max=17.0278 | E_π̂=-13.5867  ΔÊ=13.2016  Var_π̂=33.9611  ζ̂=0.227335 | ESS=9.8 (7.7%)  S≈69.3068 -> 69.2794 | F(λ;T): -242.686 -> F(λ;T_next): -241.451 | grad_norm≈2.62
[WARN] Low ESS at step 89: ESS=9.8 (7.7% of 128). Consider increasing est_batch_size or relaxing w_clip.
[0090] T=3.4868 -> 3.4776  ΔT=-9.162e-03  (FO=-9.162e-03, SO=-3.326e-01) | E_p: mean=0.917514 min=-17.4259 max=23.6576 | E_π̂=-12.3525  ΔÊ=13.27  Var_π̂=26.7201  ζ̂=0.180771 | ESS=12.1 (9.4%)  S≈69.2926 -> 69.2912 | F(λ;T): -240.692 -> F(λ;T_next): -242.073 | grad_norm≈2.81
[WARN] Low ESS at step 90: ESS=12.1 (9.4% of 128). Consider increasing est_batch_size or relaxing w_clip.
[0091] T=3.4776 -> 3.4688  ΔT=-8.802e-03  (FO=-8.802e-03, SO=-2.535e-01) | E_p: mean=-0.441619 min=-21.7357 max=16.4131 | E_π̂=-14.1815  ΔÊ=13.7399  Var_π̂=45.5253  ζ̂=0.311254 | ESS=6.4 (5.0%)  S≈69.2764 -> 69.2548 | F(λ;T): -241.36 -> F(λ;T_next): -240.586 | grad_norm≈10.4
[WARN] Low ESS at step 91: ESS=6.4 (5.0% of 128). Consider increasing est_batch_size or relaxing w_clip.
[0092] T=3.4688 -> 3.462  ΔT=-6.808e-03  (FO=-6.808e-03, SO=-2.352e-01) | E_p: mean=-0.659154 min=-24.0121 max=18.8841 | E_π̂=-18.3346  ΔÊ=17.6755  Var_π̂=52.3293  ζ̂=0.361417 | ESS=3.1 (2.4%)  S≈69.297 -> 69.3066 | F(λ;T): -241.039 -> F(λ;T_next): -240.493 | grad_norm≈2.64
[WARN] Low ESS at step 92: ESS=3.1 (2.4% of 128). Consider increasing est_batch_size or relaxing w_clip.
[0093] T=3.462 -> 3.4501  ΔT=-1.189e-02  (FO=-1.189e-02, SO=-3.799e-01) | E_p: mean=0.448497 min=-14.7555 max=20.5027 | E_π̂=-9.63572  ΔÊ=10.0842  Var_π̂=19.9106  ζ̂=0.138599 | ESS=22.8 (17.8%)  S≈69.2825 -> 69.3025 | F(λ;T): -239.409 -> F(λ;T_next): -238.999 | grad_norm≈4.08
[0094] T=3.4501 -> 3.4397  ΔT=-1.048e-02  (FO=-1.048e-02, SO=-3.537e-01) | E_p: mean=-0.881255 min=-18.1902 max=15.263 | E_π̂=-12.2382  ΔÊ=11.3569  Var_π̂=22.6458  ζ̂=0.159822 | ESS=20.2 (15.8%)  S≈69.2946 -> 69.2482 | F(λ;T): -239.957 -> F(λ;T_next): -238.338 | grad_norm≈5.19
[0095] T=3.4397 -> 3.4317  ΔT=-7.945e-03  (FO=-7.945e-03, SO=-2.441e-01) | E_p: mean=-1.12873 min=-22.6789 max=13.5836 | E_π̂=-16.021  ΔÊ=14.8923  Var_π̂=46.9839  ζ̂=0.335649 | ESS=4.5 (3.5%)  S≈69.2854 -> 69.1763 | F(λ;T): -239.447 -> F(λ;T_next): -238.128 | grad_norm≈6.69
[WARN] Low ESS at step 95: ESS=4.5 (3.5% of 128). Consider increasing est_batch_size or relaxing w_clip.
[0096] T=3.4317 -> 3.422  ΔT=-9.744e-03  (FO=-9.744e-03, SO=-3.233e-01) | E_p: mean=-0.750727 min=-17.9705 max=12.6229 | E_π̂=-12.8374  ΔÊ=12.0866  Var_π̂=26.5428  ζ̂=0.191382 | ESS=7.5 (5.8%)  S≈69.2672 -> 69.2785 | F(λ;T): -238.456 -> F(λ;T_next): -237.59 | grad_norm≈6.69
[WARN] Low ESS at step 96: ESS=7.5 (5.8% of 128). Consider increasing est_batch_size or relaxing w_clip.
[0097] T=3.422 -> 3.411  ΔT=-1.094e-02  (FO=-1.094e-02, SO=-3.300e-01) | E_p: mean=-0.1512 min=-16.3449 max=18.7462 | E_π̂=-10.8546  ΔÊ=10.7034  Var_π̂=25.1875  ζ̂=0.183687 | ESS=15.1 (11.8%)  S≈69.2912 -> 69.2733 | F(λ;T): -237.264 -> F(λ;T_next): -235.857 | grad_norm≈2.24
[0098] T=3.411 -> 3.4014  ΔT=-9.619e-03  (FO=-9.619e-03, SO=-3.012e-01) | E_p: mean=-0.252762 min=-17.5532 max=17.9423 | E_π̂=-12.3483  ΔÊ=12.0955  Var_π̂=29.8408  ζ̂=0.220428 | ESS=9.9 (7.7%)  S≈69.3053 -> 69.2709 | F(λ;T): -236.656 -> F(λ;T_next): -235.743 | grad_norm≈9.53
[WARN] Low ESS at step 98: ESS=9.9 (7.7% of 128). Consider increasing est_batch_size or relaxing w_clip.
[0099] T=3.4014 -> 3.3937  ΔT=-7.677e-03  (FO=-7.677e-03, SO=-2.788e-01) | E_p: mean=-0.00683481 min=-21.0198 max=18.4333 | E_π̂=-15.0773  ΔÊ=15.0704  Var_π̂=34.4324  ζ̂=0.257234 | ESS=6.6 (5.1%)  S≈69.292 -> 69.2804 | F(λ;T): -235.698 -> F(λ;T_next): -235.563 | grad_norm≈3.38
[WARN] Low ESS at step 99: ESS=6.6 (5.1% of 128). Consider increasing est_batch_size or relaxing w_clip.
[0100] T=3.3937 -> 3.3856  ΔT=-8.146e-03  (FO=-8.146e-03, SO=-2.429e-01) | E_p: mean=-0.18873 min=-21.012 max=19.3774 | E_π̂=-14.3278  ΔÊ=14.1391  Var_π̂=44.9812  ζ̂=0.339092 | ESS=5.3 (4.2%)  S≈69.2568 -> 69.275 | F(λ;T): -235.228 -> F(λ;T_next): -235.322 | grad_norm≈7.67
[WARN] Low ESS at step 100: ESS=5.3 (4.2% of 128). Consider increasing est_batch_size or relaxing w_clip.
[0101] T=3.3856 -> 3.3747  ΔT=-1.087e-02  (FO=-1.087e-02, SO=-3.381e-01) | E_p: mean=-0.149529 min=-16.4926 max=20.0111 | E_π̂=-10.6918  ΔÊ=10.5423  Var_π̂=22.9923  ζ̂=0.175003 | ESS=16.5 (12.9%)  S≈69.2925 -> 69.3214 | F(λ;T): -234.746 -> F(λ;T_next): -233.694 | grad_norm≈3.58
[0102] T=3.3747 -> 3.3658  ΔT=-8.870e-03  (FO=-8.870e-03, SO=-2.817e-01) | E_p: mean=0.983696 min=-18.2267 max=17.567 | E_π̂=-11.8557  ΔÊ=12.8394  Var_π̂=32.6921  ζ̂=0.252053 | ESS=7.4 (5.8%)  S≈69.2684 -> 69.2882 | F(λ;T): -232.778 -> F(λ;T_next): -233.361 | grad_norm≈12.1
[WARN] Low ESS at step 102: ESS=7.4 (5.8% of 128). Consider increasing est_batch_size or relaxing w_clip.
[0103] T=3.3658 -> 3.3562  ΔT=-9.639e-03  (FO=-9.639e-03, SO=-3.336e-01) | E_p: mean=-0.487896 min=-17.2993 max=16.6183 | E_π̂=-12.2409  ΔÊ=11.753  Var_π̂=23.0654  ζ̂=0.179714 | ESS=14.2 (11.1%)  S≈69.2334 -> 69.2888 | F(λ;T): -233.517 -> F(λ;T_next): -233.091 | grad_norm≈5.22
[0104] T=3.3562 -> 3.3449  ΔT=-1.130e-02  (FO=-1.130e-02, SO=-3.563e-01) | E_p: mean=-0.409102 min=-15.3582 max=14.6399 | E_π̂=-10.3796  ΔÊ=9.97046  Var_π̂=19.9847  ζ̂=0.157507 | ESS=17.6 (13.8%)  S≈69.2997 -> 69.2642 | F(λ;T): -232.994 -> F(λ;T_next): -231.791 | grad_norm≈5.55
[0105] T=3.3449 -> 3.333  ΔT=-1.195e-02  (FO=-1.195e-02, SO=-3.293e-01) | E_p: mean=-0.436579 min=-15.6345 max=15.5773 | E_π̂=-9.80319  ΔÊ=9.36661  Var_π̂=23.0942  ζ̂=0.184486 | ESS=15.2 (11.9%)  S≈69.2763 -> 69.2785 | F(λ;T): -232.16 -> F(λ;T_next): -232.152 | grad_norm≈2.87
[0106] T=3.333 -> 3.3222  ΔT=-1.072e-02  (FO=-1.072e-02, SO=-3.498e-01) | E_p: mean=-1.44532 min=-16.5538 max=19.1021 | E_π̂=-11.8061  ΔÊ=10.3608  Var_π̂=20.1746  ζ̂=0.163486 | ESS=19.8 (15.5%)  S≈69.2887 -> 69.2786 | F(λ;T): -232.382 -> F(λ;T_next): -230.64 | grad_norm≈3.26
[0107] T=3.3222 -> 3.3128  ΔT=-9.429e-03  (FO=-9.429e-03, SO=-3.175e-01) | E_p: mean=0.431475 min=-15.7484 max=13.5796 | E_π̂=-11.274  ΔÊ=11.7055  Var_π̂=24.1655  ζ̂=0.198367 | ESS=12.9 (10.1%)  S≈69.2728 -> 69.2916 | F(λ;T): -229.71 -> F(λ;T_next): -229.419 | grad_norm≈2.75
[0108] T=3.3128 -> 3.3064  ΔT=-6.414e-03  (FO=-6.414e-03, SO=-2.228e-01) | E_p: mean=-0.609316 min=-23.806 max=20.0869 | E_π̂=-17.7195  ΔÊ=17.1102  Var_π̂=48.5185  ζ̂=0.402826 | ESS=4.3 (3.4%)  S≈69.3045 -> 69.2488 | F(λ;T): -230.202 -> F(λ;T_next): -228.934 | grad_norm≈2.54
[WARN] Low ESS at step 108: ESS=4.3 (3.4% of 128). Consider increasing est_batch_size or relaxing w_clip.
[0109] T=3.3064 -> 3.2966  ΔT=-9.832e-03  (FO=-9.832e-03, SO=-3.273e-01) | E_p: mean=0.749121 min=-15.061 max=18.6863 | E_π̂=-10.3704  ΔÊ=11.1196  Var_π̂=22.3194  ζ̂=0.18675 | ESS=14.0 (10.9%)  S≈69.2782 -> 69.3081 | F(λ;T): -228.313 -> F(λ;T_next): -228.397 | grad_norm≈5.69
[0110] T=3.2966 -> 3.2896  ΔT=-6.983e-03  (FO=-6.983e-03, SO=-2.823e-01) | E_p: mean=0.067897 min=-20.4757 max=18.4167 | E_π̂=-15.4946  ΔÊ=15.5625  Var_π̂=29.643  ζ̂=0.250999 | ESS=7.6 (5.9%)  S≈69.2664 -> 69.2407 | F(λ;T): -228.274 -> F(λ;T_next): -227.524 | grad_norm≈2.48
[WARN] Low ESS at step 110: ESS=7.6 (5.9% of 128). Consider increasing est_batch_size or relaxing w_clip.
[0111] T=3.2896 -> 3.2825  ΔT=-7.124e-03  (FO=-7.124e-03, SO=-2.615e-01) | E_p: mean=-0.549985 min=-20.7449 max=17.8812 | E_π̂=-15.7393  ΔÊ=15.1893  Var_π̂=34.2617  ζ̂=0.292579 | ESS=5.4 (4.2%)  S≈69.277 -> 69.2857 | F(λ;T): -228.443 -> F(λ;T_next): -227.285 | grad_norm≈3.25
[WARN] Low ESS at step 111: ESS=5.4 (4.2% of 128). Consider increasing est_batch_size or relaxing w_clip.
[0112] T=3.2825 -> 3.2729  ΔT=-9.562e-03  (FO=-9.562e-03, SO=-2.951e-01) | E_p: mean=-0.709345 min=-17.8583 max=23.1643 | E_π̂=-11.9775  ΔÊ=11.2681  Var_π̂=26.6576  ζ̂=0.229627 | ESS=10.9 (8.5%)  S≈69.2824 -> 69.2849 | F(λ;T): -228.126 -> F(λ;T_next): -226.01 | grad_norm≈3.79
[WARN] Low ESS at step 112: ESS=10.9 (8.5% of 128). Consider increasing est_batch_size or relaxing w_clip.
[0113] T=3.2729 -> 3.2659  ΔT=-6.954e-03  (FO=-6.954e-03, SO=-2.136e-01) | E_p: mean=0.189965 min=-20.8067 max=16.0891 | E_π̂=-15.2131  ΔÊ=15.4031  Var_π̂=50.3136  ζ̂=0.438484 | ESS=2.9 (2.3%)  S≈69.3125 -> 69.2664 | F(λ;T): -226.663 -> F(λ;T_next): -226.428 | grad_norm≈5.41
[WARN] Low ESS at step 113: ESS=2.9 (2.3% of 128). Consider increasing est_batch_size or relaxing w_clip.
[0114] T=3.2659 -> 3.2598  ΔT=-6.131e-03  (FO=-6.131e-03, SO=-2.585e-01) | E_p: mean=0.539812 min=-20.7235 max=19.3482 | E_π̂=-16.8575  ΔÊ=17.3973  Var_π̂=34.0561  ζ̂=0.299335 | ESS=4.4 (3.5%)  S≈69.2943 -> 69.2674 | F(λ;T): -225.772 -> F(λ;T_next): -226.62 | grad_norm≈8.71
[WARN] Low ESS at step 114: ESS=4.4 (3.5% of 128). Consider increasing est_batch_size or relaxing w_clip.
[0115] T=3.2598 -> 3.2551  ΔT=-4.689e-03  (FO=-4.689e-03, SO=-2.151e-01) | E_p: mean=0.635316 min=-25.9056 max=18.5721 | E_π̂=-22.0286  ΔÊ=22.6639  Var_π̂=48.8254  ζ̂=0.432388 | ESS=1.8 (1.4%)  S≈69.2692 -> 69.2986 | F(λ;T): -225.169 -> F(λ;T_next): -226.091 | grad_norm≈3.8
[WARN] Low ESS at step 115: ESS=1.8 (1.4% of 128). Consider increasing est_batch_size or relaxing w_clip.
[0116] T=3.2551 -> 3.2419  ΔT=-1.319e-02  (FO=-1.319e-02, SO=-4.294e-01) | E_p: mean=-0.617255 min=-13.6094 max=17.4942 | E_π̂=-8.65276  ΔÊ=8.0355  Var_π̂=12.1774  ζ̂=0.108463 | ESS=28.9 (22.6%)  S≈69.3011 -> 69.3203 | F(λ;T): -226.201 -> F(λ;T_next): -224.359 | grad_norm≈7.49
[0117] T=3.2419 -> 3.2353  ΔT=-6.689e-03  (FO=-6.689e-03, SO=-3.002e-01) | E_p: mean=-0.0654514 min=-19.6187 max=15.5837 | E_π̂=-15.7784  ΔÊ=15.7129  Var_π̂=24.5157  ζ̂=0.221934 | ESS=8.1 (6.4%)  S≈69.2437 -> 69.3119 | F(λ;T): -224.549 -> F(λ;T_next): -223.945 | grad_norm≈4.35
[WARN] Low ESS at step 117: ESS=8.1 (6.4% of 128). Consider increasing est_batch_size or relaxing w_clip.
[0118] T=3.2353 -> 3.2241  ΔT=-1.118e-02  (FO=-1.118e-02, SO=-3.004e-01) | E_p: mean=-0.648097 min=-16.6485 max=16.5035 | E_π̂=-10.0079  ΔÊ=9.3598  Var_π̂=24.2787  ζ̂=0.221612 | ESS=16.4 (12.8%)  S≈69.2812 -> 69.283 | F(λ;T): -224.79 -> F(λ;T_next): -223.063 | grad_norm≈4.99
[0119] T=3.2241 -> 3.2146  ΔT=-9.502e-03  (FO=-9.502e-03, SO=-2.954e-01) | E_p: mean=-0.0311515 min=-17.398 max=18.689 | E_π̂=-10.9702  ΔÊ=10.939  Var_π̂=24.7674  ζ̂=0.229226 | ESS=11.0 (8.6%)  S≈69.3388 -> 69.2675 | F(λ;T): -223.584 -> F(λ;T_next): -222.09 | grad_norm≈2.05
[WARN] Low ESS at step 119: ESS=11.0 (8.6% of 128). Consider increasing est_batch_size or relaxing w_clip.
[0120] T=3.2146 -> 3.2077  ΔT=-6.856e-03  (FO=-6.856e-03, SO=-2.371e-01) | E_p: mean=-1.19015 min=-22.4201 max=19.737 | E_π̂=-16.2633  ΔÊ=15.0731  Var_π̂=37.9815  ζ̂=0.355698 | ESS=5.9 (4.6%)  S≈69.2785 -> 69.2938 | F(λ;T): -223.891 -> F(λ;T_next): -222.867 | grad_norm≈4.18
[WARN] Low ESS at step 120: ESS=5.9 (4.6% of 128). Consider increasing est_batch_size or relaxing w_clip.
[0121] T=3.2077 -> 3.2018  ΔT=-5.948e-03  (FO=-5.948e-03, SO=-2.172e-01) | E_p: mean=-1.35172 min=-23.4019 max=14.4162 | E_π̂=-18.6497  ΔÊ=17.298  Var_π̂=44.8796  ζ̂=0.423904 | ESS=2.5 (1.9%)  S≈69.2689 -> 69.31 | F(λ;T): -223.546 -> F(λ;T_next): -222.028 | grad_norm≈5.86
[WARN] Low ESS at step 121: ESS=2.5 (1.9% of 128). Consider increasing est_batch_size or relaxing w_clip.
[0122] T=3.2018 -> 3.1963  ΔT=-5.496e-03  (FO=-5.496e-03, SO=-2.432e-01) | E_p: mean=-0.0206785 min=-23.2839 max=18.4066 | E_π̂=-18.6737  ΔÊ=18.653  Var_π̂=35.5352  ζ̂=0.338144 | ESS=3.1 (2.4%)  S≈69.2956 -> 69.2753 | F(λ;T): -221.889 -> F(λ;T_next): -221.283 | grad_norm≈7.92
[WARN] Low ESS at step 122: ESS=3.1 (2.4% of 128). Consider increasing est_batch_size or relaxing w_clip.
[0123] T=3.1963 -> 3.1886  ΔT=-7.714e-03  (FO=-7.714e-03, SO=-2.704e-01) | E_p: mean=0.0600158 min=-18.1374 max=14.0884 | E_π̂=-13.1845  ΔÊ=13.2445  Var_π̂=28.547  ζ̂=0.273519 | ESS=7.5 (5.9%)  S≈69.3053 -> 69.2555 | F(λ;T): -221.458 -> F(λ;T_next): -220.628 | grad_norm≈3.58
[WARN] Low ESS at step 123: ESS=7.5 (5.9% of 128). Consider increasing est_batch_size or relaxing w_clip.
[0124] T=3.1886 -> 3.1788  ΔT=-9.802e-03  (FO=-9.802e-03, SO=-3.081e-01) | E_p: mean=-0.818816 min=-16.4166 max=14.6552 | E_π̂=-11.1909  ΔÊ=10.3721  Var_π̂=21.7755  ζ̂=0.210665 | ESS=15.9 (12.4%)  S≈69.2562 -> 69.2818 | F(λ;T): -221.646 -> F(λ;T_next): -219.927 | grad_norm≈9.5
[0125] T=3.1788 -> 3.1699  ΔT=-8.816e-03  (FO=-8.816e-03, SO=-3.248e-01) | E_p: mean=-1.02956 min=-17.1908 max=21.5216 | E_π̂=-12.4908  ΔÊ=11.4613  Var_π̂=19.3519  ζ̂=0.189539 | ESS=14.7 (11.5%)  S≈69.276 -> 69.2478 | F(λ;T): -221.241 -> F(λ;T_next): -220.067 | grad_norm≈3.31
[0126] T=3.1699 -> 3.1618  ΔT=-8.148e-03  (FO=-8.148e-03, SO=-2.733e-01) | E_p: mean=0.0421905 min=-18.2915 max=18.1247 | E_π̂=-12.2897  ΔÊ=12.3319  Var_π̂=27.0272  ζ̂=0.26767 | ESS=8.6 (6.7%)  S≈69.2429 -> 69.3082 | F(λ;T): -219.453 -> F(λ;T_next): -218.869 | grad_norm≈4.24
[WARN] Low ESS at step 126: ESS=8.6 (6.7% of 128). Consider increasing est_batch_size or relaxing w_clip.
[0127] T=3.1618 -> 3.1542  ΔT=-7.571e-03  (FO=-7.571e-03, SO=-2.707e-01) | E_p: mean=-0.329029 min=-18.8131 max=16.9302 | E_π̂=-13.5327  ΔÊ=13.2036  Var_π̂=27.2764  ζ̂=0.272933 | ESS=8.2 (6.4%)  S≈69.2596 -> 69.2298 | F(λ;T): -219.313 -> F(λ;T_next): -219.291 | grad_norm≈5.29
[WARN] Low ESS at step 127: ESS=8.2 (6.4% of 128). Consider increasing est_batch_size or relaxing w_clip.
[0128] T=3.1542 -> 3.1449  ΔT=-9.339e-03  (FO=-9.339e-03, SO=-3.213e-01) | E_p: mean=-0.0309276 min=-16.5491 max=19.4263 | E_π̂=-10.6847  ΔÊ=10.6537  Var_π̂=19.1777  ζ̂=0.193745 | ESS=13.4 (10.5%)  S≈69.3122 -> 69.242 | F(λ;T): -218.657 -> F(λ;T_next): -217.686 | grad_norm≈4.15
[0129] T=3.1449 -> 3.1391  ΔT=-5.767e-03  (FO=-5.767e-03, SO=-2.002e-01) | E_p: mean=-0.777942 min=-23.3834 max=16.6264 | E_π̂=-17.9278  ΔÊ=17.1499  Var_π̂=48.8063  ζ̂=0.498954 | ESS=2.8 (2.2%)  S≈69.2616 -> 69.21 | F(λ;T): -218.597 -> F(λ;T_next): -217.417 | grad_norm≈9.07
[WARN] Low ESS at step 129: ESS=2.8 (2.2% of 128). Consider increasing est_batch_size or relaxing w_clip.
[0130] T=3.1391 -> 3.1332  ΔT=-5.922e-03  (FO=-5.922e-03, SO=-2.167e-01) | E_p: mean=-0.738613 min=-22.8719 max=14.0296 | E_π̂=-17.3786  ΔÊ=16.64  Var_π̂=41.3505  ζ̂=0.425848 | ESS=3.6 (2.8%)  S≈69.239 -> 69.2549 | F(λ;T): -218.087 -> F(λ;T_next): -216.272 | grad_norm≈3.2
[WARN] Low ESS at step 130: ESS=3.6 (2.8% of 128). Consider increasing est_batch_size or relaxing w_clip.
[0131] T=3.1332 -> 3.1229  ΔT=-1.030e-02  (FO=-1.030e-02, SO=-3.263e-01) | E_p: mean=0.505441 min=-13.9226 max=16.8634 | E_π̂=-9.02449  ΔÊ=9.52993  Var_π̂=18.104  ζ̂=0.187858 | ESS=18.6 (14.5%)  S≈69.2625 -> 69.3135 | F(λ;T): -216.507 -> F(λ;T_next): -216.8 | grad_norm≈4.11
[0132] T=3.1229 -> 3.1132  ΔT=-9.722e-03  (FO=-9.722e-03, SO=-3.285e-01) | E_p: mean=0.208667 min=-14.3135 max=20.8661 | E_π̂=-9.82233  ΔÊ=10.031  Var_π̂=17.6291  ζ̂=0.185356 | ESS=18.4 (14.4%)  S≈69.2811 -> 69.2649 | F(λ;T): -216.148 -> F(λ;T_next): -214.688 | grad_norm≈5.27
[0133] T=3.1132 -> 3.1027  ΔT=-1.042e-02  (FO=-1.042e-02, SO=-3.178e-01) | E_p: mean=-1.00547 min=-15.9465 max=13.332 | E_π̂=-10.3072  ΔÊ=9.30177  Var_π̂=18.5999  ζ̂=0.198017 | ESS=16.6 (12.9%)  S≈69.2795 -> 69.2968 | F(λ;T): -216.684 -> F(λ;T_next): -215.084 | grad_norm≈4.84
[0134] T=3.1027 -> 3.0964  ΔT=-6.357e-03  (FO=-6.357e-03, SO=-2.316e-01) | E_p: mean=0.820568 min=-20.2115 max=19.3271 | E_π̂=-14.3229  ΔÊ=15.1435  Var_π̂=34.5622  ζ̂=0.372921 | ESS=5.0 (3.9%)  S≈69.3172 -> 69.2546 | F(λ;T): -214.253 -> F(λ;T_next): -214.925 | grad_norm≈6.25
[WARN] Low ESS at step 134: ESS=5.0 (3.9% of 128). Consider increasing est_batch_size or relaxing w_clip.
[0135] T=3.0964 -> 3.0881  ΔT=-8.299e-03  (FO=-8.299e-03, SO=-2.493e-01) | E_p: mean=0.0486788 min=-17.7349 max=18.2499 | E_π̂=-11.5035  ΔÊ=11.5522  Var_π̂=29.5698  ζ̂=0.321682 | ESS=9.3 (7.3%)  S≈69.2791 -> 69.3079 | F(λ;T): -214.466 -> F(λ;T_next): -214.676 | grad_norm≈3.29
[WARN] Low ESS at step 135: ESS=9.3 (7.3% of 128). Consider increasing est_batch_size or relaxing w_clip.
[0136] T=3.0881 -> 3.0798  ΔT=-8.298e-03  (FO=-8.298e-03, SO=-2.583e-01) | E_p: mean=-1.11659 min=-18.0471 max=17.2515 | E_π̂=-12.6089  ΔÊ=11.4923  Var_π̂=27.2605  ζ̂=0.299761 | ESS=8.6 (6.7%)  S≈69.3011 -> 69.2396 | F(λ;T): -215.125 -> F(λ;T_next): -212.847 | grad_norm≈4.75
[WARN] Low ESS at step 136: ESS=8.6 (6.7% of 128). Consider increasing est_batch_size or relaxing w_clip.
[0137] T=3.0798 -> 3.0711  ΔT=-8.728e-03  (FO=-8.728e-03, SO=-2.907e-01) | E_p: mean=-0.83635 min=-18.5043 max=16.0984 | E_π̂=-11.7037  ΔÊ=10.8673  Var_π̂=21.299  ζ̂=0.236742 | ESS=13.1 (10.2%)  S≈69.2566 -> 69.2747 | F(λ;T): -214.132 -> F(λ;T_next): -212.945 | grad_norm≈6.21
[0138] T=3.0711 -> 3.0645  ΔT=-6.593e-03  (FO=-6.593e-03, SO=-2.544e-01) | E_p: mean=-0.545744 min=-19.6685 max=18.4525 | E_π̂=-14.8515  ΔÊ=14.3058  Var_π̂=27.4946  ζ̂=0.309095 | ESS=6.9 (5.4%)  S≈69.3183 -> 69.299 | F(λ;T): -213.427 -> F(λ;T_next): -213.53 | grad_norm≈5.42
[WARN] Low ESS at step 138: ESS=6.9 (5.4% of 128). Consider increasing est_batch_size or relaxing w_clip.
[0139] T=3.0645 -> 3.0575  ΔT=-6.929e-03  (FO=-6.929e-03, SO=-2.676e-01) | E_p: mean=-0.560151 min=-19.1262 max=21.8584 | E_π̂=-14.113  ΔÊ=13.5528  Var_π̂=24.6385  ζ̂=0.279379 | ESS=6.7 (5.2%)  S≈69.2609 -> 69.2986 | F(λ;T): -212.808 -> F(λ;T_next): -211.7 | grad_norm≈3.79
[WARN] Low ESS at step 139: ESS=6.7 (5.2% of 128). Consider increasing est_batch_size or relaxing w_clip.
[0140] T=3.0575 -> 3.0509  ΔT=-6.685e-03  (FO=-6.685e-03, SO=-3.177e-01) | E_p: mean=-0.601551 min=-18.3168 max=18.249 | E_π̂=-14.5855  ΔÊ=13.9839  Var_π̂=17.3146  ζ̂=0.198118 | ESS=12.0 (9.4%)  S≈69.3108 -> 69.2559 | F(λ;T): -212.522 -> F(λ;T_next): -211.601 | grad_norm≈2.75
[WARN] Low ESS at step 140: ESS=12.0 (9.4% of 128). Consider increasing est_batch_size or relaxing w_clip.
[0141] T=3.0509 -> 3.0444  ΔT=-6.462e-03  (FO=-6.462e-03, SO=-2.486e-01) | E_p: mean=0.230989 min=-19.2015 max=24.9088 | E_π̂=-14.1732  ΔÊ=14.4042  Var_π̂=28.0261  ζ̂=0.323501 | ESS=7.2 (5.6%)  S≈69.2532 -> 69.2457 | F(λ;T): -211.051 -> F(λ;T_next): -212.546 | grad_norm≈4.27
[WARN] Low ESS at step 141: ESS=7.2 (5.6% of 128). Consider increasing est_batch_size or relaxing w_clip.
[0142] T=3.0444 -> 3.038  ΔT=-6.414e-03  (FO=-6.414e-03, SO=-2.621e-01) | E_p: mean=0.444379 min=-18.4568 max=19.9078 | E_π̂=-14.0051  ΔÊ=14.4495  Var_π̂=25.0141  ζ̂=0.291193 | ESS=7.7 (6.0%)  S≈69.2678 -> 69.2156 | F(λ;T): -210.434 -> F(λ;T_next): -211.119 | grad_norm≈3.02
[WARN] Low ESS at step 142: ESS=7.7 (6.0% of 128). Consider increasing est_batch_size or relaxing w_clip.
[0143] T=3.038 -> 3.0312  ΔT=-6.787e-03  (FO=-6.787e-03, SO=-2.660e-01) | E_p: mean=-0.557525 min=-18.6899 max=15.3188 | E_π̂=-14.1565  ΔÊ=13.599  Var_π̂=24.083  ζ̂=0.28273 | ESS=5.8 (4.5%)  S≈69.2522 -> 69.2878 | F(λ;T): -210.944 -> F(λ;T_next): -209.085 | grad_norm≈6.52
[WARN] Low ESS at step 143: ESS=5.8 (4.5% of 128). Consider increasing est_batch_size or relaxing w_clip.
[0144] T=3.0312 -> 3.0246  ΔT=-6.599e-03  (FO=-6.599e-03, SO=-2.498e-01) | E_p: mean=-0.0901692 min=-18.4953 max=16.5794 | E_π̂=-14.0145  ΔÊ=13.9243  Var_π̂=27.0647  ζ̂=0.320589 | ESS=5.2 (4.1%)  S≈69.2986 -> 69.2437 | F(λ;T): -210.148 -> F(λ;T_next): -209.693 | grad_norm≈2.31
[WARN] Low ESS at step 144: ESS=5.2 (4.1% of 128). Consider increasing est_batch_size or relaxing w_clip.
[0145] T=3.0246 -> 3.0182  ΔT=-6.365e-03  (FO=-6.365e-03, SO=-2.303e-01) | E_p: mean=-0.171351 min=-19.6714 max=17.5313 | E_π̂=-14.543  ΔÊ=14.3717  Var_π̂=31.562  ζ̂=0.377134 | ESS=4.0 (3.2%)  S≈69.246 -> 69.3387 | F(λ;T): -209.612 -> F(λ;T_next): -209.044 | grad_norm≈6.26
[WARN] Low ESS at step 145: ESS=4.0 (3.2% of 128). Consider increasing est_batch_size or relaxing w_clip.
[0146] T=3.0182 -> 3.0123  ΔT=-5.899e-03  (FO=-5.899e-03, SO=-2.601e-01) | E_p: mean=0.434624 min=-18.8308 max=20.187 | E_π̂=-15.0076  ΔÊ=15.4422  Var_π̂=24.5304  ζ̂=0.295594 | ESS=6.1 (4.8%)  S≈69.2697 -> 69.3173 | F(λ;T): -208.637 -> F(λ;T_next): -208.501 | grad_norm≈5.03
[WARN] Low ESS at step 146: ESS=6.1 (4.8% of 128). Consider increasing est_batch_size or relaxing w_clip.
[0147] T=3.0123 -> 3.0064  ΔT=-5.978e-03  (FO=-5.978e-03, SO=-2.296e-01) | E_p: mean=1.38836 min=-17.9064 max=17.8363 | E_π̂=-13.7916  ΔÊ=15.1799  Var_π̂=31.2461  ζ̂=0.379477 | ESS=3.6 (2.8%)  S≈69.3035 -> 69.2942 | F(λ;T): -207.377 -> F(λ;T_next): -208.21 | grad_norm≈8.21
[WARN] Low ESS at step 147: ESS=3.6 (2.8% of 128). Consider increasing est_batch_size or relaxing w_clip.
[0148] T=3.0064 -> 2.9999  ΔT=-6.455e-03  (FO=-6.455e-03, SO=-2.511e-01) | E_p: mean=-0.966961 min=-20.013 max=16.471 | E_π̂=-14.9683  ΔÊ=14.0013  Var_π̂=25.9185  ζ̂=0.317286 | ESS=5.5 (4.3%)  S≈69.2899 -> 69.2862 | F(λ;T): -209.277 -> F(λ;T_next): -206.757 | grad_norm≈3.65
[WARN] Low ESS at step 148: ESS=5.5 (4.3% of 128). Consider increasing est_batch_size or relaxing w_clip.
[0149] T=2.9999 -> 2.9917  ΔT=-8.185e-03  (FO=-8.185e-03, SO=-3.283e-01) | E_p: mean=-0.0057684 min=-14.6331 max=16.1738 | E_π̂=-11.0013  ΔÊ=10.9955  Var_π̂=15.0308  ζ̂=0.185591 | ESS=16.8 (13.1%)  S≈69.3238 -> 69.2753 | F(λ;T): -207.97 -> F(λ;T_next): -207.678 | grad_norm≈2.14
[0150] T=2.9917 -> 2.9843  ΔT=-7.394e-03  (FO=-7.394e-03, SO=-2.802e-01) | E_p: mean=-0.998569 min=-18.0191 max=17.102 | E_π̂=-13.1041  ΔÊ=12.1055  Var_π̂=20.4124  ζ̂=0.254809 | ESS=9.5 (7.4%)  S≈69.308 -> 69.2396 | F(λ;T): -208.348 -> F(λ;T_next): -205.473 | grad_norm≈4.65
[WARN] Low ESS at step 150: ESS=9.5 (7.4% of 128). Consider increasing est_batch_size or relaxing w_clip.
[0151] T=2.9843 -> 2.9776  ΔT=-6.670e-03  (FO=-6.670e-03, SO=-2.315e-01) | E_p: mean=0.113222 min=-18.6741 max=15.7497 | E_π̂=-13.2391  ΔÊ=13.3523  Var_π̂=29.5976  ζ̂=0.373143 | ESS=6.8 (5.3%)  S≈69.2507 -> 69.2295 | F(λ;T): -206.553 -> F(λ;T_next): -205.897 | grad_norm≈9.23
[WARN] Low ESS at step 151: ESS=6.8 (5.3% of 128). Consider increasing est_batch_size or relaxing w_clip.
[0152] T=2.9776 -> 2.9695  ΔT=-8.197e-03  (FO=-8.197e-03, SO=-3.157e-01) | E_p: mean=0.0415445 min=-14.9464 max=22.3491 | E_π̂=-10.7748  ΔÊ=10.8163  Var_π̂=15.7748  ζ̂=0.200664 | ESS=18.1 (14.1%)  S≈69.2307 -> 69.2715 | F(λ;T): -206.103 -> F(λ;T_next): -206.579 | grad_norm≈2.12
[0153] T=2.9695 -> 2.9638  ΔT=-5.619e-03  (FO=-5.619e-03, SO=-2.133e-01) | E_p: mean=-1.27782 min=-21.5774 max=13.1118 | E_π̂=-16.9709  ΔÊ=15.6931  Var_π̂=34.1868  ζ̂=0.439697 | ESS=4.3 (3.4%)  S≈69.2652 -> 69.3117 | F(λ;T): -206.957 -> F(λ;T_next): -205.228 | grad_norm≈3.53
[WARN] Low ESS at step 153: ESS=4.3 (3.4% of 128). Consider increasing est_batch_size or relaxing w_clip.
[0154] T=2.9638 -> 2.9557  ΔT=-8.132e-03  (FO=-8.132e-03, SO=-3.260e-01) | E_p: mean=0.289166 min=-14.7612 max=15.1555 | E_π̂=-10.5128  ΔÊ=10.8019  Var_π̂=14.5226  ζ̂=0.188205 | ESS=16.6 (13.0%)  S≈69.2416 -> 69.2332 | F(λ;T): -204.931 -> F(λ;T_next): -205.524 | grad_norm≈6
[0155] T=2.9557 -> 2.949  ΔT=-6.747e-03  (FO=-6.747e-03, SO=-2.559e-01) | E_p: mean=-0.416501 min=-17.3537 max=21.0579 | E_π̂=-13.3655  ΔÊ=12.949  Var_π̂=23.308  ζ̂=0.305395 | ESS=7.9 (6.2%)  S≈69.2824 -> 69.2902 | F(λ;T): -205.195 -> F(λ;T_next): -204.874 | grad_norm≈5.5
[WARN] Low ESS at step 155: ESS=7.9 (6.2% of 128). Consider increasing est_batch_size or relaxing w_clip.
[0156] T=2.949 -> 2.9421  ΔT=-6.808e-03  (FO=-6.808e-03, SO=-2.546e-01) | E_p: mean=-0.214858 min=-18.0899 max=17.3794 | E_π̂=-12.9892  ΔÊ=12.7743  Var_π̂=23.3282  ζ̂=0.308468 | ESS=7.3 (5.7%)  S≈69.2675 -> 69.258 | F(λ;T): -204.482 -> F(λ;T_next): -204.451 | grad_norm≈2.42
[WARN] Low ESS at step 156: ESS=7.3 (5.7% of 128). Consider increasing est_batch_size or relaxing w_clip.
[0157] T=2.9421 -> 2.9365  ΔT=-5.654e-03  (FO=-5.654e-03, SO=-2.180e-01) | E_p: mean=-1.3437 min=-22.0482 max=16.8172 | E_π̂=-16.6544  ΔÊ=15.3107  Var_π̂=31.5408  ζ̂=0.420936 | ESS=4.7 (3.7%)  S≈69.3031 -> 69.296 | F(λ;T): -205.244 -> F(λ;T_next): -203.516 | grad_norm≈5.67
[WARN] Low ESS at step 157: ESS=4.7 (3.7% of 128). Consider increasing est_batch_size or relaxing w_clip.
[0158] T=2.9365 -> 2.9281  ΔT=-8.363e-03  (FO=-8.363e-03, SO=-3.194e-01) | E_p: mean=-1.01722 min=-15.8349 max=20.5594 | E_π̂=-11.3279  ΔÊ=10.3107  Var_π̂=14.5743  ζ̂=0.196007 | ESS=19.1 (14.9%)  S≈69.2667 -> 69.2768 | F(λ;T): -204.418 -> F(λ;T_next): -203.322 | grad_norm≈5.62
[0159] T=2.9281 -> 2.9202  ΔT=-7.885e-03  (FO=-7.885e-03, SO=-3.103e-01) | E_p: mean=-0.687982 min=-15.7704 max=15.7637 | E_π̂=-11.5618  ΔÊ=10.8738  Var_π̂=15.2741  ζ̂=0.207775 | ESS=16.4 (12.8%)  S≈69.3053 -> 69.2831 | F(λ;T): -203.623 -> F(λ;T_next): -201.994 | grad_norm≈4.3
[0160] T=2.9202 -> 2.9155  ΔT=-4.772e-03  (FO=-4.772e-03, SO=-1.890e-01) | E_p: mean=0.655684 min=-21.186 max=15.6971 | E_π̂=-17.2143  ΔÊ=17.87  Var_π̂=40.6974  ζ̂=0.559616 | ESS=2.1 (1.6%)  S≈69.3299 -> 69.2757 | F(λ;T): -201.805 -> F(λ;T_next): -201.376 | grad_norm≈3.5
[WARN] Low ESS at step 160: ESS=2.1 (1.6% of 128). Consider increasing est_batch_size or relaxing w_clip.
[0161] T=2.9155 -> 2.9091  ΔT=-6.387e-03  (FO=-6.387e-03, SO=-2.550e-01) | E_p: mean=0.49579 min=-17.4595 max=11.6915 | E_π̂=-12.812  ΔÊ=13.3078  Var_π̂=22.2158  ζ̂=0.307487 | ESS=8.3 (6.5%)  S≈69.3153 -> 69.2821 | F(λ;T): -201.591 -> F(λ;T_next): -200.933 | grad_norm≈5.29
[WARN] Low ESS at step 161: ESS=8.3 (6.5% of 128). Consider increasing est_batch_size or relaxing w_clip.
[0162] T=2.9091 -> 2.9015  ΔT=-7.546e-03  (FO=-7.546e-03, SO=-2.900e-01) | E_p: mean=-0.771934 min=-16.347 max=13.7568 | E_π̂=-11.9865  ΔÊ=11.2145  Var_π̂=17.0303  ζ̂=0.237792 | ESS=11.2 (8.7%)  S≈69.2242 -> 69.2028 | F(λ;T): -202.151 -> F(λ;T_next): -201.534 | grad_norm≈4.77
[WARN] Low ESS at step 162: ESS=11.2 (8.7% of 128). Consider increasing est_batch_size or relaxing w_clip.
[0163] T=2.9015 -> 2.8965  ΔT=-5.065e-03  (FO=-5.065e-03, SO=-2.299e-01) | E_p: mean=-0.104681 min=-21.4499 max=19.3671 | E_π̂=-16.7271  ΔÊ=16.6224  Var_π̂=26.8273  ζ̂=0.378497 | ESS=4.2 (3.3%)  S≈69.2495 -> 69.3122 | F(λ;T): -201.035 -> F(λ;T_next): -201.042 | grad_norm≈4.27
[WARN] Low ESS at step 163: ESS=4.2 (3.3% of 128). Consider increasing est_batch_size or relaxing w_clip.
[0164] T=2.8965 -> 2.8892  ΔT=-7.230e-03  (FO=-7.230e-03, SO=-2.747e-01) | E_p: mean=-0.929899 min=-17.4372 max=13.8714 | E_π̂=-12.5333  ΔÊ=11.6034  Var_π̂=18.6591  ζ̂=0.265101 | ESS=12.7 (10.0%)  S≈69.2772 -> 69.2785 | F(λ;T): -201.589 -> F(λ;T_next): -200.018 | grad_norm≈3.28
[WARN] Low ESS at step 164: ESS=12.7 (10.0% of 128). Consider increasing est_batch_size or relaxing w_clip.
[0165] T=2.8892 -> 2.8812  ΔT=-8.026e-03  (FO=-8.026e-03, SO=-2.990e-01) | E_p: mean=-0.560429 min=-16.2857 max=17.4756 | E_π̂=-10.9614  ΔÊ=10.401  Var_π̂=15.5909  ζ̂=0.223735 | ESS=15.3 (12.0%)  S≈69.2726 -> 69.3163 | F(λ;T): -200.706 -> F(λ;T_next): -199.061 | grad_norm≈2.44
[0166] T=2.8812 -> 2.872  ΔT=-9.261e-03  (FO=-9.261e-03, SO=-3.520e-01) | E_p: mean=0.748346 min=-12.3579 max=15.0344 | E_π̂=-8.21537  ΔÊ=8.96371  Var_π̂=11.1223  ζ̂=0.161395 | ESS=27.3 (21.3%)  S≈69.3196 -> 69.296 | F(λ;T): -198.977 -> F(λ;T_next): -198.269 | grad_norm≈2.38
[0167] T=2.872 -> 2.8638  ΔT=-8.126e-03  (FO=-8.126e-03, SO=-2.988e-01) | E_p: mean=0.0171781 min=-15.1625 max=19.1619 | E_π̂=-10.1337  ΔÊ=10.1509  Var_π̂=15.2375  ζ̂=0.223976 | ESS=18.6 (14.5%)  S≈69.3091 -> 69.2591 | F(λ;T): -199.035 -> F(λ;T_next): -198.316 | grad_norm≈4.2
[0168] T=2.8638 -> 2.8603  ΔT=-3.505e-03  (FO=-3.505e-03, SO=-2.229e-01) | E_p: mean=-0.136052 min=-25.581 max=16.2129 | E_π̂=-23.5323  ΔÊ=23.3963  Var_π̂=27.0847  ζ̂=0.402657 | ESS=1.4 (1.1%)  S≈69.2682 -> 69.2857 | F(λ;T): -198.509 -> F(λ;T_next): -198.243 | grad_norm≈5.4
[WARN] Low ESS at step 168: ESS=1.4 (1.1% of 128). Consider increasing est_batch_size or relaxing w_clip.
[0169] T=2.8603 -> 2.8543  ΔT=-6.027e-03  (FO=-6.027e-03, SO=-2.593e-01) | E_p: mean=-0.649597 min=-18.6702 max=24.8684 | E_π̂=-14.2241  ΔÊ=13.5745  Var_π̂=19.916  ζ̂=0.297536 | ESS=7.6 (6.0%)  S≈69.2391 -> 69.2575 | F(λ;T): -198.696 -> F(λ;T_next): -197.075 | grad_norm≈6.86
[WARN] Low ESS at step 169: ESS=7.6 (6.0% of 128). Consider increasing est_batch_size or relaxing w_clip.
[0170] T=2.8543 -> 2.8476  ΔT=-6.740e-03  (FO=-6.740e-03, SO=-3.017e-01) | E_p: mean=-1.20328 min=-16.9819 max=20.1907 | E_π̂=-13.2913  ΔÊ=12.088  Var_π̂=14.5865  ζ̂=0.219763 | ESS=16.1 (12.6%)  S≈69.2455 -> 69.2244 | F(λ;T): -198.851 -> F(λ;T_next): -197.268 | grad_norm≈4.96
[0171] T=2.8476 -> 2.8422  ΔT=-5.381e-03  (FO=-5.381e-03, SO=-2.690e-01) | E_p: mean=-0.280779 min=-17.9936 max=16.9185 | E_π̂=-15.349  ΔÊ=15.0682  Var_π̂=18.1685  ζ̂=0.276331 | ESS=7.4 (5.8%)  S≈69.2589 -> 69.2935 | F(λ;T): -197.5 -> F(λ;T_next): -196.624 | grad_norm≈3.51
[WARN] Low ESS at step 171: ESS=7.4 (5.8% of 128). Consider increasing est_batch_size or relaxing w_clip.
[0172] T=2.8422 -> 2.8353  ΔT=-6.829e-03  (FO=-6.829e-03, SO=-2.579e-01) | E_p: mean=-0.833211 min=-17.9463 max=15.7966 | E_π̂=-12.6618  ΔÊ=11.8286  Var_π̂=19.6181  ζ̂=0.300644 | ESS=11.3 (8.8%)  S≈69.3059 -> 69.2729 | F(λ;T): -197.813 -> F(λ;T_next): -196.99 | grad_norm≈2.67
[WARN] Low ESS at step 172: ESS=11.3 (8.8% of 128). Consider increasing est_batch_size or relaxing w_clip.
[0173] T=2.8353 -> 2.8306  ΔT=-4.754e-03  (FO=-4.754e-03, SO=-2.719e-01) | E_p: mean=-0.285334 min=-20.3877 max=18.5812 | E_π̂=-17.1969  ΔÊ=16.9116  Var_π̂=17.4846  ζ̂=0.270539 | ESS=5.8 (4.6%)  S≈69.3219 -> 69.2582 | F(λ;T): -196.837 -> F(λ;T_next): -196.735 | grad_norm≈3.72
[WARN] Low ESS at step 173: ESS=5.8 (4.6% of 128). Consider increasing est_batch_size or relaxing w_clip.
[0174] T=2.8306 -> 2.8226  ΔT=-7.987e-03  (FO=-7.987e-03, SO=-3.210e-01) | E_p: mean=-0.276057 min=-13.8703 max=17.8621 | E_π̂=-10.3074  ΔÊ=10.0313  Var_π̂=12.4599  ζ̂=0.19409 | ESS=17.4 (13.6%)  S≈69.263 -> 69.2681 | F(λ;T): -196.331 -> F(λ;T_next): -196.475 | grad_norm≈8.13
[0175] T=2.8226 -> 2.8157  ΔT=-6.896e-03  (FO=-6.896e-03, SO=-2.115e-01) | E_p: mean=0.766578 min=-16.8269 max=16.7386 | E_π̂=-10.7866  ΔÊ=11.5531  Var_π̂=28.3809  ζ̂=0.44712 | ESS=9.7 (7.6%)  S≈69.2661 -> 69.2944 | F(λ;T): -194.744 -> F(λ;T_next): -194.932 | grad_norm≈3.38
[WARN] Low ESS at step 175: ESS=9.7 (7.6% of 128). Consider increasing est_batch_size or relaxing w_clip.
[0176] T=2.8157 -> 2.8111  ΔT=-4.641e-03  (FO=-4.641e-03, SO=-2.198e-01) | E_p: mean=-0.172427 min=-20.5963 max=20.0226 | E_π̂=-17.2537  ΔÊ=17.0813  Var_π̂=26.0186  ζ̂=0.413935 | ESS=3.4 (2.6%)  S≈69.2903 -> 69.2488 | F(λ;T): -195.274 -> F(λ;T_next): -194.243 | grad_norm≈14.2
[WARN] Low ESS at step 176: ESS=3.4 (2.6% of 128). Consider increasing est_batch_size or relaxing w_clip.
[0177] T=2.8111 -> 2.8016  ΔT=-9.453e-03  (FO=-9.453e-03, SO=-3.258e-01) | E_p: mean=-0.246074 min=-12.5344 max=18.7955 | E_π̂=-8.6055  ΔÊ=8.35942  Var_π̂=11.7629  ζ̂=0.188377 | ESS=26.5 (20.7%)  S≈69.2574 -> 69.2423 | F(λ;T): -194.933 -> F(λ;T_next): -195.755 | grad_norm≈3.29
[0178] T=2.8016 -> 2.7968  ΔT=-4.803e-03  (FO=-4.803e-03, SO=-2.083e-01) | E_p: mean=-0.00519523 min=-20.5225 max=15.779 | E_π̂=-16.3463  ΔÊ=16.3411  Var_π̂=28.4047  ζ̂=0.461057 | ESS=3.6 (2.8%)  S≈69.2462 -> 69.222 | F(λ;T): -194.007 -> F(λ;T_next): -193.671 | grad_norm≈3.48
[WARN] Low ESS at step 178: ESS=3.6 (2.8% of 128). Consider increasing est_batch_size or relaxing w_clip.
[0179] T=2.7968 -> 2.7919  ΔT=-4.903e-03  (FO=-4.903e-03, SO=-1.886e-01) | E_p: mean=-0.705643 min=-21.5193 max=20.486 | E_π̂=-16.6609  ΔÊ=15.9553  Var_π̂=34.4033  ζ̂=0.562272 | ESS=3.5 (2.8%)  S≈69.2416 -> 69.2769 | F(λ;T): -194.362 -> F(λ;T_next): -193.337 | grad_norm≈7.7
[WARN] Low ESS at step 179: ESS=3.5 (2.8% of 128). Consider increasing est_batch_size or relaxing w_clip.
[0180] T=2.7919 -> 2.787  ΔT=-4.869e-03  (FO=-4.869e-03, SO=-2.006e-01) | E_p: mean=-0.45586 min=-19.9871 max=20.2908 | E_π̂=-16.4643  ΔÊ=16.0085  Var_π̂=30.1991  ζ̂=0.497036 | ESS=4.2 (3.3%)  S≈69.2369 -> 69.2816 | F(λ;T): -193.759 -> F(λ;T_next): -192.743 | grad_norm≈3.71
[WARN] Low ESS at step 180: ESS=4.2 (3.3% of 128). Consider increasing est_batch_size or relaxing w_clip.
[0181] T=2.787 -> 2.7803  ΔT=-6.728e-03  (FO=-6.728e-03, SO=-2.211e-01) | E_p: mean=0.710793 min=-15.9147 max=16.9896 | E_π̂=-10.8352  ΔÊ=11.546  Var_π̂=24.6827  ζ̂=0.40909 | ESS=8.7 (6.8%)  S≈69.2554 -> 69.3176 | F(λ;T): -192.307 -> F(λ;T_next): -192.864 | grad_norm≈3.05
[WARN] Low ESS at step 181: ESS=8.7 (6.8% of 128). Consider increasing est_batch_size or relaxing w_clip.
[0182] T=2.7803 -> 2.7759  ΔT=-4.451e-03  (FO=-4.451e-03, SO=-2.186e-01) | E_p: mean=-1.0471 min=-22.4864 max=13.0202 | E_π̂=-18.4161  ΔÊ=17.369  Var_π̂=25.0086  ζ̂=0.418518 | ESS=4.4 (3.4%)  S≈69.2699 -> 69.2299 | F(λ;T): -193.639 -> F(λ;T_next): -191.971 | grad_norm≈3.82
[WARN] Low ESS at step 182: ESS=4.4 (3.4% of 128). Consider increasing est_batch_size or relaxing w_clip.
[0183] T=2.7759 -> 2.7702  ΔT=-5.661e-03  (FO=-5.661e-03, SO=-2.279e-01) | E_p: mean=-1.12461 min=-19.455 max=13.8857 | E_π̂=-14.737  ΔÊ=13.6124  Var_π̂=22.8657  ζ̂=0.385117 | ESS=6.0 (4.7%)  S≈69.2657 -> 69.2598 | F(λ;T): -193.397 -> F(λ;T_next): -192.243 | grad_norm≈3.04
[WARN] Low ESS at step 183: ESS=6.0 (4.7% of 128). Consider increasing est_batch_size or relaxing w_clip.
[0184] T=2.7702 -> 2.7664  ΔT=-3.769e-03  (FO=-3.769e-03, SO=-1.883e-01) | E_p: mean=-0.0955776 min=-24.1095 max=22.3285 | E_π̂=-20.4588  ΔÊ=20.3633  Var_π̂=33.2344  ζ̂=0.564341 | ESS=2.2 (1.7%)  S≈69.2221 -> 69.2489 | F(λ;T): -191.855 -> F(λ;T_next): -191.8 | grad_norm≈3.47
[WARN] Low ESS at step 184: ESS=2.2 (1.7% of 128). Consider increasing est_batch_size or relaxing w_clip.
[0185] T=2.7664 -> 2.7601  ΔT=-6.376e-03  (FO=-6.376e-03, SO=-2.616e-01) | E_p: mean=0.756589 min=-15.6315 max=22.2717 | E_π̂=-11.2471  ΔÊ=12.0037  Var_π̂=17.1226  ζ̂=0.29234 | ESS=11.4 (8.9%)  S≈69.2835 -> 69.3173 | F(λ;T): -190.912 -> F(λ;T_next): -191.546 | grad_norm≈2.66
[WARN] Low ESS at step 185: ESS=11.4 (8.9% of 128). Consider increasing est_batch_size or relaxing w_clip.
[0186] T=2.7601 -> 2.7544  ΔT=-5.645e-03  (FO=-5.645e-03, SO=-2.632e-01) | E_p: mean=-0.193213 min=-17.8689 max=20.5721 | E_π̂=-13.6888  ΔÊ=13.4956  Var_π̂=16.7527  ζ̂=0.288677 | ESS=8.7 (6.8%)  S≈69.2675 -> 69.2906 | F(λ;T): -191.375 -> F(λ;T_next): -191.912 | grad_norm≈3.55
[WARN] Low ESS at step 186: ESS=8.7 (6.8% of 128). Consider increasing est_batch_size or relaxing w_clip.
[0187] T=2.7544 -> 2.7491  ΔT=-5.293e-03  (FO=-5.293e-03, SO=-2.324e-01) | E_p: mean=-0.862324 min=-20.1207 max=19.4028 | E_π̂=-15.1969  ΔÊ=14.3346  Var_π̂=21.3221  ζ̂=0.370436 | ESS=8.0 (6.3%)  S≈69.2708 -> 69.2823 | F(λ;T): -191.663 -> F(λ;T_next): -191.58 | grad_norm≈3.01
[WARN] Low ESS at step 187: ESS=8.0 (6.3% of 128). Consider increasing est_batch_size or relaxing w_clip.
[0188] T=2.7491 -> 2.742  ΔT=-7.155e-03  (FO=-7.155e-03, SO=-2.776e-01) | E_p: mean=-0.128308 min=-14.5231 max=16.8667 | E_π̂=-10.6908  ΔÊ=10.5625  Var_π̂=14.8228  ζ̂=0.259511 | ESS=14.5 (11.4%)  S≈69.227 -> 69.2602 | F(λ;T): -190.442 -> F(λ;T_next): -189.836 | grad_norm≈2.8
[0189] T=2.742 -> 2.7353  ΔT=-6.656e-03  (FO=-6.656e-03, SO=-2.793e-01) | E_p: mean=-0.292289 min=-15.2408 max=18.2692 | E_π̂=-11.5872  ΔÊ=11.2949  Var_π̂=14.4933  ζ̂=0.2564 | ESS=15.8 (12.3%)  S≈69.292 -> 69.2647 | F(λ;T): -190.289 -> F(λ;T_next): -189.852 | grad_norm≈3.41
[0190] T=2.7353 -> 2.7292  ΔT=-6.065e-03  (FO=-6.065e-03, SO=-2.483e-01) | E_p: mean=-1.34067 min=-17.802 max=17.2242 | E_π̂=-13.6772  ΔÊ=12.3365  Var_π̂=18.1602  ζ̂=0.32441 | ESS=8.2 (6.4%)  S≈69.2858 -> 69.3023 | F(λ;T): -190.859 -> F(λ;T_next): -188.711 | grad_norm≈4.53
[WARN] Low ESS at step 190: ESS=8.2 (6.4% of 128). Consider increasing est_batch_size or relaxing w_clip.
[0191] T=2.7292 -> 2.7223  ΔT=-6.941e-03  (FO=-6.941e-03, SO=-3.175e-01) | E_p: mean=-0.0498895 min=-14.2391 max=16.8596 | E_π̂=-10.782  ΔÊ=10.7321  Var_π̂=11.0087  ζ̂=0.19841 | ESS=16.6 (12.9%)  S≈69.285 -> 69.2171 | F(λ;T): -189.146 -> F(λ;T_next): -188.081 | grad_norm≈6.77
[0192] T=2.7223 -> 2.7149  ΔT=-7.377e-03  (FO=-7.377e-03, SO=-2.553e-01) | E_p: mean=-0.298108 min=-15.0158 max=16.2584 | E_π̂=-10.3438  ΔÊ=10.0457  Var_π̂=16.8569  ζ̂=0.306925 | ESS=12.7 (9.9%)  S≈69.225 -> 69.285 | F(λ;T): -188.75 -> F(λ;T_next): -188.35 | grad_norm≈6.79
[WARN] Low ESS at step 192: ESS=12.7 (9.9% of 128). Consider increasing est_batch_size or relaxing w_clip.
[0193] T=2.7149 -> 2.7097  ΔT=-5.263e-03  (FO=-5.263e-03, SO=-2.511e-01) | E_p: mean=0.245805 min=-16.8115 max=13.416 | E_π̂=-13.7581  ΔÊ=14.0039  Var_π̂=17.2391  ζ̂=0.317309 | ESS=4.6 (3.6%)  S≈69.3105 -> 69.3044 | F(λ;T): -187.927 -> F(λ;T_next): -188.156 | grad_norm≈10.2
[WARN] Low ESS at step 193: ESS=4.6 (3.6% of 128). Consider increasing est_batch_size or relaxing w_clip.
[0194] T=2.7097 -> 2.7029  ΔT=-6.738e-03  (FO=-6.738e-03, SO=-2.699e-01) | E_p: mean=0.199029 min=-15.5703 max=26.037 | E_π̂=-10.6978  ΔÊ=10.8969  Var_π̂=14.7977  ζ̂=0.274494 | ESS=15.7 (12.3%)  S≈69.2635 -> 69.268 | F(λ;T): -187.482 -> F(λ;T_next): -187.208 | grad_norm≈4.89
[0195] T=2.7029 -> 2.6973  ΔT=-5.672e-03  (FO=-5.672e-03, SO=-2.581e-01) | E_p: mean=-0.204652 min=-16.8594 max=17.0102 | E_π̂=-13.0854  ΔÊ=12.8808  Var_π̂=16.0294  ζ̂=0.300318 | ESS=7.9 (6.2%)  S≈69.254 -> 69.2476 | F(λ;T): -187.393 -> F(λ;T_next): -187.9 | grad_norm≈4.24
[WARN] Low ESS at step 195: ESS=7.9 (6.2% of 128). Consider increasing est_batch_size or relaxing w_clip.
[0196] T=2.6973 -> 2.6936  ΔT=-3.702e-03  (FO=-3.702e-03, SO=-2.397e-01) | E_p: mean=-1.04321 min=-23.2033 max=23.8968 | E_π̂=-20.6963  ΔÊ=19.6531  Var_π̂=18.4196  ζ̂=0.348011 | ESS=2.8 (2.2%)  S≈69.2835 -> 69.304 | F(λ;T): -187.918 -> F(λ;T_next): -187.237 | grad_norm≈6.94
[WARN] Low ESS at step 196: ESS=2.8 (2.2% of 128). Consider increasing est_batch_size or relaxing w_clip.
[0197] T=2.6936 -> 2.6872  ΔT=-6.320e-03  (FO=-6.320e-03, SO=-2.923e-01) | E_p: mean=-0.567865 min=-15.8868 max=16.837 | E_π̂=-12.0468  ΔÊ=11.4789  Var_π̂=12.3183  ζ̂=0.234019 | ESS=14.0 (10.9%)  S≈69.2362 -> 69.2687 | F(λ;T): -187.059 -> F(λ;T_next): -186.071 | grad_norm≈3.19
[0198] T=2.6872 -> 2.6811  ΔT=-6.087e-03  (FO=-6.087e-03, SO=-3.013e-01) | E_p: mean=1.16008 min=-14.2514 max=19.7061 | E_π̂=-10.7031  ΔÊ=11.8632  Var_π̂=11.4879  ζ̂=0.220304 | ESS=14.6 (11.4%)  S≈69.3167 -> 69.2857 | F(λ;T): -185.11 -> F(λ;T_next): -185.319 | grad_norm≈6.55
[0199] T=2.6811 -> 2.6766  ΔT=-4.504e-03  (FO=-4.504e-03, SO=-2.369e-01) | E_p: mean=-0.68788 min=-19.2173 max=13.4155 | E_π̂=-16.6475  ΔÊ=15.9597  Var_π̂=18.4195  ζ̂=0.356449 | ESS=4.5 (3.5%)  S≈69.2647 -> 69.2817 | F(λ;T): -186.397 -> F(λ;T_next): -186.694 | grad_norm≈3.13
[WARN] Low ESS at step 199: ESS=4.5 (3.5% of 128). Consider increasing est_batch_size or relaxing w_clip.
[0200] T=2.6766 -> 2.6711  ΔT=-5.559e-03  (FO=-5.559e-03, SO=-2.599e-01) | E_p: mean=0.0574633 min=-17.2795 max=14.5875 | E_π̂=-12.8304  ΔÊ=12.8878  Var_π̂=15.1922  ζ̂=0.295979 | ESS=12.4 (9.7%)  S≈69.2417 -> 69.2321 | F(λ;T): -185.278 -> F(λ;T_next): -185.501 | grad_norm≈5.69
[WARN] Low ESS at step 200: ESS=12.4 (9.7% of 128). Consider increasing est_batch_size or relaxing w_clip.
[0201] T=2.6711 -> 2.666  ΔT=-5.037e-03  (FO=-5.037e-03, SO=-2.722e-01) | E_p: mean=-0.417442 min=-17.9624 max=20.3234 | E_π̂=-14.5825  ΔÊ=14.165  Var_π̂=13.7371  ζ̂=0.269866 | ESS=11.0 (8.6%)  S≈69.2851 -> 69.2748 | F(λ;T): -185.484 -> F(λ;T_next): -185.109 | grad_norm≈11.4
[WARN] Low ESS at step 201: ESS=11.0 (8.6% of 128). Consider increasing est_batch_size or relaxing w_clip.
[0202] T=2.666 -> 2.6576  ΔT=-8.418e-03  (FO=-8.418e-03, SO=-3.329e-01) | E_p: mean=0.354971 min=-11.5273 max=24.1807 | E_π̂=-8.0885  ΔÊ=8.44348  Var_π̂=9.12014  ζ̂=0.180523 | ESS=22.3 (17.4%)  S≈69.2404 -> 69.201 | F(λ;T): -184.243 -> F(λ;T_next): -183.937 | grad_norm≈12
[0203] T=2.6576 -> 2.6535  ΔT=-4.082e-03  (FO=-4.082e-03, SO=-1.747e-01) | E_p: mean=-0.397202 min=-21.995 max=21.1704 | E_π̂=-17.6984  ΔÊ=17.3012  Var_π̂=32.6939  ζ̂=0.655377 | ESS=2.7 (2.1%)  S≈69.1996 -> 69.3367 | F(λ;T): -184.304 -> F(λ;T_next): -185.067 | grad_norm≈6.02
[WARN] Low ESS at step 203: ESS=2.7 (2.1% of 128). Consider increasing est_batch_size or relaxing w_clip.
[0204] T=2.6535 -> 2.6498  ΔT=-3.695e-03  (FO=-3.695e-03, SO=-1.948e-01) | E_p: mean=-0.817112 min=-23.4129 max=17.3856 | E_π̂=-19.8719  ΔÊ=19.0547  Var_π̂=26.1228  ζ̂=0.526883 | ESS=2.5 (1.9%)  S≈69.2617 -> 69.3077 | F(λ;T): -184.606 -> F(λ;T_next): -183.888 | grad_norm≈3.11
[WARN] Low ESS at step 204: ESS=2.5 (1.9% of 128). Consider increasing est_batch_size or relaxing w_clip.
[0205] T=2.6498 -> 2.6455  ΔT=-4.304e-03  (FO=-4.304e-03, SO=-2.186e-01) | E_p: mean=-0.380524 min=-20.2387 max=17.9991 | E_π̂=-16.695  ΔÊ=16.3145  Var_π̂=20.6311  ζ̂=0.418445 | ESS=4.8 (3.8%)  S≈69.2797 -> 69.2415 | F(λ;T): -183.961 -> F(λ;T_next): -182.819 | grad_norm≈3.15
[WARN] Low ESS at step 205: ESS=4.8 (3.8% of 128). Consider increasing est_batch_size or relaxing w_clip.
[0206] T=2.6455 -> 2.6403  ΔT=-5.283e-03  (FO=-5.283e-03, SO=-2.738e-01) | E_p: mean=-0.769149 min=-17.3258 max=16.9069 | E_π̂=-14.0167  ΔÊ=13.2475  Var_π̂=13.0713  ζ̂=0.266844 | ESS=9.7 (7.6%)  S≈69.3071 -> 69.2637 | F(λ;T): -184.124 -> F(λ;T_next): -183.03 | grad_norm≈5.29
[WARN] Low ESS at step 206: ESS=9.7 (7.6% of 128). Consider increasing est_batch_size or relaxing w_clip.
[0207] T=2.6403 -> 2.6351  ΔT=-5.195e-03  (FO=-5.195e-03, SO=-2.370e-01) | E_p: mean=-0.462478 min=-17.851 max=20.4929 | E_π̂=-13.88  ΔÊ=13.4175  Var_π̂=17.3043  ζ̂=0.356094 | ESS=6.4 (5.0%)  S≈69.3091 -> 69.2844 | F(λ;T): -183.457 -> F(λ;T_next): -184.126 | grad_norm≈3.31
[WARN] Low ESS at step 207: ESS=6.4 (5.0% of 128). Consider increasing est_batch_size or relaxing w_clip.
[0208] T=2.6351 -> 2.6312  ΔT=-3.916e-03  (FO=-3.916e-03, SO=-1.906e-01) | E_p: mean=0.0350533 min=-21.2998 max=19.9881 | E_π̂=-17.6964  ΔÊ=17.7315  Var_π̂=26.5331  ζ̂=0.550328 | ESS=2.5 (1.9%)  S≈69.3025 -> 69.2713 | F(λ;T): -182.582 -> F(λ;T_next): -182.283 | grad_norm≈4.54
[WARN] Low ESS at step 208: ESS=2.5 (1.9% of 128). Consider increasing est_batch_size or relaxing w_clip.
slurmstepd: error: *** JOB 50282735 ON ng10104 CANCELLED AT 2025-09-28T19:04:09 ***
slurmstepd: error: *** STEP 50282735.0 ON ng10104 CANCELLED AT 2025-09-28T19:04:09 ***
