ng30710
==== Thu 11 Sep 2025 08:19:50 AM EDT | job 49560230 | node ng30710 ====
model= instance= sa_anneal=
SLURM_JOB_GPUS=2
CUDA_VISIBLE_DEVICES=0
0, GPU-42d38df6-f8c4-05ea-8c08-236bb5042046, NVIDIA A100-SXM4-40GB
Traceback (most recent call last):
  File "/home/idrissm/projects/def-mh541-ab/idrissm/neighborVCA/runs/sk.py", line 176, in <module>
    result = main(config, sk_data)
             ^^^^^^^^^^^^^^^^^^^^^
  File "/home/idrissm/projects/def-mh541-ab/idrissm/neighborVCA/runs/sk.py", line 100, in main
    solutions = model.sample(config["batch_size"])
                ^^^^^^^^^^^^^^^^^^^^^^^^^^^^^^^^^^
  File "/lustre06/project/6096737/idrissm/vca/lib/python3.11/site-packages/torch/utils/_contextlib.py", line 116, in decorate_context
    return func(*args, **kwargs)
           ^^^^^^^^^^^^^^^^^^^^^
  File "/home/idrissm/projects/def-mh541-ab/idrissm/neighborVCA/neighborModels/mlp.py", line 93, in sample
    logits = self.net(current)  # expect (B, N+1)
             ^^^^^^^^^^^^^^^^^
  File "/lustre06/project/6096737/idrissm/vca/lib/python3.11/site-packages/torch/nn/modules/module.py", line 1736, in _wrapped_call_impl
    return self._call_impl(*args, **kwargs)
           ^^^^^^^^^^^^^^^^^^^^^^^^^^^^^^^^
  File "/lustre06/project/6096737/idrissm/vca/lib/python3.11/site-packages/torch/nn/modules/module.py", line 1747, in _call_impl
    return forward_call(*args, **kwargs)
           ^^^^^^^^^^^^^^^^^^^^^^^^^^^^^
  File "/lustre06/project/6096737/idrissm/vca/lib/python3.11/site-packages/torch/nn/modules/container.py", line 250, in forward
    input = module(input)
            ^^^^^^^^^^^^^
  File "/lustre06/project/6096737/idrissm/vca/lib/python3.11/site-packages/torch/nn/modules/module.py", line 1736, in _wrapped_call_impl
    return self._call_impl(*args, **kwargs)
           ^^^^^^^^^^^^^^^^^^^^^^^^^^^^^^^^
  File "/lustre06/project/6096737/idrissm/vca/lib/python3.11/site-packages/torch/nn/modules/module.py", line 1747, in _call_impl
    return forward_call(*args, **kwargs)
           ^^^^^^^^^^^^^^^^^^^^^^^^^^^^^
  File "/lustre06/project/6096737/idrissm/vca/lib/python3.11/site-packages/torch/nn/modules/linear.py", line 125, in forward
    return F.linear(input, self.weight, self.bias)
           ^^^^^^^^^^^^^^^^^^^^^^^^^^^^^^^^^^^^^^^
RuntimeError: Expected all tensors to be on the same device, but found at least two devices, cpu and cuda:0! (when checking argument for argument mat1 in method wrapper_CUDA_addmm)
srun: error: ng30710: task 0: Exited with exit code 1
