ng10502
==== Mon 29 Sep 2025 04:20:25 AM EDT | job 50322300 | node ng10502 ====
model= instance= sa_anneal=
SLURM_JOB_GPUS=0
CUDA_VISIBLE_DEVICES=0
0, GPU-433b82eb-2097-c8fd-bcb0-58bba269fa1f, NVIDIA A100-SXM4-40GB
=== KL-controlled VCA (IG-2) start ===
[cfg] T0=2  T_min=1e-05  delta_kl=1.000e-02  mode=fo+so  inner_steps=10  w_clip=1000000.0  B_est=128  B_train=128
[0000] T=2 -> 1.9005  ΔT=-9.949e-02  (FO=-9.949e-02, SO=-1.648e-01) | E_p: mean=131.925 min=123.217 max=140.357 | E_π̂=131.523  ΔÊ=0.402039  Var_π̂=11.787  ζ̂=0.73669 | ESS=94.1 (73.5%)  S≈1165.68 -> 1166.01 | F(λ;T): -2199.43 -> F(λ;T_next): -2083.5 | grad_norm≈2.95
[0001] T=1.9005 -> 1.8313  ΔT=-6.920e-02  (FO=-6.920e-02, SO=-1.438e-01) | E_p: mean=131.825 min=123.116 max=139.29 | E_π̂=131.303  ΔÊ=0.521927  Var_π̂=12.6181  ζ̂=0.967199 | ESS=96.1 (75.0%)  S≈1165.54 -> 1165.23 | F(λ;T): -2083.3 -> F(λ;T_next): -2002.87 | grad_norm≈73.7
[0002] T=1.8313 -> 1.7901  ΔT=-4.120e-02  (FO=-4.120e-02, SO=-1.101e-01) | E_p: mean=131.674 min=118.75 max=139.99 | E_π̂=130.86  ΔÊ=0.813965  Var_π̂=18.5603  ζ̂=1.65023 | ESS=89.4 (69.9%)  S≈1165.48 -> 1165.8 | F(λ;T): -2002.68 -> F(λ;T_next): -1954.52 | grad_norm≈79.4
[0003] T=1.7901 -> 1.7046  ΔT=-8.551e-02  (FO=-8.551e-02, SO=-1.320e-01) | E_p: mean=131.862 min=124.33 max=140.503 | E_π̂=131.487  ΔÊ=0.374741  Var_π̂=11.7886  ζ̂=1.14802 | ESS=75.5 (59.0%)  S≈1165.58 -> 1165.43 | F(λ;T): -1954.65 -> F(λ;T_next): -1854.91 | grad_norm≈107
[0004] T=1.7046 -> 1.6888  ΔT=-1.575e-02  (FO=-1.575e-02, SO=-1.106e-01) | E_p: mean=131.574 min=122.457 max=139.551 | E_π̂=129.73  ΔÊ=1.84442  Var_π̂=13.7966  ζ̂=1.63415 | ESS=66.3 (51.8%)  S≈1165.42 -> 1165.5 | F(λ;T): -1855 -> F(λ;T_next): -1836.6 | grad_norm≈55.1
[0005] T=1.6888 -> 1.6542  ΔT=-3.467e-02  (FO=-3.467e-02, SO=-1.178e-01) | E_p: mean=131.306 min=123.178 max=140.793 | E_π̂=130.483  ΔÊ=0.822632  Var_π̂=11.7228  ζ̂=1.44105 | ESS=83.1 (64.9%)  S≈1165.28 -> 1165.25 | F(λ;T): -1836.66 -> F(λ;T_next): -1796.29 | grad_norm≈57.4
[0006] T=1.6542 -> 1.6386  ΔT=-1.559e-02  (FO=-1.559e-02, SO=-9.652e-02) | E_p: mean=131.551 min=122.516 max=143.057 | E_π̂=129.795  ΔÊ=1.75531  Var_π̂=16.0728  ζ̂=2.14673 | ESS=73.8 (57.7%)  S≈1165.43 -> 1165.35 | F(λ;T): -1796.27 -> F(λ;T_next): -1778.3 | grad_norm≈42.1
[0007] T=1.6386 -> 1.6198  ΔT=-1.879e-02  (FO=-1.879e-02, SO=-1.122e-01) | E_p: mean=131.442 min=120.783 max=139.641 | E_π̂=130.013  ΔÊ=1.42926  Var_π̂=11.4571  ζ̂=1.58931 | ESS=67.8 (53.0%)  S≈1165.3 -> 1165.04 | F(λ;T): -1777.99 -> F(λ;T_next): -1756.21 | grad_norm≈34.6
[0008] T=1.6198 -> 1.5828  ΔT=-3.698e-02  (FO=-3.698e-02, SO=-1.103e-01) | E_p: mean=131.666 min=124.426 max=141.54 | E_π̂=130.956  ΔÊ=0.709427  Var_π̂=11.3154  ζ̂=1.64374 | ESS=84.9 (66.4%)  S≈1165.41 -> 1164.82 | F(λ;T): -1756.05 -> F(λ;T_next): -1713.11 | grad_norm≈54.1
[0009] T=1.5828 -> 1.5651  ΔT=-1.767e-02  (FO=-1.767e-02, SO=-9.113e-02) | E_p: mean=130.79 min=120.769 max=139.064 | E_π̂=129.372  ΔÊ=1.41772  Var_π̂=15.116  ζ̂=2.40838 | ESS=60.2 (47.0%)  S≈1165.05 -> 1165.29 | F(λ;T): -1713.26 -> F(λ;T_next): -1692.43 | grad_norm≈35.5
[0010] T=1.5651 -> 1.5475  ΔT=-1.759e-02  (FO=-1.759e-02, SO=-1.029e-01) | E_p: mean=130.962 min=120.752 max=142.716 | E_π̂=129.57  ΔÊ=1.39238  Var_π̂=11.3312  ζ̂=1.88827 | ESS=68.4 (53.4%)  S≈1165.06 -> 1165.09 | F(λ;T): -1692.51 -> F(λ;T_next): -1671.94 | grad_norm≈32.2
[0011] T=1.5475 -> 1.5329  ΔT=-1.463e-02  (FO=-1.463e-02, SO=-9.293e-02) | E_p: mean=130.981 min=121.098 max=141.029 | E_π̂=129.343  ΔÊ=1.63742  Var_π̂=13.2832  ζ̂=2.31597 | ESS=74.2 (58.0%)  S≈1165.05 -> 1164.95 | F(λ;T): -1671.99 -> F(λ;T_next): -1654.99 | grad_norm≈26.5
[0012] T=1.5329 -> 1.5236  ΔT=-9.323e-03  (FO=-9.323e-03, SO=-8.099e-02) | E_p: mean=130.98 min=122.44 max=141.796 | E_π̂=128.459  ΔÊ=2.52052  Var_π̂=16.838  ζ̂=3.0494 | ESS=22.1 (17.3%)  S≈1165.09 -> 1165.05 | F(λ;T): -1655.01 -> F(λ;T_next): -1643.93 | grad_norm≈20.1
[0013] T=1.5236 -> 1.5129  ΔT=-1.069e-02  (FO=-1.069e-02, SO=-9.309e-02) | E_p: mean=130.568 min=121.666 max=139.952 | E_π̂=128.396  ΔÊ=2.17178  Var_π̂=12.4372  ζ̂=2.30805 | ESS=54.6 (42.7%)  S≈1164.85 -> 1164.88 | F(λ;T): -1644.19 -> F(λ;T_next): -1631.69 | grad_norm≈20.4
[0014] T=1.5129 -> 1.4952  ΔT=-1.767e-02  (FO=-1.767e-02, SO=-9.474e-02) | E_p: mean=130.231 min=121.851 max=139.488 | E_π̂=128.936  ΔÊ=1.29506  Var_π̂=11.673  ζ̂=2.22811 | ESS=82.7 (64.6%)  S≈1164.62 -> 1164.81 | F(λ;T): -1631.73 -> F(λ;T_next): -1611.08 | grad_norm≈26.7
[0015] T=1.4952 -> 1.4813  ΔT=-1.389e-02  (FO=-1.389e-02, SO=-7.879e-02) | E_p: mean=130.543 min=118.901 max=140.213 | E_π̂=128.933  ΔÊ=1.61005  Var_π̂=16.1032  ζ̂=3.22164 | ESS=70.2 (54.9%)  S≈1164.8 -> 1164.56 | F(λ;T): -1611.11 -> F(λ;T_next): -1594.94 | grad_norm≈24.8
[0016] T=1.4813 -> 1.4658  ΔT=-1.550e-02  (FO=-1.550e-02, SO=-7.864e-02) | E_p: mean=130.962 min=120.172 max=140.388 | E_π̂=129.547  ΔÊ=1.41562  Var_π̂=15.5736  ζ̂=3.23418 | ESS=65.3 (51.0%)  S≈1165.02 -> 1164.65 | F(λ;T): -1594.84 -> F(λ;T_next): -1576.91 | grad_norm≈26.8
[0017] T=1.4658 -> 1.4501  ΔT=-1.575e-02  (FO=-1.575e-02, SO=-7.796e-02) | E_p: mean=130.116 min=120.104 max=139.194 | E_π̂=128.752  ΔÊ=1.36406  Var_π̂=15.1934  ζ̂=3.2908 | ESS=52.1 (40.7%)  S≈1164.49 -> 1164.44 | F(λ;T): -1576.85 -> F(λ;T_next): -1558.51 | grad_norm≈27.9
[0018] T=1.4501 -> 1.4336  ΔT=-1.644e-02  (FO=-1.644e-02, SO=-8.264e-02) | E_p: mean=130.518 min=122.516 max=138.794 | E_π̂=129.239  ΔÊ=1.27869  Var_π̂=12.9487  ζ̂=2.9285 | ESS=65.8 (51.4%)  S≈1164.83 -> 1164.48 | F(λ;T): -1558.6 -> F(λ;T_next): -1539.44 | grad_norm≈30.5
[0019] T=1.4336 -> 1.4106  ΔT=-2.304e-02  (FO=-2.304e-02, SO=-9.585e-02) | E_p: mean=129.618 min=119.791 max=138.223 | E_π̂=128.726  ΔÊ=0.892151  Var_π̂=9.19603  ζ̂=2.17686 | ESS=60.2 (47.0%)  S≈1164.29 -> 1164.58 | F(λ;T): -1539.56 -> F(λ;T_next): -1512.4 | grad_norm≈42.2
[0020] T=1.4106 -> 1.392  ΔT=-1.866e-02  (FO=-1.866e-02, SO=-7.683e-02) | E_p: mean=129.571 min=117.267 max=138.971 | E_π̂=128.505  ΔÊ=1.0666  Var_π̂=13.4166  ζ̂=3.38856 | ESS=74.1 (57.9%)  S≈1164.14 -> 1164.01 | F(λ;T): -1512.57 -> F(λ;T_next): -1490.73 | grad_norm≈35.3
[0021] T=1.392 -> 1.3773  ΔT=-1.466e-02  (FO=-1.466e-02, SO=-7.929e-02) | E_p: mean=128.983 min=119.547 max=137.456 | E_π̂=127.662  ΔÊ=1.32184  Var_π̂=11.941  ζ̂=3.18084 | ESS=49.2 (38.4%)  S≈1163.36 -> 1164.33 | F(λ;T): -1490.36 -> F(λ;T_next): -1473.78 | grad_norm≈31.2
[0022] T=1.3773 -> 1.3663  ΔT=-1.095e-02  (FO=-1.095e-02, SO=-7.292e-02) | E_p: mean=129.962 min=121.359 max=139.06 | E_π̂=128.23  ΔÊ=1.73181  Var_π̂=13.5363  ζ̂=3.76176 | ESS=29.0 (22.7%)  S≈1164.36 -> 1163.95 | F(λ;T): -1473.7 -> F(λ;T_next): -1460.77 | grad_norm≈24.3
[0023] T=1.3663 -> 1.3575  ΔT=-8.842e-03  (FO=-8.842e-03, SO=-5.542e-02) | E_p: mean=129.881 min=116.775 max=137.903 | E_π̂=127.769  ΔÊ=2.11143  Var_π̂=22.6928  ζ̂=6.51105 | ESS=35.6 (27.8%)  S≈1164.1 -> 1164.15 | F(λ;T): -1460.67 -> F(λ;T_next): -1450.48 | grad_norm≈17.7
[0024] T=1.3575 -> 1.3444  ΔT=-1.313e-02  (FO=-1.313e-02, SO=-8.353e-02) | E_p: mean=129.541 min=119.686 max=139.962 | E_π̂=128.137  ΔÊ=1.40395  Var_π̂=9.73528  ζ̂=2.86674 | ESS=24.0 (18.8%)  S≈1164 -> 1163.61 | F(λ;T): -1450.59 -> F(λ;T_next): -1435.55 | grad_norm≈23.2
[0025] T=1.3444 -> 1.337  ΔT=-7.345e-03  (FO=-7.345e-03, SO=-5.201e-02) | E_p: mean=129.222 min=116.105 max=139.644 | E_π̂=126.762  ΔÊ=2.46061  Var_π̂=24.1534  ζ̂=7.39431 | ESS=32.2 (25.2%)  S≈1163.83 -> 1164.09 | F(λ;T): -1435.4 -> F(λ;T_next): -1427.08 | grad_norm≈18.4
[0026] T=1.337 -> 1.3298  ΔT=-7.243e-03  (FO=-7.243e-03, SO=-5.164e-02) | E_p: mean=129.447 min=119.214 max=138.413 | E_π̂=126.979  ΔÊ=2.46822  Var_π̂=23.9693  ζ̂=7.50051 | ESS=19.4 (15.2%)  S≈1163.96 -> 1163.74 | F(λ;T): -1426.8 -> F(λ;T_next): -1418.69 | grad_norm≈17
[0027] T=1.3298 -> 1.3178  ΔT=-1.199e-02  (FO=-1.199e-02, SO=-6.123e-02) | E_p: mean=129.078 min=118.68 max=138.535 | E_π̂=127.603  ΔÊ=1.47513  Var_π̂=16.6837  ζ̂=5.33537 | ESS=58.3 (45.6%)  S≈1163.78 -> 1163.4 | F(λ;T): -1418.5 -> F(λ;T_next): -1404.51 | grad_norm≈19.6
[0028] T=1.3178 -> 1.3066  ΔT=-1.122e-02  (FO=-1.122e-02, SO=-6.997e-02) | E_p: mean=129.034 min=122.088 max=137.363 | E_π̂=127.486  ΔÊ=1.54842  Var_π̂=12.3184  ζ̂=4.08468 | ESS=53.8 (42.0%)  S≈1163.72 -> 1163.82 | F(λ;T): -1404.52 -> F(λ;T_next): -1391.43 | grad_norm≈23.7
[0029] T=1.3066 -> 1.2932  ΔT=-1.340e-02  (FO=-1.340e-02, SO=-6.998e-02) | E_p: mean=128.473 min=120.139 max=136.636 | E_π̂=127.199  ΔÊ=1.27444  Var_π̂=11.9016  ζ̂=4.08371 | ESS=37.5 (29.3%)  S≈1163.36 -> 1163.55 | F(λ;T): -1391.55 -> F(λ;T_next): -1375.8 | grad_norm≈23.2
[0030] T=1.2932 -> 1.2824  ΔT=-1.082e-02  (FO=-1.082e-02, SO=-7.069e-02) | E_p: mean=129.096 min=118.164 max=140.248 | E_π̂=127.551  ΔÊ=1.54503  Var_π̂=11.1943  ζ̂=4.00265 | ESS=31.0 (24.2%)  S≈1163.84 -> 1163.01 | F(λ;T): -1375.97 -> F(λ;T_next): -1363.38 | grad_norm≈26.5
[0031] T=1.2824 -> 1.2723  ΔT=-1.004e-02  (FO=-1.004e-02, SO=-5.889e-02) | E_p: mean=128.88 min=121.394 max=139.347 | E_π̂=127.242  ΔÊ=1.6381  Var_π̂=15.5975  ζ̂=5.76777 | ESS=48.8 (38.1%)  S≈1163.6 -> 1163.2 | F(λ;T): -1363.28 -> F(λ;T_next): -1351.58 | grad_norm≈20.2
[0032] T=1.2723 -> 1.2595  ΔT=-1.278e-02  (FO=-1.278e-02, SO=-5.564e-02) | E_p: mean=128.589 min=117.342 max=136.914 | E_π̂=127.322  ΔÊ=1.2667  Var_π̂=16.9294  ζ̂=6.46024 | ESS=59.8 (46.7%)  S≈1163.3 -> 1162.9 | F(λ;T): -1351.51 -> F(λ;T_next): -1336.65 | grad_norm≈29.1
[0033] T=1.2595 -> 1.246  ΔT=-1.351e-02  (FO=-1.351e-02, SO=-4.723e-02) | E_p: mean=128.901 min=117.755 max=139.427 | E_π̂=127.727  ΔÊ=1.17441  Var_π̂=22.5612  ζ̂=8.96409 | ESS=30.3 (23.6%)  S≈1163.37 -> 1162.57 | F(λ;T): -1336.42 -> F(λ;T_next): -1320.64 | grad_norm≈31.3
[0034] T=1.246 -> 1.2392  ΔT=-6.877e-03  (FO=-6.877e-03, SO=-5.911e-02) | E_p: mean=128.567 min=120.59 max=138.435 | E_π̂=126.31  ΔÊ=2.25771  Var_π̂=13.7969  ζ̂=5.72345 | ESS=27.7 (21.6%)  S≈1163.16 -> 1163.77 | F(λ;T): -1320.78 -> F(λ;T_next): -1312.97 | grad_norm≈17
[0035] T=1.2392 -> 1.2326  ΔT=-6.598e-03  (FO=-6.598e-03, SO=-5.773e-02) | E_p: mean=129.194 min=117.47 max=140.524 | E_π̂=126.867  ΔÊ=2.32726  Var_π̂=14.1476  ζ̂=6.0003 | ESS=24.6 (19.3%)  S≈1163.7 -> 1163.55 | F(λ;T): -1312.82 -> F(λ;T_next): -1305.35 | grad_norm≈16
[0036] T=1.2326 -> 1.2261  ΔT=-6.509e-03  (FO=-6.509e-03, SO=-6.662e-02) | E_p: mean=128.578 min=118.33 max=138.909 | E_π̂=126.244  ΔÊ=2.3341  Var_π̂=10.3991  ζ̂=4.50566 | ESS=24.2 (18.9%)  S≈1163.34 -> 1163.2 | F(λ;T): -1305.31 -> F(λ;T_next): -1297.93 | grad_norm≈14.5
[0037] T=1.2261 -> 1.2151  ΔT=-1.094e-02  (FO=-1.094e-02, SO=-6.115e-02) | E_p: mean=128.306 min=116.02 max=135.448 | E_π̂=126.931  ΔÊ=1.37445  Var_π̂=12.0859  ζ̂=5.3486 | ESS=30.2 (23.6%)  S≈1163.13 -> 1163.16 | F(λ;T): -1297.75 -> F(λ;T_next): -1285 | grad_norm≈19.4
[0038] T=1.2151 -> 1.2066  ΔT=-8.485e-03  (FO=-8.485e-03, SO=-6.111e-02) | E_p: mean=129.047 min=117.542 max=137.15 | E_π̂=127.307  ΔÊ=1.7401  Var_π̂=11.6745  ζ̂=5.35509 | ESS=44.4 (34.7%)  S≈1163.71 -> 1163.11 | F(λ;T): -1285 -> F(λ;T_next): -1275.26 | grad_norm≈19.2
[0039] T=1.2066 -> 1.195  ΔT=-1.160e-02  (FO=-1.160e-02, SO=-5.028e-02) | E_p: mean=128.28 min=118.781 max=136.812 | E_π̂=127.025  ΔÊ=1.25522  Var_π̂=16.7674  ζ̂=7.90983 | ESS=57.3 (44.8%)  S≈1163.14 -> 1163.26 | F(λ;T): -1275.2 -> F(λ;T_next): -1261.82 | grad_norm≈20.4
[0040] T=1.195 -> 1.1845  ΔT=-1.055e-02  (FO=-1.055e-02, SO=-6.116e-02) | E_p: mean=128.205 min=121.175 max=138.341 | E_π̂=126.851  ΔÊ=1.3542  Var_π̂=10.9055  ζ̂=5.34718 | ESS=49.4 (38.6%)  S≈1163.11 -> 1163.94 | F(λ;T): -1261.75 -> F(λ;T_next): -1249.2 | grad_norm≈21.4
[0041] T=1.1845 -> 1.176  ΔT=-8.468e-03  (FO=-8.468e-03, SO=-5.859e-02) | E_p: mean=128.541 min=120.127 max=139.9 | E_π̂=126.884  ΔÊ=1.6568  Var_π̂=11.4689  ζ̂=5.82642 | ESS=43.8 (34.2%)  S≈1163.44 -> 1163.86 | F(λ;T): -1249.54 -> F(λ;T_next): -1239.4 | grad_norm≈18.5
[0042] T=1.176 -> 1.1699  ΔT=-6.167e-03  (FO=-6.167e-03, SO=-5.888e-02) | E_p: mean=128.493 min=119.898 max=137.175 | E_π̂=126.251  ΔÊ=2.24265  Var_π̂=11.0359  ζ̂=5.76968 | ESS=44.5 (34.8%)  S≈1163.35 -> 1162.75 | F(λ;T): -1239.63 -> F(λ;T_next): -1232.26 | grad_norm≈14.9
[0043] T=1.1699 -> 1.1632  ΔT=-6.645e-03  (FO=-6.645e-03, SO=-4.963e-02) | E_p: mean=128.04 min=116.668 max=137.347 | E_π̂=125.98  ΔÊ=2.05949  Var_π̂=15.2063  ζ̂=8.11896 | ESS=41.4 (32.3%)  S≈1163.03 -> 1163.28 | F(λ;T): -1232.54 -> F(λ;T_next): -1224.77 | grad_norm≈13.5
[0044] T=1.1632 -> 1.1582  ΔT=-5.052e-03  (FO=-5.052e-03, SO=-5.810e-02) | E_p: mean=129.128 min=117.951 max=139.244 | E_π̂=126.45  ΔÊ=2.67844  Var_π̂=10.8471  ζ̂=5.92497 | ESS=28.6 (22.4%)  S≈1163.79 -> 1162.6 | F(λ;T): -1224.61 -> F(λ;T_next): -1218.72 | grad_norm≈12
[0045] T=1.1582 -> 1.1539  ΔT=-4.245e-03  (FO=-4.245e-03, SO=-4.336e-02) | E_p: mean=128.881 min=118.524 max=137.062 | E_π̂=125.721  ΔÊ=3.15996  Var_π̂=19.1426  ζ̂=10.6398 | ESS=23.0 (18.0%)  S≈1163.59 -> 1162.96 | F(λ;T): -1218.74 -> F(λ;T_next): -1213.99 | grad_norm≈11.5
[0046] T=1.1539 -> 1.1454  ΔT=-8.519e-03  (FO=-8.519e-03, SO=-5.833e-02) | E_p: mean=128.028 min=119.593 max=136.28 | E_π̂=126.465  ΔÊ=1.56298  Var_π̂=10.4203  ζ̂=5.87748 | ESS=61.8 (48.3%)  S≈1162.9 -> 1162.63 | F(λ;T): -1213.86 -> F(λ;T_next): -1204.18 | grad_norm≈15.2
[0047] T=1.1454 -> 1.1345  ΔT=-1.085e-02  (FO=-1.085e-02, SO=-6.070e-02) | E_p: mean=127.451 min=120.027 max=135.91 | E_π̂=126.242  ΔÊ=1.20899  Var_π̂=9.34339  ζ̂=5.42862 | ESS=30.7 (24.0%)  S≈1162.32 -> 1162.28 | F(λ;T): -1203.86 -> F(λ;T_next): -1191.39 | grad_norm≈22
[0048] T=1.1345 -> 1.121  ΔT=-1.355e-02  (FO=-1.355e-02, SO=-5.966e-02) | E_p: mean=127.383 min=118.315 max=136.624 | E_π̂=126.433  ΔÊ=0.94986  Var_π̂=9.30984  ζ̂=5.61906 | ESS=31.8 (24.9%)  S≈1162.43 -> 1162.04 | F(λ;T): -1191.44 -> F(λ;T_next): -1175.4 | grad_norm≈25.4
[0049] T=1.121 -> 1.1114  ΔT=-9.627e-03  (FO=-9.627e-03, SO=-4.170e-02) | E_p: mean=127.225 min=116.57 max=136.262 | E_π̂=125.92  ΔÊ=1.30527  Var_π̂=18.1584  ζ̂=11.4993 | ESS=51.6 (40.3%)  S≈1162.12 -> 1161.64 | F(λ;T): -1175.5 -> F(λ;T_next): -1164.47 | grad_norm≈25
[0050] T=1.1114 -> 1.1038  ΔT=-7.569e-03  (FO=-7.569e-03, SO=-4.383e-02) | E_p: mean=127.251 min=117.991 max=141.815 | E_π̂=125.619  ΔÊ=1.63177  Var_π̂=15.8803  ζ̂=10.4097 | ESS=43.1 (33.6%)  S≈1162.28 -> 1162.17 | F(λ;T): -1164.46 -> F(λ;T_next): -1155.58 | grad_norm≈23.3
[0051] T=1.1038 -> 1.0979  ΔT=-5.863e-03  (FO=-5.863e-03, SO=-4.570e-02) | E_p: mean=128.068 min=117.819 max=137.185 | E_π̂=125.99  ΔÊ=2.0782  Var_π̂=14.2165  ζ̂=9.57729 | ESS=22.7 (17.8%)  S≈1162.9 -> 1162.94 | F(λ;T): -1155.53 -> F(λ;T_next): -1148.76 | grad_norm≈14.6
[0052] T=1.0979 -> 1.0921  ΔT=-5.850e-03  (FO=-5.850e-03, SO=-4.394e-02) | E_p: mean=128.246 min=117.274 max=140.299 | E_π̂=126.185  ΔÊ=2.06055  Var_π̂=15.0546  ζ̂=10.3603 | ESS=42.4 (33.2%)  S≈1163 -> 1161.99 | F(λ;T): -1148.65 -> F(λ;T_next): -1142.05 | grad_norm≈14.2
[0053] T=1.0921 -> 1.0848  ΔT=-7.298e-03  (FO=-7.298e-03, SO=-4.222e-02) | E_p: mean=127.302 min=118.863 max=136.739 | E_π̂=125.668  ΔÊ=1.63423  Var_π̂=15.956  ζ̂=11.2178 | ESS=41.8 (32.7%)  S≈1162.3 -> 1162.58 | F(λ;T): -1142.02 -> F(λ;T_next): -1133.62 | grad_norm≈16.1
[0054] T=1.0848 -> 1.0744  ΔT=-1.033e-02  (FO=-1.033e-02, SO=-4.613e-02) | E_p: mean=127.356 min=117.299 max=137.311 | E_π̂=126.217  ΔÊ=1.13898  Var_π̂=13.0159  ζ̂=9.39949 | ESS=39.2 (30.7%)  S≈1162.3 -> 1162.09 | F(λ;T): -1133.49 -> F(λ;T_next): -1121.4 | grad_norm≈20.5
[0055] T=1.0744 -> 1.0671  ΔT=-7.327e-03  (FO=-7.327e-03, SO=-5.289e-02) | E_p: mean=128.009 min=119.75 max=137.257 | E_π̂=126.434  ΔÊ=1.57564  Var_π̂=9.52995  ζ̂=7.15066 | ESS=31.4 (24.5%)  S≈1162.8 -> 1161.9 | F(λ;T): -1121.37 -> F(λ;T_next): -1113.01 | grad_norm≈18.8
[0056] T=1.0671 -> 1.0436  ΔT=-2.353e-02  (FO=-2.353e-02, SO=-5.016e-02) | E_p: mean=127.25 min=119.217 max=134.266 | E_π̂=126.766  ΔÊ=0.484039  Var_π̂=10.3071  ζ̂=7.94837 | ESS=30.5 (23.8%)  S≈1162.2 -> 1162.27 | F(λ;T): -1112.96 -> F(λ;T_next): -1085.33 | grad_norm≈47.1
[0057] T=1.0436 -> 1.0385  ΔT=-5.078e-03  (FO=-5.078e-03, SO=-4.719e-02) | E_p: mean=126.004 min=118.011 max=135.64 | E_π̂=123.86  ΔÊ=2.14464  Var_π̂=10.6531  ζ̂=8.98138 | ESS=19.9 (15.5%)  S≈1161.06 -> 1161.21 | F(λ;T): -1085.67 -> F(λ;T_next): -1079.6 | grad_norm≈21.7
[0058] T=1.0385 -> 1.0337  ΔT=-4.786e-03  (FO=-4.786e-03, SO=-4.457e-02) | E_p: mean=126.454 min=119.344 max=138.636 | E_π̂=124.2  ΔÊ=2.25356  Var_π̂=11.712  ζ̂=10.0687 | ESS=12.7 (9.9%)  S≈1161.36 -> 1162.06 | F(λ;T): -1079.64 -> F(λ;T_next): -1074.01 | grad_norm≈19.2
[WARN] Low ESS at step 58: ESS=12.7 (9.9% of 128). Consider increasing est_batch_size or relaxing w_clip.
[0059] T=1.0337 -> 1.0279  ΔT=-5.870e-03  (FO=-5.870e-03, SO=-4.245e-02) | E_p: mean=127.101 min=116.217 max=136.745 | E_π̂=125.281  ΔÊ=1.82041  Var_π̂=12.6757  ζ̂=11.1004 | ESS=35.5 (27.7%)  S≈1161.95 -> 1162 | F(λ;T): -1074.05 -> F(λ;T_next): -1067.28 | grad_norm≈20.5
[0060] T=1.0279 -> 1.025  ΔT=-2.833e-03  (FO=-2.833e-03, SO=-4.023e-02) | E_p: mean=126.7 min=116.365 max=136.29 | E_π̂=122.97  ΔÊ=3.72958  Var_π̂=13.7953  ζ̂=12.3592 | ESS=18.0 (14.0%)  S≈1161.65 -> 1161.44 | F(λ;T): -1067.32 -> F(λ;T_next): -1064.05 | grad_norm≈9.66
[0061] T=1.025 -> 1.0193  ΔT=-5.779e-03  (FO=-5.779e-03, SO=-3.822e-02) | E_p: mean=126.692 min=116.778 max=136.443 | E_π̂=124.874  ΔÊ=1.81803  Var_π̂=15.1127  ζ̂=13.6897 | ESS=39.5 (30.8%)  S≈1161.63 -> 1161.75 | F(λ;T): -1064.01 -> F(λ;T_next): -1057.58 | grad_norm≈13.3
[0062] T=1.0193 -> 1.0131  ΔT=-6.194e-03  (FO=-6.194e-03, SO=-4.650e-02) | E_p: mean=127.897 min=119.915 max=138.91 | E_π̂=126.22  ΔÊ=1.6773  Var_π̂=9.98189  ζ̂=9.24887 | ESS=28.5 (22.3%)  S≈1162.77 -> 1161.7 | F(λ;T): -1057.26 -> F(λ;T_next): -1050.13 | grad_norm≈14.8
[0063] T=1.0131 -> 1.0089  ΔT=-4.152e-03  (FO=-4.152e-03, SO=-4.467e-02) | E_p: mean=126.575 min=116.907 max=137.86 | E_π̂=124.103  ΔÊ=2.47176  Var_π̂=10.5571  ζ̂=10.0232 | ESS=16.3 (12.7%)  S≈1161.73 -> 1161.31 | F(λ;T): -1050.32 -> F(λ;T_next): -1045.41 | grad_norm≈11.9
[0064] T=1.0089 -> 1.0023  ΔT=-6.599e-03  (FO=-6.599e-03, SO=-4.185e-02) | E_p: mean=126.35 min=115.343 max=136.253 | E_π̂=124.807  ΔÊ=1.54241  Var_π̂=11.8309  ζ̂=11.4187 | ESS=36.4 (28.4%)  S≈1161.46 -> 1160.85 | F(λ;T): -1045.45 -> F(λ;T_next): -1037.73 | grad_norm≈16
[0065] T=1.0023 -> 0.99846  ΔT=-3.850e-03  (FO=-3.850e-03, SO=-3.719e-02) | E_p: mean=125.975 min=117.122 max=133.892 | E_π̂=123.365  ΔÊ=2.60943  Var_π̂=14.5904  ζ̂=14.4566 | ESS=10.1 (7.9%)  S≈1160.84 -> 1160.98 | F(λ;T): -1037.55 -> F(λ;T_next): -1033.33 | grad_norm≈13.1
[WARN] Low ESS at step 65: ESS=10.1 (7.9% of 128). Consider increasing est_batch_size or relaxing w_clip.
[0066] T=0.99846 -> 0.99217  ΔT=-6.285e-03  (FO=-6.285e-03, SO=-3.655e-02) | E_p: mean=125.649 min=118.091 max=135.509 | E_π̂=124.062  ΔÊ=1.58629  Var_π̂=14.8788  ζ̂=14.9711 | ESS=43.0 (33.6%)  S≈1160.67 -> 1161.48 | F(λ;T): -1033.23 -> F(λ;T_next): -1026.12 | grad_norm≈13.8
[0067] T=0.99217 -> 0.98575  ΔT=-6.423e-03  (FO=-6.423e-03, SO=-4.164e-02) | E_p: mean=126.506 min=118.081 max=133.266 | E_π̂=124.974  ΔÊ=1.53261  Var_π̂=11.1775  ζ̂=11.5345 | ESS=63.2 (49.3%)  S≈1161.43 -> 1160.58 | F(λ;T): -1025.83 -> F(λ;T_next): -1018.68 | grad_norm≈14.3
[0068] T=0.98575 -> 0.98329  ΔT=-2.454e-03  (FO=-2.454e-03, SO=-2.491e-02) | E_p: mean=125.93 min=113.017 max=134.989 | E_π̂=121.97  ΔÊ=3.95946  Var_π̂=30.4414  ζ̂=32.2404 | ESS=22.3 (17.4%)  S≈1160.9 -> 1161.47 | F(λ;T): -1018.42 -> F(λ;T_next): -1015.52 | grad_norm≈9.26
[0069] T=0.98329 -> 0.97453  ΔT=-8.767e-03  (FO=-8.767e-03, SO=-4.392e-02) | E_p: mean=125.63 min=119.218 max=134.859 | E_π̂=124.527  ΔÊ=1.10287  Var_π̂=9.69378  ζ̂=10.3695 | ESS=30.4 (23.7%)  S≈1160.56 -> 1161.46 | F(λ;T): -1015.54 -> F(λ;T_next): -1005.36 | grad_norm≈17.7
[0070] T=0.97453 -> 0.96809  ΔT=-6.439e-03  (FO=-6.439e-03, SO=-3.655e-02) | E_p: mean=125.224 min=112.324 max=135.967 | E_π̂=123.749  ΔÊ=1.47498  Var_π̂=13.5032  ζ̂=14.9714 | ESS=30.7 (24.0%)  S≈1160.26 -> 1161.29 | F(λ;T): -1005.48 -> F(λ;T_next): -998.06 | grad_norm≈19.7
[0071] T=0.96809 -> 0.96254  ΔT=-5.547e-03  (FO=-5.547e-03, SO=-4.295e-02) | E_p: mean=126.162 min=116.362 max=136.136 | E_π̂=124.472  ΔÊ=1.68955  Var_π̂=9.52182  ζ̂=10.8408 | ESS=55.9 (43.7%)  S≈1161.31 -> 1160.85 | F(λ;T): -998.093 -> F(λ;T_next): -991.592 | grad_norm≈14.8
[0072] T=0.96254 -> 0.95227  ΔT=-1.027e-02  (FO=-1.027e-02, SO=-4.089e-02) | E_p: mean=125.434 min=115.053 max=137.759 | E_π̂=124.532  ΔÊ=0.902031  Var_π̂=10.2666  ζ̂=11.9605 | ESS=46.2 (36.1%)  S≈1160.73 -> 1160.4 | F(λ;T): -991.813 -> F(λ;T_next): -979.672 | grad_norm≈19.3
[0073] T=0.95227 -> 0.94531  ΔT=-6.958e-03  (FO=-6.958e-03, SO=-3.092e-02) | E_p: mean=124.846 min=113.808 max=136.056 | E_π̂=123.543  ΔÊ=1.30326  Var_π̂=17.2036  ζ̂=20.9208 | ESS=44.0 (34.4%)  S≈1159.8 -> 1160.05 | F(λ;T): -979.597 -> F(λ;T_next): -971.437 | grad_norm≈18.6
[0074] T=0.94531 -> 0.93738  ΔT=-7.933e-03  (FO=-7.933e-03, SO=-3.448e-02) | E_p: mean=124.769 min=114.404 max=135.053 | E_π̂=123.643  ΔÊ=1.1265  Var_π̂=13.4364  ζ̂=16.826 | ESS=32.9 (25.7%)  S≈1159.95 -> 1160.21 | F(λ;T): -971.747 -> F(λ;T_next): -962.426 | grad_norm≈19.2
[0075] T=0.93738 -> 0.92932  ΔT=-8.057e-03  (FO=-8.057e-03, SO=-4.231e-02) | E_p: mean=125.016 min=113.769 max=134.824 | E_π̂=123.926  ΔÊ=1.09061  Var_π̂=8.6261  ζ̂=11.1726 | ESS=25.7 (20.1%)  S≈1160.07 -> 1160.37 | F(λ;T): -962.41 -> F(λ;T_next): -952.931 | grad_norm≈21.3
[0076] T=0.92932 -> 0.91158  ΔT=-1.774e-02  (FO=-1.774e-02, SO=-3.500e-02) | E_p: mean=125.541 min=114.955 max=133.847 | E_π̂=125.054  ΔÊ=0.486816  Var_π̂=12.1751  ζ̂=16.3232 | ESS=30.3 (23.7%)  S≈1160.6 -> 1159.5 | F(λ;T): -953.029 -> F(λ;T_next): -932.57 | grad_norm≈33.8
[0077] T=0.91158 -> 0.90536  ΔT=-6.223e-03  (FO=-6.223e-03, SO=-3.564e-02) | E_p: mean=125.42 min=116.893 max=134.56 | E_π̂=124.085  ΔÊ=1.33527  Var_π̂=10.8726  ζ̂=15.7452 | ESS=38.7 (30.2%)  S≈1160.39 -> 1160.5 | F(λ;T): -932.374 -> F(λ;T_next): -925.042 | grad_norm≈24.4
[0078] T=0.90536 -> 0.90037  ΔT=-4.987e-03  (FO=-4.987e-03, SO=-2.879e-02) | E_p: mean=124.73 min=112.505 max=131.589 | E_π̂=123.086  ΔÊ=1.64351  Var_π̂=16.2166  ζ̂=24.1366 | ESS=33.5 (26.2%)  S≈1159.7 -> 1159.98 | F(λ;T): -925.215 -> F(λ;T_next): -919.416 | grad_norm≈17.3
[0079] T=0.90037 -> 0.89687  ΔT=-3.505e-03  (FO=-3.505e-03, SO=-2.837e-02) | E_p: mean=125.447 min=116.541 max=135.361 | E_π̂=123.135  ΔÊ=2.31275  Var_π̂=16.3319  ζ̂=24.8513 | ESS=33.0 (25.8%)  S≈1160.47 -> 1160.45 | F(λ;T): -919.411 -> F(λ;T_next): -915.433 | grad_norm≈12
[0080] T=0.89687 -> 0.89284  ΔT=-4.022e-03  (FO=-4.022e-03, SO=-3.323e-02) | E_p: mean=125.081 min=115.716 max=134.827 | E_π̂=123.081  ΔÊ=2.00014  Var_π̂=11.7217  ζ̂=18.1168 | ESS=28.2 (22.1%)  S≈1160.09 -> 1159.69 | F(λ;T): -915.362 -> F(λ;T_next): -910.776 | grad_norm≈16
[0081] T=0.89284 -> 0.8873  ΔT=-5.545e-03  (FO=-5.545e-03, SO=-3.946e-02) | E_p: mean=125.51 min=115.046 max=136.988 | E_π̂=124.073  ΔÊ=1.43761  Var_π̂=8.16173  ζ̂=12.8433 | ESS=26.3 (20.5%)  S≈1160.53 -> 1159.58 | F(λ;T): -910.667 -> F(λ;T_next): -904.382 | grad_norm≈14.7
[0082] T=0.8873 -> 0.88366  ΔT=-3.635e-03  (FO=-3.635e-03, SO=-3.505e-02) | E_p: mean=124.645 min=117.342 max=132.098 | E_π̂=122.479  ΔÊ=2.16604  Var_π̂=10.0898  ζ̂=16.278 | ESS=19.6 (15.3%)  S≈1159.47 -> 1159.84 | F(λ;T): -904.152 -> F(λ;T_next): -900.21 | grad_norm≈11
[0083] T=0.88366 -> 0.87824  ΔT=-5.424e-03  (FO=-5.424e-03, SO=-3.004e-02) | E_p: mean=124.326 min=115.42 max=135.217 | E_π̂=122.886  ΔÊ=1.43952  Var_π̂=13.5158  ζ̂=22.1663 | ESS=39.9 (31.2%)  S≈1159.26 -> 1158.81 | F(λ;T): -900.076 -> F(λ;T_next): -893.653 | grad_norm≈18.8
[0084] T=0.87824 -> 0.87431  ΔT=-3.932e-03  (FO=-3.932e-03, SO=-2.723e-02) | E_p: mean=124.467 min=115.013 max=132.469 | E_π̂=122.505  ΔÊ=1.96149  Var_π̂=16.0507  ζ̂=26.9799 | ESS=24.4 (19.1%)  S≈1159.32 -> 1159.05 | F(λ;T): -893.694 -> F(λ;T_next): -889.184 | grad_norm≈12.7
[0085] T=0.87431 -> 0.8719  ΔT=-2.409e-03  (FO=-2.409e-03, SO=-2.927e-02) | E_p: mean=124.211 min=112.02 max=136.205 | E_π̂=121.038  ΔÊ=3.17303  Var_π̂=13.6427  ζ̂=23.3477 | ESS=10.4 (8.2%)  S≈1159.3 -> 1159.21 | F(λ;T): -889.372 -> F(λ;T_next): -886.36 | grad_norm≈12.2
[WARN] Low ESS at step 85: ESS=10.4 (8.2% of 128). Consider increasing est_batch_size or relaxing w_clip.
[0086] T=0.8719 -> 0.86183  ΔT=-1.006e-02  (FO=-1.006e-02, SO=-2.761e-02) | E_p: mean=124.094 min=114.206 max=133.455 | E_π̂=123.339  ΔÊ=0.755318  Var_π̂=15.1573  ζ̂=26.2276 | ESS=32.5 (25.4%)  S≈1159.23 -> 1158.46 | F(λ;T): -886.633 -> F(λ;T_next): -874.796 | grad_norm≈19.4
[0087] T=0.86183 -> 0.854  ΔT=-7.833e-03  (FO=-7.833e-03, SO=-3.804e-02) | E_p: mean=122.895 min=114.944 max=131.385 | E_π̂=121.947  ΔÊ=0.948303  Var_π̂=7.62575  ζ̂=13.8225 | ESS=26.5 (20.7%)  S≈1157.77 -> 1157.45 | F(λ;T): -874.911 -> F(λ;T_next): -865.674 | grad_norm≈20.9
[0088] T=0.854 -> 0.84369  ΔT=-1.032e-02  (FO=-1.032e-02, SO=-3.496e-02) | E_p: mean=123.059 min=113.882 max=132.238 | E_π̂=122.352  ΔÊ=0.706963  Var_π̂=8.70637  ζ̂=16.3682 | ESS=22.2 (17.3%)  S≈1157.72 -> 1157.74 | F(λ;T): -865.636 -> F(λ;T_next): -853.854 | grad_norm≈29.2
[0089] T=0.84369 -> 0.83663  ΔT=-7.053e-03  (FO=-7.053e-03, SO=-3.523e-02) | E_p: mean=123.437 min=113.648 max=132.855 | E_π̂=122.428  ΔÊ=1.00925  Var_π̂=8.16493  ζ̂=16.115 | ESS=6.0 (4.7%)  S≈1158.3 -> 1157.85 | F(λ;T): -853.801 -> F(λ;T_next): -845.351 | grad_norm≈19.7
[WARN] Low ESS at step 89: ESS=6.0 (4.7% of 128). Consider increasing est_batch_size or relaxing w_clip.
[0090] T=0.83663 -> 0.83284  ΔT=-3.793e-03  (FO=-3.793e-03, SO=-2.797e-02) | E_p: mean=124.053 min=116.16 max=133.082 | E_π̂=122.208  ΔÊ=1.84554  Var_π̂=12.5254  ζ̂=25.5654 | ESS=24.4 (19.0%)  S≈1158.71 -> 1158.05 | F(λ;T): -845.364 -> F(λ;T_next): -841.096 | grad_norm≈14.2
[0091] T=0.83284 -> 0.82918  ΔT=-3.660e-03  (FO=-3.660e-03, SO=-3.172e-02) | E_p: mean=123.696 min=115.499 max=134.382 | E_π̂=121.8  ΔÊ=1.89537  Var_π̂=9.5654  ζ̂=19.8818 | ESS=16.4 (12.8%)  S≈1158.58 -> 1157.85 | F(λ;T): -841.22 -> F(λ;T_next): -836.757 | grad_norm≈13.6
[0092] T=0.82918 -> 0.82744  ΔT=-1.741e-03  (FO=-1.741e-03, SO=-2.366e-02) | E_p: mean=123.324 min=114.323 max=130.071 | E_π̂=119.376  ΔÊ=3.94823  Var_π̂=16.8919  ζ̂=35.7339 | ESS=9.1 (7.1%)  S≈1157.83 -> 1158.53 | F(λ;T): -836.726 -> F(λ;T_next): -834.905 | grad_norm≈9.03
[WARN] Low ESS at step 92: ESS=9.1 (7.1% of 128). Consider increasing est_batch_size or relaxing w_clip.
[0093] T=0.82744 -> 0.82404  ΔT=-3.396e-03  (FO=-3.396e-03, SO=-2.755e-02) | E_p: mean=123.549 min=114.847 max=131.614 | E_π̂=121.533  ΔÊ=2.01632  Var_π̂=12.3496  ζ̂=26.3456 | ESS=24.6 (19.2%)  S≈1158.3 -> 1156.96 | F(λ;T): -834.877 -> F(λ;T_next): -830.989 | grad_norm≈9.86
[0094] T=0.82404 -> 0.81877  ΔT=-5.274e-03  (FO=-5.274e-03, SO=-2.694e-02) | E_p: mean=122.991 min=114.457 max=132.398 | E_π̂=121.703  ΔÊ=1.28749  Var_π̂=12.7087  ζ̂=27.5613 | ESS=36.7 (28.6%)  S≈1157.66 -> 1158.08 | F(λ;T): -830.971 -> F(λ;T_next): -824.926 | grad_norm≈15.2
[0095] T=0.81877 -> 0.8113  ΔT=-7.470e-03  (FO=-7.470e-03, SO=-2.963e-02) | E_p: mean=123.402 min=113.388 max=132.428 | E_π̂=122.505  ΔÊ=0.897377  Var_π̂=10.2352  ζ̂=22.7747 | ESS=33.2 (26.0%)  S≈1158.22 -> 1157.37 | F(λ;T): -824.911 -> F(λ;T_next): -816.09 | grad_norm≈16.9
[0096] T=0.8113 -> 0.8041  ΔT=-7.200e-03  (FO=-7.200e-03, SO=-2.774e-02) | E_p: mean=123.061 min=113.456 max=135.292 | E_π̂=122.147  ΔÊ=0.914154  Var_π̂=11.2636  ζ̂=25.9987 | ESS=18.9 (14.8%)  S≈1157.8 -> 1157.92 | F(λ;T): -816.26 -> F(λ;T_next): -807.969 | grad_norm≈26.6
[0097] T=0.8041 -> 0.80195  ΔT=-2.149e-03  (FO=-2.149e-03, SO=-3.020e-02) | E_p: mean=123.18 min=114.667 max=131.721 | E_π̂=120.171  ΔÊ=3.00848  Var_π̂=9.16534  ζ̂=21.9236 | ESS=9.3 (7.3%)  S≈1157.67 -> 1157.94 | F(λ;T): -807.704 -> F(λ;T_next): -805.389 | grad_norm≈12.9
[WARN] Low ESS at step 97: ESS=9.3 (7.3% of 128). Consider increasing est_batch_size or relaxing w_clip.
[0098] T=0.80195 -> 0.79594  ΔT=-6.006e-03  (FO=-6.006e-03, SO=-3.048e-02) | E_p: mean=123.521 min=113.157 max=135.713 | E_π̂=122.451  ΔÊ=1.07082  Var_π̂=8.90152  ζ̂=21.5217 | ESS=21.4 (16.7%)  S≈1158.45 -> 1158.25 | F(λ;T): -805.495 -> F(λ;T_next): -798.863 | grad_norm≈14.7
[0099] T=0.79594 -> 0.79415  ΔT=-1.795e-03  (FO=-1.795e-03, SO=-2.945e-02) | E_p: mean=122.807 min=110.895 max=132.351 | E_π̂=119.278  ΔÊ=3.52911  Var_π̂=9.25425  ζ̂=23.0575 | ESS=14.9 (11.6%)  S≈1157.49 -> 1157.78 | F(λ;T): -798.49 -> F(λ;T_next): -796.347 | grad_norm≈9.8
[0100] T=0.79415 -> 0.79216  ΔT=-1.991e-03  (FO=-1.991e-03, SO=-2.390e-02) | E_p: mean=122.63 min=113.889 max=131.939 | E_π̂=119.463  ΔÊ=3.16737  Var_π̂=13.9293  ζ̂=35.0206 | ESS=27.7 (21.6%)  S≈1157.33 -> 1157.2 | F(λ;T): -796.461 -> F(λ;T_next): -794.134 | grad_norm≈9.1
[0101] T=0.79216 -> 0.78122  ΔT=-1.094e-02  (FO=-1.094e-02, SO=-2.655e-02) | E_p: mean=122.671 min=114.195 max=130.53 | E_π̂=122.098  ΔÊ=0.573494  Var_π̂=11.1762  ζ̂=28.3823 | ESS=27.7 (21.6%)  S≈1157.42 -> 1157.52 | F(λ;T): -794.185 -> F(λ;T_next): -781.399 | grad_norm≈20.8
[0102] T=0.78122 -> 0.77769  ΔT=-3.526e-03  (FO=-3.526e-03, SO=-2.481e-02) | E_p: mean=122.455 min=112.639 max=131.721 | E_π̂=120.724  ΔÊ=1.73075  Var_π̂=12.1008  ζ̂=32.4886 | ESS=31.5 (24.6%)  S≈1157.21 -> 1157.63 | F(λ;T): -781.579 -> F(λ;T_next): -777.211 | grad_norm≈15.3
[0103] T=0.77769 -> 0.77539  ΔT=-2.298e-03  (FO=-2.298e-03, SO=-2.447e-02) | E_p: mean=123.456 min=114.813 max=133.645 | E_π̂=120.824  ΔÊ=2.63194  Var_π̂=12.214  ζ̂=33.3913 | ESS=18.9 (14.8%)  S≈1158.2 -> 1157.22 | F(λ;T): -777.261 -> F(λ;T_next): -774.581 | grad_norm≈14.2
[0104] T=0.77539 -> 0.77358  ΔT=-1.809e-03  (FO=-1.809e-03, SO=-2.275e-02) | E_p: mean=123.004 min=114.154 max=134.358 | E_π̂=119.681  ΔÊ=3.32292  Var_π̂=13.9721  ζ̂=38.6526 | ESS=18.2 (14.2%)  S≈1157.9 -> 1157.39 | F(λ;T): -774.823 -> F(λ;T_next): -772.54 | grad_norm≈10.1
[0105] T=0.77358 -> 0.77154  ΔT=-2.040e-03  (FO=-2.040e-03, SO=-3.060e-02) | E_p: mean=122.658 min=114.285 max=131.698 | E_π̂=119.725  ΔÊ=2.9333  Var_π̂=7.65001  ζ̂=21.3617 | ESS=3.7 (2.9%)  S≈1157.22 -> 1156.6 | F(λ;T): -772.549 -> F(λ;T_next): -770.328 | grad_norm≈8.24
[WARN] Low ESS at step 105: ESS=3.7 (2.9% of 128). Consider increasing est_batch_size or relaxing w_clip.
[0106] T=0.77154 -> 0.76793  ΔT=-3.608e-03  (FO=-3.608e-03, SO=-2.151e-02) | E_p: mean=122.037 min=111.971 max=131.873 | E_π̂=120.388  ΔÊ=1.64975  Var_π̂=15.3138  ζ̂=43.216 | ESS=26.8 (20.9%)  S≈1156.48 -> 1154.31 | F(λ;T): -770.234 -> F(λ;T_next): -765.94 | grad_norm≈11.2
[0107] T=0.76793 -> 0.76037  ΔT=-7.565e-03  (FO=-7.565e-03, SO=-2.574e-02) | E_p: mean=121.212 min=112.102 max=131.072 | E_π̂=120.433  ΔÊ=0.779556  Var_π̂=10.4955  ζ̂=30.1791 | ESS=26.5 (20.7%)  S≈1155.51 -> 1155.77 | F(λ;T): -766.146 -> F(λ;T_next): -757.479 | grad_norm≈19.5
[0108] T=0.76037 -> 0.75905  ΔT=-1.315e-03  (FO=-1.315e-03, SO=-2.397e-02) | E_p: mean=121.316 min=108.393 max=130.225 | E_π̂=116.92  ΔÊ=4.39583  Var_π̂=11.6325  ζ̂=34.7996 | ESS=8.4 (6.5%)  S≈1155.64 -> 1155.67 | F(λ;T): -757.397 -> F(λ;T_next): -755.904 | grad_norm≈9.91
[WARN] Low ESS at step 108: ESS=8.4 (6.5% of 128). Consider increasing est_batch_size or relaxing w_clip.
[0109] T=0.75905 -> 0.75548  ΔT=-3.577e-03  (FO=-3.577e-03, SO=-2.169e-02) | E_p: mean=121.625 min=111.526 max=130.825 | E_π̂=120.014  ΔÊ=1.61089  Var_π̂=14.1118  ζ̂=42.5101 | ESS=28.0 (21.9%)  S≈1156.1 -> 1156.31 | F(λ;T): -755.916 -> F(λ;T_next): -751.656 | grad_norm≈11.5
[0110] T=0.75548 -> 0.74881  ΔT=-6.666e-03  (FO=-6.666e-03, SO=-2.684e-02) | E_p: mean=121.549 min=111.595 max=133.631 | E_π̂=120.692  ΔÊ=0.85614  Var_π̂=9.04647  ζ̂=27.7712 | ESS=22.0 (17.2%)  S≈1156.03 -> 1155.77 | F(λ;T): -751.808 -> F(λ;T_next): -743.903 | grad_norm≈18.9
[0111] T=0.74881 -> 0.74556  ΔT=-3.252e-03  (FO=-3.252e-03, SO=-2.912e-02) | E_p: mean=120.878 min=113.327 max=128.35 | E_π̂=119.153  ΔÊ=1.72421  Var_π̂=7.41373  ζ̂=23.5803 | ESS=23.6 (18.5%)  S≈1155.11 -> 1154.58 | F(λ;T): -744.084 -> F(λ;T_next): -740.175 | grad_norm≈16
[0112] T=0.74556 -> 0.74286  ΔT=-2.700e-03  (FO=-2.700e-03, SO=-2.377e-02) | E_p: mean=121.031 min=111.422 max=131.968 | E_π̂=118.973  ΔÊ=2.05875  Var_π̂=10.9337  ζ̂=35.3868 | ESS=29.2 (22.8%)  S≈1154.82 -> 1155.04 | F(λ;T): -739.956 -> F(λ;T_next): -737.122 | grad_norm≈10.8
[0113] T=0.74286 -> 0.73929  ΔT=-3.567e-03  (FO=-3.567e-03, SO=-2.315e-02) | E_p: mean=121.233 min=113.462 max=132.586 | E_π̂=119.685  ΔÊ=1.54718  Var_π̂=11.363  ζ̂=37.3137 | ESS=29.9 (23.3%)  S≈1155.71 -> 1156.13 | F(λ;T): -737.298 -> F(λ;T_next): -733.004 | grad_norm≈13
[0114] T=0.73929 -> 0.73654  ΔT=-2.749e-03  (FO=-2.749e-03, SO=-2.283e-02) | E_p: mean=121.94 min=113.707 max=130.52 | E_π̂=119.952  ΔÊ=1.98845  Var_π̂=11.4626  ζ̂=38.3724 | ESS=37.6 (29.4%)  S≈1156.65 -> 1156.84 | F(λ;T): -733.164 -> F(λ;T_next): -729.878 | grad_norm≈8.78
[0115] T=0.73654 -> 0.73581  ΔT=-7.355e-04  (FO=-7.355e-04, SO=-1.414e-02) | E_p: mean=121.931 min=110.394 max=130.25 | E_π̂=114.554  ΔÊ=7.37617  Var_π̂=29.4486  ζ̂=100.063 | ESS=2.9 (2.3%)  S≈1156.46 -> 1156.65 | F(λ;T): -729.851 -> F(λ;T_next): -728.971 | grad_norm≈6.16
[WARN] Low ESS at step 115: ESS=2.9 (2.3% of 128). Consider increasing est_batch_size or relaxing w_clip.
[0116] T=0.73581 -> 0.73359  ΔT=-2.220e-03  (FO=-2.220e-03, SO=-2.501e-02) | E_p: mean=121.648 min=113.377 max=132.399 | E_π̂=119.21  ΔÊ=2.43837  Var_π̂=9.37384  ζ̂=31.9787 | ESS=15.4 (12.0%)  S≈1156.31 -> 1155.49 | F(λ;T): -729.175 -> F(λ;T_next): -726.585 | grad_norm≈7.54
[0117] T=0.73359 -> 0.73109  ΔT=-2.501e-03  (FO=-2.501e-03, SO=-1.848e-02) | E_p: mean=120.826 min=109.199 max=130.359 | E_π̂=118.675  ΔÊ=2.15134  Var_π̂=16.9587  ζ̂=58.5578 | ESS=30.0 (23.4%)  S≈1155.27 -> 1155.1 | F(λ;T): -726.663 -> F(λ;T_next): -723.547 | grad_norm≈9.42
[0118] T=0.73109 -> 0.72853  ΔT=-2.559e-03  (FO=-2.559e-03, SO=-2.034e-02) | E_p: mean=120.683 min=109.446 max=130.671 | E_π̂=118.595  ΔÊ=2.08859  Var_π̂=13.8058  ζ̂=48.3268 | ESS=24.2 (18.9%)  S≈1154.92 -> 1155.94 | F(λ;T): -723.665 -> F(λ;T_next): -720.669 | grad_norm≈8.75
[0119] T=0.72853 -> 0.72686  ΔT=-1.666e-03  (FO=-1.666e-03, SO=-2.243e-02) | E_p: mean=120.901 min=112.225 max=129.828 | E_π̂=117.716  ΔÊ=3.18532  Var_π̂=11.203  ζ̂=39.7697 | ESS=22.0 (17.2%)  S≈1154.88 -> 1156.04 | F(λ;T): -720.457 -> F(λ;T_next): -718.926 | grad_norm≈7.73
[0120] T=0.72686 -> 0.72438  ΔT=-2.480e-03  (FO=-2.480e-03, SO=-1.838e-02) | E_p: mean=120.754 min=110.267 max=133.939 | E_π̂=118.624  ΔÊ=2.13037  Var_π̂=16.5251  ζ̂=59.2025 | ESS=31.5 (24.6%)  S≈1155.21 -> 1155.28 | F(λ;T): -718.924 -> F(λ;T_next): -715.883 | grad_norm≈9.06
[0121] T=0.72438 -> 0.7226  ΔT=-1.780e-03  (FO=-1.780e-03, SO=-2.674e-02) | E_p: mean=120.718 min=112.035 max=129.852 | E_π̂=117.769  ΔÊ=2.94847  Var_π̂=7.70316  ζ̂=27.9771 | ESS=10.7 (8.4%)  S≈1155.09 -> 1154.49 | F(λ;T): -716.007 -> F(λ;T_next): -714.034 | grad_norm≈7.11
[WARN] Low ESS at step 121: ESS=10.7 (8.4% of 128). Consider increasing est_batch_size or relaxing w_clip.
[0122] T=0.7226 -> 0.71867  ΔT=-3.928e-03  (FO=-3.928e-03, SO=-2.367e-02) | E_p: mean=120.445 min=110.138 max=129.43 | E_π̂=119.116  ΔÊ=1.32932  Var_π̂=9.73523  ζ̂=35.7069 | ESS=37.3 (29.1%)  S≈1154.66 -> 1154.74 | F(λ;T): -713.911 -> F(λ;T_next): -709.424 | grad_norm≈10.9
[0123] T=0.71867 -> 0.71725  ΔT=-1.423e-03  (FO=-1.423e-03, SO=-1.490e-02) | E_p: mean=120.066 min=109.985 max=127.542 | E_π̂=116.437  ΔÊ=3.62898  Var_π̂=24.0176  ζ̂=90.0337 | ESS=11.0 (8.6%)  S≈1154.13 -> 1154.1 | F(λ;T): -709.378 -> F(λ;T_next): -707.577 | grad_norm≈8.96
[WARN] Low ESS at step 123: ESS=11.0 (8.6% of 128). Consider increasing est_batch_size or relaxing w_clip.
[0124] T=0.71725 -> 0.71487  ΔT=-2.378e-03  (FO=-2.378e-03, SO=-2.248e-02) | E_p: mean=120.369 min=112.076 max=129.942 | E_π̂=118.206  ΔÊ=2.16293  Var_π̂=10.4722  ζ̂=39.569 | ESS=24.8 (19.4%)  S≈1154.47 -> 1155.56 | F(λ;T): -707.673 -> F(λ;T_next): -704.862 | grad_norm≈8.35
[0125] T=0.71487 -> 0.71302  ΔT=-1.848e-03  (FO=-1.848e-03, SO=-2.238e-02) | E_p: mean=121.096 min=113.093 max=131.621 | E_π̂=118.33  ΔÊ=2.76583  Var_π̂=10.4303  ζ̂=39.9379 | ESS=22.6 (17.7%)  S≈1155.48 -> 1155.51 | F(λ;T): -704.92 -> F(λ;T_next): -702.76 | grad_norm≈7.85
[0126] T=0.71302 -> 0.70833  ΔT=-4.697e-03  (FO=-4.697e-03, SO=-2.968e-02) | E_p: mean=120.825 min=113.606 max=129.854 | E_π̂=119.743  ΔÊ=1.08245  Var_π̂=5.86784  ζ̂=22.702 | ESS=23.6 (18.4%)  S≈1155.25 -> 1154.33 | F(λ;T): -702.894 -> F(λ;T_next): -697.318 | grad_norm≈12.1
[0127] T=0.70833 -> 0.70587  ΔT=-2.452e-03  (FO=-2.452e-03, SO=-2.136e-02) | E_p: mean=119.779 min=108.051 max=126.063 | E_π̂=117.733  ΔÊ=2.0463  Var_π̂=11.0336  ζ̂=43.8312 | ESS=9.7 (7.6%)  S≈1153.79 -> 1154.12 | F(λ;T): -697.48 -> F(λ;T_next): -694.585 | grad_norm≈9.74
[WARN] Low ESS at step 127: ESS=9.7 (7.6% of 128). Consider increasing est_batch_size or relaxing w_clip.
[0128] T=0.70587 -> 0.70111  ΔT=-4.767e-03  (FO=-4.767e-03, SO=-2.820e-02) | E_p: mean=119.47 min=112.953 max=130.31 | E_π̂=118.424  ΔÊ=1.04521  Var_π̂=6.24314  ζ̂=25.1474 | ESS=32.0 (25.0%)  S≈1152.89 -> 1154.35 | F(λ;T): -694.324 -> F(λ;T_next): -688.789 | grad_norm≈12.8
[0129] T=0.70111 -> 0.69886  ΔT=-2.250e-03  (FO=-2.250e-03, SO=-2.384e-02) | E_p: mean=119.974 min=109.861 max=127.993 | E_π̂=117.79  ΔÊ=2.18427  Var_π̂=8.5023  ζ̂=35.1882 | ESS=20.1 (15.7%)  S≈1153.93 -> 1155.25 | F(λ;T): -689.058 -> F(λ;T_next): -686.3 | grad_norm≈10.8
[0130] T=0.69886 -> 0.6943  ΔT=-4.553e-03  (FO=-4.553e-03, SO=-1.982e-02) | E_p: mean=120.59 min=112.607 max=128.707 | E_π̂=119.518  ΔÊ=1.07259  Var_π̂=12.1386  ζ̂=50.8881 | ESS=4.4 (3.4%)  S≈1154.69 -> 1154.44 | F(λ;T): -686.375 -> F(λ;T_next): -680.963 | grad_norm≈14.3
[WARN] Low ESS at step 130: ESS=4.4 (3.4% of 128). Consider increasing est_batch_size or relaxing w_clip.
[0131] T=0.6943 -> 0.68819  ΔT=-6.114e-03  (FO=-6.114e-03, SO=-1.437e-02) | E_p: mean=121.56 min=111.09 max=129.83 | E_π̂=120.772  ΔÊ=0.788437  Var_π̂=22.5216  ζ̂=96.9174 | ESS=23.6 (18.4%)  S≈1156.12 -> 1153.94 | F(λ;T): -681.14 -> F(λ;T_next): -673.937 | grad_norm≈16.3
[0132] T=0.68819 -> 0.68341  ΔT=-4.776e-03  (FO=-4.776e-03, SO=-2.235e-02) | E_p: mean=120.28 min=112.769 max=128.645 | E_π̂=119.289  ΔÊ=0.99173  Var_π̂=8.97985  ζ̂=40.0347 | ESS=18.0 (14.1%)  S≈1154.04 -> 1154.12 | F(λ;T): -673.916 -> F(λ;T_next): -668.394 | grad_norm≈18.7
[0133] T=0.68341 -> 0.66557  ΔT=-1.784e-02  (FO=-inf, SO=-1.784e-02) | E_p: mean=119.875 min=108.172 max=131.081 | E_π̂=120.026  ΔÊ=0  Var_π̂=13.7043  ζ̂=62.8235 | ESS=14.0 (10.9%)  S≈1153.39 -> 1155.35 | F(λ;T): -668.369 -> F(λ;T_next): -647.786 | grad_norm≈44.1
[0134] T=0.66557 -> 0.6634  ΔT=-2.174e-03  (FO=-2.174e-03, SO=-1.757e-02) | E_p: mean=120.707 min=112.158 max=130.09 | E_π̂=118.669  ΔÊ=2.03792  Var_π̂=12.7107  ζ̂=64.7722 | ESS=15.2 (11.9%)  S≈1154.86 -> 1154.77 | F(λ;T): -647.934 -> F(λ;T_next): -645.197 | grad_norm≈19.5
[0135] T=0.6634 -> 0.65941  ΔT=-3.985e-03  (FO=-3.985e-03, SO=-1.807e-02) | E_p: mean=120.893 min=111.334 max=134.558 | E_π̂=119.789  ΔÊ=1.10434  Var_π̂=11.8651  ζ̂=61.2598 | ESS=9.3 (7.3%)  S≈1154.61 -> 1154.66 | F(λ;T): -645.072 -> F(λ;T_next): -640.677 | grad_norm≈14.1
[WARN] Low ESS at step 135: ESS=9.3 (7.3% of 128). Consider increasing est_batch_size or relaxing w_clip.
[0136] T=0.65941 -> 0.65768  ΔT=-1.728e-03  (FO=-1.728e-03, SO=-1.712e-02) | E_p: mean=120.121 min=109.404 max=128.863 | E_π̂=117.606  ΔÊ=2.51572  Var_π̂=12.9047  ζ̂=68.2527 | ESS=17.2 (13.5%)  S≈1153.87 -> 1153.71 | F(λ;T): -640.753 -> F(λ;T_next): -638.815 | grad_norm≈13.1
[0137] T=0.65768 -> 0.65619  ΔT=-1.498e-03  (FO=-1.498e-03, SO=-1.998e-02) | E_p: mean=120.554 min=112.177 max=131.943 | E_π̂=117.667  ΔÊ=2.88762  Var_π̂=9.37507  ζ̂=50.1077 | ESS=18.3 (14.3%)  S≈1154.45 -> 1152.34 | F(λ;T): -638.713 -> F(λ;T_next): -637.087 | grad_norm≈10.4
[0138] T=0.65619 -> 0.65146  ΔT=-4.730e-03  (FO=-4.730e-03, SO=-1.966e-02) | E_p: mean=119.331 min=110.18 max=131.45 | E_π̂=118.42  ΔÊ=0.910294  Var_π̂=9.59086  ζ̂=51.7307 | ESS=25.5 (19.9%)  S≈1152.74 -> 1151.99 | F(λ;T): -637.083 -> F(λ;T_next): -631.62 | grad_norm≈12
[0139] T=0.65146 -> 0.64929  ΔT=-2.166e-03  (FO=-2.166e-03, SO=-1.576e-02) | E_p: mean=118.877 min=108.642 max=132.514 | E_π̂=116.918  ΔÊ=1.95904  Var_π̂=14.4946  ζ̂=80.4758 | ESS=22.5 (17.6%)  S≈1152.07 -> 1151.96 | F(λ;T): -631.644 -> F(λ;T_next): -629.119 | grad_norm≈14.6
[0140] T=0.64929 -> 0.64516  ΔT=-4.128e-03  (FO=-4.128e-03, SO=-1.508e-02) | E_p: mean=118.227 min=109.359 max=129.371 | E_π̂=117.206  ΔÊ=1.02138  Var_π̂=15.6227  ζ̂=87.9023 | ESS=17.9 (14.0%)  S≈1151.31 -> 1152.16 | F(λ;T): -629.307 -> F(λ;T_next): -624.568 | grad_norm≈15.7
[0141] T=0.64516 -> 0.64158  ΔT=-3.581e-03  (FO=-3.581e-03, SO=-1.909e-02) | E_p: mean=118.408 min=108.533 max=126.447 | E_π̂=117.245  ΔÊ=1.16244  Var_π̂=9.51149  ζ̂=54.9 | ESS=7.0 (5.5%)  S≈1151.52 -> 1152.16 | F(λ;T): -624.51 -> F(λ;T_next): -620.189 | grad_norm≈14.6
[WARN] Low ESS at step 141: ESS=7.0 (5.5% of 128). Consider increasing est_batch_size or relaxing w_clip.
[0142] T=0.64158 -> 0.63941  ΔT=-2.168e-03  (FO=-2.168e-03, SO=-1.473e-02) | E_p: mean=119.134 min=106.97 max=126.755 | E_π̂=117.235  ΔÊ=1.89855  Var_π̂=15.6079  ζ̂=92.1165 | ESS=14.5 (11.3%)  S≈1152.6 -> 1153.52 | F(λ;T): -620.356 -> F(λ;T_next): -617.873 | grad_norm≈10.5
[0143] T=0.63941 -> 0.63802  ΔT=-1.391e-03  (FO=-1.391e-03, SO=-1.762e-02) | E_p: mean=119.426 min=110.166 max=127.684 | E_π̂=116.487  ΔÊ=2.93956  Var_π̂=10.7673  ζ̂=64.4141 | ESS=12.6 (9.8%)  S≈1153.07 -> 1151.93 | F(λ;T): -617.865 -> F(λ;T_next): -616.343 | grad_norm≈8.83
[WARN] Low ESS at step 143: ESS=12.6 (9.8% of 128). Consider increasing est_batch_size or relaxing w_clip.
[0144] T=0.63802 -> 0.61712  ΔT=-2.090e-02  (FO=-inf, SO=-2.090e-02) | E_p: mean=118.361 min=110.068 max=126.067 | E_π̂=118.45  ΔÊ=0  Var_π̂=7.58763  ζ̂=45.789 | ESS=4.1 (3.2%)  S≈1151.46 -> 1150.34 | F(λ;T): -616.295 -> F(λ;T_next): -592.06 | grad_norm≈44.3
[WARN] Low ESS at step 144: ESS=4.1 (3.2% of 128). Consider increasing est_batch_size or relaxing w_clip.
[0145] T=0.61712 -> 0.6152  ΔT=-1.925e-03  (FO=-1.925e-03, SO=-1.989e-02) | E_p: mean=118.517 min=109.501 max=128.059 | E_π̂=116.538  ΔÊ=1.97838  Var_π̂=7.33096  ζ̂=50.5444 | ESS=11.2 (8.7%)  S≈1151.45 -> 1149.89 | F(λ;T): -592.07 -> F(λ;T_next): -589.735 | grad_norm≈22.8
[WARN] Low ESS at step 145: ESS=11.2 (8.7% of 128). Consider increasing est_batch_size or relaxing w_clip.
[0146] T=0.6152 -> 0.61187  ΔT=-3.325e-03  (FO=-3.325e-03, SO=-1.838e-02) | E_p: mean=118.226 min=110.571 max=126.846 | E_π̂=117.087  ΔÊ=1.13842  Var_π̂=8.4829  ζ̂=59.2221 | ESS=16.2 (12.6%)  S≈1150.76 -> 1149.73 | F(λ;T): -589.717 -> F(λ;T_next): -585.799 | grad_norm≈14.4
[0147] T=0.61187 -> 0.6097  ΔT=-2.172e-03  (FO=-2.172e-03, SO=-1.198e-02) | E_p: mean=118.405 min=107.891 max=128.197 | E_π̂=116.681  ΔÊ=1.72396  Var_π̂=19.5373  ζ̂=139.385 | ESS=13.8 (10.8%)  S≈1151.21 -> 1151.41 | F(λ;T): -585.989 -> F(λ;T_next): -583.571 | grad_norm≈13.5
[0148] T=0.6097 -> 0.6089  ΔT=-8.031e-04  (FO=-8.031e-04, SO=-1.042e-02) | E_p: mean=118.021 min=106.157 max=126.314 | E_π̂=113.392  ΔÊ=4.62869  Var_π̂=25.4486  ζ̂=184.159 | ESS=11.3 (8.8%)  S≈1151.08 -> 1150.6 | F(λ;T): -583.798 -> F(λ;T_next): -582.665 | grad_norm≈7.43
[WARN] Low ESS at step 148: ESS=11.3 (8.8% of 128). Consider increasing est_batch_size or relaxing w_clip.
[0149] T=0.6089 -> 0.60786  ΔT=-1.043e-03  (FO=-1.043e-03, SO=-1.201e-02) | E_p: mean=118.02 min=107.896 max=126.029 | E_π̂=114.467  ΔÊ=3.55305  Var_π̂=19.0683  ζ̂=138.717 | ESS=7.3 (5.7%)  S≈1150.89 -> 1149.28 | F(λ;T): -582.756 -> F(λ;T_next): -581.501 | grad_norm≈11.6
[WARN] Low ESS at step 149: ESS=7.3 (5.7% of 128). Consider increasing est_batch_size or relaxing w_clip.
[0150] T=0.60786 -> 0.60616  ΔT=-1.691e-03  (FO=-1.691e-03, SO=-1.964e-02) | E_p: mean=117.275 min=105.077 max=128.582 | E_π̂=115.09  ΔÊ=2.18467  Var_π̂=7.07619  ζ̂=51.832 | ESS=3.6 (2.8%)  S≈1149.76 -> 1150.38 | F(λ;T): -581.616 -> F(λ;T_next): -579.695 | grad_norm≈8.68
[WARN] Low ESS at step 150: ESS=3.6 (2.8% of 128). Consider increasing est_batch_size or relaxing w_clip.
[0151] T=0.60616 -> 0.6052  ΔT=-9.681e-04  (FO=-9.681e-04, SO=-1.542e-02) | E_p: mean=116.965 min=106.435 max=128.312 | E_π̂=113.17  ΔÊ=3.79527  Var_π̂=11.3507  ζ̂=84.0742 | ESS=3.3 (2.6%)  S≈1149.27 -> 1150.79 | F(λ;T): -579.68 -> F(λ;T_next): -578.459 | grad_norm≈8.21
[WARN] Low ESS at step 151: ESS=3.3 (2.6% of 128). Consider increasing est_batch_size or relaxing w_clip.
[0152] T=0.6052 -> 0.60358  ΔT=-1.620e-03  (FO=-1.620e-03, SO=-1.469e-02) | E_p: mean=118.232 min=108.928 max=130.604 | E_π̂=115.97  ΔÊ=2.26147  Var_π̂=12.4376  ζ̂=92.7157 | ESS=17.7 (13.9%)  S≈1151.07 -> 1150.01 | F(λ;T): -578.389 -> F(λ;T_next): -576.68 | grad_norm≈8.23
[0153] T=0.60358 -> 0.60275  ΔT=-8.250e-04  (FO=-8.250e-04, SO=-1.522e-02) | E_p: mean=117.853 min=108.088 max=126.807 | E_π̂=113.437  ΔÊ=4.41578  Var_π̂=11.4583  ζ̂=86.3359 | ESS=8.9 (6.9%)  S≈1150.47 -> 1150.2 | F(λ;T): -576.545 -> F(λ;T_next): -575.871 | grad_norm≈6.54
[WARN] Low ESS at step 153: ESS=8.9 (6.9% of 128). Consider increasing est_batch_size or relaxing w_clip.
[0154] T=0.60275 -> 0.60078  ΔT=-1.969e-03  (FO=-1.969e-03, SO=-1.631e-02) | E_p: mean=117.161 min=109.548 max=125.92 | E_π̂=115.316  ΔÊ=1.84558  Var_π̂=9.92507  ζ̂=75.1935 | ESS=8.6 (6.7%)  S≈1149.79 -> 1148.97 | F(λ;T): -575.877 -> F(λ;T_next): -573.471 | grad_norm≈9.06
[WARN] Low ESS at step 154: ESS=8.6 (6.7% of 128). Consider increasing est_batch_size or relaxing w_clip.
[0155] T=0.60078 -> 0.59899  ΔT=-1.790e-03  (FO=-1.790e-03, SO=-2.274e-02) | E_p: mean=117.21 min=108.624 max=125.1 | E_π̂=115.194  ΔÊ=2.01642  Var_π̂=5.03991  ζ̂=38.6859 | ESS=3.6 (2.8%)  S≈1149.69 -> 1149.76 | F(λ;T): -573.502 -> F(λ;T_next): -571.507 | grad_norm≈10.7
[WARN] Low ESS at step 155: ESS=3.6 (2.8% of 128). Consider increasing est_batch_size or relaxing w_clip.
[0156] T=0.59899 -> 0.58076  ΔT=-1.823e-02  (FO=-8.443e-02, SO=-1.823e-02) | E_p: mean=117.098 min=107.515 max=125.298 | E_π̂=117.055  ΔÊ=0.0424957  Var_π̂=7.74833  ζ̂=60.1896 | ESS=3.9 (3.0%)  S≈1149.87 -> 1147.99 | F(λ;T): -571.665 -> F(λ;T_next): -550.456 | grad_norm≈43.3
[WARN] Low ESS at step 156: ESS=3.9 (3.0% of 128). Consider increasing est_batch_size or relaxing w_clip.
[0157] T=0.58076 -> 0.57852  ΔT=-2.246e-03  (FO=-2.246e-03, SO=-1.722e-02) | E_p: mean=116.48 min=105.791 max=123.036 | E_π̂=114.979  ΔÊ=1.50153  Var_π̂=7.67006  ζ̂=67.4216 | ESS=8.3 (6.5%)  S≈1148.1 -> 1148.05 | F(λ;T): -550.294 -> F(λ;T_next): -547.442 | grad_norm≈20.1
[WARN] Low ESS at step 157: ESS=8.3 (6.5% of 128). Consider increasing est_batch_size or relaxing w_clip.
[0158] T=0.57852 -> 0.57646  ΔT=-2.055e-03  (FO=-2.055e-03, SO=-1.432e-02) | E_p: mean=115.996 min=107.265 max=127.663 | E_π̂=114.367  ΔÊ=1.62897  Var_π̂=10.9219  ζ̂=97.5055 | ESS=20.6 (16.1%)  S≈1147.42 -> 1148.94 | F(λ;T): -547.805 -> F(λ;T_next): -545.495 | grad_norm≈14
[0159] T=0.57646 -> 0.57451  ΔT=-1.954e-03  (FO=-1.954e-03, SO=-1.414e-02) | E_p: mean=116.587 min=107.174 max=124.768 | E_π̂=114.887  ΔÊ=1.70077  Var_π̂=11.0519  ζ̂=100.08 | ESS=16.2 (12.7%)  S≈1148.28 -> 1149.05 | F(λ;T): -545.355 -> F(λ;T_next): -543.249 | grad_norm≈10.1
[0160] T=0.57451 -> 0.57324  ΔT=-1.274e-03  (FO=-1.274e-03, SO=-1.740e-02) | E_p: mean=117.193 min=109.579 max=127.597 | E_π̂=114.603  ΔÊ=2.58982  Var_π̂=7.19243  ζ̂=66.0217 | ESS=2.5 (2.0%)  S≈1149.93 -> 1148.71 | F(λ;T): -543.453 -> F(λ;T_next): -541.845 | grad_norm≈12.4
[WARN] Low ESS at step 160: ESS=2.5 (2.0% of 128). Consider increasing est_batch_size or relaxing w_clip.
[0161] T=0.57324 -> 0.57225  ΔT=-9.886e-04  (FO=-9.886e-04, SO=-1.384e-02) | E_p: mean=117.055 min=105.941 max=128.888 | E_π̂=113.731  ΔÊ=3.3238  Var_π̂=11.2804  ζ̂=104.47 | ESS=15.7 (12.3%)  S≈1149.08 -> 1145.9 | F(λ;T): -541.64 -> F(λ;T_next): -540.539 | grad_norm≈7.41
[0162] T=0.57225 -> 0.57019  ΔT=-2.052e-03  (FO=-2.052e-03, SO=-9.495e-03) | E_p: mean=115.493 min=106.123 max=125.443 | E_π̂=113.897  ΔÊ=1.59586  Var_π̂=23.79  ζ̂=221.851 | ESS=15.5 (12.1%)  S≈1146.77 -> 1149.55 | F(λ;T): -540.745 -> F(λ;T_next): -538.421 | grad_norm≈10
[0163] T=0.57019 -> 0.56856  ΔT=-1.637e-03  (FO=-1.637e-03, SO=-1.663e-02) | E_p: mean=116.321 min=109.121 max=124.164 | E_π̂=114.334  ΔÊ=1.98657  Var_π̂=7.64397  ζ̂=72.3147 | ESS=34.1 (26.6%)  S≈1148.39 -> 1148.14 | F(λ;T): -538.482 -> F(λ;T_next): -536.534 | grad_norm≈8.27
[0164] T=0.56856 -> 0.56669  ΔT=-1.869e-03  (FO=-1.869e-03, SO=-1.338e-02) | E_p: mean=116.623 min=108.108 max=126.14 | E_π̂=114.893  ΔÊ=1.72961  Var_π̂=11.671  ζ̂=111.689 | ESS=9.5 (7.4%)  S≈1148.48 -> 1148.57 | F(λ;T): -536.353 -> F(λ;T_next): -534.349 | grad_norm≈8.93
[WARN] Low ESS at step 164: ESS=9.5 (7.4% of 128). Consider increasing est_batch_size or relaxing w_clip.
[0165] T=0.56669 -> 0.5656  ΔT=-1.087e-03  (FO=-1.087e-03, SO=-9.419e-03) | E_p: mean=115.803 min=103.852 max=125.326 | E_π̂=112.849  ΔÊ=2.95464  Var_π̂=23.2485  ζ̂=225.433 | ESS=18.1 (14.1%)  S≈1147.16 -> 1147.43 | F(λ;T): -534.281 -> F(λ;T_next): -532.998 | grad_norm≈8.21
[0166] T=0.5656 -> 0.56286  ΔT=-2.740e-03  (FO=-2.740e-03, SO=-1.643e-02) | E_p: mean=115.469 min=107.84 max=124.591 | E_π̂=114.302  ΔÊ=1.16734  Var_π̂=7.58112  ζ̂=74.078 | ESS=18.2 (14.2%)  S≈1146.67 -> 1148.62 | F(λ;T): -533.087 -> F(λ;T_next): -529.993 | grad_norm≈9.85
[0167] T=0.56286 -> 0.56216  ΔT=-6.989e-04  (FO=-6.989e-04, SO=-1.360e-02) | E_p: mean=116.295 min=107.366 max=125.543 | E_π̂=111.762  ΔÊ=4.53326  Var_π̂=10.8519  ζ̂=108.118 | ESS=4.2 (3.3%)  S≈1148.15 -> 1146.63 | F(λ;T): -529.955 -> F(λ;T_next): -529.237 | grad_norm≈8.27
[WARN] Low ESS at step 167: ESS=4.2 (3.3% of 128). Consider increasing est_batch_size or relaxing w_clip.
[0168] T=0.56216 -> 0.56053  ΔT=-1.637e-03  (FO=-1.637e-03, SO=-8.950e-03) | E_p: mean=115.532 min=106.974 max=123.484 | E_π̂=113.601  ΔÊ=1.93071  Var_π̂=24.9336  ζ̂=249.653 | ESS=10.4 (8.1%)  S≈1146.8 -> 1146.78 | F(λ;T): -529.156 -> F(λ;T_next): -527.29 | grad_norm≈10.3
[WARN] Low ESS at step 168: ESS=10.4 (8.1% of 128). Consider increasing est_batch_size or relaxing w_clip.
[0169] T=0.56053 -> 0.5595  ΔT=-1.021e-03  (FO=-1.021e-03, SO=-1.471e-02) | E_p: mean=115.416 min=106.55 max=124.218 | E_π̂=112.34  ΔÊ=3.07648  Var_π̂=9.12999  ζ̂=92.4884 | ESS=12.6 (9.8%)  S≈1146.96 -> 1145.57 | F(λ;T): -527.486 -> F(λ;T_next): -526.083 | grad_norm≈9.26
[WARN] Low ESS at step 169: ESS=12.6 (9.8% of 128). Consider increasing est_batch_size or relaxing w_clip.
[0170] T=0.5595 -> 0.549  ΔT=-1.051e-02  (FO=-inf, SO=-1.051e-02) | E_p: mean=114.607 min=99.2737 max=123.596 | E_π̂=114.894  ΔÊ=0  Var_π̂=17.7551  ζ̂=181.179 | ESS=4.1 (3.2%)  S≈1145.34 -> 1145.97 | F(λ;T): -526.214 -> F(λ;T_next): -513.999 | grad_norm≈27.1
[WARN] Low ESS at step 170: ESS=4.1 (3.2% of 128). Consider increasing est_batch_size or relaxing w_clip.
[0171] T=0.549 -> 0.54511  ΔT=-3.891e-03  (FO=-3.891e-03, SO=-1.481e-02) | E_p: mean=115.563 min=104.882 max=126.165 | E_π̂=114.788  ΔÊ=0.774559  Var_π̂=8.28484  ζ̂=91.2012 | ESS=16.2 (12.7%)  S≈1146.85 -> 1147.91 | F(λ;T): -514.054 -> F(λ;T_next): -509.39 | grad_norm≈20.2
[0172] T=0.54511 -> 0.54453  ΔT=-5.748e-04  (FO=-5.748e-04, SO=-1.295e-02) | E_p: mean=116.522 min=106.17 max=126.823 | E_π̂=111.352  ΔÊ=5.16928  Var_π̂=10.5372  ζ̂=119.344 | ESS=4.0 (3.1%)  S≈1147.9 -> 1146.95 | F(λ;T): -509.208 -> F(λ;T_next): -509.152 | grad_norm≈9.63
[WARN] Low ESS at step 172: ESS=4.0 (3.1% of 128). Consider increasing est_batch_size or relaxing w_clip.
[0173] T=0.54453 -> 0.54325  ΔT=-1.282e-03  (FO=-1.282e-03, SO=-1.581e-02) | E_p: mean=114.636 min=106.023 max=125.388 | E_π̂=112.323  ΔÊ=2.3131  Var_π̂=7.03488  ζ̂=80.0134 | ESS=5.3 (4.2%)  S≈1145.43 -> 1144.41 | F(λ;T): -509.084 -> F(λ;T_next): -507.552 | grad_norm≈11.2
[WARN] Low ESS at step 173: ESS=5.3 (4.2% of 128). Consider increasing est_batch_size or relaxing w_clip.
[0174] T=0.54325 -> 0.53917  ΔT=-4.075e-03  (FO=-4.075e-03, SO=-8.745e-03) | E_p: mean=113.796 min=104.367 max=124.164 | E_π̂=113.072  ΔÊ=0.724167  Var_π̂=22.7789  ζ̂=261.537 | ESS=15.8 (12.3%)  S≈1143.83 -> 1145.91 | F(λ;T): -507.591 -> F(λ;T_next): -502.853 | grad_norm≈12.7
[0175] T=0.53917 -> 0.53794  ΔT=-1.234e-03  (FO=-1.234e-03, SO=-1.444e-02) | E_p: mean=114.95 min=105.711 max=123.898 | E_π̂=112.593  ΔÊ=2.35657  Var_π̂=8.11127  ζ̂=95.9777 | ESS=10.2 (7.9%)  S≈1145.87 -> 1145.5 | F(λ;T): -502.877 -> F(λ;T_next): -501.406 | grad_norm≈8.88
[WARN] Low ESS at step 175: ESS=10.2 (7.9% of 128). Consider increasing est_batch_size or relaxing w_clip.
[0176] T=0.53794 -> 0.53527  ΔT=-2.670e-03  (FO=-2.670e-03, SO=-1.323e-02) | E_p: mean=114.593 min=105.099 max=124.246 | E_π̂=113.51  ΔÊ=1.08388  Var_π̂=9.57288  ζ̂=114.315 | ESS=9.1 (7.1%)  S≈1144.87 -> 1143.49 | F(λ;T): -501.282 -> F(λ;T_next): -498.395 | grad_norm≈13.6
[WARN] Low ESS at step 176: ESS=9.1 (7.1% of 128). Consider increasing est_batch_size or relaxing w_clip.
[0177] T=0.53527 -> 0.52448  ΔT=-1.079e-02  (FO=-1.079e-02, SO=-1.188e-02) | E_p: mean=113.809 min=106.132 max=123.294 | E_π̂=113.543  ΔÊ=0.265442  Var_π̂=11.6277  ζ̂=141.644 | ESS=6.1 (4.7%)  S≈1143.71 -> 1144.15 | F(λ;T): -498.386 -> F(λ;T_next): -486.001 | grad_norm≈29.9
[WARN] Low ESS at step 177: ESS=6.1 (4.7% of 128). Consider increasing est_batch_size or relaxing w_clip.
[0178] T=0.52448 -> 0.52299  ΔT=-1.484e-03  (FO=-1.484e-03, SO=-1.066e-02) | E_p: mean=114.481 min=103.444 max=124.653 | E_π̂=112.627  ΔÊ=1.85386  Var_π̂=13.3174  ζ̂=175.999 | ESS=20.9 (16.3%)  S≈1144.31 -> 1143.6 | F(λ;T): -485.681 -> F(λ;T_next): -483.999 | grad_norm≈18.1
[0179] T=0.52299 -> 0.52186  ΔT=-1.138e-03  (FO=-1.138e-03, SO=-1.218e-02) | E_p: mean=113.716 min=104.805 max=123.73 | E_π̂=111.313  ΔÊ=2.40359  Var_π̂=10.0798  ζ̂=134.73 | ESS=3.8 (2.9%)  S≈1143.1 -> 1143.06 | F(λ;T): -484.116 -> F(λ;T_next): -482.944 | grad_norm≈11
[WARN] Low ESS at step 179: ESS=3.8 (2.9% of 128). Consider increasing est_batch_size or relaxing w_clip.
[0180] T=0.52186 -> 0.51955  ΔT=-2.307e-03  (FO=-2.307e-03, SO=-1.220e-02) | E_p: mean=113.293 min=104.112 max=126.233 | E_π̂=112.112  ΔÊ=1.1807  Var_π̂=9.96129  ζ̂=134.312 | ESS=16.1 (12.6%)  S≈1142.42 -> 1142.88 | F(λ;T): -482.884 -> F(λ;T_next): -480.154 | grad_norm≈10.7
[0181] T=0.51955 -> 0.51856  ΔT=-9.919e-04  (FO=-9.919e-04, SO=-1.106e-02) | E_p: mean=114.168 min=106.54 max=123.02 | E_π̂=111.446  ΔÊ=2.72148  Var_π̂=11.9164  ζ̂=163.546 | ESS=7.2 (5.7%)  S≈1144.11 -> 1142.59 | F(λ;T): -480.254 -> F(λ;T_next): -479.104 | grad_norm≈9.3
[WARN] Low ESS at step 181: ESS=7.2 (5.7% of 128). Consider increasing est_batch_size or relaxing w_clip.
[0182] T=0.51856 -> 0.51771  ΔT=-8.485e-04  (FO=-8.485e-04, SO=-1.237e-02) | E_p: mean=113.43 min=103.101 max=122.817 | E_π̂=110.26  ΔÊ=3.16932  Var_π̂=9.44624  ζ̂=130.639 | ESS=10.7 (8.4%)  S≈1142.87 -> 1144.13 | F(λ;T): -479.216 -> F(λ;T_next): -478.064 | grad_norm≈9.94
[WARN] Low ESS at step 182: ESS=10.7 (8.4% of 128). Consider increasing est_batch_size or relaxing w_clip.
[0183] T=0.51771 -> 0.51536  ΔT=-2.348e-03  (FO=-2.348e-03, SO=-9.238e-03) | E_p: mean=113.64 min=106.496 max=124.13 | E_π̂=112.499  ΔÊ=1.1413  Var_π̂=16.835  ζ̂=234.353 | ESS=9.9 (7.7%)  S≈1143.4 -> 1145.59 | F(λ;T): -478.307 -> F(λ;T_next): -475.652 | grad_norm≈11.5
[WARN] Low ESS at step 183: ESS=9.9 (7.7% of 128). Consider increasing est_batch_size or relaxing w_clip.
[0184] T=0.51536 -> 0.51434  ΔT=-1.020e-03  (FO=-1.020e-03, SO=-1.225e-02) | E_p: mean=114.25 min=104.466 max=128.522 | E_π̂=111.647  ΔÊ=2.60333  Var_π̂=9.39412  ζ̂=133.172 | ESS=5.3 (4.1%)  S≈1144.42 -> 1142.2 | F(λ;T): -475.539 -> F(λ;T_next): -474.382 | grad_norm≈9.38
[WARN] Low ESS at step 184: ESS=5.3 (4.1% of 128). Consider increasing est_batch_size or relaxing w_clip.
[0185] T=0.51434 -> 0.51387  ΔT=-4.674e-04  (FO=-4.674e-04, SO=-8.125e-03) | E_p: mean=113.365 min=104.106 max=123.62 | E_π̂=107.706  ΔÊ=5.65941  Var_π̂=21.2009  ζ̂=302.936 | ESS=3.4 (2.7%)  S≈1142.75 -> 1143.87 | F(λ;T): -474.399 -> F(λ;T_next): -473.879 | grad_norm≈8.21
[WARN] Low ESS at step 185: ESS=3.4 (2.7% of 128). Consider increasing est_batch_size or relaxing w_clip.
[0186] T=0.51387 -> 0.51003  ΔT=-3.846e-03  (FO=-3.846e-03, SO=-1.646e-02) | E_p: mean=113.885 min=105.851 max=125.146 | E_π̂=113.198  ΔÊ=0.686684  Var_π̂=5.14771  ζ̂=73.823 | ESS=3.6 (2.8%)  S≈1143.98 -> 1143.6 | F(λ;T): -473.976 -> F(λ;T_next): -469.821 | grad_norm≈12.5
[WARN] Low ESS at step 186: ESS=3.6 (2.8% of 128). Consider increasing est_batch_size or relaxing w_clip.
[0187] T=0.51003 -> 0.50927  ΔT=-7.579e-04  (FO=-7.579e-04, SO=-8.334e-03) | E_p: mean=113.415 min=104.034 max=122.683 | E_π̂=109.983  ΔÊ=3.43217  Var_π̂=19.4848  ζ̂=287.954 | ESS=16.1 (12.6%)  S≈1143.06 -> 1145.28 | F(λ;T): -469.578 -> F(λ;T_next): -468.749 | grad_norm≈9.32
[0188] T=0.50927 -> 0.50844  ΔT=-8.294e-04  (FO=-8.294e-04, SO=-9.155e-03) | E_p: mean=114.012 min=102.827 max=121.063 | E_π̂=110.885  ΔÊ=3.1271  Var_π̂=16.0493  ζ̂=238.598 | ESS=19.0 (14.9%)  S≈1144.51 -> 1142.39 | F(λ;T): -468.85 -> F(λ;T_next): -467.897 | grad_norm≈6.97
[0189] T=0.50844 -> 0.50357  ΔT=-4.869e-03  (FO=-4.869e-03, SO=-1.346e-02) | E_p: mean=113.275 min=103.118 max=122.368 | E_π̂=112.744  ΔÊ=0.530983  Var_π̂=7.37973  ζ̂=110.429 | ESS=10.0 (7.8%)  S≈1143.18 -> 1139.7 | F(λ;T): -467.963 -> F(λ;T_next): -462.224 | grad_norm≈14.6
[WARN] Low ESS at step 189: ESS=10.0 (7.8% of 128). Consider increasing est_batch_size or relaxing w_clip.
[0190] T=0.50357 -> 0.50044  ΔT=-3.134e-03  (FO=-3.134e-03, SO=-1.017e-02) | E_p: mean=111.742 min=103.637 max=123.155 | E_π̂=110.933  ΔÊ=0.809135  Var_π̂=12.4334  ζ̂=193.35 | ESS=13.5 (10.5%)  S≈1139.47 -> 1140.85 | F(λ;T): -462.064 -> F(λ;T_next): -458.479 | grad_norm≈16.8
[0191] T=0.50044 -> 0.5001  ΔT=-3.329e-04  (FO=-3.329e-04, SO=-7.629e-03) | E_p: mean=112.48 min=102.453 max=120.482 | E_π̂=104.957  ΔÊ=7.52257  Var_π̂=21.5495  ζ̂=343.588 | ESS=1.8 (1.4%)  S≈1140.76 -> 1142.9 | F(λ;T): -458.399 -> F(λ;T_next): -458.095 | grad_norm≈10.2
[WARN] Low ESS at step 191: ESS=1.8 (1.4% of 128). Consider increasing est_batch_size or relaxing w_clip.
[0192] T=0.5001 -> 0.49952  ΔT=-5.834e-04  (FO=-5.834e-04, SO=-1.566e-02) | E_p: mean=113.536 min=104.657 max=123.568 | E_π̂=109.249  ΔÊ=4.28703  Var_π̂=5.09839  ζ̂=81.506 | ESS=2.0 (1.6%)  S≈1143.36 -> 1142.74 | F(λ;T): -458.263 -> F(λ;T_next): -457.569 | grad_norm≈7.3
[WARN] Low ESS at step 192: ESS=2.0 (1.6% of 128). Consider increasing est_batch_size or relaxing w_clip.
[0193] T=0.49952 -> 0.49897  ΔT=-5.556e-04  (FO=-5.556e-04, SO=-1.764e-02) | E_p: mean=113.025 min=105.903 max=123.543 | E_π̂=108.534  ΔÊ=4.49083  Var_π̂=4.00358  ζ̂=64.3032 | ESS=2.6 (2.1%)  S≈1142.5 -> 1141.4 | F(λ;T): -457.677 -> F(λ;T_next): -457.085 | grad_norm≈6.29
[WARN] Low ESS at step 193: ESS=2.6 (2.1% of 128). Consider increasing est_batch_size or relaxing w_clip.
[0194] T=0.49897 -> 0.49821  ΔT=-7.585e-04  (FO=-7.585e-04, SO=-1.132e-02) | E_p: mean=112.785 min=102.404 max=120.871 | E_π̂=109.503  ΔÊ=3.28241  Var_π̂=9.67666  ζ̂=156.115 | ESS=16.4 (12.8%)  S≈1141.93 -> 1141.23 | F(λ;T): -456.996 -> F(λ;T_next): -456.318 | grad_norm≈8.98
[0195] T=0.49821 -> 0.49773  ΔT=-4.807e-04  (FO=-4.807e-04, SO=-9.613e-03) | E_p: mean=112.251 min=103.975 max=120.539 | E_π̂=107.087  ΔÊ=5.16353  Var_π̂=13.3331  ζ̂=216.418 | ESS=2.5 (1.9%)  S≈1140.98 -> 1139.32 | F(λ;T): -456.193 -> F(λ;T_next): -455.644 | grad_norm≈9.78
[WARN] Low ESS at step 195: ESS=2.5 (1.9% of 128). Consider increasing est_batch_size or relaxing w_clip.
[0196] T=0.49773 -> 0.49671  ΔT=-1.013e-03  (FO=-1.013e-03, SO=-8.791e-03) | E_p: mean=112.174 min=103.305 max=121.262 | E_π̂=109.727  ΔÊ=2.44643  Var_π̂=15.8813  ζ̂=258.775 | ESS=9.6 (7.5%)  S≈1140.77 -> 1142.88 | F(λ;T): -455.616 -> F(λ;T_next): -454.539 | grad_norm≈7.17
[WARN] Low ESS at step 196: ESS=9.6 (7.5% of 128). Consider increasing est_batch_size or relaxing w_clip.
[0197] T=0.49671 -> 0.49574  ΔT=-9.721e-04  (FO=-9.721e-04, SO=-1.018e-02) | E_p: mean=112.779 min=105.182 max=121.832 | E_π̂=110.241  ΔÊ=2.538  Var_π̂=11.7383  ζ̂=192.832 | ESS=9.6 (7.5%)  S≈1141.87 -> 1140.3 | F(λ;T): -454.406 -> F(λ;T_next): -453.421 | grad_norm≈7.66
[WARN] Low ESS at step 197: ESS=9.6 (7.5% of 128). Consider increasing est_batch_size or relaxing w_clip.
[0198] T=0.49574 -> 0.48837  ΔT=-7.372e-03  (FO=-4.381e-02, SO=-7.372e-03) | E_p: mean=112.43 min=105.038 max=121.182 | E_π̂=112.374  ΔÊ=0.0560913  Var_π̂=22.2258  ζ̂=367.99 | ESS=10.1 (7.9%)  S≈1141.47 -> 1138.63 | F(λ;T): -453.444 -> F(λ;T_next): -444.999 | grad_norm≈21
[WARN] Low ESS at step 198: ESS=10.1 (7.9% of 128). Consider increasing est_batch_size or relaxing w_clip.
[0199] T=0.48837 -> 0.48644  ΔT=-1.933e-03  (FO=-1.933e-03, SO=-8.504e-03) | E_p: mean=111.459 min=102.878 max=117.749 | E_π̂=110.225  ΔÊ=1.23377  Var_π̂=15.7312  ζ̂=276.547 | ESS=10.8 (8.4%)  S≈1138.98 -> 1140.44 | F(λ;T): -444.783 -> F(λ;T_next): -442.855 | grad_norm≈12.6
[WARN] Low ESS at step 199: ESS=10.8 (8.4% of 128). Consider increasing est_batch_size or relaxing w_clip.
[0200] T=0.48644 -> 0.48522  ΔT=-1.219e-03  (FO=-1.219e-03, SO=-1.127e-02) | E_p: mean=112.336 min=103.768 max=122.126 | E_π̂=110.395  ΔÊ=1.94065  Var_π̂=8.82344  ζ̂=157.592 | ESS=17.4 (13.6%)  S≈1140.78 -> 1138.82 | F(λ;T): -442.582 -> F(λ;T_next): -441.223 | grad_norm≈14
[0201] T=0.48522 -> 0.4827  ΔT=-2.519e-03  (FO=-2.519e-03, SO=-7.355e-03) | E_p: mean=111.945 min=100.921 max=120.267 | E_π̂=111.011  ΔÊ=0.934639  Var_π̂=20.4907  ζ̂=369.669 | ESS=6.5 (5.1%)  S≈1140.26 -> 1140.01 | F(λ;T): -441.326 -> F(λ;T_next): -438.379 | grad_norm≈14.3
[WARN] Low ESS at step 201: ESS=6.5 (5.1% of 128). Consider increasing est_batch_size or relaxing w_clip.
[0202] T=0.4827 -> 0.48133  ΔT=-1.363e-03  (FO=-1.363e-03, SO=-8.196e-03) | E_p: mean=111.152 min=101.864 max=122.155 | E_π̂=109.442  ΔÊ=1.7094  Var_π̂=16.1622  ζ̂=297.714 | ESS=16.8 (13.1%)  S≈1138.63 -> 1137.14 | F(λ;T): -438.461 -> F(λ;T_next): -436.871 | grad_norm≈10.2
[0203] T=0.48133 -> 0.47969  ΔT=-1.645e-03  (FO=-1.645e-03, SO=-1.153e-02) | E_p: mean=110.318 min=100.348 max=121.504 | E_π̂=108.91  ΔÊ=1.40867  Var_π̂=8.06851  ζ̂=150.316 | ESS=5.9 (4.6%)  S≈1136.85 -> 1137.29 | F(λ;T): -436.886 -> F(λ;T_next): -434.971 | grad_norm≈10.2
[WARN] Low ESS at step 203: ESS=5.9 (4.6% of 128). Consider increasing est_batch_size or relaxing w_clip.
[0204] T=0.47969 -> 0.47894  ΔT=-7.491e-04  (FO=-7.491e-04, SO=-8.089e-03) | E_p: mean=110.543 min=102.185 max=117.73 | E_π̂=107.471  ΔÊ=3.07178  Var_π̂=16.1858  ζ̂=305.697 | ESS=5.7 (4.5%)  S≈1137.22 -> 1138.23 | F(λ;T): -434.969 -> F(λ;T_next): -433.997 | grad_norm≈8.26
[WARN] Low ESS at step 204: ESS=5.7 (4.5% of 128). Consider increasing est_batch_size or relaxing w_clip.
[0205] T=0.47894 -> 0.47835  ΔT=-5.923e-04  (FO=-5.923e-04, SO=-6.598e-03) | E_p: mean=110.62 min=100.373 max=120.136 | E_π̂=106.747  ΔÊ=3.87256  Var_π̂=24.1744  ζ̂=459.439 | ESS=4.4 (3.4%)  S≈1137.38 -> 1139.3 | F(λ;T): -434.12 -> F(λ;T_next): -433.458 | grad_norm≈8
[WARN] Low ESS at step 205: ESS=4.4 (3.4% of 128). Consider increasing est_batch_size or relaxing w_clip.
[0206] T=0.47835 -> 0.47702  ΔT=-1.327e-03  (FO=-1.327e-03, SO=-8.190e-03) | E_p: mean=112.782 min=103.493 max=123.1 | E_π̂=111.057  ΔÊ=1.72457  Var_π̂=15.6127  ζ̂=298.194 | ESS=13.3 (10.4%)  S≈1141.91 -> 1137.65 | F(λ;T): -433.451 -> F(λ;T_next): -431.971 | grad_norm≈9.49
[0207] T=0.47702 -> 0.46598  ΔT=-1.104e-02  (FO=-inf, SO=-1.104e-02) | E_p: mean=111.084 min=100.531 max=121.178 | E_π̂=111.141  ΔÊ=0  Var_π̂=8.49006  ζ̂=163.967 | ESS=8.2 (6.4%)  S≈1138.52 -> 1139.61 | F(λ;T): -432.013 -> F(λ;T_next): -419.339 | grad_norm≈30.5
[WARN] Low ESS at step 207: ESS=8.2 (6.4% of 128). Consider increasing est_batch_size or relaxing w_clip.
[0208] T=0.46598 -> 0.46485  ΔT=-1.133e-03  (FO=-1.133e-03, SO=-9.032e-03) | E_p: mean=111.543 min=101.667 max=121.558 | E_π̂=109.626  ΔÊ=1.91703  Var_π̂=11.5583  ζ̂=245.151 | ESS=21.7 (16.9%)  S≈1139.24 -> 1139.47 | F(λ;T): -419.316 -> F(λ;T_next): -417.964 | grad_norm≈16.1
[0209] T=0.46485 -> 0.46341  ΔT=-1.430e-03  (FO=-1.430e-03, SO=-7.028e-03) | E_p: mean=111.752 min=102.386 max=119.966 | E_π̂=110.241  ΔÊ=1.5108  Var_π̂=18.9069  ζ̂=404.937 | ESS=8.0 (6.2%)  S≈1139.66 -> 1136.33 | F(λ;T): -418.015 -> F(λ;T_next): -416.371 | grad_norm≈13.8
[WARN] Low ESS at step 209: ESS=8.0 (6.2% of 128). Consider increasing est_batch_size or relaxing w_clip.
[0210] T=0.46341 -> 0.46211  ΔT=-1.302e-03  (FO=-1.302e-03, SO=-1.475e-02) | E_p: mean=110.22 min=100.888 max=121.472 | E_π̂=108.57  ΔÊ=1.65002  Var_π̂=4.23822  ζ̂=91.8976 | ESS=12.4 (9.7%)  S≈1136.55 -> 1137.98 | F(λ;T): -416.476 -> F(λ;T_next): -414.999 | grad_norm≈14.4
[WARN] Low ESS at step 210: ESS=12.4 (9.7% of 128). Consider increasing est_batch_size or relaxing w_clip.
[0211] T=0.46211 -> 0.45915  ΔT=-2.959e-03  (FO=-2.959e-03, SO=-1.253e-02) | E_p: mean=110.811 min=100.684 max=121.103 | E_π̂=110.09  ΔÊ=0.721596  Var_π̂=5.81306  ζ̂=127.471 | ESS=6.1 (4.7%)  S≈1137.96 -> 1138.78 | F(λ;T): -415.054 -> F(λ;T_next): -411.461 | grad_norm≈13
[WARN] Low ESS at step 211: ESS=6.1 (4.7% of 128). Consider increasing est_batch_size or relaxing w_clip.
[0212] T=0.45915 -> 0.45736  ΔT=-1.790e-03  (FO=-1.790e-03, SO=-1.905e-02) | E_p: mean=110.888 min=102.874 max=119.216 | E_π̂=109.711  ΔÊ=1.17773  Var_π̂=2.44843  ζ̂=55.0877 | ESS=1.6 (1.3%)  S≈1137.7 -> 1138.02 | F(λ;T): -411.491 -> F(λ;T_next): -409.561 | grad_norm≈9.7
[WARN] Low ESS at step 212: ESS=1.6 (1.3% of 128). Consider increasing est_batch_size or relaxing w_clip.
[0213] T=0.45736 -> 0.45583  ΔT=-1.534e-03  (FO=-1.534e-03, SO=-1.320e-02) | E_p: mean=111.074 min=102.663 max=119.704 | E_π̂=109.71  ΔÊ=1.36346  Var_π̂=5.02154  ζ̂=114.76 | ESS=6.9 (5.4%)  S≈1138.45 -> 1135.13 | F(λ;T): -409.611 -> F(λ;T_next): -407.705 | grad_norm≈13
[WARN] Low ESS at step 213: ESS=6.9 (5.4% of 128). Consider increasing est_batch_size or relaxing w_clip.
[0214] T=0.45583 -> 0.45469  ΔT=-1.144e-03  (FO=-1.144e-03, SO=-1.141e-02) | E_p: mean=109.411 min=100.826 max=117.741 | E_π̂=107.595  ΔÊ=1.81561  Var_π̂=6.62791  ζ̂=153.521 | ESS=11.5 (9.0%)  S≈1135.02 -> 1135.95 | F(λ;T): -407.966 -> F(λ;T_next): -406.626 | grad_norm≈10.8
[WARN] Low ESS at step 214: ESS=11.5 (9.0% of 128). Consider increasing est_batch_size or relaxing w_clip.
[0215] T=0.45469 -> 0.45381  ΔT=-8.760e-04  (FO=-8.760e-04, SO=-1.286e-02) | E_p: mean=109.054 min=99.297 max=118.829 | E_π̂=106.694  ΔÊ=2.36007  Var_π̂=5.16824  ζ̂=120.92 | ESS=2.1 (1.6%)  S≈1134.35 -> 1137.54 | F(λ;T): -406.72 -> F(λ;T_next): -405.702 | grad_norm≈10.3
[WARN] Low ESS at step 215: ESS=2.1 (1.6% of 128). Consider increasing est_batch_size or relaxing w_clip.
[0216] T=0.45381 -> 0.45343  ΔT=-3.798e-04  (FO=-3.798e-04, SO=-6.641e-03) | E_p: mean=110.436 min=100.002 max=118.529 | E_π̂=105.014  ΔÊ=5.42184  Var_π̂=19.236  ζ̂=453.546 | ESS=8.1 (6.3%)  S≈1137.29 -> 1135.62 | F(λ;T): -405.678 -> F(λ;T_next): -405.158 | grad_norm≈8.49
[WARN] Low ESS at step 216: ESS=8.1 (6.3% of 128). Consider increasing est_batch_size or relaxing w_clip.
[0217] T=0.45343 -> 0.4529  ΔT=-5.254e-04  (FO=-5.254e-04, SO=-7.172e-03) | E_p: mean=109.718 min=100.082 max=118.12 | E_π̂=105.805  ΔÊ=3.91296  Var_π̂=16.4347  ζ̂=388.797 | ESS=5.6 (4.4%)  S≈1135.76 -> 1133.92 | F(λ;T): -405.27 -> F(λ;T_next): -404.65 | grad_norm≈8.56
[WARN] Low ESS at step 217: ESS=5.6 (4.4% of 128). Consider increasing est_batch_size or relaxing w_clip.
[0218] T=0.4529 -> 0.45181  ΔT=-1.090e-03  (FO=-1.090e-03, SO=-8.160e-03) | E_p: mean=109.564 min=102.261 max=119.435 | E_π̂=107.682  ΔÊ=1.88192  Var_π̂=12.6368  ζ̂=300.34 | ESS=10.2 (8.0%)  S≈1135.56 -> 1134.02 | F(λ;T): -404.735 -> F(λ;T_next): -403.706 | grad_norm≈8.95
[WARN] Low ESS at step 218: ESS=10.2 (8.0% of 128). Consider increasing est_batch_size or relaxing w_clip.
[0219] T=0.45181 -> 0.45093  ΔT=-8.842e-04  (FO=-8.842e-04, SO=-7.603e-03) | E_p: mean=109.359 min=100.532 max=119.413 | E_π̂=107.05  ΔÊ=2.30872  Var_π̂=14.4162  ζ̂=345.95 | ESS=8.0 (6.3%)  S≈1135.15 -> 1134.98 | F(λ;T): -403.518 -> F(λ;T_next): -402.311 | grad_norm≈7.91
[WARN] Low ESS at step 219: ESS=8.0 (6.3% of 128). Consider increasing est_batch_size or relaxing w_clip.
[0220] T=0.45093 -> 0.44961  ΔT=-1.325e-03  (FO=-1.325e-03, SO=-9.563e-03) | E_p: mean=108.936 min=97.4424 max=117.458 | E_π̂=107.401  ΔÊ=1.53517  Var_π̂=9.04279  ζ̂=218.709 | ESS=19.9 (15.6%)  S≈1134.22 -> 1134.45 | F(λ;T): -402.517 -> F(λ;T_next): -401.101 | grad_norm≈11.5
[0221] T=0.44961 -> 0.4488  ΔT=-8.091e-04  (FO=-8.091e-04, SO=-7.707e-03) | E_p: mean=109.075 min=100.324 max=118.33 | E_π̂=106.576  ΔÊ=2.49834  Var_π̂=13.7597  ζ̂=336.731 | ESS=8.7 (6.8%)  S≈1134.74 -> 1132.6 | F(λ;T): -401.112 -> F(λ;T_next): -400.22 | grad_norm≈9.01
[WARN] Low ESS at step 221: ESS=8.7 (6.8% of 128). Consider increasing est_batch_size or relaxing w_clip.
[0222] T=0.4488 -> 0.44691  ΔT=-1.884e-03  (FO=-1.884e-03, SO=-1.370e-02) | E_p: mean=108.22 min=99.5733 max=116.87 | E_π̂=107.151  ΔÊ=1.06928  Var_π̂=4.32286  ζ̂=106.555 | ESS=2.7 (2.1%)  S≈1132.56 -> 1133.89 | F(λ;T): -400.068 -> F(λ;T_next): -398.033 | grad_norm≈12.9
[WARN] Low ESS at step 222: ESS=2.7 (2.1% of 128). Consider increasing est_batch_size or relaxing w_clip.
[0223] T=0.44691 -> 0.44582  ΔT=-1.089e-03  (FO=-1.089e-03, SO=-7.475e-03) | E_p: mean=109.275 min=99.3985 max=118.138 | E_π̂=107.441  ΔÊ=1.834  Var_π̂=14.2781  ζ̂=357.916 | ESS=7.5 (5.9%)  S≈1135.08 -> 1134.04 | F(λ;T): -398.004 -> F(λ;T_next): -396.787 | grad_norm≈9.57
[WARN] Low ESS at step 223: ESS=7.5 (5.9% of 128). Consider increasing est_batch_size or relaxing w_clip.
[0224] T=0.44582 -> 0.4444  ΔT=-1.423e-03  (FO=-1.423e-03, SO=-7.992e-03) | E_p: mean=108.189 min=98.0518 max=119.949 | E_π̂=106.792  ΔÊ=1.39679  Var_π̂=12.3709  ζ̂=313.147 | ESS=8.2 (6.4%)  S≈1132.64 -> 1135.51 | F(λ;T): -396.77 -> F(λ;T_next): -395.146 | grad_norm≈10.6
[WARN] Low ESS at step 224: ESS=8.2 (6.4% of 128). Consider increasing est_batch_size or relaxing w_clip.
[0225] T=0.4444 -> 0.43667  ΔT=-7.726e-03  (FO=-3.135e-02, SO=-7.726e-03) | E_p: mean=109.037 min=100.453 max=118.36 | E_π̂=108.974  ΔÊ=0.0629959  Var_π̂=13.0678  ζ̂=335.047 | ESS=14.9 (11.7%)  S≈1134.52 -> 1133.72 | F(λ;T): -395.144 -> F(λ;T_next): -386.285 | grad_norm≈25.5
[0226] T=0.43667 -> 0.43523  ΔT=-1.444e-03  (FO=-1.444e-03, SO=-9.103e-03) | E_p: mean=108.661 min=98.5445 max=119.036 | E_π̂=107.34  ΔÊ=1.32076  Var_π̂=8.77505  ζ̂=241.334 | ESS=8.1 (6.3%)  S≈1133.26 -> 1134.32 | F(λ;T): -386.203 -> F(λ;T_next): -384.535 | grad_norm≈15.4
[WARN] Low ESS at step 226: ESS=8.1 (6.3% of 128). Consider increasing est_batch_size or relaxing w_clip.
[0227] T=0.43523 -> 0.43373  ΔT=-1.497e-03  (FO=-1.497e-03, SO=-9.555e-03) | E_p: mean=108.673 min=97.1581 max=116.087 | E_π̂=107.407  ΔÊ=1.26559  Var_π̂=7.8608  ζ̂=219.073 | ESS=7.1 (5.6%)  S≈1133.28 -> 1130.65 | F(λ;T): -384.565 -> F(λ;T_next): -382.804 | grad_norm≈13.1
[WARN] Low ESS at step 227: ESS=7.1 (5.6% of 128). Consider increasing est_batch_size or relaxing w_clip.
[0228] T=0.43373 -> 0.43219  ΔT=-1.543e-03  (FO=-1.543e-03, SO=-9.464e-03) | E_p: mean=107.072 min=97.5475 max=115.684 | E_π̂=105.853  ΔÊ=1.21931  Var_π̂=7.9021  ζ̂=223.28 | ESS=5.8 (4.5%)  S≈1129.38 -> 1133.78 | F(λ;T): -382.779 -> F(λ;T_next): -381.212 | grad_norm≈10.3
[WARN] Low ESS at step 228: ESS=5.8 (4.5% of 128). Consider increasing est_batch_size or relaxing w_clip.
[0229] T=0.43219 -> 0.43183  ΔT=-3.656e-04  (FO=-3.656e-04, SO=-8.669e-03) | E_p: mean=108.196 min=100.136 max=116.641 | E_π̂=103.088  ΔÊ=5.10873  Var_π̂=9.28464  ζ̂=266.111 | ESS=5.0 (3.9%)  S≈1132.57 -> 1130.52 | F(λ;T): -381.29 -> F(λ;T_next): -380.834 | grad_norm≈10.3
[WARN] Low ESS at step 229: ESS=5.0 (3.9% of 128). Consider increasing est_batch_size or relaxing w_clip.
[0230] T=0.43183 -> 0.43083  ΔT=-9.970e-04  (FO=-9.970e-04, SO=-7.757e-03) | E_p: mean=107.526 min=97.925 max=116.904 | E_π̂=105.655  ΔÊ=1.87033  Var_π̂=11.5591  ζ̂=332.422 | ESS=7.8 (6.1%)  S≈1130.83 -> 1133.3 | F(λ;T): -380.796 -> F(λ;T_next): -379.691 | grad_norm≈8
[WARN] Low ESS at step 230: ESS=7.8 (6.1% of 128). Consider increasing est_batch_size or relaxing w_clip.
[0231] T=0.43083 -> 0.43031  ΔT=-5.211e-04  (FO=-5.211e-04, SO=-5.431e-03) | E_p: mean=108.053 min=98.1032 max=115.894 | E_π̂=104.491  ΔÊ=3.56226  Var_π̂=23.3644  ζ̂=678.169 | ESS=13.0 (10.2%)  S≈1132.06 -> 1130.98 | F(λ;T): -379.671 -> F(λ;T_next): -379.073 | grad_norm≈8.08
[0232] T=0.43031 -> 0.42693  ΔT=-3.378e-03  (FO=-3.378e-03, SO=-9.257e-03) | E_p: mean=107.768 min=99.2031 max=115.175 | E_π̂=107.22  ΔÊ=0.548203  Var_π̂=8.00136  ζ̂=233.372 | ESS=8.1 (6.3%)  S≈1131.29 -> 1129.59 | F(λ;T): -379.035 -> F(λ;T_next): -375.231 | grad_norm≈12.7
[WARN] Low ESS at step 232: ESS=8.1 (6.3% of 128). Consider increasing est_batch_size or relaxing w_clip.
[0233] T=0.42693 -> 0.42478  ΔT=-2.154e-03  (FO=-2.154e-03, SO=-9.882e-03) | E_p: mean=107.249 min=98.6249 max=116.235 | E_π̂=106.402  ΔÊ=0.846191  Var_π̂=6.80334  ζ̂=204.784 | ESS=3.0 (2.4%)  S≈1129.84 -> 1132.23 | F(λ;T): -375.115 -> F(λ;T_next): -372.938 | grad_norm≈11.5
[WARN] Low ESS at step 233: ESS=3.0 (2.4% of 128). Consider increasing est_batch_size or relaxing w_clip.
[0234] T=0.42478 -> 0.42397  ΔT=-8.008e-04  (FO=-8.008e-04, SO=-1.063e-02) | E_p: mean=107.704 min=99.8973 max=116.834 | E_π̂=105.451  ΔÊ=2.25327  Var_π̂=5.7663  ζ̂=177.116 | ESS=4.4 (3.5%)  S≈1131.56 -> 1131.77 | F(λ;T): -372.954 -> F(λ;T_next): -372.04 | grad_norm≈9.31
[WARN] Low ESS at step 234: ESS=4.4 (3.5% of 128). Consider increasing est_batch_size or relaxing w_clip.
[0235] T=0.42397 -> 0.42299  ΔT=-9.850e-04  (FO=-9.850e-04, SO=-7.979e-03) | E_p: mean=108.157 min=97.0065 max=116.751 | E_π̂=106.332  ΔÊ=1.825  Var_π̂=10.1512  ζ̂=314.164 | ESS=19.3 (15.1%)  S≈1132.46 -> 1130.42 | F(λ;T): -371.977 -> F(λ;T_next): -371 | grad_norm≈9.75
[0236] T=0.42299 -> 0.41984  ΔT=-3.149e-03  (FO=-3.149e-03, SO=-7.186e-03) | E_p: mean=107.838 min=100.5 max=116.85 | E_π̂=107.27  ΔÊ=0.568169  Var_π̂=12.3994  ζ̂=387.33 | ESS=13.3 (10.4%)  S≈1131.62 -> 1129.82 | F(λ;T): -370.825 -> F(λ;T_next): -367.264 | grad_norm≈14.7
[0237] T=0.41984 -> 0.4181  ΔT=-1.743e-03  (FO=-1.743e-03, SO=-9.018e-03) | E_p: mean=106.223 min=98.7813 max=113.894 | E_π̂=105.212  ΔÊ=1.01124  Var_π̂=7.64042  ζ̂=245.911 | ESS=13.5 (10.5%)  S≈1128.28 -> 1130.75 | F(λ;T): -367.475 -> F(λ;T_next): -365.33 | grad_norm≈12.3
[0238] T=0.4181 -> 0.41755  ΔT=-5.432e-04  (FO=-5.432e-04, SO=-6.041e-03) | E_p: mean=107.424 min=97.3842 max=120.09 | E_π̂=104.205  ΔÊ=3.21825  Var_π̂=16.7468  ζ̂=548.049 | ESS=10.0 (7.8%)  S≈1130.81 -> 1131.58 | F(λ;T): -365.366 -> F(λ;T_next): -364.903 | grad_norm≈8.97
[WARN] Low ESS at step 238: ESS=10.0 (7.8% of 128). Consider increasing est_batch_size or relaxing w_clip.
[0239] T=0.41755 -> 0.41744  ΔT=-1.189e-04  (FO=-1.189e-04, SO=-4.155e-03) | E_p: mean=107.882 min=90.6061 max=116.484 | E_π̂=93.2152  ΔÊ=14.6671  Var_π̂=35.2111  ζ̂=1158.32 | ESS=1.4 (1.1%)  S≈1131.74 -> 1128.98 | F(λ;T): -364.683 -> F(λ;T_next): -364.743 | grad_norm≈6.96
[WARN] Low ESS at step 239: ESS=1.4 (1.1% of 128). Consider increasing est_batch_size or relaxing w_clip.
[0240] T=0.41744 -> 0.41623  ΔT=-1.209e-03  (FO=-1.209e-03, SO=-7.787e-03) | E_p: mean=106.419 min=98.02 max=116.893 | E_π̂=104.977  ΔÊ=1.44177  Var_π̂=10.015  ζ̂=329.831 | ESS=10.2 (7.9%)  S≈1128.34 -> 1127.59 | F(λ;T): -364.592 -> F(λ;T_next): -363.312 | grad_norm≈8.11
[WARN] Low ESS at step 240: ESS=10.2 (7.9% of 128). Consider increasing est_batch_size or relaxing w_clip.
[0241] T=0.41623 -> 0.4154  ΔT=-8.265e-04  (FO=-8.265e-04, SO=-6.779e-03) | E_p: mean=106.051 min=98.1946 max=112.856 | E_π̂=103.955  ΔÊ=2.09623  Var_π̂=13.062  ζ̂=435.201 | ESS=10.5 (8.2%)  S≈1127.71 -> 1129.32 | F(λ;T): -363.333 -> F(λ;T_next): -362.374 | grad_norm≈10.4
[WARN] Low ESS at step 241: ESS=10.5 (8.2% of 128). Consider increasing est_batch_size or relaxing w_clip.
[0242] T=0.4154 -> 0.41401  ΔT=-1.387e-03  (FO=-1.387e-03, SO=-7.686e-03) | E_p: mean=106.864 min=99.1996 max=117.51 | E_π̂=105.62  ΔÊ=1.24445  Var_π̂=10.0798  ζ̂=338.519 | ESS=22.4 (17.5%)  S≈1129.87 -> 1128.19 | F(λ;T): -362.484 -> F(λ;T_next): -360.754 | grad_norm≈12.1
[0243] T=0.41401 -> 0.41336  ΔT=-6.535e-04  (FO=-6.535e-04, SO=-1.693e-02) | E_p: mean=106.856 min=99.1954 max=118.203 | E_π̂=104.233  ΔÊ=2.62299  Var_π̂=2.05018  ζ̂=69.7802 | ESS=1.9 (1.5%)  S≈1129.89 -> 1127.23 | F(λ;T): -360.933 -> F(λ;T_next): -360.223 | grad_norm≈9.4
[WARN] Low ESS at step 243: ESS=1.9 (1.5% of 128). Consider increasing est_batch_size or relaxing w_clip.
[0244] T=0.41336 -> 0.41216  ΔT=-1.201e-03  (FO=-1.201e-03, SO=-6.981e-03) | E_p: mean=106.319 min=98.262 max=115.443 | E_π̂=104.897  ΔÊ=1.4222  Var_π̂=11.98  ζ̂=410.337 | ESS=16.1 (12.6%)  S≈1128.57 -> 1126.63 | F(λ;T): -360.188 -> F(λ;T_next): -358.797 | grad_norm≈8.89
[0245] T=0.41216 -> 0.40629  ΔT=-5.865e-03  (FO=-5.865e-03, SO=-9.140e-03) | E_p: mean=106.368 min=97.1804 max=116.757 | E_π̂=106.078  ΔÊ=0.289658  Var_π̂=6.90828  ζ̂=239.393 | ESS=3.1 (2.4%)  S≈1128.6 -> 1122.87 | F(λ;T): -358.796 -> F(λ;T_next): -351.956 | grad_norm≈21.3
[WARN] Low ESS at step 245: ESS=3.1 (2.4% of 128). Consider increasing est_batch_size or relaxing w_clip.
[0246] T=0.40629 -> 0.40285  ΔT=-3.449e-03  (FO=-3.449e-03, SO=-6.742e-03) | E_p: mean=104.526 min=97.007 max=116.228 | E_π̂=104.047  ΔÊ=0.478584  Var_π̂=11.9915  ζ̂=440.058 | ESS=12.7 (9.9%)  S≈1123.65 -> 1125.22 | F(λ;T): -352.007 -> F(λ;T_next): -348.028 | grad_norm≈23.5
[WARN] Low ESS at step 246: ESS=12.7 (9.9% of 128). Consider increasing est_batch_size or relaxing w_clip.
[0247] T=0.40285 -> 0.4019  ΔT=-9.405e-04  (FO=-9.405e-04, SO=-8.573e-03) | E_p: mean=105.27 min=96.6488 max=114.449 | E_π̂=103.545  ΔÊ=1.72559  Var_π̂=7.16712  ζ̂=272.14 | ESS=5.6 (4.4%)  S≈1125.03 -> 1129.5 | F(λ;T): -347.942 -> F(λ;T_next): -347.071 | grad_norm≈15
[WARN] Low ESS at step 247: ESS=5.6 (4.4% of 128). Consider increasing est_batch_size or relaxing w_clip.
[0248] T=0.4019 -> 0.40122  ΔT=-6.825e-04  (FO=-6.825e-04, SO=-1.362e-02) | E_p: mean=106.444 min=98.2507 max=115.915 | E_π̂=104.077  ΔÊ=2.36673  Var_π̂=2.81419  ζ̂=107.86 | ESS=3.2 (2.5%)  S≈1128.59 -> 1126.47 | F(λ;T): -347.143 -> F(λ;T_next): -346.5 | grad_norm≈8.32
[WARN] Low ESS at step 248: ESS=3.2 (2.5% of 128). Consider increasing est_batch_size or relaxing w_clip.
[0249] T=0.40122 -> 0.40064  ΔT=-5.814e-04  (FO=-5.814e-04, SO=-6.581e-03) | E_p: mean=105.632 min=96.4499 max=116.012 | E_π̂=102.862  ΔÊ=2.76906  Var_π̂=11.9652  ζ̂=461.722 | ESS=9.8 (7.7%)  S≈1126.57 -> 1125.87 | F(λ;T): -346.372 -> F(λ;T_next): -345.816 | grad_norm≈9.91
[WARN] Low ESS at step 249: ESS=9.8 (7.7% of 128). Consider increasing est_batch_size or relaxing w_clip.
[0250] T=0.40064 -> 0.39864  ΔT=-2.001e-03  (FO=-2.001e-03, SO=-5.167e-03) | E_p: mean=105.432 min=96.2877 max=114.488 | E_π̂=104.629  ΔÊ=0.802307  Var_π̂=19.3011  ζ̂=749.137 | ESS=15.1 (11.8%)  S≈1126.39 -> 1126.05 | F(λ;T): -345.847 -> F(λ;T_next): -343.536 | grad_norm≈8.88
[0251] T=0.39864 -> 0.39163  ΔT=-7.008e-03  (FO=-3.803e-02, SO=-7.008e-03) | E_p: mean=105.134 min=98.7034 max=115.291 | E_π̂=105.092  ΔÊ=0.0417862  Var_π̂=10.2851  ζ̂=407.272 | ESS=12.1 (9.4%)  S≈1125.83 -> 1122.27 | F(λ;T): -343.668 -> F(λ;T_next): -335.418 | grad_norm≈26.1
[WARN] Low ESS at step 251: ESS=12.1 (9.4% of 128). Consider increasing est_batch_size or relaxing w_clip.
[0252] T=0.39163 -> 0.39082  ΔT=-8.121e-04  (FO=-8.121e-04, SO=-6.503e-03) | E_p: mean=104.206 min=93.2152 max=112.906 | E_π̂=102.317  ΔÊ=1.8886  Var_π̂=11.126  ζ̂=472.958 | ESS=4.5 (3.5%)  S≈1122.64 -> 1122.38 | F(λ;T): -335.456 -> F(λ;T_next): -334.451 | grad_norm≈16.5
[WARN] Low ESS at step 252: ESS=4.5 (3.5% of 128). Consider increasing est_batch_size or relaxing w_clip.
[0253] T=0.39082 -> 0.38991  ΔT=-9.055e-04  (FO=-9.055e-04, SO=-1.190e-02) | E_p: mean=104.294 min=95.1906 max=112.697 | E_π̂=102.607  ΔÊ=1.68686  Var_π̂=3.29225  ζ̂=141.118 | ESS=1.9 (1.5%)  S≈1122.97 -> 1125.07 | F(λ;T): -334.585 -> F(λ;T_next): -333.654 | grad_norm≈11.5
[WARN] Low ESS at step 253: ESS=1.9 (1.5% of 128). Consider increasing est_batch_size or relaxing w_clip.
[0254] T=0.38991 -> 0.38953  ΔT=-3.821e-04  (FO=-3.821e-04, SO=-9.816e-03) | E_p: mean=105.72 min=97.4364 max=113.353 | E_π̂=101.741  ΔÊ=3.97924  Var_π̂=4.79732  ζ̂=207.548 | ESS=4.2 (3.3%)  S≈1127.09 -> 1120.38 | F(λ;T): -333.749 -> F(λ;T_next): -333.404 | grad_norm≈10.4
[WARN] Low ESS at step 254: ESS=4.2 (3.3% of 128). Consider increasing est_batch_size or relaxing w_clip.
[0255] T=0.38953 -> 0.38785  ΔT=-1.679e-03  (FO=-1.679e-03, SO=-5.536e-03) | E_p: mean=103.649 min=94.0889 max=114.726 | E_π̂=102.745  ΔÊ=0.903549  Var_π̂=15.027  ζ̂=652.671 | ESS=18.6 (14.5%)  S≈1121.45 -> 1125.83 | F(λ;T): -333.192 -> F(λ;T_next): -331.372 | grad_norm≈12.1
[0256] T=0.38785 -> 0.38644  ΔT=-1.416e-03  (FO=-1.416e-03, SO=-6.805e-03) | E_p: mean=105.811 min=97.6619 max=115.607 | E_π̂=104.748  ΔÊ=1.06222  Var_π̂=9.77266  ζ̂=431.859 | ESS=10.8 (8.4%)  S≈1127.09 -> 1122.95 | F(λ;T): -331.337 -> F(λ;T_next): -329.771 | grad_norm≈10.3
[WARN] Low ESS at step 256: ESS=10.8 (8.4% of 128). Consider increasing est_batch_size or relaxing w_clip.
[0257] T=0.38644 -> 0.3848  ΔT=-1.640e-03  (FO=-1.640e-03, SO=-7.970e-03) | E_p: mean=104.881 min=95.9153 max=115.407 | E_π̂=103.971  ΔÊ=0.910789  Var_π̂=7.0208  ζ̂=314.826 | ESS=16.4 (12.8%)  S≈1125.04 -> 1122.47 | F(λ;T): -329.874 -> F(λ;T_next): -327.991 | grad_norm≈11
[0258] T=0.3848 -> 0.38424  ΔT=-5.548e-04  (FO=-5.548e-04, SO=-1.089e-02) | E_p: mean=104.007 min=94.5949 max=111.662 | E_π̂=101.338  ΔÊ=2.66909  Var_π̂=3.6987  ζ̂=168.701 | ESS=2.9 (2.2%)  S≈1122.73 -> 1122.8 | F(λ;T): -328.019 -> F(λ;T_next): -327.558 | grad_norm≈8.28
[WARN] Low ESS at step 258: ESS=2.9 (2.2% of 128). Consider increasing est_batch_size or relaxing w_clip.
[0259] T=0.38424 -> 0.38137  ΔT=-2.874e-03  (FO=-2.874e-03, SO=-1.724e-02) | E_p: mean=103.785 min=96.7215 max=111.218 | E_π̂=103.272  ΔÊ=0.513771  Var_π̂=1.46717  ζ̂=67.3062 | ESS=1.7 (1.3%)  S≈1122.02 -> 1119.13 | F(λ;T): -327.345 -> F(λ;T_next): -324.211 | grad_norm≈16.4
[WARN] Low ESS at step 259: ESS=1.7 (1.3% of 128). Consider increasing est_batch_size or relaxing w_clip.
[0260] T=0.38137 -> 0.38087  ΔT=-5.038e-04  (FO=-5.038e-04, SO=-7.238e-03) | E_p: mean=103.153 min=94.1407 max=111.652 | E_π̂=100.267  ΔÊ=2.8867  Var_π̂=8.07543  ζ̂=381.753 | ESS=4.1 (3.2%)  S≈1120.18 -> 1121.25 | F(λ;T): -324.048 -> F(λ;T_next): -323.652 | grad_norm≈9.19
[WARN] Low ESS at step 260: ESS=4.1 (3.2% of 128). Consider increasing est_batch_size or relaxing w_clip.
[0261] T=0.38087 -> 0.37768  ΔT=-3.184e-03  (FO=-3.184e-03, SO=-5.509e-03) | E_p: mean=103.639 min=94.7521 max=112.111 | E_π̂=103.183  ΔÊ=0.455635  Var_π̂=13.868  ζ̂=659.063 | ESS=4.6 (3.6%)  S≈1121.96 -> 1121.9 | F(λ;T): -323.677 -> F(λ;T_next): -320.023 | grad_norm≈18.7
[WARN] Low ESS at step 261: ESS=4.6 (3.6% of 128). Consider increasing est_batch_size or relaxing w_clip.
[0262] T=0.37768 -> 0.37674  ΔT=-9.385e-04  (FO=-9.385e-04, SO=-8.331e-03) | E_p: mean=104.114 min=94.8131 max=112.872 | E_π̂=102.594  ΔÊ=1.51998  Var_π̂=5.86263  ζ̂=288.13 | ESS=7.7 (6.0%)  S≈1122.58 -> 1123.6 | F(λ;T): -319.864 -> F(λ;T_next): -318.93 | grad_norm≈10.8
[WARN] Low ESS at step 262: ESS=7.7 (6.0% of 128). Consider increasing est_batch_size or relaxing w_clip.
[0263] T=0.37674 -> 0.3764  ΔT=-3.474e-04  (FO=-3.474e-04, SO=-7.603e-03) | E_p: mean=104.95 min=94.5232 max=115.103 | E_π̂=100.865  ΔÊ=4.0853  Var_π̂=6.97039  ζ̂=345.999 | ESS=4.9 (3.9%)  S≈1124.94 -> 1118.21 | F(λ;T): -318.865 -> F(λ;T_next): -318.715 | grad_norm≈7.67
[WARN] Low ESS at step 263: ESS=4.9 (3.9% of 128). Consider increasing est_batch_size or relaxing w_clip.
[0264] T=0.3764 -> 0.37564  ΔT=-7.590e-04  (FO=-7.590e-04, SO=-8.597e-03) | E_p: mean=101.822 min=94.2294 max=110.276 | E_π̂=99.9552  ΔÊ=1.86669  Var_π̂=5.43142  ζ̂=270.603 | ESS=11.6 (9.0%)  S≈1117.28 -> 1123.36 | F(λ;T): -318.719 -> F(λ;T_next): -317.915 | grad_norm≈6.71
[WARN] Low ESS at step 264: ESS=11.6 (9.0% of 128). Consider increasing est_batch_size or relaxing w_clip.
[0265] T=0.37564 -> 0.37472  ΔT=-9.188e-04  (FO=-9.188e-04, SO=-9.548e-03) | E_p: mean=103.85 min=94.784 max=111.257 | E_π̂=102.314  ΔÊ=1.53571  Var_π̂=4.36821  ζ̂=219.396 | ESS=8.3 (6.5%)  S≈1122.75 -> 1119.41 | F(λ;T): -317.895 -> F(λ;T_next): -316.849 | grad_norm≈8.57
[WARN] Low ESS at step 265: ESS=8.3 (6.5% of 128). Consider increasing est_batch_size or relaxing w_clip.
[0266] T=0.37472 -> 0.37406  ΔT=-6.631e-04  (FO=-6.631e-04, SO=-5.930e-03) | E_p: mean=102.666 min=94.7218 max=109.839 | E_π̂=100.548  ΔÊ=2.11761  Var_π̂=11.2143  ζ̂=568.793 | ESS=14.2 (11.1%)  S≈1119.81 -> 1118.96 | F(λ;T): -316.948 -> F(λ;T_next): -316.15 | grad_norm≈8.8
[0267] T=0.37406 -> 0.37286  ΔT=-1.196e-03  (FO=-1.196e-03, SO=-5.066e-03) | E_p: mean=103.27 min=93.8085 max=110.838 | E_π̂=102.101  ΔÊ=1.16978  Var_π̂=15.259  ζ̂=779.441 | ESS=19.3 (15.1%)  S≈1120.94 -> 1120.28 | F(λ;T): -316.024 -> F(λ;T_next): -314.818 | grad_norm≈9.01
[0268] T=0.37286 -> 0.36257  ΔT=-1.028e-02  (FO=-2.756e-02, SO=-1.028e-02) | E_p: mean=102.763 min=94.6845 max=110.807 | E_π̂=102.713  ΔÊ=0.0504456  Var_π̂=3.65468  ζ̂=189.091 | ESS=4.5 (3.5%)  S≈1119.8 -> 1115.61 | F(λ;T): -314.763 -> F(λ;T_next): -303.21 | grad_norm≈37.1
[WARN] Low ESS at step 268: ESS=4.5 (3.5% of 128). Consider increasing est_batch_size or relaxing w_clip.
[0269] T=0.36257 -> 0.36215  ΔT=-4.213e-04  (FO=-4.213e-04, SO=-4.746e-03) | E_p: mean=101.747 min=93.2122 max=109.668 | E_π̂=98.6264  ΔÊ=3.12041  Var_π̂=15.3474  ζ̂=888.065 | ESS=5.6 (4.4%)  S≈1116.91 -> 1118.64 | F(λ;T): -303.215 -> F(λ;T_next): -302.675 | grad_norm≈15.9
[WARN] Low ESS at step 269: ESS=5.6 (4.4% of 128). Consider increasing est_batch_size or relaxing w_clip.
[0270] T=0.36215 -> 0.36162  ΔT=-5.284e-04  (FO=-5.284e-04, SO=-7.164e-03) | E_p: mean=102.033 min=94.3283 max=113.826 | E_π̂=99.5511  ΔÊ=2.48216  Var_π̂=6.70369  ζ̂=389.712 | ESS=13.0 (10.2%)  S≈1117.58 -> 1115.38 | F(λ;T): -302.702 -> F(λ;T_next): -302.019 | grad_norm≈14.3
[0271] T=0.36162 -> 0.36014  ΔT=-1.487e-03  (FO=-1.487e-03, SO=-7.486e-03) | E_p: mean=101.449 min=94.1615 max=112.01 | E_π̂=100.57  ΔÊ=0.879585  Var_π̂=6.10386  ζ̂=356.92 | ESS=6.6 (5.1%)  S≈1115.64 -> 1114.1 | F(λ;T): -301.994 -> F(λ;T_next): -300.403 | grad_norm≈13.4
[WARN] Low ESS at step 271: ESS=6.6 (5.1% of 128). Consider increasing est_batch_size or relaxing w_clip.
[0272] T=0.36014 -> 0.35886  ΔT=-1.279e-03  (FO=-1.279e-03, SO=-8.804e-03) | E_p: mean=101.383 min=93.4181 max=112.028 | E_π̂=100.369  ΔÊ=1.01425  Var_π̂=4.34059  ζ̂=258.031 | ESS=6.6 (5.1%)  S≈1115.66 -> 1116.15 | F(λ;T): -300.407 -> F(λ;T_next): -299.146 | grad_norm≈10.7
[WARN] Low ESS at step 272: ESS=6.6 (5.1% of 128). Consider increasing est_batch_size or relaxing w_clip.
[0273] T=0.35886 -> 0.35556  ΔT=-3.299e-03  (FO=-3.299e-03, SO=-6.746e-03) | E_p: mean=101.438 min=94.1067 max=110.863 | E_π̂=101.048  ΔÊ=0.390366  Var_π̂=7.28758  ζ̂=439.426 | ESS=2.2 (1.7%)  S≈1116.04 -> 1114.58 | F(λ;T): -299.064 -> F(λ;T_next): -295.092 | grad_norm≈18.7
[WARN] Low ESS at step 273: ESS=2.2 (1.7% of 128). Consider increasing est_batch_size or relaxing w_clip.
[0274] T=0.35556 -> 0.35491  ΔT=-6.517e-04  (FO=-6.517e-04, SO=-7.589e-03) | E_p: mean=101.514 min=91.9618 max=112.241 | E_π̂=99.5742  ΔÊ=1.94003  Var_π̂=5.55019  ζ̂=347.26 | ESS=6.0 (4.7%)  S≈1115.82 -> 1112.16 | F(λ;T): -295.228 -> F(λ;T_next): -294.681 | grad_norm≈12.5
[WARN] Low ESS at step 274: ESS=6.0 (4.7% of 128). Consider increasing est_batch_size or relaxing w_clip.
[0275] T=0.35491 -> 0.35415  ΔT=-7.622e-04  (FO=-7.622e-04, SO=-5.573e-03) | E_p: mean=100.482 min=92.0784 max=107.599 | E_π̂=98.8289  ΔÊ=1.65268  Var_π̂=10.2179  ζ̂=644.011 | ESS=6.8 (5.3%)  S≈1113.31 -> 1115.92 | F(λ;T): -294.642 -> F(λ;T_next): -293.857 | grad_norm≈10.5
[WARN] Low ESS at step 275: ESS=6.8 (5.3% of 128). Consider increasing est_batch_size or relaxing w_clip.
[0276] T=0.35415 -> 0.35275  ΔT=-1.392e-03  (FO=-1.392e-03, SO=-9.855e-03) | E_p: mean=100.941 min=92.7652 max=109.453 | E_π̂=100.041  ΔÊ=0.900742  Var_π̂=3.23943  ζ̂=205.938 | ESS=2.3 (1.8%)  S≈1114.69 -> 1113.16 | F(λ;T): -293.824 -> F(λ;T_next): -292.333 | grad_norm≈13.6
[WARN] Low ESS at step 276: ESS=2.3 (1.8% of 128). Consider increasing est_batch_size or relaxing w_clip.
[0277] T=0.35275 -> 0.35242  ΔT=-3.383e-04  (FO=-3.383e-04, SO=-5.138e-03) | E_p: mean=100.913 min=91.714 max=110.516 | E_π̂=97.2349  ΔÊ=3.67772  Var_π̂=11.7295  ζ̂=757.513 | ESS=7.0 (5.4%)  S≈1114.67 -> 1113.9 | F(λ;T): -292.291 -> F(λ;T_next): -291.887 | grad_norm≈8.84
[WARN] Low ESS at step 277: ESS=7.0 (5.4% of 128). Consider increasing est_batch_size or relaxing w_clip.
[0278] T=0.35242 -> 0.35087  ΔT=-1.544e-03  (FO=-1.544e-03, SO=-4.768e-03) | E_p: mean=100.843 min=91.1791 max=109.665 | E_π̂=100.038  ΔÊ=0.804405  Var_π̂=13.5712  ζ̂=879.828 | ESS=7.1 (5.6%)  S≈1114.67 -> 1113.99 | F(λ;T): -291.985 -> F(λ;T_next): -290.186 | grad_norm≈12.7
[WARN] Low ESS at step 278: ESS=7.1 (5.6% of 128). Consider increasing est_batch_size or relaxing w_clip.
[0279] T=0.35087 -> 0.34985  ΔT=-1.018e-03  (FO=-1.018e-03, SO=-5.632e-03) | E_p: mean=100.811 min=91.0843 max=108.834 | E_π̂=99.6015  ΔÊ=1.20932  Var_π̂=9.55528  ζ̂=630.448 | ESS=14.6 (11.4%)  S≈1114.63 -> 1115.82 | F(λ;T): -290.283 -> F(λ;T_next): -289.07 | grad_norm≈11.7
[0280] T=0.34985 -> 0.34964  ΔT=-2.173e-04  (FO=-2.173e-04, SO=-1.113e-02) | E_p: mean=101.207 min=91.5149 max=112.17 | E_π̂=95.5739  ΔÊ=5.63325  Var_π̂=2.41883  ζ̂=161.458 | ESS=1.2 (0.9%)  S≈1115.92 -> 1114.24 | F(λ;T): -289.203 -> F(λ;T_next): -288.935 | grad_norm≈10
[WARN] Low ESS at step 280: ESS=1.2 (0.9% of 128). Consider increasing est_batch_size or relaxing w_clip.
[0281] T=0.34964 -> 0.34873  ΔT=-9.071e-04  (FO=-9.071e-04, SO=-6.966e-03) | E_p: mean=100.747 min=90.106 max=109.019 | E_π̂=99.399  ΔÊ=1.34763  Var_π̂=6.15928  ζ̂=412.157 | ESS=5.6 (4.4%)  S≈1114.49 -> 1114.41 | F(λ;T): -288.919 -> F(λ;T_next): -287.971 | grad_norm≈7.24
[WARN] Low ESS at step 281: ESS=5.6 (4.4% of 128). Consider increasing est_batch_size or relaxing w_clip.
[0282] T=0.34873 -> 0.34832  ΔT=-4.128e-04  (FO=-4.128e-04, SO=-3.955e-03) | E_p: mean=100.834 min=91.7792 max=113.648 | E_π̂=97.8874  ΔÊ=2.94624  Var_π̂=18.9129  ζ̂=1278.8 | ESS=7.1 (5.6%)  S≈1114.83 -> 1110.65 | F(λ;T): -287.941 -> F(λ;T_next): -287.495 | grad_norm≈7.94
[WARN] Low ESS at step 282: ESS=7.1 (5.6% of 128). Consider increasing est_batch_size or relaxing w_clip.
[0283] T=0.34832 -> 0.3474  ΔT=-9.146e-04  (FO=-9.146e-04, SO=-5.002e-03) | E_p: mean=99.7991 min=90.7784 max=109.506 | E_π̂=98.4726  ΔÊ=1.32652  Var_π̂=11.7645  ζ̂=799.236 | ESS=20.6 (16.1%)  S≈1111.82 -> 1113.93 | F(λ;T): -287.467 -> F(λ;T_next): -286.46 | grad_norm≈7.8
[0284] T=0.3474 -> 0.34691  ΔT=-4.944e-04  (FO=-4.944e-04, SO=-5.293e-03) | E_p: mean=100.758 min=91.9043 max=108.996 | E_π̂=98.3172  ΔÊ=2.44099  Var_π̂=10.397  ζ̂=713.804 | ESS=10.4 (8.1%)  S≈1114.68 -> 1111.76 | F(λ;T): -286.484 -> F(λ;T_next): -285.995 | grad_norm≈12
[WARN] Low ESS at step 284: ESS=10.4 (8.1% of 128). Consider increasing est_batch_size or relaxing w_clip.
[0285] T=0.34691 -> 0.345  ΔT=-1.904e-03  (FO=-1.904e-03, SO=-4.134e-03) | E_p: mean=99.7753 min=92.3862 max=107.486 | E_π̂=99.1432  ΔÊ=0.632072  Var_π̂=16.9529  ζ̂=1170.54 | ESS=10.4 (8.1%)  S≈1112.24 -> 1108.5 | F(λ;T): -286.069 -> F(λ;T_next): -283.67 | grad_norm≈15.1
[WARN] Low ESS at step 285: ESS=10.4 (8.1% of 128). Consider increasing est_batch_size or relaxing w_clip.
[0286] T=0.345 -> 0.34389  ΔT=-1.115e-03  (FO=-1.115e-03, SO=-6.069e-03) | E_p: mean=98.507 min=87.3394 max=107.479 | E_π̂=97.4394  ΔÊ=1.06765  Var_π̂=7.69397  ζ̂=543.07 | ESS=9.2 (7.2%)  S≈1108.21 -> 1114.28 | F(λ;T): -283.83 -> F(λ;T_next): -282.465 | grad_norm≈12.1
[WARN] Low ESS at step 286: ESS=9.2 (7.2% of 128). Consider increasing est_batch_size or relaxing w_clip.
[0287] T=0.34389 -> 0.33795  ΔT=-5.942e-03  (FO=-2.911e-02, SO=-5.942e-03) | E_p: mean=100.366 min=93.0307 max=110.25 | E_π̂=100.326  ΔÊ=0.0406189  Var_π̂=7.92167  ζ̂=566.428 | ESS=14.6 (11.4%)  S≈1113.47 -> 1110.15 | F(λ;T): -282.542 -> F(λ;T_next): -275.829 | grad_norm≈25.3
[0288] T=0.33795 -> 0.33764  ΔT=-3.021e-04  (FO=-3.021e-04, SO=-5.583e-03) | E_p: mean=99.3329 min=88.8863 max=110.516 | E_π̂=95.5526  ΔÊ=3.78028  Var_π̂=8.36811  ζ̂=641.556 | ESS=4.2 (3.3%)  S≈1110.59 -> 1105.27 | F(λ;T): -275.987 -> F(λ;T_next): -275.478 | grad_norm≈13.8
[WARN] Low ESS at step 288: ESS=4.2 (3.3% of 128). Consider increasing est_batch_size or relaxing w_clip.
[0289] T=0.33764 -> 0.33696  ΔT=-6.863e-04  (FO=-6.863e-04, SO=-3.764e-03) | E_p: mean=97.4823 min=89.2166 max=105.861 | E_π̂=95.8212  ΔÊ=1.66113  Var_π̂=18.346  ζ̂=1411.57 | ESS=12.1 (9.5%)  S≈1104.46 -> 1111.39 | F(λ;T): -275.433 -> F(λ;T_next): -274.708 | grad_norm≈11.3
srun: Job step aborted: Waiting up to 62 seconds for job step to finish.
slurmstepd: error: *** JOB 50322300 ON ng10502 CANCELLED AT 2025-09-29T09:29:24 ***
slurmstepd: error: *** STEP 50322300.0 ON ng10502 CANCELLED AT 2025-09-29T09:29:24 ***
