ng10502
==== Fri 19 Sep 2025 09:22:12 AM EDT | job 49911208 | node ng10502 ====
model= instance= sa_anneal=
SLURM_JOB_GPUS=2
CUDA_VISIBLE_DEVICES=0
0, GPU-800e8558-3078-695e-3117-f5ba162b81d9, NVIDIA A100-SXM4-40GB
/home/idrissm/projects/def-mh541-ab/idrissm/neighborVCA/runs/tsp.py:56: FutureWarning: You are using `torch.load` with `weights_only=False` (the current default value), which uses the default pickle module implicitly. It is possible to construct malicious pickle data which will execute arbitrary code during unpickling (See https://github.com/pytorch/pytorch/blob/main/SECURITY.md#untrusted-models for more details). In a future release, the default value for `weights_only` will be flipped to `True`. This limits the functions that could be executed during unpickling. Arbitrary objects will no longer be allowed to be loaded via this mode unless they are explicitly allowlisted by the user via `torch.serialization.add_safe_globals`. We recommend you start setting `weights_only=True` for any use case where you don't have full control of the loaded file. Please open an issue on GitHub for any issues related to this experimental feature.
  heuristic_samples_idx = torch.load(heuristic_samples_file, map_location=device)
0.2009020964608236
0.20015619743473032
0.199360470206549
0.19841037886671642
0.19759051827749963
0.19756012224247438
0.19862721480999693
0.2007685680172167
0.20384649214133027
0.20803765347484826
0.21324975490430095
0.21942172483541142
0.22681174715703872
0.2358737884914785
0.2473292366614282
0.26204513716921185
0.2810288725962711
0.30544389350305345
0.33687588488173004
0.37730572720676137
0.4296145731070735
0.49776615343429115
0.5869884244184268
0.7042853535568736
0.8581234975216795
1.0588210345991873
1.313078634345562
1.618402035788891
1.942265578777793
2.258516605036743
2.558594133529524
2.84125267058131
3.1541821596789394
3.490589469453314
3.708726546499926
3.841262288964227
3.9114655511571272
3.975474410315686
3.882366446052732
3.9056023336338797
4.305347178615091
4.937524663819019
5.317511603124224
5.459431515681457
5.747660387558124
5.689721618673035
5.866065494959202
6.003315568436618
6.709160189007576
10.319978444291019
18.4117539466122
7.253401947586455
18.284441980264635
6.866721658685326
17.453713938859988
8.716796261356698
14.326606706905139
12.126471751287665
9.96977638838617
13.79673219572225
6.912494048784549
14.50244283115919
5.142154012483564
13.9986059652068
5.877138706807874
11.511925672342736
6.138709176859315
12.16057832164147
6.173411460532824
11.149091805890421
4.957158310088095
11.597571852866526
4.397427967178289
9.861161250793405
6.564513818236764
8.677401747424021
8.734981223238938
5.130368962188761
10.415651120358934
6.402984561838018
6.0412764274226625
10.48606275625404
6.067141911629277
5.697847622541961
9.856314969280573
7.844905980464251
5.2335852925551105
7.71947080310067
9.429466870390682
9.994589023635944
7.164321773289206
5.724361213790193
6.066835513654481
7.840700035645143
12.91932099283457
19.499061053212994
27.742447815588353
23.323410698122597
6.256608775513307
17.530475651062776
18.815693568280732
5.224722088923411
15.696613786064232
14.37305081428234
5.248063090825884
14.857355284275986
11.327820600044106
5.4243690383539445
13.273677886216854
10.490744535574654
4.648364955805292
11.209179947579699
11.124526225143542
6.206929284911435
6.9818312368777695
10.339011488480624
10.04077260547594
4.893502495168352
5.884042944840832
9.964934632333366
9.236862334162906
6.9033821117198855
4.0768460991158415
5.973864356375063
8.925007853657991
8.711511119163283
7.696766941174112
4.831451509662927
3.992829851728647
5.775668695665109
6.988558465445007
8.361176128328085
7.8712164335525925
7.6494664713557015
5.909771777891593
5.036946150466998
3.8551878618709874
3.768252768406382
4.499504863306426
5.140457378795295
7.0468736272116095
9.045459264613395
13.620742114618936
20.076585783786893
29.881883838195954
34.697043098945336
24.43339413074035
6.125753380970836
28.038737683631556
19.165148792810424
11.84213449996532
24.667923705161726
6.79692485510519
17.691923909941348
9.950452635108315
12.368411424149942
13.751707965580296
8.198199277118855
14.717437334949595
3.7829517960817567
12.72395013070148
4.845617857179876
10.96532935784862
8.525242423251399
7.373113133060468
10.654835917149926
3.4310700344268295
9.847488207333349
4.63330470956693
7.215681856023585
8.0629682354156
3.9180612292601755
8.677064799106788
5.4571072695664675
5.929746991701719
7.273078632646517
3.771544105846507
6.166778689173588
5.948587614807726
3.4538873988608607
5.801618788971824
5.073307853377493
3.3125014748484967
5.1015176311474635
4.773597764795151
3.08863251558226
4.287317733776845
4.5884594829838585
3.370614122335964
3.368846969798795
4.18684181451479
4.070782881101814
2.923919031527025
3.305284767339561
4.266478804335015
3.539865253594631
2.847286538339307
3.0952778069298215
3.653587148496505
3.4786851528350695
3.0773079736094933
2.8312015384164138
3.537290629534963
3.82928911891263
4.246845118838222
4.326706799222112
5.93440526105151
8.202922923003435
12.789760186031058
18.07326916699355
22.558250283821025
21.203942387384732
16.947337618042937
8.58950374993869
8.970192151877638
13.518042557081747
7.793096408889387
6.853713400853549
10.59911649804024
7.606610213926823
7.190792336356165
6.886620930965532
8.846871144161202
6.498157017234313
4.466440654469251
8.161817724931339
7.207850746720554
6.786720332822109
5.208605305026549
7.912678093513201
7.681492274385397
2.852272652005397
6.510957417656331
6.675240554226884
5.159430137227681
4.225027360269074
3.462133676310485
5.674093244868283
4.10850075067375
3.07402247542599
4.180106546701864
3.0584463606583006
4.452400993489858
4.487023701199366
2.605714334197108
2.8529223693364294
3.280727404208735
2.8718781705717964
3.5611576485690972
3.727849860967316
3.297244416405281
3.332247383905771
2.836759391456237
2.109176451481765
2.3778205284641585
2.4224470108338365
1.9733065814700559
2.2443600650142623
2.661467504988005
2.830891501258397
4.119344320408539
6.008744704003226
8.850596230501203
14.531628003546304
27.653239608673125
81.66737718752553
218.99135207926557
193.88153651502316
88.32635249022518
57.784212402024295
75.1870567741308
59.64811252398802
18.56449306576438
38.037615402953236
53.43786620057133
38.035357022743376
17.510692188172946
15.306445944186791
26.398119682852972
25.810155672489223
18.908973003592973
13.579930966234517
12.88009366859161
16.246765505182744
18.12900453882538
14.454887001485265
8.015181198239956
9.373637353050619
13.89667464511529
13.490916767144883
8.404559833002024
5.334284206174919
8.919133306492594
10.451685097720796
8.215290723293998
5.449297300930592
5.668021318708267
6.611113448924339
6.856815813871544
6.394285957083238
4.9613335983081415
3.686519612152588
4.325856981245033
5.093950527275917
4.447305164226408
3.1139593056314703
3.2061049930579792
4.3136570261537175
4.528436065851989
3.855909932809534
3.1720353388672504
3.035302641833384
3.434420147274265
3.6614863664328747
3.146212730971156
2.511609524870542
3.0484725344166366
3.625395835420443
3.155637971854531
2.2323150013295225
2.4996305253083246
3.1165978279650037
2.9046925875274847
2.2421086629254874
2.1238585513525488
2.4553739571555693
2.604485877027604
2.4040995168144974
2.017876786316741
1.8839393087136014
2.0047062894500556
1.9608969027666878
1.8125455561268708
1.8686636682521252
1.9671364024340487
1.9002071168644634
1.7861463512623552
1.7446538870464345
1.7691700082093422
1.8045516137464779
1.7672766559134647
1.7101827473624693
1.74570972718845
1.763275511737168
1.6745227201684774
1.6366842815627822
1.6995739854465972
1.6942274484620337
1.6315662018175772
1.6433023533780473
1.6771072638726299
1.6527941143053368
1.6147921755970898
1.595867158331429
1.5785314187915593
1.5633059877778168
1.5609713515842296
1.5758491283722507
1.5908288843657723
1.5804382000978172
1.5569387137310864
1.5440395569842795
1.5406757918121397
1.5437985422867393
1.5436313595830091
1.532213745674857
1.5243034043610655
1.5205134136309078
1.5110972055820406
1.5084011430477613
1.5116806330965502
1.5080146176727385
1.5030769353396685
1.49944550936364
1.4942407685282684
1.4900210759919117
1.484452590073991
1.4756704436595682
1.4683560960848732
1.4636393551867488
1.4617540506220186
1.4609380314380693
1.4559403105398667
1.4476608789622174
1.4404521375153598
1.436527180638214
1.4353581676205374
1.4328270861106152
1.4265895536061002
1.4190571622188772
1.4128547880061038
1.4085303968357719
1.404347925146844
1.3974718921845983
1.3890881961134616
1.3824850962742234
1.3785501634618018
1.3760742882660764
1.3726201589159268
1.367085070468173
1.361049728410247
1.3561208051933362
1.3524646304397143
1.3487031240754184
1.344076741209479
1.3393636572763998
1.3349017252035602
1.3303293433786854
1.3252747817715302
1.3199137468330624
1.3148898375773619
1.3110366895495478
1.307805918851189
1.3040851294740812
1.299575902604471
1.2948521384184477
1.2906053628817156
1.2871287367149802
1.2838342763301764
1.280021680021072
1.2753549228301369
1.270426223580762
1.2649399840925966
1.260015991897615
1.255558622420085
1.251084954248397
1.2461836790175846
1.2408556269203657
1.2356420301835291
1.2306210364915386
1.2257845755247458
1.2210697383644757
1.2165846382339942
1.2121892045988825
1.207584179435051
1.2027807461242022
1.19812104953389
1.1939033493236362
1.18994185319682
1.1857533706559584
1.181240012307116
1.176677478476264
1.1724892531778766
1.1687146940720239
1.164944132203821
1.1609058271130992
1.156668277216745
1.1524650379014416
1.1484332002082922
1.1444343844825247
1.140470204838223
1.136544923309305
1.132697289185422
1.1288383058033369
1.124980837173198
1.1211955571616985
1.1174462305992803
1.113566514047926
1.1096207222609833
1.1054872459786957
1.101570938750319
1.0977963403000672
1.0941251753449819
1.090566468701563
1.0871064845802616
1.0838223090511407
1.0808101401842907
1.0776867550894464
1.0746302417731284
1.0706453725227778
1.066649294182858
1.0628780116063323
1.059521179108689
1.0561324821728812
1.0526045285810592
1.0489978849574435
1.0455295011847188
1.0421535109102118
1.0387694272348478
1.0352964055486296
1.0317917499400062
1.0283343651417383
1.0249368764359408
1.0216022777724998
1.0183354515398144
1.0150206306388916
1.0116718805519787
1.0083743203134956
1.0052120038281305
1.0020817468002972
0.9989367073251856
0.995843052423228
0.9928741395553614
0.989990124390193
0.9870958713227107
0.9840976653830252
0.981230650277299
0.9784761713750317
0.9755692493561718
0.9726790951396977
0.9699036534079564
0.9671274220222656
0.9643108510683605
0.9615306642081011
0.958859224925678
0.9562101468433084
0.9535878660582966
0.9509956207621226
0.9484623588107083
0.9459191108120217
0.9434012601966343
0.9409241845198839
0.9384324895397583
0.935894419648399
0.9334032759515261
0.9309560346492566
0.9284742268291738
0.9259491131864971
0.9234316240192616
0.9209959957229001
0.9185797908801797
0.9161366514333121
0.9137627587825403
0.9114254407197775
0.9090510116781233
0.9064877760262291
0.9039322535108366
0.9014399841268808
0.8989865920233349
0.8966116021119994
0.8943375669333459
0.8920726269812311
0.8897991487246263
0.8875370282697901
0.8852854860173158
0.8830577981708717
0.8807818566449083
0.8783419621413263
0.8758890487869084
0.8735895827879376
0.8715027544509353
0.8694488885262824
0.8673054916722046
0.8651595442250339
0.8630187667854142
0.8608955782506778
0.858526392101143
0.8560769165382616
0.8536756103381955
0.8513693969373697
0.8491109198295043
0.8468391272695706
0.8445764400270906
0.8423777628565776
0.8402701801426941
0.8382757720144796
0.8362769322220026
0.8342380193793479
0.8321623412422459
0.8300742056685635
0.8279944383952731
0.8259345946538904
0.8238615859287473
0.8217104943397444
0.819597043398802
0.8176018319398038
0.81560975807297
0.8135762365191707
0.8115852591504349
0.8096616196236122
0.8074293548476953
0.8051725434193409
0.8030583333678636
0.8009696258627134
0.7988662130778242
0.796818785366885
0.794942188892045
0.7930557327976038
0.791079638290185
0.7890855891388239
0.7871985207981069
0.785360475468207
0.7834258928703364
0.7814734957306986
0.779591573868395
0.7777134000005199
0.7758530251997204
0.7740178450503652
0.772268071108821
0.7705345370927986
0.7687770138158397
0.7669694038097468
0.7652400751645291
0.7636209404364309
0.7620188530766501
0.7604183166408484
0.7588621369989381
0.7573182962757431
0.755677306266584
0.7540633116348125
0.7524943419577405
0.7509523567066674
0.7493783576023063
0.7478305714611589
0.7463458063859868
0.7447016018961244
0.7429837333248183
0.741328019978089
0.7396823217544592
0.7379470049850058
0.736214387611356
0.734555326429692
0.732951797877175
0.7313366126491304
0.729735830835695
0.7281356367484032
0.7265817710145334
0.7250519476157834
0.7235048687903627
0.7219690723812207
0.7204859846530215
0.7190455793832468
0.7176255598958838
0.7162271424015922
0.7148736256982017
0.7136450142354033
0.7125219020256824
0.711406417442889
0.710267419365141
0.7090460183628997
0.7078223058909504
0.7066388299959097
0.7054966981345794
0.7043673140953427
0.7032998373364023
0.7022949613081562
0.701300891354621
0.7003204800529257
0.6993831069138261
0.6985061021585881
0.6976107063686979
0.6967069490305174
0.6957707460548537
0.6947925824891773
0.6937720590077427
0.6927942725153724
0.6918222885840831
0.6907953061725044
0.6896697593484872
0.688510086484688
0.6873266328601375
0.68620462230326
0.6851359556473021
0.6841052011450561
0.6830561110646213
0.6820704635967318
0.6810368111380053
0.6798624186750523
0.678791616572198
0.6776425300542069
0.6764452065109404
0.67536303352076
0.6742639175746037
0.6731455159808418
0.672026571196392
0.670903216309071
0.6697319479644289
0.6685257031751374
0.6673279362866825
0.6662215796618622
0.6651707882148756
0.6640818261733705
0.6628905145127315
0.6616930204953064
0.6605367622614056
0.6594149550866745
0.6583284085906886
0.6572776830448386
0.6562659793240645
0.6552798898678932
0.6542839495968441
0.6533520279564287
0.6524854432342798
0.6515104184241325
0.6506217870995321
0.6497716165310088
0.6489457125323821
0.6481447748734585
0.6473563223304944
0.6465001454248874
0.645397373040361
0.6442967182077212
0.6431838194467092
0.6420333564037907
0.640893736056317
0.6398066634592009
0.6387739744406866
0.6375478513081011
0.6363084061144884
0.6350960513980568
0.6340004867748212
0.632958263636333
0.6319389972760516
0.6310131332933541
0.6300959277791924
0.6290973061468788
0.6281855537660721
0.6272168873437981
0.6261532408795208
0.6251314655478919
0.624121093733
0.6230505388029605
0.6221030685305279
0.6212018569138305
0.6202579341316832
0.619388128890384
0.6185786202567052
0.6177235017957373
0.6169283915411686
0.616220482454527
0.6155204856384686
0.6148193059097429
0.6141413994511175
0.6134347119942065
0.6126684905235935
0.6118398259502731
0.6109794351453727
0.6100639837144068
0.6091742024872255
0.608277469720348
0.6073676307342738
0.6064347071842789
0.6055973035823048
0.6047643294012002
0.6039635510188315
0.6032493492750037
0.6024338109193504
0.6015598596440931
0.6007446013748882
0.5998761096070442
0.5989928890297678
0.5981899052233439
0.597358269798819
0.5965570096945215
0.5958470387498871
0.5950525440893082
0.5942293009866289
0.5934813245051632
0.5926741899257185
0.5918621732749105
0.5911259538787657
0.5903439690463866
0.5895654089342912
0.5888838964047602
0.5881616329342623
0.5874702276904159
0.5868059545732476
0.5860798175708498
0.5853935772626666
0.5847970644611933
0.5841580155479301
0.583417006818584
0.5827365550622635
0.5819568274009262
0.5811615941338131
0.5804834938981014
0.5797310665859162
0.5790324193301501
0.5784440681820735
0.5777976441742074
0.5771927533823275
0.5766588935701505
0.5760286660319899
0.5754138771809889
0.5748541341042295
0.5742355811818463
0.573648287637684
0.5730417907467191
0.5723673526851359
0.5716997662529696
0.5710694114594321
0.5703989141774013
0.5697263859626471
0.5690419893976629
0.5684880280515405
0.5679639370490868
0.5674459656801428
0.5669691784601949
0.5665066173003762
0.565994868001415
0.5655712520849359
0.5651904576329881
0.5649373103585119
0.564769055638143
0.5646914999920142
0.5647800333522046
0.5643362996890285
0.5634779750287888
0.5627605557349944
0.5620951136776617
0.5614104178640842
0.5607415487106441
0.5599259925198004
0.5590277773976813
0.5582263529555811
0.5573536373860205
0.5564786039116723
0.5555936253472947
0.5546456224995802
0.5538276379131787
0.5530043129091016
0.5520586968625821
0.5512849181593859
0.5505758179069474
0.5498179007335389
0.5492027574702688
0.5485481851111331
0.5479027157716244
0.5473023439588571
0.5465671019788124
0.5458566627403938
0.5451934211626965
0.5444598286021535
0.5437859186238035
0.5431033052278057
0.5423730934538833
0.5416264455872691
0.5408550599707325
0.5400752645905242
0.5392871657424466
0.5382611711853006
0.5373738269428575
0.5363158481040986
0.5353616562676463
0.5344780398205446
0.5335716280671802
0.5327890979755937
0.532002090820857
0.5311602831071723
0.5304010412876871
0.5294727927062954
0.5285929806085734
0.527839524001945
0.5269654475376391
0.5261779138910028
0.5254130699304991
0.5245413087182782
0.5237908313464633
0.5228428396246202
0.5220422350749042
0.5211144407197789
0.520229842025049
0.5192710924772141
0.5184169805229899
0.5173546298465379
0.5166380336419734
0.515445252538713
0.5148913682469296
0.5135459827719183
0.5132070955059203
0.5116991815649662
0.5118657906577936
0.510042364512831
0.5114769181719261
0.5095684845985307
0.5142383574387637
0.5137537135168693
0.5277634275096496
0.5363051281558333
0.5793271137626878
0.6268174057535839
0.7539603157530976
0.9231101843310751
1.2549188076511681
1.7368546828561497
2.5856771948923916
4.124147619502091
7.8553034376234745
27.904670271369646
173.08277006564472
846.638734855999
340.3074575744335
459.8997665449302
325.10882944151007
179.17477948355074
100.99439627466968
124.12162714110035
182.5224564466709
161.8181414910478
111.27284117725527
74.74006529823141
61.316284475893816
54.85476929697078
45.48417685172981
38.09122348866145
36.04541353407772
38.14426247803249
37.01064174021192
30.56267638162499
27.69162464313652
26.51215780127707
25.809724513746115
25.29224296575856
24.428978165772033
22.851027995640887
20.523441733030932
18.48394523296109
17.67840350911631
18.13320384412217
19.073559575982745
19.678478087308513
19.524156919581667
18.678069812074025
17.308991039952183
15.704173668815558
14.015237286044076
12.450466636245155
11.095476468915852
9.921567670369203
8.892877552572383
8.082262178972838
7.546215122238292
7.273466722472367
7.200936521210471
7.176387509006247
7.086853816762175
6.8900118578686325
6.6281229536410144
6.375873325262305
6.171950585389871
6.001459056025718
5.841823399212839
5.671497169559481
5.494126616528377
5.339384128816223
5.2449544451762105
5.2260043551469915
5.259874940506185
5.300435082633698
5.306596603437815
5.253063033895833
5.137455925356296
4.980275915781501
4.8001210911791885
4.63450076777894
4.488188176630292
4.347889477381425
4.230769410269636
4.138910560919172
4.073995936813421
4.038195247842079
4.028021731817483
4.011832630090631
3.9692486545315684
3.8923707679050032
3.79595033913798
3.698290343081815
3.615202857845313
3.5519001339895753
3.499857970751794
3.4525616275089392
3.4068036731259452
3.3650473248309516
3.327105192801741
3.29205762053388
3.258928757824735
3.22642984609576
3.1948803956244003
3.1616477138069787
3.1255395413222318
3.0889180162041536
3.0508569861338373
3.0109714358787234
2.9731415974738167
2.9376596472990424
2.9048053918677565
2.875351240442872
2.850448281807067
2.8304506202790076
2.8128934832676755
2.7956051444358208
2.7780902731059594
2.7581168513441803
2.7274043713664713
2.6962961051173755
2.6670579850194684
2.6397150593737724
2.6136631262793144
2.5894484640155566
2.566182035148234
2.5436049247948262
2.521874474353028
2.4996615247913105
2.4768126672579553
2.454486042645495
2.4326527715822857
2.4109777529465615
2.3909249455475488
2.371899507817147
2.3540452655262727
2.3374983059659913
2.3222319370870848
2.3085514160379486
2.2954675524145327
2.2830214455506597
2.271023546338767
2.257652198403329
2.2431385121914653
2.228036012796881
2.21309733857155
2.1983573276307657
2.184010850923889
2.1698237841223045
2.155685042667524
2.141807440379213
2.1282864154350527
2.1148473938823202
2.1013543072190224
2.0882677939239995
2.0755611779263163
2.063307108276705
2.0512966382064466
2.038483900298292
2.0255356184239712
2.01232547524196
1.9984018163355097
1.984570272030424
1.9711570039444108
1.9581349233024843
1.9453837858783487
1.9326789497740646
1.9197096725528242
1.9069726010275738
1.8942515109642193
1.8815449920508553
1.8688830763326436
1.8562769658554603
1.8438161854847521
1.831088164294291
1.8182753280885746
1.8059623525783852
1.7940169554631282
1.782126403894605
1.7702350832156275
1.7586615403852062
1.7471536222188015
1.7358089552652092
1.724378678864717
1.7130785038800993
1.7017739302742367
1.6906956187085165
1.679865093718357
1.6693095844949997
1.659072338880887
1.649098171606171
1.6394814297409557
1.6300240526722325
1.6207561299873696
1.611709205882789
1.6029643646862661
1.5944511652100986
1.5861568204758962
1.578039619928934
1.5699322539669
1.5619534785655806
1.554250782718353
1.5468073519264878
1.5395864129297414
1.5323757512044927
1.525348982358086
1.518324588368728
1.5111627242523458
1.5039480985467906
1.4968557969231193
1.4896345980260557
1.4823666893924627
1.4752831874285948
1.4683735814482362
1.4616310732946358
1.4548774194864114
1.4481674851894204
1.4416221407824374
1.4352001428843613
1.428743360014611
1.422303063069153
1.4158979855047937
1.409600883539773
1.4022436377001677
1.3948519941761632
1.3875689908962252
1.3805372385545673
1.3737242424109781
1.3670711400961455
1.36061233205055
1.3543025622623857
1.347979124944805
1.341716801225658
1.3355479221298765
1.3295996888610366
1.3237066399852002
1.31776518353793
1.3119818578497007
1.3063436490017188
1.3008044021043965
1.2954233652077372
1.2901878752309452
1.2850980047088922
1.280177855089038
1.275420580264358
1.2708824551302516
1.2665583305015455
1.262389359178103
1.2583909774359772
1.2545732076835727
1.250471738787631
1.2460607033669755
1.2417932698615317
1.2375278910507466
1.2333837635118126
1.22937531067039
1.2252952363620393
1.2211176382155922
1.2170570038102724
1.213167879387708
1.2093904625536853
1.2057119635297753
1.2021519397909062
1.198585226870832
1.1951570885405096
1.1918913680722294
1.188789000170885
1.185793524899287
1.1828315791106225
1.1800052438803057
1.1771968650511972
1.1744116613603313
1.1715923960433539
1.1686005339369316
1.1656737097999486
1.1624831053863023
1.1583776962398988
1.1544080391234082
1.15059500302304
1.1464874574653967
1.1421309442747671
1.138011593006317
1.1340148988439553
1.1294070580501736
1.12472982566227
1.120052892669591
1.1155369482333795
1.11120869213081
1.1070124274699882
1.1029002025454717
1.0989035864413457
1.0949766945232036
1.091117465122206
1.0873598796805048
1.0836614432604452
1.0800021660524444
1.0763996575100276
1.072762685294104
1.0687817012741125
1.0648989886015705
1.0611118297444133
1.057368290893215
1.0536917112572586
1.0500998580794558
1.0465769834383474
1.0431457247563725
1.0397631286018332
1.0364941914397667
1.033305290550335
1.030143567984356
1.0270529875511056
1.0239918719015677
1.0209814277724965
1.0180324450243643
1.0151507513891718
1.0123567134461176
1.0095679372091795
1.0067697246979923
1.0039773379408878
1.0012152775710017
0.9981747376373018
0.9951726838112852
0.9922251416867002
0.9893542515825884
0.9865494423529529
0.9837835628010584
0.9809751398514203
0.9781867434743109
0.9754455912485619
0.9726797873878141
0.9698440721771174
0.9670997662106608
0.9643905434153817
0.9616656514138638
0.9589310669818079
0.9562002662652292
0.9535431284506025
0.950958686093764
0.9484121369180093
0.9458400908666152
0.943264789527445
0.9406891137829535
0.9381354712831996
0.935611380983745
0.9330996499225216
0.930592632070852
0.9281029609771562
0.9256314915835818
0.9231978634648929
0.9208168578963182
0.9184934598130701
0.9161115142985614
0.9136252012053245
0.9111703681287809
0.9087297174991075
0.9063448267492115
0.9040180409980504
0.9017184136480674
0.8994507971204966
0.8971289156341479
0.8948494460011038
0.8926310751477551
0.8904469031513801
0.888244393807046
0.8860296359730391
0.8838273161170669
0.88165739373019
0.8794951208777193
0.8773507400070193
0.8752390643136423
0.873161122330614
0.8711284600145618
0.8691476000309372
0.8672054631757881
0.8652799775848038
0.8633867088224103
0.8615225264320009
0.8596620790898328
0.8578158830326909
0.8559758707249968
0.8541782348436442
0.8523909789391132
0.8505996712059708
0.8488029906922441
0.847022282888379
0.8452444921507337
0.8435096121133931
0.8417983509385895
0.840104166419433
0.8383503182875378
0.836544884442596
0.8347713981004508
0.8330222396539902
0.8313008548032917
0.8295932966092914
0.8278944121943377
0.8262194872081036
0.8245671019244928
0.8229462027760599
0.8213536297499259
0.8197859547838587
0.8182022933278991
0.8166373727355121
0.8151059842730121
0.8135944275014155
0.8120965035579514
0.8106269921298526
0.8091769847694382
0.807771560073488
0.8063837082075318
0.8050025019517649
0.8036152295542348
0.8022239154025732
0.800849844668289
0.7995039335769728
0.7981946071249395
0.7969213712743789
0.7956413594804833
0.7943572619964756
0.79307241738899
0.791805658530591
0.7904948738627974
0.7891020002459167
0.787713683690661
0.7863056148740329
0.784903459148962
0.7835185210637383
0.7821441732999018
0.7807779865391841
0.7794272195697167
0.7780858731232493
0.7767480738701468
0.7754249092138794
0.7741350005201683
0.7728622044941298
0.7716065658751089
0.77036724690177
0.7691480573970259
0.7679471160310495
0.7667734378619423
0.765459941000979
0.7641157187417505
0.7627146443514622
0.7612783491762525
0.7598323274397636
0.7584073793006794
0.757022679898434
0.7557199482548195
0.7544128278763609
0.7531287856605043
0.7518702971216079
0.7506272811994331
0.7493934900026937
0.748175979962392
0.7469570878035532
0.7457431873423234
0.7445400637775803
0.7433441215322454
0.7421453491818083
0.7409283253390574
0.7397259919013957
0.7385329246772931
0.7373071057255016
0.7360691968806303
0.7348308626334592
0.7335948116113505
0.7323741877269674
0.7311586825740531
0.7299457090881003
0.7287452981242527
0.7275411024381149
0.7263406610436277
0.7251610069504077
0.7239888451031489
0.7228320515888365
0.7217036425960052
0.720576741319237
0.719456575897394
0.7183281000802906
0.7171787055561222
0.7160204678326152
0.714880083296539
0.7137668509505037
0.7126747600995844
0.711607390640814
0.7105559641647688
0.7094985403478903
0.7084224578262996
0.7073091628184197
0.7061838792213231
0.7050488348409368
0.703930505334462
0.7028355974531572
0.7017660424190195
0.7007008670277303
0.6996425071478606
0.6985670775342055
0.6974886063320844
0.6963864285350455
0.6952918065496547
0.6942053253592626
0.6931214703113834
0.6920499501968037
0.6909745402518422
0.6899094686548085
0.6888583503316157
0.6877997162292462
0.6867488603547409
0.6857074311332737
0.6846317093647436
0.6835649065964526
0.6825238971004062
0.6815035694192397
0.680480629491877
0.6794637426417558
0.67845022910606
0.6774386147959156
0.6764266271966467
0.6754065130475986
0.6743830059626721
0.6733589707148825
0.67233887785614
0.6713218111382493
0.670336711533873
0.6693489056832874
0.6683682889889653
0.6673749463763451
0.6663753806218733
0.6653843597515141
0.6644192028157414
0.6634694705799745
0.662533749280813
0.6615695876769054
0.6606063334247588
0.6596474073759279
0.6586981476860323
0.6577670178073979
0.6568496501984937
0.6559459406039888
0.6550409289748808
0.6540634313812326
0.6530994613194402
0.6521508921109371
0.651208142328591
0.6502477734106674
0.6492735895003412
0.6482849266233573
0.647277532547931
0.6462520778175957
0.6452128194107847
0.6441736096666588
0.6431406883651085
0.6421415939231295
0.6411700927600543
0.6401991736516389
0.639232798979185
0.6382554629555307
0.6372624459721965
0.636278482721497
0.6353134359392968
0.6343694648375681
0.6334471463007442
0.6325503167327701
0.6316745173217888
0.6307980867642604
0.6299234489429272
0.6290432756256892
0.6281600037043982
0.6272769704095118
0.6263989245439613
0.6255399982675545
0.6247047505153864
0.623885889119519
0.6230802752627904
0.6222830330263744
0.6214834853562359
0.6206840296224384
0.6198857650821763
0.619101453843781
0.6183201812716654
0.6175277657137908
0.6167449697796672
0.6159724921619909
0.6152019948266716
0.6144320658100461
0.6136694534250574
0.6129176164029846
0.6121625856552764
0.6114361659161185
0.6107223393344603
0.6099791681434936
0.6091708450051895
0.6083527474390431
0.6075201559007996
0.6066856911174611
0.6058687135519498
0.605079317121589
0.6043228989016266
0.60359628778096
0.6028907875818863
0.6021856999761035
0.6014568699361874
0.6007064096977338
0.5999342239081789
0.5991612963374862
0.5983872726254188
0.5976421436492751
0.5969248394793943
0.5962315356504516
0.5955451242224945
0.5948603069215066
0.594167879477744
0.5934677409622274
0.5927678383833211
0.5920814569508805
0.5914123279013108
0.590756533072214
0.5901121231780282
0.5894751883665943
0.5888351777890523
0.5881879699270931
0.5875286148282973
0.5868684073928749
0.5862186925659612
0.5855803022794968
0.5849483107874837
0.5843298660155927
0.5837210473950676
0.5831093270516899
0.5824968046186368
0.5818761120760706
0.5812519929350173
0.5806300039680167
0.5800123624792805
0.5794065098475913
0.5788151652564335
p_train: 
tensor([4.0103e-04, 3.9420e-05, 1.0215e-02, 9.3329e-05, 2.8813e-03, 5.2759e-03,
        3.5283e-03, 5.0613e-05, 3.7235e-02, 2.7343e-03, 8.9651e-03, 8.0864e-03,
        2.7877e-04, 1.6118e-05, 2.7398e-03, 3.0320e-03, 3.2397e-05, 7.1188e-04,
        4.6960e-02, 1.6355e-05, 4.5697e-04, 1.8015e-05, 2.1227e-03, 9.0729e-03,
        1.9908e-05, 2.6084e-03, 7.5553e-04, 2.0612e-03, 9.8312e-05, 1.2066e-02,
        5.3882e-03, 7.8241e-02, 3.0020e-04, 1.1311e-03, 2.0667e-04, 1.6209e-03,
        1.9265e-03, 7.6325e-04, 7.0320e-04, 4.6713e-03, 8.9497e-03, 1.4877e-02,
        4.6694e-04, 1.4148e-02, 4.2391e-02, 1.0871e-04, 1.9428e-02, 1.4072e-03,
        1.5818e-03, 3.4290e-04, 1.0026e-03, 1.0402e-02, 3.5142e-04, 1.3526e-03,
        3.8671e-03, 1.7798e-03, 1.2952e-03, 8.8050e-05, 3.1970e-05, 5.3896e-03,
        4.8360e-03, 8.2728e-04, 1.0632e-03, 3.4305e-04, 4.0794e-04, 1.6116e-02,
        4.7903e-02, 1.7362e-04, 1.7543e-02, 1.8742e-02, 4.9228e-02, 6.9937e-02,
        5.4850e-03, 9.4743e-05, 6.9444e-04, 1.6595e-03, 1.6189e-04, 2.7449e-04,
        8.3623e-04, 5.6847e-04, 4.9133e-05, 1.0932e-04, 2.2642e-02, 1.7668e-03,
        1.8082e-03, 4.8799e-04, 2.4335e-04, 3.0372e-03, 2.1392e-03, 1.0582e-04,
        1.1090e-03, 5.1544e-03, 1.5230e-02, 1.0439e-02, 8.9741e-03, 1.3018e-03,
        4.9746e-03, 2.2562e-02, 1.4678e-03, 4.5504e-03, 1.0133e-03, 2.1611e-02,
        3.4217e-04, 6.9886e-03, 6.2293e-04, 2.1221e-04, 1.6625e-03, 1.9428e-03,
        1.0834e-02, 1.3067e-02, 4.4052e-03, 2.9407e-04, 2.7360e-03, 2.0272e-03,
        3.3660e-04, 1.2244e-03, 1.0100e-04, 6.9602e-05, 1.6710e-01, 8.7384e-03,
        7.9980e-04, 1.2898e-03, 6.6793e-03, 2.2412e-03, 3.1178e-03, 7.7869e-04,
        3.0032e-03, 4.9239e-03], dtype=torch.float64)
p_theta
tensor([3.0166e-45, 4.1891e-38, 4.5689e-06, 4.4614e-62, 3.1481e-18, 2.1960e-06,
        4.7918e-08, 8.8146e-43, 7.5948e-03, 1.5848e-13, 4.8827e-06, 2.3587e-06,
        1.7642e-43, 5.8721e-44, 2.5213e-13, 5.3680e-14, 7.4601e-44, 7.6054e-35,
        4.6659e-03, 4.5101e-42, 4.1448e-38, 1.5421e-70, 6.5120e-13, 2.9171e-05,
        1.7843e-52, 2.5477e-18, 2.8545e-24, 1.1470e-14, 1.0244e-57, 3.4086e-04,
        1.3789e-08, 1.9120e-02, 7.3925e-32, 3.8269e-15, 9.1132e-54, 4.3782e-14,
        9.6959e-19, 1.5962e-25, 3.3162e-36, 3.0473e-14, 1.0097e-05, 1.6249e-04,
        2.9125e-24, 2.4072e-04, 1.1839e-02, 5.9647e-70, 5.7160e-04, 6.1929e-16,
        3.4044e-16, 3.0132e-56, 2.4582e-24, 3.3478e-06, 8.5869e-27, 1.5730e-18,
        1.7535e-10, 4.8866e-21, 8.1599e-15, 8.1184e-41, 2.1402e-40, 2.4380e-10,
        5.5599e-09, 1.2472e-32, 2.6258e-24, 1.2299e-46, 3.2752e-26, 9.9292e-04,
        8.1926e-03, 6.7633e-40, 1.1998e-03, 7.8462e-04, 7.7900e-03, 1.9152e-02,
        2.1520e-07, 2.2930e-38, 4.7888e-20, 1.8512e-16, 1.5831e-35, 8.3646e-48,
        1.7662e-29, 7.1506e-19, 2.3045e-60, 3.5349e-72, 5.7468e-04, 4.8155e-15,
        6.7632e-20, 4.0598e-37, 9.2130e-51, 2.8982e-13, 2.6897e-25, 9.8764e-47,
        9.9456e-15, 2.4854e-08, 1.3449e-04, 3.0181e-06, 1.2417e-05, 1.7193e-22,
        2.3463e-09, 1.0878e-03, 1.0703e-16, 3.8058e-10, 1.7166e-26, 1.7389e-03,
        4.5260e-44, 1.9992e-08, 2.4391e-30, 2.6593e-30, 3.4364e-19, 1.3834e-19,
        4.8707e-06, 1.4855e-05, 2.9940e-08, 3.0502e-42, 5.4303e-12, 2.8028e-13,
        3.4957e-50, 2.0255e-18, 2.1307e-45, 4.7655e-80, 1.1095e-01, 2.7548e-05,
        4.1181e-31, 1.0786e-18, 6.5877e-07, 7.5822e-20, 2.6840e-09, 5.3652e-36,
        1.5105e-14, 1.2249e-07], dtype=torch.float64, grad_fn=<ExpBackward0>)
