ng31003
==== Sat 20 Sep 2025 05:31:36 AM EDT | job 49955764 | node ng31003 ====
model= instance= sa_anneal=
SLURM_JOB_GPUS=2
CUDA_VISIBLE_DEVICES=0
0, GPU-114db1a4-b926-2b8b-079a-712e5f1e0dac, NVIDIA A100-SXM4-40GB
/home/idrissm/projects/def-mh541-ab/idrissm/neighborVCA/runs/tsp_relative.py:57: FutureWarning: You are using `torch.load` with `weights_only=False` (the current default value), which uses the default pickle module implicitly. It is possible to construct malicious pickle data which will execute arbitrary code during unpickling (See https://github.com/pytorch/pytorch/blob/main/SECURITY.md#untrusted-models for more details). In a future release, the default value for `weights_only` will be flipped to `True`. This limits the functions that could be executed during unpickling. Arbitrary objects will no longer be allowed to be loaded via this mode unless they are explicitly allowlisted by the user via `torch.serialization.add_safe_globals`. We recommend you start setting `weights_only=True` for any use case where you don't have full control of the loaded file. Please open an issue on GitHub for any issues related to this experimental feature.
  heuristic_samples_idx = torch.load(heuristic_samples_file, map_location=device)
0.2034380903902687
0.20030785448773156
0.19861330942697464
0.19833119927849627
0.19854655502476695
0.19902438822628288
0.1997936623775707
0.20066258513906
0.20144237894654757
0.20227857218136674
0.20330336589486817
0.2049589241932251
0.208088360510804
0.21364877342224428
0.22205627399628053
0.23287453051034013
0.245982444824992
0.26167860564345224
0.2805700449103669
0.3034018112496685
0.3310908310144712
0.3652049041331295
0.4075791275167152
0.46075119681887783
0.5281390021797945
0.6136796897605702
0.7199375682652716
0.8470794994439393
0.9893036928285873
1.13715351441013
1.2596039277507212
1.3547182357087921
1.4250464990937703
1.484031812174013
1.5840122453386563
1.780396074398103
2.028712452239557
2.2220981474816868
2.33772311642386
2.46065472240504
2.73156882677125
3.1920265111764135
3.7327936549315863
3.9632291315914165
3.9997199856881123
4.051156863072392
4.089922823338074
4.389734871088704
4.650342778848047
4.993257823421864
5.321702917275624
6.748185476480179
7.6577137599615535
6.75235140667871
5.664229615930029
6.738725719639407
7.190002776640126
5.04650403950032
6.358714107306213
7.134011415272321
5.2641480064703146
5.024606496595723
7.157312192210253
9.231670731135434
7.562944103983585
5.653780189104317
5.391950663079093
8.042916513777298
13.093121860095328
16.80913463085041
12.205646497629866
5.9301960228189605
13.529643626819638
11.349515045650673
5.232227409639071
11.634078788245338
11.268060163304668
4.931748713263428
9.939747118303929
12.508663473626953
8.161676440956494
5.159726111384217
10.53858902845221
12.489027015991098
12.35666113787176
6.2663243149252255
6.314152051815751
11.436722828109815
12.261710121975725
12.507665946681746
8.118604993952488
5.689997727094194
7.21052645676728
10.773063801865588
13.834675383031195
13.75603229514909
11.558471829932417
6.333251193226447
6.124925781331054
10.050435878306569
11.327793826559475
10.858972644644759
7.596490109500695
6.328908591581401
7.078367233067109
6.856145409925016
6.536082840482184
7.961437533103443
10.2741951039332
12.04449050530171
13.435232939847824
18.12025977188123
21.930891682284297
20.55439161067022
12.306075156366253
7.885358140771485
14.325279843608328
15.176607564679227
7.644962773241689
9.144209822994377
14.487326489376034
9.150633290098648
7.516675339557422
12.36809433922997
9.248180881599358
5.908063951675655
7.694572841960301
8.291954468646262
7.7068639960453185
5.23342052208813
6.231191672495222
8.340170017705637
6.5319344747081365
4.4234187928539095
5.832566070717917
6.11523027772152
5.4196388604071695
5.292624372895098
5.252830768202554
6.1711044953440926
5.621272417484124
4.893784957383745
5.320177182563343
6.154367562185768
5.96925717538615
5.852493090393288
5.5918147501555255
5.450005075974069
7.411496168786723
11.995867876052689
19.867858832470976
30.339806916761052
39.801517384199975
31.025306005614002
6.7337527596528135
27.43643049010459
12.035653233126586
18.49147480151797
16.60296942074418
14.763730981738343
15.315147594856318
11.271454917183455
14.801172486347015
9.195874671193712
14.245439817282529
6.429220663095418
13.198032201213712
4.713144655567548
12.163859792696597
3.8637126729695397
10.34869588902947
3.5350215829474183
9.398044404887097
3.9510732635026415
8.821991122416033
4.207243085112683
7.44903184725052
5.243275623201688
6.249056199456001
5.727434027472237
4.48682918803822
6.181910860422621
3.48894685936059
5.696568392310935
3.219833468063699
5.09124030052229
3.686193180358548
4.036745767938905
4.164150701147574
2.968162336236887
4.060832804468043
2.984321645966606
3.5182443469712137
3.3310279643297225
2.797050390838474
3.5266153005892464
2.739971104117147
3.07533730570236
3.360286510952161
2.680554223585079
3.1634572098872393
2.7950528775909693
2.72510872547148
3.1138643435543742
2.4931694267748834
2.938729282833174
2.9350828766996484
2.450812762806573
2.9039894363770746
2.6080502815045974
2.693052214808523
3.3843136317835247
3.2150205732694315
3.598547758985015
4.754031749063373
7.081992593812585
10.81737907262414
17.386513161569216
26.60318089623692
38.90241226227314
34.499455448165435
3.945833747903253
28.04638494255753
13.21886450778566
21.589006037147406
10.637272119734403
21.087375146465412
8.970231219286132
17.715881814483726
8.364246044081076
13.579505534705278
10.37681020160554
7.740786156801605
13.142848740113633
2.7454708333997484
11.21691789163013
4.666987451051492
8.723381869663662
7.686613595526646
5.445027681083138
8.637233392207607
4.034515550884304
7.7187337463665004
5.096693078049389
5.789458318291836
6.515324677174585
3.684603783682523
6.9970888462278
2.145320269542823
6.5515912379118015
2.2842940507558045
5.440886999877826
3.147332945206889
4.237632945918001
3.621624172055137
3.068335320651069
3.9278561465664814
2.1934586024530405
3.82520273339824
1.806222999174006
3.550752304362477
1.826390538355364
3.190009135472711
2.0164423050370446
2.912914859504737
2.2037098561270665
2.567537027197102
2.3204495635907816
2.3642533399907526
2.3389712741774584
2.1618830428992073
2.24516253051907
2.0955382072025053
2.1174681791148933
2.0456436451841045
1.9820005525382953
1.9798272982472718
1.898150012988219
1.9218078377636982
1.8164973586046138
1.8192007936472427
1.7646571371998723
1.7829243662355196
1.693399470647695
1.7530688210796113
1.635863229452878
1.728136127177515
1.5770814850511181
1.7131883261380958
1.5515168856724733
1.6920562134143646
1.5323806008341092
1.6528195960555967
1.509981380417272
1.6395189724292676
1.5019036771551992
1.5696570004810706
1.5286716542443783
1.522398744966226
1.5241048445220582
1.4719816659918146
1.5190358117981972
1.454601354688005
1.4818294843936712
1.440293344273628
1.45618225821783
1.4344430772991559
1.4305795349955133
1.4287991947256622
1.4083503992625623
1.4223202790915965
1.3921135316342501
1.4036791083786313
1.3859679766587865
1.3904066597280482
1.3807062085957993
1.3697052999542285
1.372130100897989
1.355959764621589
1.3635031888035172
1.344700569555887
1.3404553123373966
1.3428151963508883
1.3265020282441298
1.3251919408402038
1.3186919543529263
1.3142716351121513
1.307508825451131
1.2995345139312888
1.29828610794537
1.2901649936938242
1.2841129619975677
1.2799435223098088
1.27413484162649
1.2698329397035806
1.26292365253329
1.2594068917917038
1.2554179744872895
1.2488949607569932
1.2448236732257045
1.2395990639572603
1.2355305870282753
1.2305716710989856
1.2238178034687115
1.2197226216112955
1.2156334827744728
1.2102092986196995
1.2057401160383716
1.2017987649963435
1.1972245663100785
1.192315658174151
1.187525514598
1.1833392677266719
1.1790645677706661
1.1745986560481625
1.1702120600382353
1.1662432987768252
1.1620816637643616
1.1577170260608398
1.1540651769100823
1.149936131730189
1.1452754325368244
1.1412983883816057
1.1371646344353967
1.1327038632299686
1.128366940465293
1.1245277478090268
1.120740696328168
1.1164869035167007
1.1125786440067187
1.1086876713527376
1.104752147422789
1.101209166103156
1.0976912166852741
1.0944131439370517
1.091149158099709
1.0877878030839248
1.0843263145219546
1.0807584920872102
1.0772872937601745
1.0737013794243166
1.070104779128285
1.0664177336678162
1.063041078218597
1.0596154509386073
1.0559832629676333
1.0527984115972893
1.0493835974195367
1.0460317538495958
1.042791625621235
1.0395437242129164
1.0363198615417988
1.032890056840938
1.0297235092257058
1.0264611715694831
1.023367329559309
1.0198228169910768
1.0161344540525585
1.0122929867926542
1.0089072036409787
1.0056453600824549
1.002280526171833
0.9988974505061446
0.9955776686681159
0.992361459186033
0.9889907434842903
0.9858014288418826
0.9827309314898806
0.9798747940813347
0.9769507802735733
0.9744873710423393
0.9710328763121805
0.9680725194411319
0.9646631014054536
0.9625438585683803
0.9590491290213572
0.9590697676379244
0.9575208711489656
0.9657824792047408
0.9780264957044587
1.021904325422166
1.1014899514029188
1.294557868793793
1.645780558438495
2.3276660259528654
3.5069538928824584
5.589525965383757
9.756656667007315
18.608681074841787
48.63667704759615
242.8596412457604
572.4303049218516
108.5178836406472
309.9803932827249
202.8325915243518
64.81803087635183
58.08511854391796
70.28149264870538
72.12537484208102
67.38799860149933
56.57879460807071
42.082601993494755
srun: Job step aborted: Waiting up to 62 seconds for job step to finish.
slurmstepd: error: *** STEP 49955764.0 ON ng31003 CANCELLED AT 2025-09-20T09:34:41 ***
slurmstepd: error: *** JOB 49955764 ON ng31003 CANCELLED AT 2025-09-20T09:34:41 ***
