ng30710
==== Tue 23 Sep 2025 07:56:06 AM EDT | job 50054385 | node ng30710 ====
model= instance= sa_anneal=
SLURM_JOB_GPUS=3
CUDA_VISIBLE_DEVICES=0
0, GPU-b022dbd0-df95-bd1d-8d29-8556ca562d15, NVIDIA A100-SXM4-40GB
/lustre06/project/6096737/idrissm/vca/lib/python3.11/site-packages/kfac/base_preconditioner.py:15: UserWarning: NVIDIA Apex is not installed or was not installed with --cpp_ext. Falling back to PyTorch flatten and unflatten.
  from kfac.distributed import get_rank
Traceback (most recent call last):
  File "/home/idrissm/projects/def-mh541-ab/idrissm/neighborVCA/runs/tsp_ng.py", line 198, in <module>
    result = main(config)
             ^^^^^^^^^^^^
  File "/home/idrissm/projects/def-mh541-ab/idrissm/neighborVCA/runs/tsp_ng.py", line 46, in main
    coordinates = torch.tensor(coords, dtype=torch.float64, device=device)
                  ^^^^^^^^^^^^^^^^^^^^^^^^^^^^^^^^^^^^^^^^^^^^^^^^^^^^^^^^
RuntimeError: CUDA error: CUDA-capable device(s) is/are busy or unavailable
CUDA kernel errors might be asynchronously reported at some other API call, so the stacktrace below might be incorrect.
For debugging consider passing CUDA_LAUNCH_BLOCKING=1
Compile with `TORCH_USE_CUDA_DSA` to enable device-side assertions.

srun: error: ng30710: task 0: Exited with exit code 1
