ng30707
==== Fri 19 Sep 2025 09:22:12 AM EDT | job 49905058 | node ng30707 ====
model= instance= sa_anneal=
SLURM_JOB_GPUS=1
CUDA_VISIBLE_DEVICES=0
0, GPU-c3e28cb2-01f2-2a3c-16a4-989a8a99132b, NVIDIA A100-SXM4-40GB
/home/idrissm/projects/def-mh541-ab/idrissm/neighborVCA/runs/tsp.py:56: FutureWarning: You are using `torch.load` with `weights_only=False` (the current default value), which uses the default pickle module implicitly. It is possible to construct malicious pickle data which will execute arbitrary code during unpickling (See https://github.com/pytorch/pytorch/blob/main/SECURITY.md#untrusted-models for more details). In a future release, the default value for `weights_only` will be flipped to `True`. This limits the functions that could be executed during unpickling. Arbitrary objects will no longer be allowed to be loaded via this mode unless they are explicitly allowlisted by the user via `torch.serialization.add_safe_globals`. We recommend you start setting `weights_only=True` for any use case where you don't have full control of the loaded file. Please open an issue on GitHub for any issues related to this experimental feature.
  heuristic_samples_idx = torch.load(heuristic_samples_file, map_location=device)
0.18994109731859354
0.18806797870498332
0.18598961610676754
0.18411499036972234
0.18247339214882
0.18117434684998324
0.18060450427016178
0.18102358551414002
0.18263406892893624
0.1856312800876939
0.19036051866483616
0.19751460117247266
0.2076851990179745
0.221549683171702
0.23949052019656591
0.26227064559657715
0.29152918281708645
0.3295769149705613
0.37952145374891294
0.44553348212127675
0.5332748081200749
0.6506848908030749
0.8099476936829397
1.0278874423735973
1.3228992775317499
1.7027605365634024
2.1299288756863204
2.463295945448145
2.697801457404458
2.8852977176515298
3.246731604814333
3.6487765130469256
3.719056839515942
3.8690172649766605
4.290505017456444
4.586662220889862
4.910181782126217
5.454220932013535
5.762141517460244
6.610174604666872
6.9344013252214065
6.880387927040972
6.918983104069367
6.344541091915626
5.989261252557744
5.563421847398744
6.288836713756849
5.982636328151219
5.96830906163625
5.967755730301496
5.91941086216059
5.427037322982561
5.67053091299002
4.92941864627217
5.5090820110827305
7.87686864384562
11.480142548666006
11.440671166428181
6.637485913057707
8.506925122751715
8.98574557255801
7.2891285397471215
7.942306930226741
5.16864468813019
7.120684656369047
8.986752235026133
5.550822785949689
9.806923536854834
10.431602864834781
5.598482594243538
11.587992197973609
10.827052911598727
5.803090997818323
5.164976855995801
4.7833388475112395
5.5549247150058365
9.588218957154021
20.283605100622676
24.729533466935674
20.139016300517323
9.240821488346318
8.402483826262047
20.042487089711038
19.573276908115346
4.9464565753853575
21.527498951040396
20.73680214010832
5.48714223372946
13.749625502176727
20.15016374514139
11.111827688447017
9.759960267038808
22.912571106996378
17.004372200024907
6.62643087359101
18.0026851049323
15.876717732990805
9.850582244881146
4.858777904895837
13.10439462694616
21.786407322975876
20.286211253771214
7.990845480766553
6.919448330477087
13.720386052742851
21.375971784595585
28.57783460740495
25.414821223219775
13.12565097644104
5.722869797306621
13.937293327083124
20.821640311415894
23.907149926461372
17.85057289321895
5.589953973426332
9.30588527713923
17.281633172487933
22.427354024872383
24.752450006584933
20.722693692152752
10.65542649941979
3.7895225275858144
10.327838352521457
17.63574294614134
23.186644767219626
27.12393343860814
24.331014827076856
16.588002441983825
6.650378202807132
5.826096194780912
15.146319457705953
20.520817750780033
21.185539100582986
16.363521882950472
8.54567705501353
3.359493032389888
9.551833227281342
16.41164213996417
21.361375401633076
24.519520886126994
24.633136064560343
21.523573494843987
15.146281128470553
6.491190421744559
5.078658403144341
12.55527154385515
18.595671476773575
23.02432053573006
26.41715606433157
27.14142364154317
23.34501833291706
14.506704770186753
4.202692951149624
8.149650762801736
16.087992368047157
21.58783059430925
23.997711974111944
22.483307095897384
17.056286245750222
9.338644132045397
2.5915711496008837
8.306145014463134
14.912362644843565
19.870662155978376
23.532219969739963
26.06434602658051
27.75087372995027
26.119492024354937
21.535962027716035
11.99703457449036
2.5869680346058317
11.015086832926498
18.43094070264317
22.827473550833556
24.371364540154687
22.750687804325192
18.066428425390377
10.78590304542065
2.963227276903337
6.832314857378772
13.552540235193085
19.410035201308663
25.276108731265495
31.50487263967584
39.63273352235748
45.8127905305096
47.27483318672711
33.65599123315362
7.171148148148934
22.097807869105246
34.561642403806275
24.489826035470443
3.573274285530822
25.298521917901493
27.580583870107848
10.543047858952697
13.194010567379719
25.171489111708276
19.127809211722695
2.5149393645777547
16.181083750965932
21.78530258871829
12.637758180091792
4.5655520367395805
16.354054395951994
18.674890998605736
10.30440907420166
3.9515212793632752
13.405969999352783
16.750713319783273
12.62512844679934
4.518182585935686
5.697967627827974
12.404331674460456
14.569821943549933
13.002221083340611
8.083637718889984
2.825211722414701
4.449556424355404
8.344763937544192
11.693684338380317
13.978141917299826
16.309466749053072
17.91850401687375
19.800677543871256
21.71882722423174
24.56430844965163
27.827445084211327
32.596663134004224
37.89191842785619
44.251996770714975
46.16024288863588
41.334391441521085
23.41077011497374
4.352575315569023
24.578164184339062
32.08043924999175
22.783879779801683
6.072380828667694
17.40495709580438
24.856379662083523
18.297776091400713
6.376721871289772
13.331920051160816
20.722153254719096
17.07927340805329
7.93671618233664
7.767769483772319
15.614001256790965
16.87776804618102
12.531562474556658
3.1390722967657
7.831431781444884
14.100477827705681
15.464140404834309
13.45099592334859
10.787677159204657
7.604664642801732
3.013024306095013
2.7134171965853517
5.693278668975373
8.274691318322244
11.636553971911448
16.19670704958022
22.205980592311917
30.092893485870178
44.14260909194285
70.80812571394422
206.35564816837697
574.376440987106
534.1277604298125
187.17800377867505
85.5331452996786
161.17030132720092
138.40641731791794
50.10452101637706
60.225531366073675
53.82788379274696
45.96226863627364
35.406053705228736
29.35948418546514
21.898564446907482
17.311248699804462
17.4348377874078
20.532364925602163
20.388887047881134
16.922050899158254
15.152378474425843
16.998091425011868
17.4559872226264
16.27650800229451
16.651978545955572
18.660792009312395
18.49454597135227
15.864912273101998
14.846915690702438
17.12089288309902
18.132627410838428
15.49050140547551
10.356361521470124
6.497913260235325
8.10421134873108
10.488745238186715
10.02982460230858
7.245445568459894
5.260598739779243
6.816192297453413
8.509097400001263
8.40630255213416
6.532100797983817
4.0184582143965
3.659795645179873
5.308868426678173
6.108991848948583
5.460762714567185
4.036432582269097
3.323125381537443
3.8028914592058016
4.296774030078904
4.242782506060915
3.7627742694989315
3.1481350617783153
2.6111939091837013
2.2619490401277127
2.131349785963806
2.1484541174728027
2.1972022944205896
2.241537368415839
2.2790371463496
2.2649290579017958
2.2371598905206125
2.3384288414437204
2.5072273225118966
2.463055157414213
2.1652821168873357
1.9661942632453266
2.072440953205872
2.1332411261907898
1.9922743659693845
1.9631296605507698
2.185591181316527
2.305139274397049
2.137238833991324
1.8848623328375134
1.789800131107669
1.7886022389574534
1.7606271653342562
1.7473806885662921
1.7696916652701
1.7759123676410107
1.7534103018222242
1.7305801175659317
1.716522112518738
1.713049195431661
1.7152246381076697
1.6996855803333708
1.665202569708853
1.6412149322898915
1.6352745927151437
1.6344138617061421
1.6413828594535809
1.6574856917028813
1.6635425127152592
1.650684352369542
1.6330465784015402
1.6231755754433337
1.620384209900818
1.6171176133434284
1.6101179100726892
1.5995891081123292
1.5898651312624166
1.58471605633452
1.5844551457176592
1.5841674639684882
1.5793098740106672
1.571058096026893
1.56266401943164
1.5539822900986169
1.5463907119276428
1.5430589652469022
1.5413267450232702
1.5371743690946849
1.5331708914518327
1.5319187367855673
1.5310725924555564
1.5281821292628903
1.523238837923543
1.5164080840142538
1.5094597564664765
1.5046886476472354
1.5016738584210245
1.500595881849597
1.5014525888033006
1.501666686975714
1.4990297823745764
1.4946133675223034
1.4904043605316766
1.4864741713549785
1.4831290386120188
1.4804570688602152
1.478088134878865
1.4760753736531833
1.4748806219810808
1.4736415631972586
1.471242732097727
1.4681713913618766
1.465030084913903
1.4618960656606839
1.4590977858512542
1.4567451745686677
1.4545862610464713
1.4526047384350438
1.4508628608275609
1.4494336877196596
1.4482618596148484
1.4469595950156762
1.4455030599091356
1.4442344192812067
1.4433720648532442
1.442657574107379
1.4420840065984541
1.4412389752411772
1.439594122023842
1.437369115502792
1.4353630630612813
1.4337880358651767
1.4325888613319762
1.4317051142823294
1.430906948902002
1.4302618454961586
1.4298106586605703
1.42957968263236
1.4292892517070805
1.4281715072934378
1.4270909687168958
1.4260714406385973
1.4250749373257432
1.4241702648774168
1.4235057906858328
1.4228791442236624
1.4216126466486936
1.4203332819318708
1.4192502965057852
1.4184015409044954
1.417747541235888
1.4170527995812414
1.4162215245081657
1.4154500222926396
1.4145711461926913
1.413580558885869
1.4124591448681616
1.4114275701051386
1.4104628147578118
1.4097181609157403
1.4092017639184016
1.408657486096471
1.4081188815341326
1.4074741554573469
1.406745932275753
1.4059918986226023
1.4050010301034137
1.4041810541104807
1.4029661734151517
1.4015858366332656
1.4000994771414625
1.3986182396602553
1.3971475163079359
1.395755443695355
1.3945575320030839
1.3934624738086092
1.3924063782075755
1.3914246315289185
1.390511987326007
1.3896734780340727
1.3889098216844524
1.388148214670351
1.3874510587299105
1.3869092184705014
1.3865105180623225
1.3857962078095503
1.3850994940197106
1.3845045694479794
1.3838716627174654
1.382104027632773
1.3801365851528664
1.3782234483493485
1.3759690131996132
1.3736008519106815
1.371411338301108
1.369440529944044
1.3675981515031825
1.3658020564015216
1.363942662002316
1.3621442019958456
1.3605045490961913
1.3590878589951927
1.3576588603400859
1.3562148326726682
1.3549027973240675
1.353691694047467
1.352241309512189
1.3506797642087585
1.349031517000265
1.3475547138233426
1.3464537298646977
1.3455695579856946
1.344746209931493
1.3438811506418202
1.3430246078325532
1.3421266613522385
1.3410761976896957
1.3397856225785318
1.3382686594375954
1.336530880824532
1.3351099165760016
1.3337719743185652
1.3323251918294248
1.3306971507878873
1.3291507891894296
1.327730956101417
1.3265555482016609
1.325450166362188
1.3241807058215465
1.3228175482183915
1.32150728798391
1.3199418736239368
1.3182111473950535
1.3164559985772792
1.3148102659038339
1.313176241006459
1.3113995834129497
1.3095570946020403
1.3078413299186593
1.3062634784847496
1.3046330884083466
1.3029135464762316
1.3012948348467832
1.2998526377830382
1.2983833732764523
1.2967116574218216
1.2950259407351004
1.2936703966829566
1.2923242857033903
1.2908234090328694
1.28939081756851
1.2881558148917818
1.2869903425260525
1.2857282830457684
1.2847907828278122
1.2841538461041138
1.2833272527161026
1.2823193657523155
1.2813485044450013
1.2806542966764396
1.279950033993902
1.2790361620597346
1.2780751454915604
1.2772709210079185
1.2766657500615788
1.276075478606064
1.2751262855125731
1.2743880726020798
1.273903832828726
1.2732188240140503
1.2723988717518395
1.2717238803275794
1.271126570026237
1.2702499921341543
1.2691884024607831
1.2683483999385217
1.2681673866133782
1.2678401175152114
1.2672141147526468
1.266823095070644
1.2666708761326015
1.2662914278431097
1.2654008051412813
1.2643439274032262
1.263490756895307
1.2629582364485652
1.2621374223642057
1.2610117866604926
1.2601720031184418
1.2597029504049315
1.2591497780073713
1.258482369035648
1.258196700413718
1.2582164856041071
1.2568411912569908
1.2556641058085853
1.255018027685945
1.2540671981154836
1.253235937991259
1.2531112401552391
1.2528476231667387
1.2517269160670907
1.250672539743818
1.2502774017625853
1.2495981704363677
1.2477173245003117
1.2456621990439356
1.2442575458337535
1.242894185524022
1.2408487445029928
1.2392001973136195
1.2382841292662445
1.2374286876918215
1.235903775624976
1.2343809922093525
1.2332406341235316
1.2317906090188577
1.2299119418153845
1.2283587591227434
1.2271607580198145
1.2258331374883316
1.223442218484407
1.2213085078709531
1.2195790975518732
1.2178364007128029
1.2162016396351163
1.214917925848761
1.2137992071253514
1.2124856593492885
1.2111070054216089
1.2098387207002237
1.2085669968447978
1.2070961330739822
1.2060074811789327
1.2048848294427117
1.2035606420349099
1.2023297679090412
1.2011602918059696
1.1997019464824243
1.1982095438693472
1.1969909149155937
1.1959734410053278
1.194935948818232
1.1936063169840567
1.1924687168798498
1.1913294787131
1.1901470816083741
1.1886296652092818
1.1871921088216464
1.1862674458524016
1.1853487549548063
1.184024201022796
1.1827778668029116
1.1816514697294735
1.180330424224107
1.1789203638233745
1.177827317377765
1.1768890318086178
1.1756704562166724
1.1738954892789801
1.172419799201357
1.1708257063913146
1.1690889912980515
1.1678031809469802
1.1669320684646807
1.1658343219120273
1.1643984488617394
1.1632098819471333
1.1624129382815833
1.1611354416547397
1.1595277402693567
1.1585072235718952
1.1577978367089112
1.1570278879587605
1.1558885550698783
1.1537615618355204
1.151702344935102
1.1501753402821995
1.1482798207868372
1.1459375559987377
1.144373182369712
1.1431717870648226
1.1414376762462792
1.1398583714556303
1.1390528745696016
1.138146270834488
1.1369268062072093
1.1359653608554399
1.1350077390511535
1.13363019711461
1.132301693954677
1.1314845402555267
1.1306388302470476
1.1298815666816568
1.129338803639066
1.1286192792279643
1.1274887622246752
1.126337648543859
1.125028611385758
1.1231959000392713
1.1213049281431149
1.11970201589265
1.1180211345765894
1.11628812845561
1.1150812282248346
1.1140406706703565
1.1126809548926666
1.111690357548551
1.1110096724916068
1.1098298245463563
1.1086866845706325
1.1080811276537803
1.1073161978317585
1.1063993479920502
1.105567911064753
1.1049106605496881
1.1042425641184777
1.1034482402328836
1.1027399165274516
1.1021055508050783
1.1012120593379384
1.1002544785189479
1.0993432073312968
1.0985802461711212
1.0980051430079547
1.0973129370552865
1.0967766934790681
1.096742661141862
1.096609127383058
1.0961781194132996
1.0957820684468182
1.0955549485963347
1.0953883489572167
1.0953998648370855
1.0956868949771499
1.0959655981968066
1.0962057799802791
1.0967891307416466
1.0964146607794567
1.0958396252190477
1.0951638900877538
1.0939709817640626
1.0928026020364532
1.091936476470305
1.0911636675907532
1.0904899283263914
1.0900379034488106
1.0893638256842595
1.0886046923393091
1.0876806845942695
1.086612050487846
1.0858568088083327
1.085070996361507
1.083889764659371
1.0827593269835254
1.081901370387746
1.0810247323898272
1.0803548117843091
1.0798342334847881
1.079322232254537
1.0788914074744513
1.0783650615323703
1.0777719315562644
1.077202457980723
1.0768306769270983
1.0766080634552633
1.0758725119416368
1.0752782011716215
1.0747145907923197
1.07423572881442
1.074147595348117
1.0745520782908315
1.0754373692179822
1.0770774732379664
1.0743345409381488
1.0722979396663042
1.0698986639611174
1.0668109140505124
1.064915887165175
1.0627709653229414
1.0609718775870105
1.0603656244185518
1.059231340716534
1.0581525949425774
1.0579947199160715
1.0571022448550305
1.0557664078529352
1.0552442585931636
1.0545050285394137
1.0535660095962194
1.0527242868826923
1.0516354722641652
1.0505566044749053
1.0498340059236007
1.0487094530731398
1.0475466712912078
1.0468181638212375
1.0456354461614166
1.0445064421946293
1.043849587167078
1.0424820594933162
1.0411961383610833
1.040254523965399
1.0389303173465978
1.0378638658215058
1.0369295944624535
1.035869773094947
1.035019461372199
1.0340822864431862
1.0331146974559708
1.0324463888187736
1.0315440731519891
1.0304079001677922
1.0292300763043405
1.0279253978591016
1.026589461830052
1.025352592043433
1.0240284257733234
1.0225563586202346
1.021288370294944
1.0198608326085392
1.0184617465305172
1.0172993472087304
1.016097323322617
1.0150802795559346
1.0141663129849445
1.0134331782165822
1.0128952763592303
1.012171316774984
1.0115554766105395
1.0112902012346763
1.0110993251466474
1.0107996706237659
1.0106690211641318
1.0103573837848372
1.0097347074789238
1.0091442411145974
1.0086340234055
1.0080196124981144
1.0074434885559986
1.0070092511998054
1.0065194352119595
1.0061635401358957
1.005581613566089
1.005194878646243
1.0047530220677108
1.004202871603454
1.003878949832828
1.003413690468397
1.0025768191112048
1.0015326001374687
0.9999561272631771
0.9987758407312198
0.9977115024775118
0.9965341821041944
0.9954870165122232
0.9944981090649905
0.992916534991595
0.9918246817330727
0.9903790071404533
0.988823890708089
0.9876505343467576
0.9862921203887164
0.9849361134422436
0.9838778261089306
0.9828154264918666
0.9816869794496839
0.9804143988928254
0.9793044949607146
0.9786134460367001
0.9777138399290624
0.9769132178332494
0.9762970437733773
0.9750535424963654
0.9740856538983477
0.9728624128321571
0.9718667533333227
0.9709708356470934
0.9698462502062921
0.9689876599726047
0.9680148136075759
0.9670453996128389
0.9665170695795601
0.9655892290534398
0.9647259822808443
0.9637426297042466
0.9629801379030112
0.9616104779686452
0.960540770324654
0.9589609194339489
0.9583127490082056
0.9571751555898496
0.9563796711573364
0.9557879318917396
0.9548600058463782
0.9543603482401408
0.9532437278396583
0.9524974265300697
0.9517494475972458
0.9508303138707447
0.9505213261126891
0.94964725720867
0.9492960375478638
0.9487599084156102
0.9483740054146024
0.9477136128307789
0.9471273787320775
0.9461928692861438
0.9455137596898915
0.9442643309014072
0.9433768902698197
0.9423570126907448
0.9414059786853012
0.9407505776202063
0.9399609289194302
0.939325005419404
0.9384266077436468
0.9374402002541892
0.9368332795261614
0.9350456632596115
0.9341946854823996
0.9332327643611832
0.93219274194292
0.931253330149542
0.9301924512450056
0.9290578824280167
0.9280715077441724
0.9273585750054686
0.9265295391808965
0.9256445499346551
0.9250039506243186
0.9243642887244046
0.9232019321946132
0.9220990456205227
0.920870088652331
0.9204598048986832
0.9196394205610469
0.9195988380933435
0.9191854594963358
0.9195996284494247
0.9198593832912476
0.9210024947765845
0.9206899593473584
0.9197641132001028
0.9181642003348446
0.9175261250867518
0.9162080661632865
0.9151676092928444
0.9127162726169877
0.9114384812784186
0.9084104132413866
0.9078661549858592
0.9044163816219689
0.905063635894397
0.9008739336881729
0.9039020634880753
0.898025545657816
0.9051041436991928
0.8958257976904997
0.9116327993007141
0.898416618745989
0.9374708266444555
0.9260995991067672
1.0431247649255015
1.0973099112127616
1.4328047781020323
1.7666390941469572
2.6226464451100555
3.6789309525455014
5.686360285345382
8.453868733195803
13.48848291683534
21.420524994300116
43.882463962400465
140.08585159338955
827.1773543321001
1788.000790306101
201.7725476403615
1271.438278804026
567.0836380290137
144.71575185845447
120.75091866523708
183.48089842150563
240.7688771546152
238.15660694001767
185.6872158959978
116.5895592797946
69.72056660372569
50.571709437936164
45.69567607712192
47.06397398499228
51.9679108168055
57.04529669584103
60.07804210022223
57.171017367555876
49.370057876779086
39.66048354768737
31.844647190028358
24.23031744850975
20.41376205866335
19.365721790611634
19.192533466765592
19.35302251827804
19.631763731842724
19.831117799705524
19.8186630187666
19.006387929368163
17.363577245519437
15.379818476309312
13.713237807722912
12.618690439810846
11.922006239989159
11.222818391680578
10.427363637300575
9.638668172478319
9.037431127212669
8.683985265230682
8.475848523263439
8.363835352709302
8.240736049699281
8.107688533863104
8.103257616759858
8.356504085232098
8.72376996719909
8.896588930753849
8.760479649946763
8.280891512435904
7.596361202171149
6.965135828612437
6.609147616463409
6.536255217790982
6.607539562562125
6.606593345819161
6.412564456165572
6.059279788462505
5.6324848327146295
5.24633558077681
4.961231927377468
4.7563372170488964
4.599423593323786
4.4796003046187645
4.409645319340179
4.409020239387582
4.46864604489089
4.550907193340111
4.607888583112355
4.613548286693904
4.57101506680361
4.4916150078511885
4.391110126475871
4.279033462545579
4.161887483856485
4.040278749496012
3.9174753346684565
3.810169051828518
3.7345852816675795
3.6877814885994145
3.6540674247211427
3.617809519718483
3.5710141912316886
3.5164095934289876
3.460298198551233
3.412391167347751
3.3745584255919066
3.3450866519531837
3.319567940869499
3.30122079333962
3.291172614574021
3.2882781498092526
3.284879209433538
3.274037028017483
3.2545078145277357
3.226757865239003
3.194493494307128
3.163620571261404
3.136300746006169
3.1120575969271824
3.0893114223175733
3.067125186341296
3.0463307368360586
3.0268499249312044
3.007339538231435
2.985412989584276
2.9613397577331595
2.9343101920405497
2.904931624171345
2.875114735649517
2.8452922925433812
2.817506682788525
2.7929504137539913
2.7711772587292147
2.7517401924048976
2.733985149609742
2.7183243360347693
2.7034965752225704
2.687361291243991
2.6686463320542533
2.6484090802256337
2.628101400947007
2.608038815780416
2.5841954948514565
2.5612814155422394
2.5398660706206893
2.5198612891057293
2.501309798326006
2.4833601833409404
2.4656081729880133
2.44863340731407
2.431902328925351
2.4154655939068657
2.3995518230110133
2.3841756362478423
2.3696510837766693
2.3560957072188664
2.3439150768346577
2.3327674977624953
2.321206335505646
2.3095634037883896
2.297392580216896
2.2847943493859124
2.2718263941169337
2.258360057765115
2.2451575588849515
2.2324236719070094
2.2203128446059313
2.2089393393893504
2.1978969530153303
2.1876810799139785
2.1771224889469214
2.1654528085097753
2.155500627244819
2.148099309280383
2.14084306282489
2.1333020230428184
2.12564902674011
2.1171019005745317
2.108643372413038
2.1009657642604727
2.0939706653789663
2.086387352497435
2.078868812239508
2.0714310976807933
2.0641738367948976
2.056957146452138
2.0497176925441507
2.040909370540098
2.032288363646853
2.0243332018792866
2.0169758411712486
2.010255114641652
2.0040046672809266
1.9980252698901904
1.9921794813440759
1.985389926685937
1.9784847714856428
1.9715342846482065
1.964331860505537
1.9572250335839043
1.9504685956147332
1.9445626038095372
1.9393564522601492
1.9341909668259323
1.92919010433678
1.9240808742409115
1.9191261546201537
1.9142313293206608
1.9097199728369472
1.9055959491231718
1.9017269195283177
1.897330218693159
1.8927430137245178
1.8883463072120839
1.8841593768630522
1.8802603674781242
1.8765164430731989
1.8715501499982798
1.8658843466996575
1.8598655408695834
1.8536902903382697
1.8474367851272064
1.840619859235402
1.8329942669483898
1.8243201056970957
1.8156683039014916
1.8072129821664302
1.798715101689701
1.7901941783027653
1.782104166639982
1.7739401772214805
1.7659570270472844
1.7579595817045055
1.7503862075012169
1.7431304694584606
1.7361419493529746
1.7292998227074847
1.7228109936956257
1.7166147390996065
1.7106658873356577
1.7047256072148778
1.6987912174580893
1.6928093102109052
1.6868313857636477
1.680998139588854
1.6753011911202373
1.669729382027451
1.6642574872458877
1.6590673801764166
1.6541347235732786
1.6485552953752531
1.643257705028949
1.638339622797323
1.6336521159760944
1.6287523904177343
1.6236357659867737
1.6184692417336546
1.6132177389150097
1.6078588652391306
1.6019247088246624
1.5960951274435409
1.5904737185867832
1.584925657158867
1.5797018396270268
1.5743831397954628
1.5689820799975154
1.5635127681096677
1.5579554829032296
1.5524685286929378
1.54709496335239
1.541830574735412
1.5366031140646879
1.5314152660650229
1.5263281133326894
1.5213767277723413
1.5165701691392863
1.5119476171084523
1.5072559129700522
1.5025407661611552
1.4978432886942448
1.4930881179341227
1.4883006659331108
1.4834089376325434
1.4785493129004472
1.473733722803093
1.4688265929620181
1.463913843273054
1.4589384153695932
1.4541264159855092
1.4494263772344957
1.4447717558690116
1.4402644401721756
1.4359954815300708
1.4318448297953597
1.4277817070632295
1.423798790590641
1.4198585321557067
1.4158431386713672
1.4117216063263536
1.4074664760497344
1.4031109339617824
1.3988646831585978
1.3948559598202368
1.390877406819132
1.3871130373058325
1.3835282574473582
1.3799926819471349
1.3764691357315122
1.3728831134342254
1.3690739591641932
1.3651351138751318
1.3610281465071876
1.3569027142693832
1.352972313351539
1.3493281015579341
1.3457213531029872
1.3419876386104692
1.3381675938278261
1.3344229618696082
1.3308407461522627
1.3273553312217878
1.3238485670339508
1.3203262860343548
1.3169126376312974
1.3136192418637898
1.3104769773529774
1.3073691663520872
1.3042664441468121
1.3012528358021243
1.2982671397595267
1.2952764951137303
1.2923153912850063
1.2894176893657718
1.2866176927116135
1.283918626462873
1.2813033636327256
1.2787411191951454
1.2761940364407023
1.2736026112694792
1.2710173781864933
1.2685258270168605
1.266090766363284
1.2638615489655693
1.2616776158412562
1.2594247342674225
1.2571746515932867
1.2549831931439839
1.2527408750704654
1.2504855479957733
1.2482425879780705
1.2459854719275725
1.2437731864528758
1.2415271133728751
1.239257926405202
1.2370246760958616
1.2348968715136592
1.2328716255928764
1.2308805092549562
1.2289002969789333
1.227015939938379
1.2252973883378346
1.2228962846135705
1.2197049237945214
1.2166230691416058
1.21363241978869
1.2108608839277633
1.2082931859581676
1.2057896385225135
1.2033635585953781
1.2010197437693424
1.198612796060015
1.1962082090951367
1.1936651949558688
1.1910507817325011
1.1884098031202555
1.1857731971747172
1.1831359475329501
1.1805892330494472
1.1782048696815643
1.17600630361931
1.1730586130676204
1.169873661363866
1.1666718230467104
1.1634501853488863
1.1602307849604094
1.157045741981837
1.1539550976172723
1.1509604657142083
1.148018873871503
1.145072836012968
1.1422516329666759
1.1395594441237287
1.136983949960416
1.134504781276106
1.1320586221117517
1.1295678734980783
1.1270756861571092
1.1246012342131833
1.1221563467341626
1.1197662586208994
1.1174319816720688
1.1151498905212274
1.1128988333550411
1.1107489512714102
1.1085939687408901
1.1064771159680804
1.1044032789103675
1.1022111145673028
1.0998380818872273
1.0974860496949344
1.0951689892169494
1.0928502763020258
1.0904775831428604
1.088042046356888
1.0855707510868633
1.0831327805606474
1.0807438099460542
1.0784907546419873
1.0763611104378399
1.0743027140293835
1.0722539250881855
1.0701415639356076
1.0679747929882226
1.0657970014135378
1.0635971876045878
1.061382681558879
1.059245850380856
1.0572178486784436
1.0552267923694538
1.0532599036416124
1.0513877673976921
1.0495444890420367
1.0477033539456257
1.0458570376626215
1.04402028528816
1.0421591830981658
1.0403509370273272
1.0385516813799276
1.0367411275013094
1.0349137528582046
1.0330374256616501
1.031160087467425
1.0292423125421948
1.027298439096425
1.0253138872132554
1.0233098203753823
1.0213011452335428
1.019303615972361
1.0172773879739307
1.0152833816184428
1.0133314316938271
1.011425296116055
1.0095313915855724
1.0076056835598806
1.0056671603235803
1.0036339997061712
1.0014383217185108
0.9992257399793749
0.9969885510163174
0.9947853003337955
0.9926306572229124
0.9905725434189706
0.9886042582478567
0.9866936416162738
0.984824867245747
0.9829642018234346
0.9810719939721513
0.9791795194549107
0.9773056579504442
0.9754338504764054
0.973594227943309
0.9717121385665897
0.9698281656572583
0.967974339721564
0.9661195231295687
0.9642731387528864
0.9624280176200918
0.9606421147862201
0.9588841095837135
0.9571719132338069
0.9554799821027586
0.9538269533453705
0.9522419994312642
0.9507124033794832
0.9492073756302668
0.9476839409658413
0.9461371761669917
0.9445485119966298
0.9429136823159722
0.9412546501385196
0.9395873419817993
0.9379482064011663
0.9363505385458925
0.9347956307286949
0.9332519281002493
0.931750151377156
0.9303029372024609
0.9288342377595855
0.9273545881717399
0.9258210126795441
0.9242730437931981
0.9227283691301925
0.9211985015652671
0.9196656714146404
0.9181537699385411
0.9167035476113768
0.9152909079203231
0.9139040521252297
0.9124893961968843
0.9110676765503314
0.9097191658200038
0.9083606291516734
0.9070140832784616
0.9056534378626747
0.9042693285506931
0.9028936069224439
0.9015335302517083
0.9001794763053255
0.8988190748177122
0.8974862599710502
0.896217882846541
0.8949693556385954
0.8937009437173434
0.8923534889962262
0.891024250114506
0.8897214803871235
0.8883987550244457
0.887065304911872
0.8857004321690323
0.8843295500996129
0.8829700435472063
0.8815455972679365
0.880129097862223
0.8787619754545001
0.8774606625027138
0.8762114088554724
0.8749961873836534
0.873745731086742
0.87252638132229
0.8713326206934912
0.8701522881828838
0.8689807470853463
0.867808245442935
0.8666408022738606
0.8654695895109995
0.8642808242798226
0.8630872909191131
0.8619105509335552
p_train: 
tensor([4.0103e-04, 3.9420e-05, 1.0215e-02, 9.3329e-05, 2.8813e-03, 5.2759e-03,
        3.5283e-03, 5.0613e-05, 3.7235e-02, 2.7343e-03, 8.9651e-03, 8.0864e-03,
        2.7877e-04, 1.6118e-05, 2.7398e-03, 3.0320e-03, 3.2397e-05, 7.1188e-04,
        4.6960e-02, 1.6355e-05, 4.5697e-04, 1.8015e-05, 2.1227e-03, 9.0729e-03,
        1.9908e-05, 2.6084e-03, 7.5553e-04, 2.0612e-03, 9.8312e-05, 1.2066e-02,
        5.3882e-03, 7.8241e-02, 3.0020e-04, 1.1311e-03, 2.0667e-04, 1.6209e-03,
        1.9265e-03, 7.6325e-04, 7.0320e-04, 4.6713e-03, 8.9497e-03, 1.4877e-02,
        4.6694e-04, 1.4148e-02, 4.2391e-02, 1.0871e-04, 1.9428e-02, 1.4072e-03,
        1.5818e-03, 3.4290e-04, 1.0026e-03, 1.0402e-02, 3.5142e-04, 1.3526e-03,
        3.8671e-03, 1.7798e-03, 1.2952e-03, 8.8050e-05, 3.1970e-05, 5.3896e-03,
        4.8360e-03, 8.2728e-04, 1.0632e-03, 3.4305e-04, 4.0794e-04, 1.6116e-02,
        4.7903e-02, 1.7362e-04, 1.7543e-02, 1.8742e-02, 4.9228e-02, 6.9937e-02,
        5.4850e-03, 9.4743e-05, 6.9444e-04, 1.6595e-03, 1.6189e-04, 2.7449e-04,
        8.3623e-04, 5.6847e-04, 4.9133e-05, 1.0932e-04, 2.2642e-02, 1.7668e-03,
        1.8082e-03, 4.8799e-04, 2.4335e-04, 3.0372e-03, 2.1392e-03, 1.0582e-04,
        1.1090e-03, 5.1544e-03, 1.5230e-02, 1.0439e-02, 8.9741e-03, 1.3018e-03,
        4.9746e-03, 2.2562e-02, 1.4678e-03, 4.5504e-03, 1.0133e-03, 2.1611e-02,
        3.4217e-04, 6.9886e-03, 6.2293e-04, 2.1221e-04, 1.6625e-03, 1.9428e-03,
        1.0834e-02, 1.3067e-02, 4.4052e-03, 2.9407e-04, 2.7360e-03, 2.0272e-03,
        3.3660e-04, 1.2244e-03, 1.0100e-04, 6.9602e-05, 1.6710e-01, 8.7384e-03,
        7.9980e-04, 1.2898e-03, 6.6793e-03, 2.2412e-03, 3.1178e-03, 7.7869e-04,
        3.0032e-03, 4.9239e-03], device='cuda:0', dtype=torch.float64)
p_theta
tensor([ 4.1246e-66,  1.7313e-52,  4.7128e-12,  3.4217e-87,  1.0596e-20,
         1.2013e-13,  5.0934e-14, 1.5319e-104,  2.2506e-04,  2.6852e-22,
         3.2103e-11,  3.1009e-15,  1.3334e-39, 4.4645e-118,  7.0820e-22,
         2.7862e-23,  1.7175e-76,  3.1871e-54,  1.2788e-05, 2.6756e-122,
         3.8075e-61,  1.5513e-85,  1.6844e-26,  4.5062e-09,  1.7966e-67,
         5.2998e-26,  2.7180e-33,  9.7473e-25,  1.9839e-51,  3.2559e-07,
         4.1902e-19,  4.7540e-03,  5.1831e-55,  2.6415e-23,  2.3465e-43,
         1.5604e-24,  3.7881e-23,  5.5493e-39,  2.8897e-57,  1.7578e-19,
         8.3851e-10,  1.5894e-08,  1.6801e-30,  1.4753e-08,  2.2798e-05,
         1.0212e-80,  4.1377e-05,  6.8262e-31,  1.9711e-23,  5.1948e-50,
         1.0622e-31,  9.3997e-10,  3.6788e-58,  1.1650e-34,  8.0331e-17,
         2.7674e-28,  1.6331e-23,  1.0682e-68,  1.9020e-75,  4.4191e-14,
         5.3380e-13,  5.2917e-38,  1.6359e-38,  2.1446e-44,  3.7185e-34,
         4.0653e-10,  5.5357e-05,  5.7131e-61,  5.9796e-07,  2.3907e-06,
         3.9651e-06,  2.1517e-04,  6.9417e-12,  1.0138e-72,  1.8567e-35,
         5.8253e-25,  4.6634e-38,  9.8391e-44,  4.1441e-33,  4.6634e-37,
         1.1041e-58, 1.7276e-100,  3.9612e-07,  9.4758e-25,  7.9208e-25,
         5.5026e-46,  1.2600e-58,  6.5426e-24,  3.0817e-38,  2.5664e-51,
         7.5929e-18,  3.5017e-18,  1.6207e-07,  6.8191e-10,  3.8876e-10,
         1.0014e-20,  3.3361e-15,  1.1171e-05,  4.5614e-31,  3.4577e-20,
         5.9195e-22,  5.3821e-09,  3.0343e-53,  3.3490e-11,  1.4121e-38,
         7.8363e-44,  7.2108e-26,  6.5821e-27,  3.0263e-09,  9.8674e-09,
         1.9103e-10,  1.5199e-60,  8.6616e-18,  9.7519e-24,  4.2579e-31,
         5.1637e-28,  1.3707e-43,  2.3949e-97,  4.5433e-01,  1.7133e-17,
         1.6065e-43,  2.0431e-30,  4.5180e-13,  4.5827e-25,  4.6251e-18,
         3.1581e-46,  8.4813e-20,  4.4622e-13], device='cuda:0',
       dtype=torch.float64, grad_fn=<ExpBackward0>)
